[2023-03-29T18:56:55.454+0000] {taskinstance.py:1165} INFO - Dependencies all met for <TaskInstance: user_processing.process_user manual__2023-03-29T18:56:50.384187+00:00 [queued]>
[2023-03-29T18:56:55.461+0000] {taskinstance.py:1165} INFO - Dependencies all met for <TaskInstance: user_processing.process_user manual__2023-03-29T18:56:50.384187+00:00 [queued]>
[2023-03-29T18:56:55.462+0000] {taskinstance.py:1362} INFO - 
--------------------------------------------------------------------------------
[2023-03-29T18:56:55.464+0000] {taskinstance.py:1363} INFO - Starting attempt 1 of 1
[2023-03-29T18:56:55.465+0000] {taskinstance.py:1364} INFO - 
--------------------------------------------------------------------------------
[2023-03-29T18:56:55.473+0000] {taskinstance.py:1383} INFO - Executing <Task(PythonOperator): process_user> on 2023-03-29 18:56:50.384187+00:00
[2023-03-29T18:56:55.478+0000] {standard_task_runner.py:55} INFO - Started process 17950 to run task
[2023-03-29T18:56:55.481+0000] {standard_task_runner.py:82} INFO - Running: ['***', 'tasks', 'run', 'user_processing', 'process_user', 'manual__2023-03-29T18:56:50.384187+00:00', '--job-id', '24', '--raw', '--subdir', 'DAGS_FOLDER/user_processing.py', '--cfg-path', '/tmp/tmprt87ixoj']
[2023-03-29T18:56:55.484+0000] {standard_task_runner.py:83} INFO - Job 24: Subtask process_user
[2023-03-29T18:56:55.529+0000] {task_command.py:376} INFO - Running <TaskInstance: user_processing.process_user manual__2023-03-29T18:56:50.384187+00:00 [running]> on host 9dcb783b1f3a
[2023-03-29T18:56:55.572+0000] {taskinstance.py:1592} INFO - Exporting the following env vars:
AIRFLOW_CTX_DAG_OWNER=***
AIRFLOW_CTX_DAG_ID=user_processing
AIRFLOW_CTX_TASK_ID=process_user
AIRFLOW_CTX_EXECUTION_DATE=2023-03-29T18:56:50.384187+00:00
AIRFLOW_CTX_TRY_NUMBER=1
AIRFLOW_CTX_DAG_RUN_ID=manual__2023-03-29T18:56:50.384187+00:00
[2023-03-29T18:56:55.586+0000] {python.py:177} INFO - Done. Returned value was: None
[2023-03-29T18:56:55.594+0000] {taskinstance.py:1406} INFO - Marking task as SUCCESS. dag_id=user_processing, task_id=process_user, execution_date=20230329T185650, start_date=20230329T185655, end_date=20230329T185655
[2023-03-29T18:56:55.613+0000] {local_task_job.py:164} INFO - Task exited with return code 0
[2023-03-29T18:56:55.631+0000] {local_task_job.py:273} INFO - 1 downstream tasks scheduled from follow-on schedule check
