[2023-03-29T01:14:05.229+0000] {processor.py:154} INFO - Started process (PID=58) to work on /home/airflow/.local/lib/python3.7/site-packages/airflow/example_dags/example_skip_dag.py
[2023-03-29T01:14:05.231+0000] {processor.py:756} INFO - Processing file /home/airflow/.local/lib/python3.7/site-packages/airflow/example_dags/example_skip_dag.py for tasks to queue
[2023-03-29T01:14:05.233+0000] {logging_mixin.py:120} INFO - [2023-03-29T01:14:05.233+0000] {dagbag.py:537} INFO - Filling up the DagBag from /home/airflow/.local/lib/python3.7/site-packages/airflow/example_dags/example_skip_dag.py
[2023-03-29T01:14:05.249+0000] {processor.py:766} INFO - DAG(s) dict_keys(['example_skip_dag']) retrieved from /home/airflow/.local/lib/python3.7/site-packages/airflow/example_dags/example_skip_dag.py
[2023-03-29T01:14:05.369+0000] {logging_mixin.py:120} INFO - [2023-03-29T01:14:05.369+0000] {manager.py:507} INFO - Created Permission View: can delete on DAG:example_skip_dag
[2023-03-29T01:14:05.378+0000] {logging_mixin.py:120} INFO - [2023-03-29T01:14:05.378+0000] {manager.py:507} INFO - Created Permission View: can edit on DAG:example_skip_dag
[2023-03-29T01:14:05.385+0000] {logging_mixin.py:120} INFO - [2023-03-29T01:14:05.385+0000] {manager.py:507} INFO - Created Permission View: can read on DAG:example_skip_dag
[2023-03-29T01:14:05.388+0000] {logging_mixin.py:120} INFO - [2023-03-29T01:14:05.388+0000] {dag.py:2585} INFO - Sync 1 DAGs
[2023-03-29T01:14:05.407+0000] {logging_mixin.py:120} INFO - [2023-03-29T01:14:05.407+0000] {dag.py:2606} INFO - Creating ORM DAG for example_skip_dag
[2023-03-29T01:14:05.426+0000] {logging_mixin.py:120} INFO - [2023-03-29T01:14:05.426+0000] {dag.py:3340} INFO - Setting next_dagrun for example_skip_dag to 2023-03-28T01:14:05.426718+00:00, run_after=2023-03-29T01:14:05.426718+00:00
[2023-03-29T01:14:05.462+0000] {processor.py:176} INFO - Processing /home/airflow/.local/lib/python3.7/site-packages/airflow/example_dags/example_skip_dag.py took 0.236 seconds
[2023-03-29T01:14:36.118+0000] {processor.py:154} INFO - Started process (PID=121) to work on /home/airflow/.local/lib/python3.7/site-packages/airflow/example_dags/example_skip_dag.py
[2023-03-29T01:14:36.120+0000] {processor.py:756} INFO - Processing file /home/airflow/.local/lib/python3.7/site-packages/airflow/example_dags/example_skip_dag.py for tasks to queue
[2023-03-29T01:14:36.121+0000] {logging_mixin.py:120} INFO - [2023-03-29T01:14:36.121+0000] {dagbag.py:537} INFO - Filling up the DagBag from /home/airflow/.local/lib/python3.7/site-packages/airflow/example_dags/example_skip_dag.py
[2023-03-29T01:14:36.132+0000] {processor.py:766} INFO - DAG(s) dict_keys(['example_skip_dag']) retrieved from /home/airflow/.local/lib/python3.7/site-packages/airflow/example_dags/example_skip_dag.py
[2023-03-29T01:14:36.159+0000] {logging_mixin.py:120} INFO - [2023-03-29T01:14:36.159+0000] {dag.py:2585} INFO - Sync 1 DAGs
[2023-03-29T01:14:36.173+0000] {logging_mixin.py:120} INFO - [2023-03-29T01:14:36.173+0000] {dag.py:3340} INFO - Setting next_dagrun for example_skip_dag to 2023-03-28T01:14:36.173709+00:00, run_after=2023-03-29T01:14:36.173709+00:00
[2023-03-29T01:14:36.189+0000] {processor.py:176} INFO - Processing /home/airflow/.local/lib/python3.7/site-packages/airflow/example_dags/example_skip_dag.py took 0.074 seconds
[2023-03-29T01:15:06.424+0000] {processor.py:154} INFO - Started process (PID=185) to work on /home/airflow/.local/lib/python3.7/site-packages/airflow/example_dags/example_skip_dag.py
[2023-03-29T01:15:06.425+0000] {processor.py:756} INFO - Processing file /home/airflow/.local/lib/python3.7/site-packages/airflow/example_dags/example_skip_dag.py for tasks to queue
[2023-03-29T01:15:06.426+0000] {logging_mixin.py:120} INFO - [2023-03-29T01:15:06.426+0000] {dagbag.py:537} INFO - Filling up the DagBag from /home/airflow/.local/lib/python3.7/site-packages/airflow/example_dags/example_skip_dag.py
[2023-03-29T01:15:06.437+0000] {processor.py:766} INFO - DAG(s) dict_keys(['example_skip_dag']) retrieved from /home/airflow/.local/lib/python3.7/site-packages/airflow/example_dags/example_skip_dag.py
[2023-03-29T01:15:06.467+0000] {logging_mixin.py:120} INFO - [2023-03-29T01:15:06.467+0000] {dag.py:2585} INFO - Sync 1 DAGs
[2023-03-29T01:15:06.482+0000] {logging_mixin.py:120} INFO - [2023-03-29T01:15:06.482+0000] {dag.py:3340} INFO - Setting next_dagrun for example_skip_dag to 2023-03-28T01:15:06.482367+00:00, run_after=2023-03-29T01:15:06.482367+00:00
[2023-03-29T01:15:06.495+0000] {processor.py:176} INFO - Processing /home/airflow/.local/lib/python3.7/site-packages/airflow/example_dags/example_skip_dag.py took 0.073 seconds
[2023-03-29T01:15:36.754+0000] {processor.py:154} INFO - Started process (PID=248) to work on /home/airflow/.local/lib/python3.7/site-packages/airflow/example_dags/example_skip_dag.py
[2023-03-29T01:15:36.755+0000] {processor.py:756} INFO - Processing file /home/airflow/.local/lib/python3.7/site-packages/airflow/example_dags/example_skip_dag.py for tasks to queue
[2023-03-29T01:15:36.756+0000] {logging_mixin.py:120} INFO - [2023-03-29T01:15:36.756+0000] {dagbag.py:537} INFO - Filling up the DagBag from /home/airflow/.local/lib/python3.7/site-packages/airflow/example_dags/example_skip_dag.py
[2023-03-29T01:15:36.765+0000] {processor.py:766} INFO - DAG(s) dict_keys(['example_skip_dag']) retrieved from /home/airflow/.local/lib/python3.7/site-packages/airflow/example_dags/example_skip_dag.py
[2023-03-29T01:15:36.791+0000] {logging_mixin.py:120} INFO - [2023-03-29T01:15:36.791+0000] {dag.py:2585} INFO - Sync 1 DAGs
[2023-03-29T01:15:36.807+0000] {logging_mixin.py:120} INFO - [2023-03-29T01:15:36.807+0000] {dag.py:3340} INFO - Setting next_dagrun for example_skip_dag to 2023-03-28T01:15:36.807465+00:00, run_after=2023-03-29T01:15:36.807465+00:00
[2023-03-29T01:15:36.819+0000] {processor.py:176} INFO - Processing /home/airflow/.local/lib/python3.7/site-packages/airflow/example_dags/example_skip_dag.py took 0.067 seconds
[2023-03-29T01:16:06.933+0000] {processor.py:154} INFO - Started process (PID=310) to work on /home/airflow/.local/lib/python3.7/site-packages/airflow/example_dags/example_skip_dag.py
[2023-03-29T01:16:06.934+0000] {processor.py:756} INFO - Processing file /home/airflow/.local/lib/python3.7/site-packages/airflow/example_dags/example_skip_dag.py for tasks to queue
[2023-03-29T01:16:06.935+0000] {logging_mixin.py:120} INFO - [2023-03-29T01:16:06.935+0000] {dagbag.py:537} INFO - Filling up the DagBag from /home/airflow/.local/lib/python3.7/site-packages/airflow/example_dags/example_skip_dag.py
[2023-03-29T01:16:06.944+0000] {processor.py:766} INFO - DAG(s) dict_keys(['example_skip_dag']) retrieved from /home/airflow/.local/lib/python3.7/site-packages/airflow/example_dags/example_skip_dag.py
[2023-03-29T01:16:06.970+0000] {logging_mixin.py:120} INFO - [2023-03-29T01:16:06.970+0000] {dag.py:2585} INFO - Sync 1 DAGs
[2023-03-29T01:16:06.985+0000] {logging_mixin.py:120} INFO - [2023-03-29T01:16:06.985+0000] {dag.py:3340} INFO - Setting next_dagrun for example_skip_dag to 2023-03-28T01:16:06.984869+00:00, run_after=2023-03-29T01:16:06.984869+00:00
[2023-03-29T01:16:06.995+0000] {processor.py:176} INFO - Processing /home/airflow/.local/lib/python3.7/site-packages/airflow/example_dags/example_skip_dag.py took 0.065 seconds
[2023-03-29T01:16:37.178+0000] {processor.py:154} INFO - Started process (PID=374) to work on /home/airflow/.local/lib/python3.7/site-packages/airflow/example_dags/example_skip_dag.py
[2023-03-29T01:16:37.179+0000] {processor.py:756} INFO - Processing file /home/airflow/.local/lib/python3.7/site-packages/airflow/example_dags/example_skip_dag.py for tasks to queue
[2023-03-29T01:16:37.181+0000] {logging_mixin.py:120} INFO - [2023-03-29T01:16:37.181+0000] {dagbag.py:537} INFO - Filling up the DagBag from /home/airflow/.local/lib/python3.7/site-packages/airflow/example_dags/example_skip_dag.py
[2023-03-29T01:16:37.191+0000] {processor.py:766} INFO - DAG(s) dict_keys(['example_skip_dag']) retrieved from /home/airflow/.local/lib/python3.7/site-packages/airflow/example_dags/example_skip_dag.py
[2023-03-29T01:16:37.220+0000] {logging_mixin.py:120} INFO - [2023-03-29T01:16:37.219+0000] {dag.py:2585} INFO - Sync 1 DAGs
[2023-03-29T01:16:37.237+0000] {logging_mixin.py:120} INFO - [2023-03-29T01:16:37.237+0000] {dag.py:3340} INFO - Setting next_dagrun for example_skip_dag to 2023-03-28T01:16:37.237213+00:00, run_after=2023-03-29T01:16:37.237213+00:00
[2023-03-29T01:16:37.252+0000] {processor.py:176} INFO - Processing /home/airflow/.local/lib/python3.7/site-packages/airflow/example_dags/example_skip_dag.py took 0.077 seconds
[2023-03-29T01:17:07.695+0000] {processor.py:154} INFO - Started process (PID=428) to work on /home/airflow/.local/lib/python3.7/site-packages/airflow/example_dags/example_skip_dag.py
[2023-03-29T01:17:07.696+0000] {processor.py:756} INFO - Processing file /home/airflow/.local/lib/python3.7/site-packages/airflow/example_dags/example_skip_dag.py for tasks to queue
[2023-03-29T01:17:07.697+0000] {logging_mixin.py:120} INFO - [2023-03-29T01:17:07.697+0000] {dagbag.py:537} INFO - Filling up the DagBag from /home/airflow/.local/lib/python3.7/site-packages/airflow/example_dags/example_skip_dag.py
[2023-03-29T01:17:07.708+0000] {processor.py:766} INFO - DAG(s) dict_keys(['example_skip_dag']) retrieved from /home/airflow/.local/lib/python3.7/site-packages/airflow/example_dags/example_skip_dag.py
[2023-03-29T01:17:07.735+0000] {logging_mixin.py:120} INFO - [2023-03-29T01:17:07.735+0000] {dag.py:2585} INFO - Sync 1 DAGs
[2023-03-29T01:17:07.752+0000] {logging_mixin.py:120} INFO - [2023-03-29T01:17:07.752+0000] {dag.py:3340} INFO - Setting next_dagrun for example_skip_dag to 2023-03-28T01:17:07.752340+00:00, run_after=2023-03-29T01:17:07.752340+00:00
[2023-03-29T01:17:07.764+0000] {processor.py:176} INFO - Processing /home/airflow/.local/lib/python3.7/site-packages/airflow/example_dags/example_skip_dag.py took 0.072 seconds
[2023-03-29T01:17:38.065+0000] {processor.py:154} INFO - Started process (PID=491) to work on /home/airflow/.local/lib/python3.7/site-packages/airflow/example_dags/example_skip_dag.py
[2023-03-29T01:17:38.067+0000] {processor.py:756} INFO - Processing file /home/airflow/.local/lib/python3.7/site-packages/airflow/example_dags/example_skip_dag.py for tasks to queue
[2023-03-29T01:17:38.069+0000] {logging_mixin.py:120} INFO - [2023-03-29T01:17:38.069+0000] {dagbag.py:537} INFO - Filling up the DagBag from /home/airflow/.local/lib/python3.7/site-packages/airflow/example_dags/example_skip_dag.py
[2023-03-29T01:17:38.082+0000] {processor.py:766} INFO - DAG(s) dict_keys(['example_skip_dag']) retrieved from /home/airflow/.local/lib/python3.7/site-packages/airflow/example_dags/example_skip_dag.py
[2023-03-29T01:17:38.111+0000] {logging_mixin.py:120} INFO - [2023-03-29T01:17:38.111+0000] {dag.py:2585} INFO - Sync 1 DAGs
[2023-03-29T01:17:38.127+0000] {logging_mixin.py:120} INFO - [2023-03-29T01:17:38.127+0000] {dag.py:3340} INFO - Setting next_dagrun for example_skip_dag to 2023-03-28T01:17:38.127353+00:00, run_after=2023-03-29T01:17:38.127353+00:00
[2023-03-29T01:17:38.139+0000] {processor.py:176} INFO - Processing /home/airflow/.local/lib/python3.7/site-packages/airflow/example_dags/example_skip_dag.py took 0.077 seconds
[2023-03-29T01:18:08.388+0000] {processor.py:154} INFO - Started process (PID=555) to work on /home/airflow/.local/lib/python3.7/site-packages/airflow/example_dags/example_skip_dag.py
[2023-03-29T01:18:08.389+0000] {processor.py:756} INFO - Processing file /home/airflow/.local/lib/python3.7/site-packages/airflow/example_dags/example_skip_dag.py for tasks to queue
[2023-03-29T01:18:08.391+0000] {logging_mixin.py:120} INFO - [2023-03-29T01:18:08.391+0000] {dagbag.py:537} INFO - Filling up the DagBag from /home/airflow/.local/lib/python3.7/site-packages/airflow/example_dags/example_skip_dag.py
[2023-03-29T01:18:08.402+0000] {processor.py:766} INFO - DAG(s) dict_keys(['example_skip_dag']) retrieved from /home/airflow/.local/lib/python3.7/site-packages/airflow/example_dags/example_skip_dag.py
[2023-03-29T01:18:08.430+0000] {logging_mixin.py:120} INFO - [2023-03-29T01:18:08.430+0000] {dag.py:2585} INFO - Sync 1 DAGs
[2023-03-29T01:18:08.445+0000] {logging_mixin.py:120} INFO - [2023-03-29T01:18:08.445+0000] {dag.py:3340} INFO - Setting next_dagrun for example_skip_dag to 2023-03-28T01:18:08.445164+00:00, run_after=2023-03-29T01:18:08.445164+00:00
[2023-03-29T01:18:08.459+0000] {processor.py:176} INFO - Processing /home/airflow/.local/lib/python3.7/site-packages/airflow/example_dags/example_skip_dag.py took 0.073 seconds
[2023-03-29T01:18:38.854+0000] {processor.py:154} INFO - Started process (PID=618) to work on /home/airflow/.local/lib/python3.7/site-packages/airflow/example_dags/example_skip_dag.py
[2023-03-29T01:18:38.856+0000] {processor.py:756} INFO - Processing file /home/airflow/.local/lib/python3.7/site-packages/airflow/example_dags/example_skip_dag.py for tasks to queue
[2023-03-29T01:18:38.857+0000] {logging_mixin.py:120} INFO - [2023-03-29T01:18:38.857+0000] {dagbag.py:537} INFO - Filling up the DagBag from /home/airflow/.local/lib/python3.7/site-packages/airflow/example_dags/example_skip_dag.py
[2023-03-29T01:18:38.869+0000] {processor.py:766} INFO - DAG(s) dict_keys(['example_skip_dag']) retrieved from /home/airflow/.local/lib/python3.7/site-packages/airflow/example_dags/example_skip_dag.py
[2023-03-29T01:18:38.896+0000] {logging_mixin.py:120} INFO - [2023-03-29T01:18:38.896+0000] {dag.py:2585} INFO - Sync 1 DAGs
[2023-03-29T01:18:38.911+0000] {logging_mixin.py:120} INFO - [2023-03-29T01:18:38.911+0000] {dag.py:3340} INFO - Setting next_dagrun for example_skip_dag to 2023-03-28T01:18:38.910898+00:00, run_after=2023-03-29T01:18:38.910898+00:00
[2023-03-29T01:18:38.923+0000] {processor.py:176} INFO - Processing /home/airflow/.local/lib/python3.7/site-packages/airflow/example_dags/example_skip_dag.py took 0.071 seconds
[2023-03-29T01:19:09.195+0000] {processor.py:154} INFO - Started process (PID=680) to work on /home/airflow/.local/lib/python3.7/site-packages/airflow/example_dags/example_skip_dag.py
[2023-03-29T01:19:09.197+0000] {processor.py:756} INFO - Processing file /home/airflow/.local/lib/python3.7/site-packages/airflow/example_dags/example_skip_dag.py for tasks to queue
[2023-03-29T01:19:09.199+0000] {logging_mixin.py:120} INFO - [2023-03-29T01:19:09.199+0000] {dagbag.py:537} INFO - Filling up the DagBag from /home/airflow/.local/lib/python3.7/site-packages/airflow/example_dags/example_skip_dag.py
[2023-03-29T01:19:09.209+0000] {processor.py:766} INFO - DAG(s) dict_keys(['example_skip_dag']) retrieved from /home/airflow/.local/lib/python3.7/site-packages/airflow/example_dags/example_skip_dag.py
[2023-03-29T01:19:09.236+0000] {logging_mixin.py:120} INFO - [2023-03-29T01:19:09.236+0000] {dag.py:2585} INFO - Sync 1 DAGs
[2023-03-29T01:19:09.252+0000] {logging_mixin.py:120} INFO - [2023-03-29T01:19:09.252+0000] {dag.py:3340} INFO - Setting next_dagrun for example_skip_dag to 2023-03-28T01:19:09.252216+00:00, run_after=2023-03-29T01:19:09.252216+00:00
[2023-03-29T01:19:09.265+0000] {processor.py:176} INFO - Processing /home/airflow/.local/lib/python3.7/site-packages/airflow/example_dags/example_skip_dag.py took 0.072 seconds
[2023-03-29T01:19:39.520+0000] {processor.py:154} INFO - Started process (PID=734) to work on /home/airflow/.local/lib/python3.7/site-packages/airflow/example_dags/example_skip_dag.py
[2023-03-29T01:19:39.523+0000] {processor.py:756} INFO - Processing file /home/airflow/.local/lib/python3.7/site-packages/airflow/example_dags/example_skip_dag.py for tasks to queue
[2023-03-29T01:19:39.524+0000] {logging_mixin.py:120} INFO - [2023-03-29T01:19:39.524+0000] {dagbag.py:537} INFO - Filling up the DagBag from /home/airflow/.local/lib/python3.7/site-packages/airflow/example_dags/example_skip_dag.py
[2023-03-29T01:19:39.534+0000] {processor.py:766} INFO - DAG(s) dict_keys(['example_skip_dag']) retrieved from /home/airflow/.local/lib/python3.7/site-packages/airflow/example_dags/example_skip_dag.py
[2023-03-29T01:19:39.563+0000] {logging_mixin.py:120} INFO - [2023-03-29T01:19:39.563+0000] {dag.py:2585} INFO - Sync 1 DAGs
[2023-03-29T01:19:39.581+0000] {logging_mixin.py:120} INFO - [2023-03-29T01:19:39.580+0000] {dag.py:3340} INFO - Setting next_dagrun for example_skip_dag to 2023-03-28T01:19:39.580847+00:00, run_after=2023-03-29T01:19:39.580847+00:00
[2023-03-29T01:19:39.596+0000] {processor.py:176} INFO - Processing /home/airflow/.local/lib/python3.7/site-packages/airflow/example_dags/example_skip_dag.py took 0.077 seconds
[2023-03-29T01:20:09.897+0000] {processor.py:154} INFO - Started process (PID=797) to work on /home/airflow/.local/lib/python3.7/site-packages/airflow/example_dags/example_skip_dag.py
[2023-03-29T01:20:09.899+0000] {processor.py:756} INFO - Processing file /home/airflow/.local/lib/python3.7/site-packages/airflow/example_dags/example_skip_dag.py for tasks to queue
[2023-03-29T01:20:09.901+0000] {logging_mixin.py:120} INFO - [2023-03-29T01:20:09.900+0000] {dagbag.py:537} INFO - Filling up the DagBag from /home/airflow/.local/lib/python3.7/site-packages/airflow/example_dags/example_skip_dag.py
[2023-03-29T01:20:09.911+0000] {processor.py:766} INFO - DAG(s) dict_keys(['example_skip_dag']) retrieved from /home/airflow/.local/lib/python3.7/site-packages/airflow/example_dags/example_skip_dag.py
[2023-03-29T01:20:09.940+0000] {logging_mixin.py:120} INFO - [2023-03-29T01:20:09.940+0000] {dag.py:2585} INFO - Sync 1 DAGs
[2023-03-29T01:20:09.957+0000] {logging_mixin.py:120} INFO - [2023-03-29T01:20:09.957+0000] {dag.py:3340} INFO - Setting next_dagrun for example_skip_dag to 2023-03-28T01:20:09.956992+00:00, run_after=2023-03-29T01:20:09.956992+00:00
[2023-03-29T01:20:09.971+0000] {processor.py:176} INFO - Processing /home/airflow/.local/lib/python3.7/site-packages/airflow/example_dags/example_skip_dag.py took 0.076 seconds
