[2023-03-29T01:14:03.487+0000] {processor.py:154} INFO - Started process (PID=48) to work on /home/airflow/.local/lib/python3.7/site-packages/airflow/example_dags/example_trigger_target_dag.py
[2023-03-29T01:14:03.489+0000] {processor.py:756} INFO - Processing file /home/airflow/.local/lib/python3.7/site-packages/airflow/example_dags/example_trigger_target_dag.py for tasks to queue
[2023-03-29T01:14:03.490+0000] {logging_mixin.py:120} INFO - [2023-03-29T01:14:03.490+0000] {dagbag.py:537} INFO - Filling up the DagBag from /home/airflow/.local/lib/python3.7/site-packages/airflow/example_dags/example_trigger_target_dag.py
[2023-03-29T01:14:03.538+0000] {processor.py:766} INFO - DAG(s) dict_keys(['example_trigger_target_dag']) retrieved from /home/airflow/.local/lib/python3.7/site-packages/airflow/example_dags/example_trigger_target_dag.py
[2023-03-29T01:14:03.667+0000] {logging_mixin.py:120} INFO - [2023-03-29T01:14:03.667+0000] {manager.py:507} INFO - Created Permission View: can delete on DAG:example_trigger_target_dag
[2023-03-29T01:14:03.675+0000] {logging_mixin.py:120} INFO - [2023-03-29T01:14:03.675+0000] {manager.py:507} INFO - Created Permission View: can edit on DAG:example_trigger_target_dag
[2023-03-29T01:14:03.681+0000] {logging_mixin.py:120} INFO - [2023-03-29T01:14:03.680+0000] {manager.py:507} INFO - Created Permission View: can read on DAG:example_trigger_target_dag
[2023-03-29T01:14:03.681+0000] {logging_mixin.py:120} INFO - [2023-03-29T01:14:03.681+0000] {dag.py:2585} INFO - Sync 1 DAGs
[2023-03-29T01:14:03.691+0000] {logging_mixin.py:120} INFO - [2023-03-29T01:14:03.691+0000] {dag.py:2606} INFO - Creating ORM DAG for example_trigger_target_dag
[2023-03-29T01:14:03.700+0000] {logging_mixin.py:120} INFO - [2023-03-29T01:14:03.700+0000] {dag.py:3340} INFO - Setting next_dagrun for example_trigger_target_dag to None, run_after=None
[2023-03-29T01:14:03.721+0000] {processor.py:176} INFO - Processing /home/airflow/.local/lib/python3.7/site-packages/airflow/example_dags/example_trigger_target_dag.py took 0.239 seconds
[2023-03-29T01:14:34.524+0000] {processor.py:154} INFO - Started process (PID=111) to work on /home/airflow/.local/lib/python3.7/site-packages/airflow/example_dags/example_trigger_target_dag.py
[2023-03-29T01:14:34.526+0000] {processor.py:756} INFO - Processing file /home/airflow/.local/lib/python3.7/site-packages/airflow/example_dags/example_trigger_target_dag.py for tasks to queue
[2023-03-29T01:14:34.527+0000] {logging_mixin.py:120} INFO - [2023-03-29T01:14:34.527+0000] {dagbag.py:537} INFO - Filling up the DagBag from /home/airflow/.local/lib/python3.7/site-packages/airflow/example_dags/example_trigger_target_dag.py
[2023-03-29T01:14:34.539+0000] {processor.py:766} INFO - DAG(s) dict_keys(['example_trigger_target_dag']) retrieved from /home/airflow/.local/lib/python3.7/site-packages/airflow/example_dags/example_trigger_target_dag.py
[2023-03-29T01:14:34.563+0000] {logging_mixin.py:120} INFO - [2023-03-29T01:14:34.563+0000] {dag.py:2585} INFO - Sync 1 DAGs
[2023-03-29T01:14:34.578+0000] {logging_mixin.py:120} INFO - [2023-03-29T01:14:34.578+0000] {dag.py:3340} INFO - Setting next_dagrun for example_trigger_target_dag to None, run_after=None
[2023-03-29T01:14:34.589+0000] {processor.py:176} INFO - Processing /home/airflow/.local/lib/python3.7/site-packages/airflow/example_dags/example_trigger_target_dag.py took 0.067 seconds
[2023-03-29T01:15:04.883+0000] {processor.py:154} INFO - Started process (PID=175) to work on /home/airflow/.local/lib/python3.7/site-packages/airflow/example_dags/example_trigger_target_dag.py
[2023-03-29T01:15:04.885+0000] {processor.py:756} INFO - Processing file /home/airflow/.local/lib/python3.7/site-packages/airflow/example_dags/example_trigger_target_dag.py for tasks to queue
[2023-03-29T01:15:04.886+0000] {logging_mixin.py:120} INFO - [2023-03-29T01:15:04.886+0000] {dagbag.py:537} INFO - Filling up the DagBag from /home/airflow/.local/lib/python3.7/site-packages/airflow/example_dags/example_trigger_target_dag.py
[2023-03-29T01:15:04.899+0000] {processor.py:766} INFO - DAG(s) dict_keys(['example_trigger_target_dag']) retrieved from /home/airflow/.local/lib/python3.7/site-packages/airflow/example_dags/example_trigger_target_dag.py
[2023-03-29T01:15:04.925+0000] {logging_mixin.py:120} INFO - [2023-03-29T01:15:04.925+0000] {dag.py:2585} INFO - Sync 1 DAGs
[2023-03-29T01:15:04.939+0000] {logging_mixin.py:120} INFO - [2023-03-29T01:15:04.939+0000] {dag.py:3340} INFO - Setting next_dagrun for example_trigger_target_dag to None, run_after=None
[2023-03-29T01:15:04.950+0000] {processor.py:176} INFO - Processing /home/airflow/.local/lib/python3.7/site-packages/airflow/example_dags/example_trigger_target_dag.py took 0.069 seconds
[2023-03-29T01:15:35.147+0000] {processor.py:154} INFO - Started process (PID=238) to work on /home/airflow/.local/lib/python3.7/site-packages/airflow/example_dags/example_trigger_target_dag.py
[2023-03-29T01:15:35.149+0000] {processor.py:756} INFO - Processing file /home/airflow/.local/lib/python3.7/site-packages/airflow/example_dags/example_trigger_target_dag.py for tasks to queue
[2023-03-29T01:15:35.150+0000] {logging_mixin.py:120} INFO - [2023-03-29T01:15:35.150+0000] {dagbag.py:537} INFO - Filling up the DagBag from /home/airflow/.local/lib/python3.7/site-packages/airflow/example_dags/example_trigger_target_dag.py
[2023-03-29T01:15:35.163+0000] {processor.py:766} INFO - DAG(s) dict_keys(['example_trigger_target_dag']) retrieved from /home/airflow/.local/lib/python3.7/site-packages/airflow/example_dags/example_trigger_target_dag.py
[2023-03-29T01:15:35.190+0000] {logging_mixin.py:120} INFO - [2023-03-29T01:15:35.190+0000] {dag.py:2585} INFO - Sync 1 DAGs
[2023-03-29T01:15:35.205+0000] {logging_mixin.py:120} INFO - [2023-03-29T01:15:35.205+0000] {dag.py:3340} INFO - Setting next_dagrun for example_trigger_target_dag to None, run_after=None
[2023-03-29T01:15:35.216+0000] {processor.py:176} INFO - Processing /home/airflow/.local/lib/python3.7/site-packages/airflow/example_dags/example_trigger_target_dag.py took 0.071 seconds
[2023-03-29T01:16:05.423+0000] {processor.py:154} INFO - Started process (PID=301) to work on /home/airflow/.local/lib/python3.7/site-packages/airflow/example_dags/example_trigger_target_dag.py
[2023-03-29T01:16:05.424+0000] {processor.py:756} INFO - Processing file /home/airflow/.local/lib/python3.7/site-packages/airflow/example_dags/example_trigger_target_dag.py for tasks to queue
[2023-03-29T01:16:05.426+0000] {logging_mixin.py:120} INFO - [2023-03-29T01:16:05.426+0000] {dagbag.py:537} INFO - Filling up the DagBag from /home/airflow/.local/lib/python3.7/site-packages/airflow/example_dags/example_trigger_target_dag.py
[2023-03-29T01:16:05.439+0000] {processor.py:766} INFO - DAG(s) dict_keys(['example_trigger_target_dag']) retrieved from /home/airflow/.local/lib/python3.7/site-packages/airflow/example_dags/example_trigger_target_dag.py
[2023-03-29T01:16:05.465+0000] {logging_mixin.py:120} INFO - [2023-03-29T01:16:05.465+0000] {dag.py:2585} INFO - Sync 1 DAGs
[2023-03-29T01:16:05.481+0000] {logging_mixin.py:120} INFO - [2023-03-29T01:16:05.481+0000] {dag.py:3340} INFO - Setting next_dagrun for example_trigger_target_dag to None, run_after=None
[2023-03-29T01:16:05.494+0000] {processor.py:176} INFO - Processing /home/airflow/.local/lib/python3.7/site-packages/airflow/example_dags/example_trigger_target_dag.py took 0.073 seconds
[2023-03-29T01:16:35.666+0000] {processor.py:154} INFO - Started process (PID=355) to work on /home/airflow/.local/lib/python3.7/site-packages/airflow/example_dags/example_trigger_target_dag.py
[2023-03-29T01:16:35.668+0000] {processor.py:756} INFO - Processing file /home/airflow/.local/lib/python3.7/site-packages/airflow/example_dags/example_trigger_target_dag.py for tasks to queue
[2023-03-29T01:16:35.670+0000] {logging_mixin.py:120} INFO - [2023-03-29T01:16:35.670+0000] {dagbag.py:537} INFO - Filling up the DagBag from /home/airflow/.local/lib/python3.7/site-packages/airflow/example_dags/example_trigger_target_dag.py
[2023-03-29T01:16:35.682+0000] {processor.py:766} INFO - DAG(s) dict_keys(['example_trigger_target_dag']) retrieved from /home/airflow/.local/lib/python3.7/site-packages/airflow/example_dags/example_trigger_target_dag.py
[2023-03-29T01:16:35.707+0000] {logging_mixin.py:120} INFO - [2023-03-29T01:16:35.707+0000] {dag.py:2585} INFO - Sync 1 DAGs
[2023-03-29T01:16:35.721+0000] {logging_mixin.py:120} INFO - [2023-03-29T01:16:35.720+0000] {dag.py:3340} INFO - Setting next_dagrun for example_trigger_target_dag to None, run_after=None
[2023-03-29T01:16:35.731+0000] {processor.py:176} INFO - Processing /home/airflow/.local/lib/python3.7/site-packages/airflow/example_dags/example_trigger_target_dag.py took 0.067 seconds
[2023-03-29T01:17:06.079+0000] {processor.py:154} INFO - Started process (PID=418) to work on /home/airflow/.local/lib/python3.7/site-packages/airflow/example_dags/example_trigger_target_dag.py
[2023-03-29T01:17:06.081+0000] {processor.py:756} INFO - Processing file /home/airflow/.local/lib/python3.7/site-packages/airflow/example_dags/example_trigger_target_dag.py for tasks to queue
[2023-03-29T01:17:06.082+0000] {logging_mixin.py:120} INFO - [2023-03-29T01:17:06.082+0000] {dagbag.py:537} INFO - Filling up the DagBag from /home/airflow/.local/lib/python3.7/site-packages/airflow/example_dags/example_trigger_target_dag.py
[2023-03-29T01:17:06.096+0000] {processor.py:766} INFO - DAG(s) dict_keys(['example_trigger_target_dag']) retrieved from /home/airflow/.local/lib/python3.7/site-packages/airflow/example_dags/example_trigger_target_dag.py
[2023-03-29T01:17:06.120+0000] {logging_mixin.py:120} INFO - [2023-03-29T01:17:06.120+0000] {dag.py:2585} INFO - Sync 1 DAGs
[2023-03-29T01:17:06.135+0000] {logging_mixin.py:120} INFO - [2023-03-29T01:17:06.135+0000] {dag.py:3340} INFO - Setting next_dagrun for example_trigger_target_dag to None, run_after=None
[2023-03-29T01:17:06.146+0000] {processor.py:176} INFO - Processing /home/airflow/.local/lib/python3.7/site-packages/airflow/example_dags/example_trigger_target_dag.py took 0.068 seconds
[2023-03-29T01:17:36.496+0000] {processor.py:154} INFO - Started process (PID=481) to work on /home/airflow/.local/lib/python3.7/site-packages/airflow/example_dags/example_trigger_target_dag.py
[2023-03-29T01:17:36.497+0000] {processor.py:756} INFO - Processing file /home/airflow/.local/lib/python3.7/site-packages/airflow/example_dags/example_trigger_target_dag.py for tasks to queue
[2023-03-29T01:17:36.499+0000] {logging_mixin.py:120} INFO - [2023-03-29T01:17:36.498+0000] {dagbag.py:537} INFO - Filling up the DagBag from /home/airflow/.local/lib/python3.7/site-packages/airflow/example_dags/example_trigger_target_dag.py
[2023-03-29T01:17:36.512+0000] {processor.py:766} INFO - DAG(s) dict_keys(['example_trigger_target_dag']) retrieved from /home/airflow/.local/lib/python3.7/site-packages/airflow/example_dags/example_trigger_target_dag.py
[2023-03-29T01:17:36.537+0000] {logging_mixin.py:120} INFO - [2023-03-29T01:17:36.537+0000] {dag.py:2585} INFO - Sync 1 DAGs
[2023-03-29T01:17:36.550+0000] {logging_mixin.py:120} INFO - [2023-03-29T01:17:36.550+0000] {dag.py:3340} INFO - Setting next_dagrun for example_trigger_target_dag to None, run_after=None
[2023-03-29T01:17:36.561+0000] {processor.py:176} INFO - Processing /home/airflow/.local/lib/python3.7/site-packages/airflow/example_dags/example_trigger_target_dag.py took 0.067 seconds
[2023-03-29T01:18:06.790+0000] {processor.py:154} INFO - Started process (PID=545) to work on /home/airflow/.local/lib/python3.7/site-packages/airflow/example_dags/example_trigger_target_dag.py
[2023-03-29T01:18:06.791+0000] {processor.py:756} INFO - Processing file /home/airflow/.local/lib/python3.7/site-packages/airflow/example_dags/example_trigger_target_dag.py for tasks to queue
[2023-03-29T01:18:06.792+0000] {logging_mixin.py:120} INFO - [2023-03-29T01:18:06.792+0000] {dagbag.py:537} INFO - Filling up the DagBag from /home/airflow/.local/lib/python3.7/site-packages/airflow/example_dags/example_trigger_target_dag.py
[2023-03-29T01:18:06.804+0000] {processor.py:766} INFO - DAG(s) dict_keys(['example_trigger_target_dag']) retrieved from /home/airflow/.local/lib/python3.7/site-packages/airflow/example_dags/example_trigger_target_dag.py
[2023-03-29T01:18:06.830+0000] {logging_mixin.py:120} INFO - [2023-03-29T01:18:06.830+0000] {dag.py:2585} INFO - Sync 1 DAGs
[2023-03-29T01:18:06.844+0000] {logging_mixin.py:120} INFO - [2023-03-29T01:18:06.844+0000] {dag.py:3340} INFO - Setting next_dagrun for example_trigger_target_dag to None, run_after=None
[2023-03-29T01:18:06.855+0000] {processor.py:176} INFO - Processing /home/airflow/.local/lib/python3.7/site-packages/airflow/example_dags/example_trigger_target_dag.py took 0.067 seconds
[2023-03-29T01:18:37.253+0000] {processor.py:154} INFO - Started process (PID=608) to work on /home/airflow/.local/lib/python3.7/site-packages/airflow/example_dags/example_trigger_target_dag.py
[2023-03-29T01:18:37.254+0000] {processor.py:756} INFO - Processing file /home/airflow/.local/lib/python3.7/site-packages/airflow/example_dags/example_trigger_target_dag.py for tasks to queue
[2023-03-29T01:18:37.255+0000] {logging_mixin.py:120} INFO - [2023-03-29T01:18:37.255+0000] {dagbag.py:537} INFO - Filling up the DagBag from /home/airflow/.local/lib/python3.7/site-packages/airflow/example_dags/example_trigger_target_dag.py
[2023-03-29T01:18:37.268+0000] {processor.py:766} INFO - DAG(s) dict_keys(['example_trigger_target_dag']) retrieved from /home/airflow/.local/lib/python3.7/site-packages/airflow/example_dags/example_trigger_target_dag.py
[2023-03-29T01:18:37.292+0000] {logging_mixin.py:120} INFO - [2023-03-29T01:18:37.292+0000] {dag.py:2585} INFO - Sync 1 DAGs
[2023-03-29T01:18:37.305+0000] {logging_mixin.py:120} INFO - [2023-03-29T01:18:37.305+0000] {dag.py:3340} INFO - Setting next_dagrun for example_trigger_target_dag to None, run_after=None
[2023-03-29T01:18:37.317+0000] {processor.py:176} INFO - Processing /home/airflow/.local/lib/python3.7/site-packages/airflow/example_dags/example_trigger_target_dag.py took 0.066 seconds
[2023-03-29T01:19:07.695+0000] {processor.py:154} INFO - Started process (PID=666) to work on /home/airflow/.local/lib/python3.7/site-packages/airflow/example_dags/example_trigger_target_dag.py
[2023-03-29T01:19:07.696+0000] {processor.py:756} INFO - Processing file /home/airflow/.local/lib/python3.7/site-packages/airflow/example_dags/example_trigger_target_dag.py for tasks to queue
[2023-03-29T01:19:07.699+0000] {logging_mixin.py:120} INFO - [2023-03-29T01:19:07.698+0000] {dagbag.py:537} INFO - Filling up the DagBag from /home/airflow/.local/lib/python3.7/site-packages/airflow/example_dags/example_trigger_target_dag.py
[2023-03-29T01:19:07.713+0000] {processor.py:766} INFO - DAG(s) dict_keys(['example_trigger_target_dag']) retrieved from /home/airflow/.local/lib/python3.7/site-packages/airflow/example_dags/example_trigger_target_dag.py
[2023-03-29T01:19:07.744+0000] {logging_mixin.py:120} INFO - [2023-03-29T01:19:07.744+0000] {dag.py:2585} INFO - Sync 1 DAGs
[2023-03-29T01:19:07.762+0000] {logging_mixin.py:120} INFO - [2023-03-29T01:19:07.762+0000] {dag.py:3340} INFO - Setting next_dagrun for example_trigger_target_dag to None, run_after=None
[2023-03-29T01:19:07.776+0000] {processor.py:176} INFO - Processing /home/airflow/.local/lib/python3.7/site-packages/airflow/example_dags/example_trigger_target_dag.py took 0.083 seconds
[2023-03-29T01:19:37.940+0000] {processor.py:154} INFO - Started process (PID=724) to work on /home/airflow/.local/lib/python3.7/site-packages/airflow/example_dags/example_trigger_target_dag.py
[2023-03-29T01:19:37.942+0000] {processor.py:756} INFO - Processing file /home/airflow/.local/lib/python3.7/site-packages/airflow/example_dags/example_trigger_target_dag.py for tasks to queue
[2023-03-29T01:19:37.943+0000] {logging_mixin.py:120} INFO - [2023-03-29T01:19:37.943+0000] {dagbag.py:537} INFO - Filling up the DagBag from /home/airflow/.local/lib/python3.7/site-packages/airflow/example_dags/example_trigger_target_dag.py
[2023-03-29T01:19:37.955+0000] {processor.py:766} INFO - DAG(s) dict_keys(['example_trigger_target_dag']) retrieved from /home/airflow/.local/lib/python3.7/site-packages/airflow/example_dags/example_trigger_target_dag.py
[2023-03-29T01:19:37.982+0000] {logging_mixin.py:120} INFO - [2023-03-29T01:19:37.982+0000] {dag.py:2585} INFO - Sync 1 DAGs
[2023-03-29T01:19:37.995+0000] {logging_mixin.py:120} INFO - [2023-03-29T01:19:37.995+0000] {dag.py:3340} INFO - Setting next_dagrun for example_trigger_target_dag to None, run_after=None
[2023-03-29T01:19:38.005+0000] {processor.py:176} INFO - Processing /home/airflow/.local/lib/python3.7/site-packages/airflow/example_dags/example_trigger_target_dag.py took 0.067 seconds
[2023-03-29T01:20:08.300+0000] {processor.py:154} INFO - Started process (PID=787) to work on /home/airflow/.local/lib/python3.7/site-packages/airflow/example_dags/example_trigger_target_dag.py
[2023-03-29T01:20:08.302+0000] {processor.py:756} INFO - Processing file /home/airflow/.local/lib/python3.7/site-packages/airflow/example_dags/example_trigger_target_dag.py for tasks to queue
[2023-03-29T01:20:08.303+0000] {logging_mixin.py:120} INFO - [2023-03-29T01:20:08.303+0000] {dagbag.py:537} INFO - Filling up the DagBag from /home/airflow/.local/lib/python3.7/site-packages/airflow/example_dags/example_trigger_target_dag.py
[2023-03-29T01:20:08.315+0000] {processor.py:766} INFO - DAG(s) dict_keys(['example_trigger_target_dag']) retrieved from /home/airflow/.local/lib/python3.7/site-packages/airflow/example_dags/example_trigger_target_dag.py
[2023-03-29T01:20:08.341+0000] {logging_mixin.py:120} INFO - [2023-03-29T01:20:08.340+0000] {dag.py:2585} INFO - Sync 1 DAGs
[2023-03-29T01:20:08.354+0000] {logging_mixin.py:120} INFO - [2023-03-29T01:20:08.354+0000] {dag.py:3340} INFO - Setting next_dagrun for example_trigger_target_dag to None, run_after=None
[2023-03-29T01:20:08.365+0000] {processor.py:176} INFO - Processing /home/airflow/.local/lib/python3.7/site-packages/airflow/example_dags/example_trigger_target_dag.py took 0.067 seconds
[2023-03-29T01:20:38.712+0000] {processor.py:154} INFO - Started process (PID=850) to work on /home/airflow/.local/lib/python3.7/site-packages/airflow/example_dags/example_trigger_target_dag.py
[2023-03-29T01:20:38.713+0000] {processor.py:756} INFO - Processing file /home/airflow/.local/lib/python3.7/site-packages/airflow/example_dags/example_trigger_target_dag.py for tasks to queue
[2023-03-29T01:20:38.714+0000] {logging_mixin.py:120} INFO - [2023-03-29T01:20:38.714+0000] {dagbag.py:537} INFO - Filling up the DagBag from /home/airflow/.local/lib/python3.7/site-packages/airflow/example_dags/example_trigger_target_dag.py
[2023-03-29T01:20:38.726+0000] {processor.py:766} INFO - DAG(s) dict_keys(['example_trigger_target_dag']) retrieved from /home/airflow/.local/lib/python3.7/site-packages/airflow/example_dags/example_trigger_target_dag.py
[2023-03-29T01:20:38.750+0000] {logging_mixin.py:120} INFO - [2023-03-29T01:20:38.750+0000] {dag.py:2585} INFO - Sync 1 DAGs
[2023-03-29T01:20:38.763+0000] {logging_mixin.py:120} INFO - [2023-03-29T01:20:38.763+0000] {dag.py:3340} INFO - Setting next_dagrun for example_trigger_target_dag to None, run_after=None
[2023-03-29T01:20:38.774+0000] {processor.py:176} INFO - Processing /home/airflow/.local/lib/python3.7/site-packages/airflow/example_dags/example_trigger_target_dag.py took 0.065 seconds
[2023-03-29T01:21:09.095+0000] {processor.py:154} INFO - Started process (PID=913) to work on /home/airflow/.local/lib/python3.7/site-packages/airflow/example_dags/example_trigger_target_dag.py
[2023-03-29T01:21:09.096+0000] {processor.py:756} INFO - Processing file /home/airflow/.local/lib/python3.7/site-packages/airflow/example_dags/example_trigger_target_dag.py for tasks to queue
[2023-03-29T01:21:09.097+0000] {logging_mixin.py:120} INFO - [2023-03-29T01:21:09.097+0000] {dagbag.py:537} INFO - Filling up the DagBag from /home/airflow/.local/lib/python3.7/site-packages/airflow/example_dags/example_trigger_target_dag.py
[2023-03-29T01:21:09.109+0000] {processor.py:766} INFO - DAG(s) dict_keys(['example_trigger_target_dag']) retrieved from /home/airflow/.local/lib/python3.7/site-packages/airflow/example_dags/example_trigger_target_dag.py
[2023-03-29T01:21:09.132+0000] {logging_mixin.py:120} INFO - [2023-03-29T01:21:09.132+0000] {dag.py:2585} INFO - Sync 1 DAGs
[2023-03-29T01:21:09.149+0000] {logging_mixin.py:120} INFO - [2023-03-29T01:21:09.149+0000] {dag.py:3340} INFO - Setting next_dagrun for example_trigger_target_dag to None, run_after=None
[2023-03-29T01:21:09.159+0000] {processor.py:176} INFO - Processing /home/airflow/.local/lib/python3.7/site-packages/airflow/example_dags/example_trigger_target_dag.py took 0.066 seconds
[2023-03-29T01:21:39.463+0000] {processor.py:154} INFO - Started process (PID=976) to work on /home/airflow/.local/lib/python3.7/site-packages/airflow/example_dags/example_trigger_target_dag.py
[2023-03-29T01:21:39.465+0000] {processor.py:756} INFO - Processing file /home/airflow/.local/lib/python3.7/site-packages/airflow/example_dags/example_trigger_target_dag.py for tasks to queue
[2023-03-29T01:21:39.466+0000] {logging_mixin.py:120} INFO - [2023-03-29T01:21:39.466+0000] {dagbag.py:537} INFO - Filling up the DagBag from /home/airflow/.local/lib/python3.7/site-packages/airflow/example_dags/example_trigger_target_dag.py
[2023-03-29T01:21:39.480+0000] {processor.py:766} INFO - DAG(s) dict_keys(['example_trigger_target_dag']) retrieved from /home/airflow/.local/lib/python3.7/site-packages/airflow/example_dags/example_trigger_target_dag.py
[2023-03-29T01:21:39.508+0000] {logging_mixin.py:120} INFO - [2023-03-29T01:21:39.508+0000] {dag.py:2585} INFO - Sync 1 DAGs
[2023-03-29T01:21:39.524+0000] {logging_mixin.py:120} INFO - [2023-03-29T01:21:39.524+0000] {dag.py:3340} INFO - Setting next_dagrun for example_trigger_target_dag to None, run_after=None
[2023-03-29T01:21:39.537+0000] {processor.py:176} INFO - Processing /home/airflow/.local/lib/python3.7/site-packages/airflow/example_dags/example_trigger_target_dag.py took 0.076 seconds
[2023-03-29T01:22:09.877+0000] {processor.py:154} INFO - Started process (PID=1030) to work on /home/airflow/.local/lib/python3.7/site-packages/airflow/example_dags/example_trigger_target_dag.py
[2023-03-29T01:22:09.878+0000] {processor.py:756} INFO - Processing file /home/airflow/.local/lib/python3.7/site-packages/airflow/example_dags/example_trigger_target_dag.py for tasks to queue
[2023-03-29T01:22:09.880+0000] {logging_mixin.py:120} INFO - [2023-03-29T01:22:09.880+0000] {dagbag.py:537} INFO - Filling up the DagBag from /home/airflow/.local/lib/python3.7/site-packages/airflow/example_dags/example_trigger_target_dag.py
[2023-03-29T01:22:09.893+0000] {processor.py:766} INFO - DAG(s) dict_keys(['example_trigger_target_dag']) retrieved from /home/airflow/.local/lib/python3.7/site-packages/airflow/example_dags/example_trigger_target_dag.py
[2023-03-29T01:22:09.918+0000] {logging_mixin.py:120} INFO - [2023-03-29T01:22:09.918+0000] {dag.py:2585} INFO - Sync 1 DAGs
[2023-03-29T01:22:09.932+0000] {logging_mixin.py:120} INFO - [2023-03-29T01:22:09.932+0000] {dag.py:3340} INFO - Setting next_dagrun for example_trigger_target_dag to None, run_after=None
[2023-03-29T01:22:09.943+0000] {processor.py:176} INFO - Processing /home/airflow/.local/lib/python3.7/site-packages/airflow/example_dags/example_trigger_target_dag.py took 0.068 seconds
[2023-03-29T01:22:40.260+0000] {processor.py:154} INFO - Started process (PID=1093) to work on /home/airflow/.local/lib/python3.7/site-packages/airflow/example_dags/example_trigger_target_dag.py
[2023-03-29T01:22:40.262+0000] {processor.py:756} INFO - Processing file /home/airflow/.local/lib/python3.7/site-packages/airflow/example_dags/example_trigger_target_dag.py for tasks to queue
[2023-03-29T01:22:40.263+0000] {logging_mixin.py:120} INFO - [2023-03-29T01:22:40.263+0000] {dagbag.py:537} INFO - Filling up the DagBag from /home/airflow/.local/lib/python3.7/site-packages/airflow/example_dags/example_trigger_target_dag.py
[2023-03-29T01:22:40.276+0000] {processor.py:766} INFO - DAG(s) dict_keys(['example_trigger_target_dag']) retrieved from /home/airflow/.local/lib/python3.7/site-packages/airflow/example_dags/example_trigger_target_dag.py
[2023-03-29T01:22:40.301+0000] {logging_mixin.py:120} INFO - [2023-03-29T01:22:40.301+0000] {dag.py:2585} INFO - Sync 1 DAGs
[2023-03-29T01:22:40.315+0000] {logging_mixin.py:120} INFO - [2023-03-29T01:22:40.315+0000] {dag.py:3340} INFO - Setting next_dagrun for example_trigger_target_dag to None, run_after=None
[2023-03-29T01:22:40.327+0000] {processor.py:176} INFO - Processing /home/airflow/.local/lib/python3.7/site-packages/airflow/example_dags/example_trigger_target_dag.py took 0.069 seconds
[2023-03-29T01:23:10.616+0000] {processor.py:154} INFO - Started process (PID=1156) to work on /home/airflow/.local/lib/python3.7/site-packages/airflow/example_dags/example_trigger_target_dag.py
[2023-03-29T01:23:10.617+0000] {processor.py:756} INFO - Processing file /home/airflow/.local/lib/python3.7/site-packages/airflow/example_dags/example_trigger_target_dag.py for tasks to queue
[2023-03-29T01:23:10.618+0000] {logging_mixin.py:120} INFO - [2023-03-29T01:23:10.618+0000] {dagbag.py:537} INFO - Filling up the DagBag from /home/airflow/.local/lib/python3.7/site-packages/airflow/example_dags/example_trigger_target_dag.py
[2023-03-29T01:23:10.631+0000] {processor.py:766} INFO - DAG(s) dict_keys(['example_trigger_target_dag']) retrieved from /home/airflow/.local/lib/python3.7/site-packages/airflow/example_dags/example_trigger_target_dag.py
[2023-03-29T01:23:10.654+0000] {logging_mixin.py:120} INFO - [2023-03-29T01:23:10.654+0000] {dag.py:2585} INFO - Sync 1 DAGs
[2023-03-29T01:23:10.668+0000] {logging_mixin.py:120} INFO - [2023-03-29T01:23:10.668+0000] {dag.py:3340} INFO - Setting next_dagrun for example_trigger_target_dag to None, run_after=None
[2023-03-29T01:23:10.678+0000] {processor.py:176} INFO - Processing /home/airflow/.local/lib/python3.7/site-packages/airflow/example_dags/example_trigger_target_dag.py took 0.065 seconds
[2023-03-29T01:23:40.925+0000] {processor.py:154} INFO - Started process (PID=1218) to work on /home/airflow/.local/lib/python3.7/site-packages/airflow/example_dags/example_trigger_target_dag.py
[2023-03-29T01:23:40.927+0000] {processor.py:756} INFO - Processing file /home/airflow/.local/lib/python3.7/site-packages/airflow/example_dags/example_trigger_target_dag.py for tasks to queue
[2023-03-29T01:23:40.929+0000] {logging_mixin.py:120} INFO - [2023-03-29T01:23:40.928+0000] {dagbag.py:537} INFO - Filling up the DagBag from /home/airflow/.local/lib/python3.7/site-packages/airflow/example_dags/example_trigger_target_dag.py
[2023-03-29T01:23:40.942+0000] {processor.py:766} INFO - DAG(s) dict_keys(['example_trigger_target_dag']) retrieved from /home/airflow/.local/lib/python3.7/site-packages/airflow/example_dags/example_trigger_target_dag.py
[2023-03-29T01:23:40.967+0000] {logging_mixin.py:120} INFO - [2023-03-29T01:23:40.967+0000] {dag.py:2585} INFO - Sync 1 DAGs
[2023-03-29T01:23:40.980+0000] {logging_mixin.py:120} INFO - [2023-03-29T01:23:40.980+0000] {dag.py:3340} INFO - Setting next_dagrun for example_trigger_target_dag to None, run_after=None
[2023-03-29T01:23:40.990+0000] {processor.py:176} INFO - Processing /home/airflow/.local/lib/python3.7/site-packages/airflow/example_dags/example_trigger_target_dag.py took 0.066 seconds
