[2023-03-29T01:14:05.207+0000] {processor.py:154} INFO - Started process (PID=57) to work on /home/airflow/.local/lib/python3.7/site-packages/airflow/example_dags/example_xcom.py
[2023-03-29T01:14:05.208+0000] {processor.py:756} INFO - Processing file /home/airflow/.local/lib/python3.7/site-packages/airflow/example_dags/example_xcom.py for tasks to queue
[2023-03-29T01:14:05.209+0000] {logging_mixin.py:120} INFO - [2023-03-29T01:14:05.209+0000] {dagbag.py:537} INFO - Filling up the DagBag from /home/airflow/.local/lib/python3.7/site-packages/airflow/example_dags/example_xcom.py
[2023-03-29T01:14:05.242+0000] {processor.py:766} INFO - DAG(s) dict_keys(['example_xcom']) retrieved from /home/airflow/.local/lib/python3.7/site-packages/airflow/example_dags/example_xcom.py
[2023-03-29T01:14:05.332+0000] {logging_mixin.py:120} INFO - [2023-03-29T01:14:05.332+0000] {manager.py:507} INFO - Created Permission View: can delete on DAG:example_xcom
[2023-03-29T01:14:05.340+0000] {logging_mixin.py:120} INFO - [2023-03-29T01:14:05.340+0000] {manager.py:507} INFO - Created Permission View: can edit on DAG:example_xcom
[2023-03-29T01:14:05.347+0000] {logging_mixin.py:120} INFO - [2023-03-29T01:14:05.347+0000] {manager.py:507} INFO - Created Permission View: can read on DAG:example_xcom
[2023-03-29T01:14:05.348+0000] {logging_mixin.py:120} INFO - [2023-03-29T01:14:05.348+0000] {dag.py:2585} INFO - Sync 1 DAGs
[2023-03-29T01:14:05.360+0000] {logging_mixin.py:120} INFO - [2023-03-29T01:14:05.359+0000] {dag.py:2606} INFO - Creating ORM DAG for example_xcom
[2023-03-29T01:14:05.369+0000] {logging_mixin.py:120} INFO - [2023-03-29T01:14:05.369+0000] {dag.py:3340} INFO - Setting next_dagrun for example_xcom to 2021-01-01T00:00:00+00:00, run_after=2021-01-01T00:00:00+00:00
[2023-03-29T01:14:05.384+0000] {processor.py:176} INFO - Processing /home/airflow/.local/lib/python3.7/site-packages/airflow/example_dags/example_xcom.py took 0.179 seconds
[2023-03-29T01:14:36.031+0000] {processor.py:154} INFO - Started process (PID=120) to work on /home/airflow/.local/lib/python3.7/site-packages/airflow/example_dags/example_xcom.py
[2023-03-29T01:14:36.033+0000] {processor.py:756} INFO - Processing file /home/airflow/.local/lib/python3.7/site-packages/airflow/example_dags/example_xcom.py for tasks to queue
[2023-03-29T01:14:36.034+0000] {logging_mixin.py:120} INFO - [2023-03-29T01:14:36.034+0000] {dagbag.py:537} INFO - Filling up the DagBag from /home/airflow/.local/lib/python3.7/site-packages/airflow/example_dags/example_xcom.py
[2023-03-29T01:14:36.047+0000] {processor.py:766} INFO - DAG(s) dict_keys(['example_xcom']) retrieved from /home/airflow/.local/lib/python3.7/site-packages/airflow/example_dags/example_xcom.py
[2023-03-29T01:14:36.071+0000] {logging_mixin.py:120} INFO - [2023-03-29T01:14:36.070+0000] {dag.py:2585} INFO - Sync 1 DAGs
[2023-03-29T01:14:36.086+0000] {logging_mixin.py:120} INFO - [2023-03-29T01:14:36.085+0000] {dag.py:3340} INFO - Setting next_dagrun for example_xcom to 2021-01-01T00:00:00+00:00, run_after=2021-01-01T00:00:00+00:00
[2023-03-29T01:14:36.096+0000] {processor.py:176} INFO - Processing /home/airflow/.local/lib/python3.7/site-packages/airflow/example_dags/example_xcom.py took 0.067 seconds
[2023-03-29T01:15:06.407+0000] {processor.py:154} INFO - Started process (PID=184) to work on /home/airflow/.local/lib/python3.7/site-packages/airflow/example_dags/example_xcom.py
[2023-03-29T01:15:06.408+0000] {processor.py:756} INFO - Processing file /home/airflow/.local/lib/python3.7/site-packages/airflow/example_dags/example_xcom.py for tasks to queue
[2023-03-29T01:15:06.409+0000] {logging_mixin.py:120} INFO - [2023-03-29T01:15:06.409+0000] {dagbag.py:537} INFO - Filling up the DagBag from /home/airflow/.local/lib/python3.7/site-packages/airflow/example_dags/example_xcom.py
[2023-03-29T01:15:06.426+0000] {processor.py:766} INFO - DAG(s) dict_keys(['example_xcom']) retrieved from /home/airflow/.local/lib/python3.7/site-packages/airflow/example_dags/example_xcom.py
[2023-03-29T01:15:06.454+0000] {logging_mixin.py:120} INFO - [2023-03-29T01:15:06.454+0000] {dag.py:2585} INFO - Sync 1 DAGs
[2023-03-29T01:15:06.472+0000] {logging_mixin.py:120} INFO - [2023-03-29T01:15:06.472+0000] {dag.py:3340} INFO - Setting next_dagrun for example_xcom to 2021-01-01T00:00:00+00:00, run_after=2021-01-01T00:00:00+00:00
[2023-03-29T01:15:06.484+0000] {processor.py:176} INFO - Processing /home/airflow/.local/lib/python3.7/site-packages/airflow/example_dags/example_xcom.py took 0.080 seconds
[2023-03-29T01:15:36.753+0000] {processor.py:154} INFO - Started process (PID=247) to work on /home/airflow/.local/lib/python3.7/site-packages/airflow/example_dags/example_xcom.py
[2023-03-29T01:15:36.755+0000] {processor.py:756} INFO - Processing file /home/airflow/.local/lib/python3.7/site-packages/airflow/example_dags/example_xcom.py for tasks to queue
[2023-03-29T01:15:36.756+0000] {logging_mixin.py:120} INFO - [2023-03-29T01:15:36.756+0000] {dagbag.py:537} INFO - Filling up the DagBag from /home/airflow/.local/lib/python3.7/site-packages/airflow/example_dags/example_xcom.py
[2023-03-29T01:15:36.770+0000] {processor.py:766} INFO - DAG(s) dict_keys(['example_xcom']) retrieved from /home/airflow/.local/lib/python3.7/site-packages/airflow/example_dags/example_xcom.py
[2023-03-29T01:15:36.797+0000] {logging_mixin.py:120} INFO - [2023-03-29T01:15:36.796+0000] {dag.py:2585} INFO - Sync 1 DAGs
[2023-03-29T01:15:36.811+0000] {logging_mixin.py:120} INFO - [2023-03-29T01:15:36.811+0000] {dag.py:3340} INFO - Setting next_dagrun for example_xcom to 2021-01-01T00:00:00+00:00, run_after=2021-01-01T00:00:00+00:00
[2023-03-29T01:15:36.823+0000] {processor.py:176} INFO - Processing /home/airflow/.local/lib/python3.7/site-packages/airflow/example_dags/example_xcom.py took 0.074 seconds
[2023-03-29T01:16:07.015+0000] {processor.py:154} INFO - Started process (PID=311) to work on /home/airflow/.local/lib/python3.7/site-packages/airflow/example_dags/example_xcom.py
[2023-03-29T01:16:07.017+0000] {processor.py:756} INFO - Processing file /home/airflow/.local/lib/python3.7/site-packages/airflow/example_dags/example_xcom.py for tasks to queue
[2023-03-29T01:16:07.019+0000] {logging_mixin.py:120} INFO - [2023-03-29T01:16:07.018+0000] {dagbag.py:537} INFO - Filling up the DagBag from /home/airflow/.local/lib/python3.7/site-packages/airflow/example_dags/example_xcom.py
[2023-03-29T01:16:07.033+0000] {processor.py:766} INFO - DAG(s) dict_keys(['example_xcom']) retrieved from /home/airflow/.local/lib/python3.7/site-packages/airflow/example_dags/example_xcom.py
[2023-03-29T01:16:07.062+0000] {logging_mixin.py:120} INFO - [2023-03-29T01:16:07.062+0000] {dag.py:2585} INFO - Sync 1 DAGs
[2023-03-29T01:16:07.077+0000] {logging_mixin.py:120} INFO - [2023-03-29T01:16:07.077+0000] {dag.py:3340} INFO - Setting next_dagrun for example_xcom to 2021-01-01T00:00:00+00:00, run_after=2021-01-01T00:00:00+00:00
[2023-03-29T01:16:07.089+0000] {processor.py:176} INFO - Processing /home/airflow/.local/lib/python3.7/site-packages/airflow/example_dags/example_xcom.py took 0.076 seconds
[2023-03-29T01:16:37.165+0000] {processor.py:154} INFO - Started process (PID=373) to work on /home/airflow/.local/lib/python3.7/site-packages/airflow/example_dags/example_xcom.py
[2023-03-29T01:16:37.167+0000] {processor.py:756} INFO - Processing file /home/airflow/.local/lib/python3.7/site-packages/airflow/example_dags/example_xcom.py for tasks to queue
[2023-03-29T01:16:37.168+0000] {logging_mixin.py:120} INFO - [2023-03-29T01:16:37.168+0000] {dagbag.py:537} INFO - Filling up the DagBag from /home/airflow/.local/lib/python3.7/site-packages/airflow/example_dags/example_xcom.py
[2023-03-29T01:16:37.185+0000] {processor.py:766} INFO - DAG(s) dict_keys(['example_xcom']) retrieved from /home/airflow/.local/lib/python3.7/site-packages/airflow/example_dags/example_xcom.py
[2023-03-29T01:16:37.212+0000] {logging_mixin.py:120} INFO - [2023-03-29T01:16:37.212+0000] {dag.py:2585} INFO - Sync 1 DAGs
[2023-03-29T01:16:37.231+0000] {logging_mixin.py:120} INFO - [2023-03-29T01:16:37.231+0000] {dag.py:3340} INFO - Setting next_dagrun for example_xcom to 2021-01-01T00:00:00+00:00, run_after=2021-01-01T00:00:00+00:00
[2023-03-29T01:16:37.246+0000] {processor.py:176} INFO - Processing /home/airflow/.local/lib/python3.7/site-packages/airflow/example_dags/example_xcom.py took 0.083 seconds
[2023-03-29T01:17:07.608+0000] {processor.py:154} INFO - Started process (PID=427) to work on /home/airflow/.local/lib/python3.7/site-packages/airflow/example_dags/example_xcom.py
[2023-03-29T01:17:07.610+0000] {processor.py:756} INFO - Processing file /home/airflow/.local/lib/python3.7/site-packages/airflow/example_dags/example_xcom.py for tasks to queue
[2023-03-29T01:17:07.611+0000] {logging_mixin.py:120} INFO - [2023-03-29T01:17:07.611+0000] {dagbag.py:537} INFO - Filling up the DagBag from /home/airflow/.local/lib/python3.7/site-packages/airflow/example_dags/example_xcom.py
[2023-03-29T01:17:07.625+0000] {processor.py:766} INFO - DAG(s) dict_keys(['example_xcom']) retrieved from /home/airflow/.local/lib/python3.7/site-packages/airflow/example_dags/example_xcom.py
[2023-03-29T01:17:07.653+0000] {logging_mixin.py:120} INFO - [2023-03-29T01:17:07.653+0000] {dag.py:2585} INFO - Sync 1 DAGs
[2023-03-29T01:17:07.668+0000] {logging_mixin.py:120} INFO - [2023-03-29T01:17:07.668+0000] {dag.py:3340} INFO - Setting next_dagrun for example_xcom to 2021-01-01T00:00:00+00:00, run_after=2021-01-01T00:00:00+00:00
[2023-03-29T01:17:07.681+0000] {processor.py:176} INFO - Processing /home/airflow/.local/lib/python3.7/site-packages/airflow/example_dags/example_xcom.py took 0.075 seconds
[2023-03-29T01:17:37.976+0000] {processor.py:154} INFO - Started process (PID=490) to work on /home/airflow/.local/lib/python3.7/site-packages/airflow/example_dags/example_xcom.py
[2023-03-29T01:17:37.977+0000] {processor.py:756} INFO - Processing file /home/airflow/.local/lib/python3.7/site-packages/airflow/example_dags/example_xcom.py for tasks to queue
[2023-03-29T01:17:37.979+0000] {logging_mixin.py:120} INFO - [2023-03-29T01:17:37.978+0000] {dagbag.py:537} INFO - Filling up the DagBag from /home/airflow/.local/lib/python3.7/site-packages/airflow/example_dags/example_xcom.py
[2023-03-29T01:17:37.991+0000] {processor.py:766} INFO - DAG(s) dict_keys(['example_xcom']) retrieved from /home/airflow/.local/lib/python3.7/site-packages/airflow/example_dags/example_xcom.py
[2023-03-29T01:17:38.016+0000] {logging_mixin.py:120} INFO - [2023-03-29T01:17:38.016+0000] {dag.py:2585} INFO - Sync 1 DAGs
[2023-03-29T01:17:38.030+0000] {logging_mixin.py:120} INFO - [2023-03-29T01:17:38.030+0000] {dag.py:3340} INFO - Setting next_dagrun for example_xcom to 2021-01-01T00:00:00+00:00, run_after=2021-01-01T00:00:00+00:00
[2023-03-29T01:17:38.041+0000] {processor.py:176} INFO - Processing /home/airflow/.local/lib/python3.7/site-packages/airflow/example_dags/example_xcom.py took 0.068 seconds
[2023-03-29T01:18:08.299+0000] {processor.py:154} INFO - Started process (PID=554) to work on /home/airflow/.local/lib/python3.7/site-packages/airflow/example_dags/example_xcom.py
[2023-03-29T01:18:08.301+0000] {processor.py:756} INFO - Processing file /home/airflow/.local/lib/python3.7/site-packages/airflow/example_dags/example_xcom.py for tasks to queue
[2023-03-29T01:18:08.302+0000] {logging_mixin.py:120} INFO - [2023-03-29T01:18:08.302+0000] {dagbag.py:537} INFO - Filling up the DagBag from /home/airflow/.local/lib/python3.7/site-packages/airflow/example_dags/example_xcom.py
[2023-03-29T01:18:08.315+0000] {processor.py:766} INFO - DAG(s) dict_keys(['example_xcom']) retrieved from /home/airflow/.local/lib/python3.7/site-packages/airflow/example_dags/example_xcom.py
[2023-03-29T01:18:08.340+0000] {logging_mixin.py:120} INFO - [2023-03-29T01:18:08.340+0000] {dag.py:2585} INFO - Sync 1 DAGs
[2023-03-29T01:18:08.353+0000] {logging_mixin.py:120} INFO - [2023-03-29T01:18:08.353+0000] {dag.py:3340} INFO - Setting next_dagrun for example_xcom to 2021-01-01T00:00:00+00:00, run_after=2021-01-01T00:00:00+00:00
[2023-03-29T01:18:08.364+0000] {processor.py:176} INFO - Processing /home/airflow/.local/lib/python3.7/site-packages/airflow/example_dags/example_xcom.py took 0.067 seconds
[2023-03-29T01:18:38.769+0000] {processor.py:154} INFO - Started process (PID=617) to work on /home/airflow/.local/lib/python3.7/site-packages/airflow/example_dags/example_xcom.py
[2023-03-29T01:18:38.770+0000] {processor.py:756} INFO - Processing file /home/airflow/.local/lib/python3.7/site-packages/airflow/example_dags/example_xcom.py for tasks to queue
[2023-03-29T01:18:38.772+0000] {logging_mixin.py:120} INFO - [2023-03-29T01:18:38.772+0000] {dagbag.py:537} INFO - Filling up the DagBag from /home/airflow/.local/lib/python3.7/site-packages/airflow/example_dags/example_xcom.py
[2023-03-29T01:18:38.785+0000] {processor.py:766} INFO - DAG(s) dict_keys(['example_xcom']) retrieved from /home/airflow/.local/lib/python3.7/site-packages/airflow/example_dags/example_xcom.py
[2023-03-29T01:18:38.809+0000] {logging_mixin.py:120} INFO - [2023-03-29T01:18:38.809+0000] {dag.py:2585} INFO - Sync 1 DAGs
[2023-03-29T01:18:38.823+0000] {logging_mixin.py:120} INFO - [2023-03-29T01:18:38.822+0000] {dag.py:3340} INFO - Setting next_dagrun for example_xcom to 2021-01-01T00:00:00+00:00, run_after=2021-01-01T00:00:00+00:00
[2023-03-29T01:18:38.834+0000] {processor.py:176} INFO - Processing /home/airflow/.local/lib/python3.7/site-packages/airflow/example_dags/example_xcom.py took 0.067 seconds
[2023-03-29T01:19:09.110+0000] {processor.py:154} INFO - Started process (PID=679) to work on /home/airflow/.local/lib/python3.7/site-packages/airflow/example_dags/example_xcom.py
[2023-03-29T01:19:09.111+0000] {processor.py:756} INFO - Processing file /home/airflow/.local/lib/python3.7/site-packages/airflow/example_dags/example_xcom.py for tasks to queue
[2023-03-29T01:19:09.112+0000] {logging_mixin.py:120} INFO - [2023-03-29T01:19:09.112+0000] {dagbag.py:537} INFO - Filling up the DagBag from /home/airflow/.local/lib/python3.7/site-packages/airflow/example_dags/example_xcom.py
[2023-03-29T01:19:09.125+0000] {processor.py:766} INFO - DAG(s) dict_keys(['example_xcom']) retrieved from /home/airflow/.local/lib/python3.7/site-packages/airflow/example_dags/example_xcom.py
[2023-03-29T01:19:09.150+0000] {logging_mixin.py:120} INFO - [2023-03-29T01:19:09.150+0000] {dag.py:2585} INFO - Sync 1 DAGs
[2023-03-29T01:19:09.165+0000] {logging_mixin.py:120} INFO - [2023-03-29T01:19:09.165+0000] {dag.py:3340} INFO - Setting next_dagrun for example_xcom to 2021-01-01T00:00:00+00:00, run_after=2021-01-01T00:00:00+00:00
[2023-03-29T01:19:09.175+0000] {processor.py:176} INFO - Processing /home/airflow/.local/lib/python3.7/site-packages/airflow/example_dags/example_xcom.py took 0.067 seconds
[2023-03-29T01:19:39.427+0000] {processor.py:154} INFO - Started process (PID=733) to work on /home/airflow/.local/lib/python3.7/site-packages/airflow/example_dags/example_xcom.py
[2023-03-29T01:19:39.428+0000] {processor.py:756} INFO - Processing file /home/airflow/.local/lib/python3.7/site-packages/airflow/example_dags/example_xcom.py for tasks to queue
[2023-03-29T01:19:39.430+0000] {logging_mixin.py:120} INFO - [2023-03-29T01:19:39.430+0000] {dagbag.py:537} INFO - Filling up the DagBag from /home/airflow/.local/lib/python3.7/site-packages/airflow/example_dags/example_xcom.py
[2023-03-29T01:19:39.444+0000] {processor.py:766} INFO - DAG(s) dict_keys(['example_xcom']) retrieved from /home/airflow/.local/lib/python3.7/site-packages/airflow/example_dags/example_xcom.py
[2023-03-29T01:19:39.470+0000] {logging_mixin.py:120} INFO - [2023-03-29T01:19:39.470+0000] {dag.py:2585} INFO - Sync 1 DAGs
[2023-03-29T01:19:39.485+0000] {logging_mixin.py:120} INFO - [2023-03-29T01:19:39.485+0000] {dag.py:3340} INFO - Setting next_dagrun for example_xcom to 2021-01-01T00:00:00+00:00, run_after=2021-01-01T00:00:00+00:00
[2023-03-29T01:19:39.497+0000] {processor.py:176} INFO - Processing /home/airflow/.local/lib/python3.7/site-packages/airflow/example_dags/example_xcom.py took 0.073 seconds
[2023-03-29T01:20:09.804+0000] {processor.py:154} INFO - Started process (PID=796) to work on /home/airflow/.local/lib/python3.7/site-packages/airflow/example_dags/example_xcom.py
[2023-03-29T01:20:09.806+0000] {processor.py:756} INFO - Processing file /home/airflow/.local/lib/python3.7/site-packages/airflow/example_dags/example_xcom.py for tasks to queue
[2023-03-29T01:20:09.808+0000] {logging_mixin.py:120} INFO - [2023-03-29T01:20:09.807+0000] {dagbag.py:537} INFO - Filling up the DagBag from /home/airflow/.local/lib/python3.7/site-packages/airflow/example_dags/example_xcom.py
[2023-03-29T01:20:09.821+0000] {processor.py:766} INFO - DAG(s) dict_keys(['example_xcom']) retrieved from /home/airflow/.local/lib/python3.7/site-packages/airflow/example_dags/example_xcom.py
[2023-03-29T01:20:09.847+0000] {logging_mixin.py:120} INFO - [2023-03-29T01:20:09.847+0000] {dag.py:2585} INFO - Sync 1 DAGs
[2023-03-29T01:20:09.862+0000] {logging_mixin.py:120} INFO - [2023-03-29T01:20:09.862+0000] {dag.py:3340} INFO - Setting next_dagrun for example_xcom to 2021-01-01T00:00:00+00:00, run_after=2021-01-01T00:00:00+00:00
[2023-03-29T01:20:09.874+0000] {processor.py:176} INFO - Processing /home/airflow/.local/lib/python3.7/site-packages/airflow/example_dags/example_xcom.py took 0.072 seconds
[2023-03-29T01:20:40.215+0000] {processor.py:154} INFO - Started process (PID=859) to work on /home/airflow/.local/lib/python3.7/site-packages/airflow/example_dags/example_xcom.py
[2023-03-29T01:20:40.217+0000] {processor.py:756} INFO - Processing file /home/airflow/.local/lib/python3.7/site-packages/airflow/example_dags/example_xcom.py for tasks to queue
[2023-03-29T01:20:40.218+0000] {logging_mixin.py:120} INFO - [2023-03-29T01:20:40.218+0000] {dagbag.py:537} INFO - Filling up the DagBag from /home/airflow/.local/lib/python3.7/site-packages/airflow/example_dags/example_xcom.py
[2023-03-29T01:20:40.231+0000] {processor.py:766} INFO - DAG(s) dict_keys(['example_xcom']) retrieved from /home/airflow/.local/lib/python3.7/site-packages/airflow/example_dags/example_xcom.py
[2023-03-29T01:20:40.256+0000] {logging_mixin.py:120} INFO - [2023-03-29T01:20:40.256+0000] {dag.py:2585} INFO - Sync 1 DAGs
[2023-03-29T01:20:40.270+0000] {logging_mixin.py:120} INFO - [2023-03-29T01:20:40.270+0000] {dag.py:3340} INFO - Setting next_dagrun for example_xcom to 2021-01-01T00:00:00+00:00, run_after=2021-01-01T00:00:00+00:00
[2023-03-29T01:20:40.281+0000] {processor.py:176} INFO - Processing /home/airflow/.local/lib/python3.7/site-packages/airflow/example_dags/example_xcom.py took 0.067 seconds
[2023-03-29T01:21:10.603+0000] {processor.py:154} INFO - Started process (PID=922) to work on /home/airflow/.local/lib/python3.7/site-packages/airflow/example_dags/example_xcom.py
[2023-03-29T01:21:10.604+0000] {processor.py:756} INFO - Processing file /home/airflow/.local/lib/python3.7/site-packages/airflow/example_dags/example_xcom.py for tasks to queue
[2023-03-29T01:21:10.605+0000] {logging_mixin.py:120} INFO - [2023-03-29T01:21:10.605+0000] {dagbag.py:537} INFO - Filling up the DagBag from /home/airflow/.local/lib/python3.7/site-packages/airflow/example_dags/example_xcom.py
[2023-03-29T01:21:10.623+0000] {processor.py:766} INFO - DAG(s) dict_keys(['example_xcom']) retrieved from /home/airflow/.local/lib/python3.7/site-packages/airflow/example_dags/example_xcom.py
[2023-03-29T01:21:10.650+0000] {logging_mixin.py:120} INFO - [2023-03-29T01:21:10.650+0000] {dag.py:2585} INFO - Sync 1 DAGs
[2023-03-29T01:21:10.666+0000] {logging_mixin.py:120} INFO - [2023-03-29T01:21:10.666+0000] {dag.py:3340} INFO - Setting next_dagrun for example_xcom to 2021-01-01T00:00:00+00:00, run_after=2021-01-01T00:00:00+00:00
[2023-03-29T01:21:10.678+0000] {processor.py:176} INFO - Processing /home/airflow/.local/lib/python3.7/site-packages/airflow/example_dags/example_xcom.py took 0.077 seconds
[2023-03-29T01:21:41.008+0000] {processor.py:154} INFO - Started process (PID=985) to work on /home/airflow/.local/lib/python3.7/site-packages/airflow/example_dags/example_xcom.py
[2023-03-29T01:21:41.012+0000] {processor.py:756} INFO - Processing file /home/airflow/.local/lib/python3.7/site-packages/airflow/example_dags/example_xcom.py for tasks to queue
[2023-03-29T01:21:41.013+0000] {logging_mixin.py:120} INFO - [2023-03-29T01:21:41.013+0000] {dagbag.py:537} INFO - Filling up the DagBag from /home/airflow/.local/lib/python3.7/site-packages/airflow/example_dags/example_xcom.py
[2023-03-29T01:21:41.027+0000] {processor.py:766} INFO - DAG(s) dict_keys(['example_xcom']) retrieved from /home/airflow/.local/lib/python3.7/site-packages/airflow/example_dags/example_xcom.py
[2023-03-29T01:21:41.052+0000] {logging_mixin.py:120} INFO - [2023-03-29T01:21:41.051+0000] {dag.py:2585} INFO - Sync 1 DAGs
[2023-03-29T01:21:41.065+0000] {logging_mixin.py:120} INFO - [2023-03-29T01:21:41.065+0000] {dag.py:3340} INFO - Setting next_dagrun for example_xcom to 2021-01-01T00:00:00+00:00, run_after=2021-01-01T00:00:00+00:00
[2023-03-29T01:21:41.076+0000] {processor.py:176} INFO - Processing /home/airflow/.local/lib/python3.7/site-packages/airflow/example_dags/example_xcom.py took 0.070 seconds
[2023-03-29T01:22:11.376+0000] {processor.py:154} INFO - Started process (PID=1048) to work on /home/airflow/.local/lib/python3.7/site-packages/airflow/example_dags/example_xcom.py
[2023-03-29T01:22:11.378+0000] {processor.py:756} INFO - Processing file /home/airflow/.local/lib/python3.7/site-packages/airflow/example_dags/example_xcom.py for tasks to queue
[2023-03-29T01:22:11.380+0000] {logging_mixin.py:120} INFO - [2023-03-29T01:22:11.379+0000] {dagbag.py:537} INFO - Filling up the DagBag from /home/airflow/.local/lib/python3.7/site-packages/airflow/example_dags/example_xcom.py
[2023-03-29T01:22:11.395+0000] {processor.py:766} INFO - DAG(s) dict_keys(['example_xcom']) retrieved from /home/airflow/.local/lib/python3.7/site-packages/airflow/example_dags/example_xcom.py
[2023-03-29T01:22:11.423+0000] {logging_mixin.py:120} INFO - [2023-03-29T01:22:11.422+0000] {dag.py:2585} INFO - Sync 1 DAGs
[2023-03-29T01:22:11.437+0000] {logging_mixin.py:120} INFO - [2023-03-29T01:22:11.437+0000] {dag.py:3340} INFO - Setting next_dagrun for example_xcom to 2021-01-01T00:00:00+00:00, run_after=2021-01-01T00:00:00+00:00
[2023-03-29T01:22:11.449+0000] {processor.py:176} INFO - Processing /home/airflow/.local/lib/python3.7/site-packages/airflow/example_dags/example_xcom.py took 0.075 seconds
[2023-03-29T01:22:41.745+0000] {processor.py:154} INFO - Started process (PID=1102) to work on /home/airflow/.local/lib/python3.7/site-packages/airflow/example_dags/example_xcom.py
[2023-03-29T01:22:41.747+0000] {processor.py:756} INFO - Processing file /home/airflow/.local/lib/python3.7/site-packages/airflow/example_dags/example_xcom.py for tasks to queue
[2023-03-29T01:22:41.749+0000] {logging_mixin.py:120} INFO - [2023-03-29T01:22:41.748+0000] {dagbag.py:537} INFO - Filling up the DagBag from /home/airflow/.local/lib/python3.7/site-packages/airflow/example_dags/example_xcom.py
[2023-03-29T01:22:41.762+0000] {processor.py:766} INFO - DAG(s) dict_keys(['example_xcom']) retrieved from /home/airflow/.local/lib/python3.7/site-packages/airflow/example_dags/example_xcom.py
[2023-03-29T01:22:41.786+0000] {logging_mixin.py:120} INFO - [2023-03-29T01:22:41.786+0000] {dag.py:2585} INFO - Sync 1 DAGs
[2023-03-29T01:22:41.800+0000] {logging_mixin.py:120} INFO - [2023-03-29T01:22:41.800+0000] {dag.py:3340} INFO - Setting next_dagrun for example_xcom to 2021-01-01T00:00:00+00:00, run_after=2021-01-01T00:00:00+00:00
[2023-03-29T01:22:41.810+0000] {processor.py:176} INFO - Processing /home/airflow/.local/lib/python3.7/site-packages/airflow/example_dags/example_xcom.py took 0.066 seconds
[2023-03-29T01:23:12.105+0000] {processor.py:154} INFO - Started process (PID=1165) to work on /home/airflow/.local/lib/python3.7/site-packages/airflow/example_dags/example_xcom.py
[2023-03-29T01:23:12.106+0000] {processor.py:756} INFO - Processing file /home/airflow/.local/lib/python3.7/site-packages/airflow/example_dags/example_xcom.py for tasks to queue
[2023-03-29T01:23:12.107+0000] {logging_mixin.py:120} INFO - [2023-03-29T01:23:12.107+0000] {dagbag.py:537} INFO - Filling up the DagBag from /home/airflow/.local/lib/python3.7/site-packages/airflow/example_dags/example_xcom.py
[2023-03-29T01:23:12.123+0000] {processor.py:766} INFO - DAG(s) dict_keys(['example_xcom']) retrieved from /home/airflow/.local/lib/python3.7/site-packages/airflow/example_dags/example_xcom.py
[2023-03-29T01:23:12.150+0000] {logging_mixin.py:120} INFO - [2023-03-29T01:23:12.150+0000] {dag.py:2585} INFO - Sync 1 DAGs
[2023-03-29T01:23:12.165+0000] {logging_mixin.py:120} INFO - [2023-03-29T01:23:12.165+0000] {dag.py:3340} INFO - Setting next_dagrun for example_xcom to 2021-01-01T00:00:00+00:00, run_after=2021-01-01T00:00:00+00:00
[2023-03-29T01:23:12.177+0000] {processor.py:176} INFO - Processing /home/airflow/.local/lib/python3.7/site-packages/airflow/example_dags/example_xcom.py took 0.074 seconds
[2023-03-29T01:23:42.486+0000] {processor.py:154} INFO - Started process (PID=1227) to work on /home/airflow/.local/lib/python3.7/site-packages/airflow/example_dags/example_xcom.py
[2023-03-29T01:23:42.489+0000] {processor.py:756} INFO - Processing file /home/airflow/.local/lib/python3.7/site-packages/airflow/example_dags/example_xcom.py for tasks to queue
[2023-03-29T01:23:42.491+0000] {logging_mixin.py:120} INFO - [2023-03-29T01:23:42.491+0000] {dagbag.py:537} INFO - Filling up the DagBag from /home/airflow/.local/lib/python3.7/site-packages/airflow/example_dags/example_xcom.py
[2023-03-29T01:23:42.506+0000] {processor.py:766} INFO - DAG(s) dict_keys(['example_xcom']) retrieved from /home/airflow/.local/lib/python3.7/site-packages/airflow/example_dags/example_xcom.py
[2023-03-29T01:23:42.535+0000] {logging_mixin.py:120} INFO - [2023-03-29T01:23:42.535+0000] {dag.py:2585} INFO - Sync 1 DAGs
[2023-03-29T01:23:42.552+0000] {logging_mixin.py:120} INFO - [2023-03-29T01:23:42.552+0000] {dag.py:3340} INFO - Setting next_dagrun for example_xcom to 2021-01-01T00:00:00+00:00, run_after=2021-01-01T00:00:00+00:00
[2023-03-29T01:23:42.565+0000] {processor.py:176} INFO - Processing /home/airflow/.local/lib/python3.7/site-packages/airflow/example_dags/example_xcom.py took 0.082 seconds
