[2023-03-29T01:14:05.670+0000] {processor.py:154} INFO - Started process (PID=61) to work on /home/airflow/.local/lib/python3.7/site-packages/airflow/example_dags/example_task_group.py
[2023-03-29T01:14:05.673+0000] {processor.py:756} INFO - Processing file /home/airflow/.local/lib/python3.7/site-packages/airflow/example_dags/example_task_group.py for tasks to queue
[2023-03-29T01:14:05.676+0000] {logging_mixin.py:120} INFO - [2023-03-29T01:14:05.675+0000] {dagbag.py:537} INFO - Filling up the DagBag from /home/airflow/.local/lib/python3.7/site-packages/airflow/example_dags/example_task_group.py
[2023-03-29T01:14:05.696+0000] {processor.py:766} INFO - DAG(s) dict_keys(['example_task_group']) retrieved from /home/airflow/.local/lib/python3.7/site-packages/airflow/example_dags/example_task_group.py
[2023-03-29T01:14:05.871+0000] {logging_mixin.py:120} INFO - [2023-03-29T01:14:05.871+0000] {manager.py:507} INFO - Created Permission View: can delete on DAG:example_task_group
[2023-03-29T01:14:05.889+0000] {logging_mixin.py:120} INFO - [2023-03-29T01:14:05.889+0000] {manager.py:507} INFO - Created Permission View: can edit on DAG:example_task_group
[2023-03-29T01:14:05.899+0000] {logging_mixin.py:120} INFO - [2023-03-29T01:14:05.899+0000] {manager.py:507} INFO - Created Permission View: can read on DAG:example_task_group
[2023-03-29T01:14:05.900+0000] {logging_mixin.py:120} INFO - [2023-03-29T01:14:05.900+0000] {dag.py:2585} INFO - Sync 1 DAGs
[2023-03-29T01:14:05.924+0000] {logging_mixin.py:120} INFO - [2023-03-29T01:14:05.924+0000] {dag.py:2606} INFO - Creating ORM DAG for example_task_group
[2023-03-29T01:14:05.943+0000] {logging_mixin.py:120} INFO - [2023-03-29T01:14:05.943+0000] {dag.py:3340} INFO - Setting next_dagrun for example_task_group to 2023-03-28T01:14:05.943758+00:00, run_after=2023-03-29T01:14:05.943758+00:00
[2023-03-29T01:14:05.974+0000] {processor.py:176} INFO - Processing /home/airflow/.local/lib/python3.7/site-packages/airflow/example_dags/example_task_group.py took 0.306 seconds
[2023-03-29T01:14:36.359+0000] {processor.py:154} INFO - Started process (PID=124) to work on /home/airflow/.local/lib/python3.7/site-packages/airflow/example_dags/example_task_group.py
[2023-03-29T01:14:36.361+0000] {processor.py:756} INFO - Processing file /home/airflow/.local/lib/python3.7/site-packages/airflow/example_dags/example_task_group.py for tasks to queue
[2023-03-29T01:14:36.362+0000] {logging_mixin.py:120} INFO - [2023-03-29T01:14:36.362+0000] {dagbag.py:537} INFO - Filling up the DagBag from /home/airflow/.local/lib/python3.7/site-packages/airflow/example_dags/example_task_group.py
[2023-03-29T01:14:36.373+0000] {processor.py:766} INFO - DAG(s) dict_keys(['example_task_group']) retrieved from /home/airflow/.local/lib/python3.7/site-packages/airflow/example_dags/example_task_group.py
[2023-03-29T01:14:36.398+0000] {logging_mixin.py:120} INFO - [2023-03-29T01:14:36.397+0000] {dag.py:2585} INFO - Sync 1 DAGs
[2023-03-29T01:14:36.411+0000] {logging_mixin.py:120} INFO - [2023-03-29T01:14:36.411+0000] {dag.py:3340} INFO - Setting next_dagrun for example_task_group to 2023-03-28T01:14:36.411797+00:00, run_after=2023-03-29T01:14:36.411797+00:00
[2023-03-29T01:14:36.422+0000] {processor.py:176} INFO - Processing /home/airflow/.local/lib/python3.7/site-packages/airflow/example_dags/example_task_group.py took 0.066 seconds
[2023-03-29T01:15:06.605+0000] {processor.py:154} INFO - Started process (PID=188) to work on /home/airflow/.local/lib/python3.7/site-packages/airflow/example_dags/example_task_group.py
[2023-03-29T01:15:06.607+0000] {processor.py:756} INFO - Processing file /home/airflow/.local/lib/python3.7/site-packages/airflow/example_dags/example_task_group.py for tasks to queue
[2023-03-29T01:15:06.609+0000] {logging_mixin.py:120} INFO - [2023-03-29T01:15:06.609+0000] {dagbag.py:537} INFO - Filling up the DagBag from /home/airflow/.local/lib/python3.7/site-packages/airflow/example_dags/example_task_group.py
[2023-03-29T01:15:06.620+0000] {processor.py:766} INFO - DAG(s) dict_keys(['example_task_group']) retrieved from /home/airflow/.local/lib/python3.7/site-packages/airflow/example_dags/example_task_group.py
[2023-03-29T01:15:06.648+0000] {logging_mixin.py:120} INFO - [2023-03-29T01:15:06.648+0000] {dag.py:2585} INFO - Sync 1 DAGs
[2023-03-29T01:15:06.664+0000] {logging_mixin.py:120} INFO - [2023-03-29T01:15:06.664+0000] {dag.py:3340} INFO - Setting next_dagrun for example_task_group to 2023-03-28T01:15:06.664166+00:00, run_after=2023-03-29T01:15:06.664166+00:00
[2023-03-29T01:15:06.678+0000] {processor.py:176} INFO - Processing /home/airflow/.local/lib/python3.7/site-packages/airflow/example_dags/example_task_group.py took 0.075 seconds
[2023-03-29T01:15:36.932+0000] {processor.py:154} INFO - Started process (PID=251) to work on /home/airflow/.local/lib/python3.7/site-packages/airflow/example_dags/example_task_group.py
[2023-03-29T01:15:36.934+0000] {processor.py:756} INFO - Processing file /home/airflow/.local/lib/python3.7/site-packages/airflow/example_dags/example_task_group.py for tasks to queue
[2023-03-29T01:15:36.936+0000] {logging_mixin.py:120} INFO - [2023-03-29T01:15:36.936+0000] {dagbag.py:537} INFO - Filling up the DagBag from /home/airflow/.local/lib/python3.7/site-packages/airflow/example_dags/example_task_group.py
[2023-03-29T01:15:36.946+0000] {processor.py:766} INFO - DAG(s) dict_keys(['example_task_group']) retrieved from /home/airflow/.local/lib/python3.7/site-packages/airflow/example_dags/example_task_group.py
[2023-03-29T01:15:36.972+0000] {logging_mixin.py:120} INFO - [2023-03-29T01:15:36.972+0000] {dag.py:2585} INFO - Sync 1 DAGs
[2023-03-29T01:15:36.987+0000] {logging_mixin.py:120} INFO - [2023-03-29T01:15:36.987+0000] {dag.py:3340} INFO - Setting next_dagrun for example_task_group to 2023-03-28T01:15:36.987161+00:00, run_after=2023-03-29T01:15:36.987161+00:00
[2023-03-29T01:15:36.998+0000] {processor.py:176} INFO - Processing /home/airflow/.local/lib/python3.7/site-packages/airflow/example_dags/example_task_group.py took 0.068 seconds
[2023-03-29T01:16:07.264+0000] {processor.py:154} INFO - Started process (PID=314) to work on /home/airflow/.local/lib/python3.7/site-packages/airflow/example_dags/example_task_group.py
[2023-03-29T01:16:07.266+0000] {processor.py:756} INFO - Processing file /home/airflow/.local/lib/python3.7/site-packages/airflow/example_dags/example_task_group.py for tasks to queue
[2023-03-29T01:16:07.267+0000] {logging_mixin.py:120} INFO - [2023-03-29T01:16:07.267+0000] {dagbag.py:537} INFO - Filling up the DagBag from /home/airflow/.local/lib/python3.7/site-packages/airflow/example_dags/example_task_group.py
[2023-03-29T01:16:07.277+0000] {processor.py:766} INFO - DAG(s) dict_keys(['example_task_group']) retrieved from /home/airflow/.local/lib/python3.7/site-packages/airflow/example_dags/example_task_group.py
[2023-03-29T01:16:07.302+0000] {logging_mixin.py:120} INFO - [2023-03-29T01:16:07.301+0000] {dag.py:2585} INFO - Sync 1 DAGs
[2023-03-29T01:16:07.315+0000] {logging_mixin.py:120} INFO - [2023-03-29T01:16:07.315+0000] {dag.py:3340} INFO - Setting next_dagrun for example_task_group to 2023-03-28T01:16:07.315571+00:00, run_after=2023-03-29T01:16:07.315571+00:00
[2023-03-29T01:16:07.328+0000] {processor.py:176} INFO - Processing /home/airflow/.local/lib/python3.7/site-packages/airflow/example_dags/example_task_group.py took 0.066 seconds
[2023-03-29T01:16:37.423+0000] {processor.py:154} INFO - Started process (PID=377) to work on /home/airflow/.local/lib/python3.7/site-packages/airflow/example_dags/example_task_group.py
[2023-03-29T01:16:37.432+0000] {processor.py:756} INFO - Processing file /home/airflow/.local/lib/python3.7/site-packages/airflow/example_dags/example_task_group.py for tasks to queue
[2023-03-29T01:16:37.433+0000] {logging_mixin.py:120} INFO - [2023-03-29T01:16:37.433+0000] {dagbag.py:537} INFO - Filling up the DagBag from /home/airflow/.local/lib/python3.7/site-packages/airflow/example_dags/example_task_group.py
[2023-03-29T01:16:37.450+0000] {processor.py:766} INFO - DAG(s) dict_keys(['example_task_group']) retrieved from /home/airflow/.local/lib/python3.7/site-packages/airflow/example_dags/example_task_group.py
[2023-03-29T01:16:37.508+0000] {logging_mixin.py:120} INFO - [2023-03-29T01:16:37.508+0000] {dag.py:2585} INFO - Sync 1 DAGs
[2023-03-29T01:16:37.541+0000] {logging_mixin.py:120} INFO - [2023-03-29T01:16:37.541+0000] {dag.py:3340} INFO - Setting next_dagrun for example_task_group to 2023-03-28T01:16:37.541506+00:00, run_after=2023-03-29T01:16:37.541506+00:00
[2023-03-29T01:16:37.557+0000] {processor.py:176} INFO - Processing /home/airflow/.local/lib/python3.7/site-packages/airflow/example_dags/example_task_group.py took 0.137 seconds
[2023-03-29T01:17:07.797+0000] {processor.py:154} INFO - Started process (PID=431) to work on /home/airflow/.local/lib/python3.7/site-packages/airflow/example_dags/example_task_group.py
[2023-03-29T01:17:07.799+0000] {processor.py:756} INFO - Processing file /home/airflow/.local/lib/python3.7/site-packages/airflow/example_dags/example_task_group.py for tasks to queue
[2023-03-29T01:17:07.800+0000] {logging_mixin.py:120} INFO - [2023-03-29T01:17:07.800+0000] {dagbag.py:537} INFO - Filling up the DagBag from /home/airflow/.local/lib/python3.7/site-packages/airflow/example_dags/example_task_group.py
[2023-03-29T01:17:07.810+0000] {processor.py:766} INFO - DAG(s) dict_keys(['example_task_group']) retrieved from /home/airflow/.local/lib/python3.7/site-packages/airflow/example_dags/example_task_group.py
[2023-03-29T01:17:07.837+0000] {logging_mixin.py:120} INFO - [2023-03-29T01:17:07.837+0000] {dag.py:2585} INFO - Sync 1 DAGs
[2023-03-29T01:17:07.853+0000] {logging_mixin.py:120} INFO - [2023-03-29T01:17:07.853+0000] {dag.py:3340} INFO - Setting next_dagrun for example_task_group to 2023-03-28T01:17:07.853381+00:00, run_after=2023-03-29T01:17:07.853381+00:00
[2023-03-29T01:17:07.865+0000] {processor.py:176} INFO - Processing /home/airflow/.local/lib/python3.7/site-packages/airflow/example_dags/example_task_group.py took 0.070 seconds
[2023-03-29T01:17:38.315+0000] {processor.py:154} INFO - Started process (PID=494) to work on /home/airflow/.local/lib/python3.7/site-packages/airflow/example_dags/example_task_group.py
[2023-03-29T01:17:38.317+0000] {processor.py:756} INFO - Processing file /home/airflow/.local/lib/python3.7/site-packages/airflow/example_dags/example_task_group.py for tasks to queue
[2023-03-29T01:17:38.319+0000] {logging_mixin.py:120} INFO - [2023-03-29T01:17:38.319+0000] {dagbag.py:537} INFO - Filling up the DagBag from /home/airflow/.local/lib/python3.7/site-packages/airflow/example_dags/example_task_group.py
[2023-03-29T01:17:38.330+0000] {processor.py:766} INFO - DAG(s) dict_keys(['example_task_group']) retrieved from /home/airflow/.local/lib/python3.7/site-packages/airflow/example_dags/example_task_group.py
[2023-03-29T01:17:38.358+0000] {logging_mixin.py:120} INFO - [2023-03-29T01:17:38.358+0000] {dag.py:2585} INFO - Sync 1 DAGs
[2023-03-29T01:17:38.373+0000] {logging_mixin.py:120} INFO - [2023-03-29T01:17:38.373+0000] {dag.py:3340} INFO - Setting next_dagrun for example_task_group to 2023-03-28T01:17:38.373488+00:00, run_after=2023-03-29T01:17:38.373488+00:00
[2023-03-29T01:17:38.385+0000] {processor.py:176} INFO - Processing /home/airflow/.local/lib/python3.7/site-packages/airflow/example_dags/example_task_group.py took 0.072 seconds
[2023-03-29T01:18:08.632+0000] {processor.py:154} INFO - Started process (PID=558) to work on /home/airflow/.local/lib/python3.7/site-packages/airflow/example_dags/example_task_group.py
[2023-03-29T01:18:08.634+0000] {processor.py:756} INFO - Processing file /home/airflow/.local/lib/python3.7/site-packages/airflow/example_dags/example_task_group.py for tasks to queue
[2023-03-29T01:18:08.635+0000] {logging_mixin.py:120} INFO - [2023-03-29T01:18:08.635+0000] {dagbag.py:537} INFO - Filling up the DagBag from /home/airflow/.local/lib/python3.7/site-packages/airflow/example_dags/example_task_group.py
[2023-03-29T01:18:08.646+0000] {processor.py:766} INFO - DAG(s) dict_keys(['example_task_group']) retrieved from /home/airflow/.local/lib/python3.7/site-packages/airflow/example_dags/example_task_group.py
[2023-03-29T01:18:08.674+0000] {logging_mixin.py:120} INFO - [2023-03-29T01:18:08.674+0000] {dag.py:2585} INFO - Sync 1 DAGs
[2023-03-29T01:18:08.690+0000] {logging_mixin.py:120} INFO - [2023-03-29T01:18:08.690+0000] {dag.py:3340} INFO - Setting next_dagrun for example_task_group to 2023-03-28T01:18:08.690369+00:00, run_after=2023-03-29T01:18:08.690369+00:00
[2023-03-29T01:18:08.701+0000] {processor.py:176} INFO - Processing /home/airflow/.local/lib/python3.7/site-packages/airflow/example_dags/example_task_group.py took 0.073 seconds
[2023-03-29T01:18:39.094+0000] {processor.py:154} INFO - Started process (PID=621) to work on /home/airflow/.local/lib/python3.7/site-packages/airflow/example_dags/example_task_group.py
[2023-03-29T01:18:39.096+0000] {processor.py:756} INFO - Processing file /home/airflow/.local/lib/python3.7/site-packages/airflow/example_dags/example_task_group.py for tasks to queue
[2023-03-29T01:18:39.097+0000] {logging_mixin.py:120} INFO - [2023-03-29T01:18:39.097+0000] {dagbag.py:537} INFO - Filling up the DagBag from /home/airflow/.local/lib/python3.7/site-packages/airflow/example_dags/example_task_group.py
[2023-03-29T01:18:39.107+0000] {processor.py:766} INFO - DAG(s) dict_keys(['example_task_group']) retrieved from /home/airflow/.local/lib/python3.7/site-packages/airflow/example_dags/example_task_group.py
[2023-03-29T01:18:39.135+0000] {logging_mixin.py:120} INFO - [2023-03-29T01:18:39.135+0000] {dag.py:2585} INFO - Sync 1 DAGs
[2023-03-29T01:18:39.149+0000] {logging_mixin.py:120} INFO - [2023-03-29T01:18:39.149+0000] {dag.py:3340} INFO - Setting next_dagrun for example_task_group to 2023-03-28T01:18:39.149546+00:00, run_after=2023-03-29T01:18:39.149546+00:00
[2023-03-29T01:18:39.162+0000] {processor.py:176} INFO - Processing /home/airflow/.local/lib/python3.7/site-packages/airflow/example_dags/example_task_group.py took 0.071 seconds
[2023-03-29T01:19:09.438+0000] {processor.py:154} INFO - Started process (PID=683) to work on /home/airflow/.local/lib/python3.7/site-packages/airflow/example_dags/example_task_group.py
[2023-03-29T01:19:09.439+0000] {processor.py:756} INFO - Processing file /home/airflow/.local/lib/python3.7/site-packages/airflow/example_dags/example_task_group.py for tasks to queue
[2023-03-29T01:19:09.441+0000] {logging_mixin.py:120} INFO - [2023-03-29T01:19:09.441+0000] {dagbag.py:537} INFO - Filling up the DagBag from /home/airflow/.local/lib/python3.7/site-packages/airflow/example_dags/example_task_group.py
[2023-03-29T01:19:09.451+0000] {processor.py:766} INFO - DAG(s) dict_keys(['example_task_group']) retrieved from /home/airflow/.local/lib/python3.7/site-packages/airflow/example_dags/example_task_group.py
[2023-03-29T01:19:09.476+0000] {logging_mixin.py:120} INFO - [2023-03-29T01:19:09.476+0000] {dag.py:2585} INFO - Sync 1 DAGs
[2023-03-29T01:19:09.489+0000] {logging_mixin.py:120} INFO - [2023-03-29T01:19:09.489+0000] {dag.py:3340} INFO - Setting next_dagrun for example_task_group to 2023-03-28T01:19:09.489557+00:00, run_after=2023-03-29T01:19:09.489557+00:00
[2023-03-29T01:19:09.501+0000] {processor.py:176} INFO - Processing /home/airflow/.local/lib/python3.7/site-packages/airflow/example_dags/example_task_group.py took 0.065 seconds
[2023-03-29T01:19:39.784+0000] {processor.py:154} INFO - Started process (PID=737) to work on /home/airflow/.local/lib/python3.7/site-packages/airflow/example_dags/example_task_group.py
[2023-03-29T01:19:39.786+0000] {processor.py:756} INFO - Processing file /home/airflow/.local/lib/python3.7/site-packages/airflow/example_dags/example_task_group.py for tasks to queue
[2023-03-29T01:19:39.787+0000] {logging_mixin.py:120} INFO - [2023-03-29T01:19:39.787+0000] {dagbag.py:537} INFO - Filling up the DagBag from /home/airflow/.local/lib/python3.7/site-packages/airflow/example_dags/example_task_group.py
[2023-03-29T01:19:39.799+0000] {processor.py:766} INFO - DAG(s) dict_keys(['example_task_group']) retrieved from /home/airflow/.local/lib/python3.7/site-packages/airflow/example_dags/example_task_group.py
[2023-03-29T01:19:39.828+0000] {logging_mixin.py:120} INFO - [2023-03-29T01:19:39.828+0000] {dag.py:2585} INFO - Sync 1 DAGs
[2023-03-29T01:19:39.845+0000] {logging_mixin.py:120} INFO - [2023-03-29T01:19:39.845+0000] {dag.py:3340} INFO - Setting next_dagrun for example_task_group to 2023-03-28T01:19:39.845598+00:00, run_after=2023-03-29T01:19:39.845598+00:00
[2023-03-29T01:19:39.859+0000] {processor.py:176} INFO - Processing /home/airflow/.local/lib/python3.7/site-packages/airflow/example_dags/example_task_group.py took 0.077 seconds
[2023-03-29T01:20:10.005+0000] {processor.py:154} INFO - Started process (PID=800) to work on /home/airflow/.local/lib/python3.7/site-packages/airflow/example_dags/example_task_group.py
[2023-03-29T01:20:10.006+0000] {processor.py:756} INFO - Processing file /home/airflow/.local/lib/python3.7/site-packages/airflow/example_dags/example_task_group.py for tasks to queue
[2023-03-29T01:20:10.008+0000] {logging_mixin.py:120} INFO - [2023-03-29T01:20:10.008+0000] {dagbag.py:537} INFO - Filling up the DagBag from /home/airflow/.local/lib/python3.7/site-packages/airflow/example_dags/example_task_group.py
[2023-03-29T01:20:10.019+0000] {processor.py:766} INFO - DAG(s) dict_keys(['example_task_group']) retrieved from /home/airflow/.local/lib/python3.7/site-packages/airflow/example_dags/example_task_group.py
[2023-03-29T01:20:10.049+0000] {logging_mixin.py:120} INFO - [2023-03-29T01:20:10.048+0000] {dag.py:2585} INFO - Sync 1 DAGs
[2023-03-29T01:20:10.063+0000] {logging_mixin.py:120} INFO - [2023-03-29T01:20:10.063+0000] {dag.py:3340} INFO - Setting next_dagrun for example_task_group to 2023-03-28T01:20:10.062936+00:00, run_after=2023-03-29T01:20:10.062936+00:00
[2023-03-29T01:20:10.075+0000] {processor.py:176} INFO - Processing /home/airflow/.local/lib/python3.7/site-packages/airflow/example_dags/example_task_group.py took 0.073 seconds
