[2023-03-29T01:14:07.080+0000] {processor.py:154} INFO - Started process (PID=76) to work on /home/airflow/.local/lib/python3.7/site-packages/airflow/example_dags/example_branch_datetime_operator.py
[2023-03-29T01:14:07.084+0000] {processor.py:756} INFO - Processing file /home/airflow/.local/lib/python3.7/site-packages/airflow/example_dags/example_branch_datetime_operator.py for tasks to queue
[2023-03-29T01:14:07.085+0000] {logging_mixin.py:120} INFO - [2023-03-29T01:14:07.085+0000] {dagbag.py:537} INFO - Filling up the DagBag from /home/airflow/.local/lib/python3.7/site-packages/airflow/example_dags/example_branch_datetime_operator.py
[2023-03-29T01:14:07.111+0000] {processor.py:766} INFO - DAG(s) dict_keys(['example_branch_datetime_operator_3', 'example_branch_datetime_operator', 'example_branch_datetime_operator_2']) retrieved from /home/airflow/.local/lib/python3.7/site-packages/airflow/example_dags/example_branch_datetime_operator.py
[2023-03-29T01:14:07.246+0000] {logging_mixin.py:120} INFO - [2023-03-29T01:14:07.246+0000] {manager.py:507} INFO - Created Permission View: can delete on DAG:example_branch_datetime_operator_3
[2023-03-29T01:14:07.255+0000] {logging_mixin.py:120} INFO - [2023-03-29T01:14:07.254+0000] {manager.py:507} INFO - Created Permission View: can edit on DAG:example_branch_datetime_operator_3
[2023-03-29T01:14:07.268+0000] {logging_mixin.py:120} INFO - [2023-03-29T01:14:07.268+0000] {manager.py:507} INFO - Created Permission View: can read on DAG:example_branch_datetime_operator_3
[2023-03-29T01:14:07.279+0000] {logging_mixin.py:120} INFO - [2023-03-29T01:14:07.279+0000] {manager.py:507} INFO - Created Permission View: can delete on DAG:example_branch_datetime_operator
[2023-03-29T01:14:07.284+0000] {logging_mixin.py:120} INFO - [2023-03-29T01:14:07.284+0000] {manager.py:507} INFO - Created Permission View: can edit on DAG:example_branch_datetime_operator
[2023-03-29T01:14:07.292+0000] {logging_mixin.py:120} INFO - [2023-03-29T01:14:07.292+0000] {manager.py:507} INFO - Created Permission View: can read on DAG:example_branch_datetime_operator
[2023-03-29T01:14:07.304+0000] {logging_mixin.py:120} INFO - [2023-03-29T01:14:07.304+0000] {manager.py:507} INFO - Created Permission View: can delete on DAG:example_branch_datetime_operator_2
[2023-03-29T01:14:07.310+0000] {logging_mixin.py:120} INFO - [2023-03-29T01:14:07.309+0000] {manager.py:507} INFO - Created Permission View: can edit on DAG:example_branch_datetime_operator_2
[2023-03-29T01:14:07.314+0000] {logging_mixin.py:120} INFO - [2023-03-29T01:14:07.314+0000] {manager.py:507} INFO - Created Permission View: can read on DAG:example_branch_datetime_operator_2
[2023-03-29T01:14:07.316+0000] {logging_mixin.py:120} INFO - [2023-03-29T01:14:07.316+0000] {dag.py:2585} INFO - Sync 3 DAGs
[2023-03-29T01:14:07.325+0000] {logging_mixin.py:120} INFO - [2023-03-29T01:14:07.325+0000] {dag.py:2606} INFO - Creating ORM DAG for example_branch_datetime_operator_2
[2023-03-29T01:14:07.329+0000] {logging_mixin.py:120} INFO - [2023-03-29T01:14:07.329+0000] {dag.py:2606} INFO - Creating ORM DAG for example_branch_datetime_operator_3
[2023-03-29T01:14:07.330+0000] {logging_mixin.py:120} INFO - [2023-03-29T01:14:07.330+0000] {dag.py:2606} INFO - Creating ORM DAG for example_branch_datetime_operator
[2023-03-29T01:14:07.339+0000] {logging_mixin.py:120} INFO - [2023-03-29T01:14:07.339+0000] {dag.py:3340} INFO - Setting next_dagrun for example_branch_datetime_operator to 2023-03-28T00:00:00+00:00, run_after=2023-03-29T00:00:00+00:00
[2023-03-29T01:14:07.343+0000] {logging_mixin.py:120} INFO - [2023-03-29T01:14:07.342+0000] {dag.py:3340} INFO - Setting next_dagrun for example_branch_datetime_operator_2 to 2023-03-28T00:00:00+00:00, run_after=2023-03-29T00:00:00+00:00
[2023-03-29T01:14:07.347+0000] {logging_mixin.py:120} INFO - [2023-03-29T01:14:07.347+0000] {dag.py:3340} INFO - Setting next_dagrun for example_branch_datetime_operator_3 to 2023-03-28T00:00:00+00:00, run_after=2023-03-29T00:00:00+00:00
[2023-03-29T01:14:07.372+0000] {processor.py:176} INFO - Processing /home/airflow/.local/lib/python3.7/site-packages/airflow/example_dags/example_branch_datetime_operator.py took 0.297 seconds
[2023-03-29T01:14:37.660+0000] {processor.py:154} INFO - Started process (PID=130) to work on /home/airflow/.local/lib/python3.7/site-packages/airflow/example_dags/example_branch_datetime_operator.py
[2023-03-29T01:14:37.662+0000] {processor.py:756} INFO - Processing file /home/airflow/.local/lib/python3.7/site-packages/airflow/example_dags/example_branch_datetime_operator.py for tasks to queue
[2023-03-29T01:14:37.664+0000] {logging_mixin.py:120} INFO - [2023-03-29T01:14:37.664+0000] {dagbag.py:537} INFO - Filling up the DagBag from /home/airflow/.local/lib/python3.7/site-packages/airflow/example_dags/example_branch_datetime_operator.py
[2023-03-29T01:14:37.676+0000] {processor.py:766} INFO - DAG(s) dict_keys(['example_branch_datetime_operator', 'example_branch_datetime_operator_2', 'example_branch_datetime_operator_3']) retrieved from /home/airflow/.local/lib/python3.7/site-packages/airflow/example_dags/example_branch_datetime_operator.py
[2023-03-29T01:14:37.703+0000] {logging_mixin.py:120} INFO - [2023-03-29T01:14:37.703+0000] {dag.py:2585} INFO - Sync 3 DAGs
[2023-03-29T01:14:37.718+0000] {logging_mixin.py:120} INFO - [2023-03-29T01:14:37.718+0000] {dag.py:3340} INFO - Setting next_dagrun for example_branch_datetime_operator to 2023-03-28T00:00:00+00:00, run_after=2023-03-29T00:00:00+00:00
[2023-03-29T01:14:37.721+0000] {logging_mixin.py:120} INFO - [2023-03-29T01:14:37.721+0000] {dag.py:3340} INFO - Setting next_dagrun for example_branch_datetime_operator_2 to 2023-03-28T00:00:00+00:00, run_after=2023-03-29T00:00:00+00:00
[2023-03-29T01:14:37.723+0000] {logging_mixin.py:120} INFO - [2023-03-29T01:14:37.723+0000] {dag.py:3340} INFO - Setting next_dagrun for example_branch_datetime_operator_3 to 2023-03-28T00:00:00+00:00, run_after=2023-03-29T00:00:00+00:00
[2023-03-29T01:14:37.734+0000] {processor.py:176} INFO - Processing /home/airflow/.local/lib/python3.7/site-packages/airflow/example_dags/example_branch_datetime_operator.py took 0.076 seconds
[2023-03-29T01:15:07.955+0000] {processor.py:154} INFO - Started process (PID=194) to work on /home/airflow/.local/lib/python3.7/site-packages/airflow/example_dags/example_branch_datetime_operator.py
[2023-03-29T01:15:07.957+0000] {processor.py:756} INFO - Processing file /home/airflow/.local/lib/python3.7/site-packages/airflow/example_dags/example_branch_datetime_operator.py for tasks to queue
[2023-03-29T01:15:07.959+0000] {logging_mixin.py:120} INFO - [2023-03-29T01:15:07.959+0000] {dagbag.py:537} INFO - Filling up the DagBag from /home/airflow/.local/lib/python3.7/site-packages/airflow/example_dags/example_branch_datetime_operator.py
[2023-03-29T01:15:07.970+0000] {processor.py:766} INFO - DAG(s) dict_keys(['example_branch_datetime_operator_3', 'example_branch_datetime_operator', 'example_branch_datetime_operator_2']) retrieved from /home/airflow/.local/lib/python3.7/site-packages/airflow/example_dags/example_branch_datetime_operator.py
[2023-03-29T01:15:07.996+0000] {logging_mixin.py:120} INFO - [2023-03-29T01:15:07.996+0000] {dag.py:2585} INFO - Sync 3 DAGs
[2023-03-29T01:15:08.012+0000] {logging_mixin.py:120} INFO - [2023-03-29T01:15:08.012+0000] {dag.py:3340} INFO - Setting next_dagrun for example_branch_datetime_operator to 2023-03-28T00:00:00+00:00, run_after=2023-03-29T00:00:00+00:00
[2023-03-29T01:15:08.015+0000] {logging_mixin.py:120} INFO - [2023-03-29T01:15:08.015+0000] {dag.py:3340} INFO - Setting next_dagrun for example_branch_datetime_operator_2 to 2023-03-28T00:00:00+00:00, run_after=2023-03-29T00:00:00+00:00
[2023-03-29T01:15:08.017+0000] {logging_mixin.py:120} INFO - [2023-03-29T01:15:08.017+0000] {dag.py:3340} INFO - Setting next_dagrun for example_branch_datetime_operator_3 to 2023-03-28T00:00:00+00:00, run_after=2023-03-29T00:00:00+00:00
[2023-03-29T01:15:08.027+0000] {processor.py:176} INFO - Processing /home/airflow/.local/lib/python3.7/site-packages/airflow/example_dags/example_branch_datetime_operator.py took 0.074 seconds
[2023-03-29T01:15:38.313+0000] {processor.py:154} INFO - Started process (PID=257) to work on /home/airflow/.local/lib/python3.7/site-packages/airflow/example_dags/example_branch_datetime_operator.py
[2023-03-29T01:15:38.316+0000] {processor.py:756} INFO - Processing file /home/airflow/.local/lib/python3.7/site-packages/airflow/example_dags/example_branch_datetime_operator.py for tasks to queue
[2023-03-29T01:15:38.317+0000] {logging_mixin.py:120} INFO - [2023-03-29T01:15:38.317+0000] {dagbag.py:537} INFO - Filling up the DagBag from /home/airflow/.local/lib/python3.7/site-packages/airflow/example_dags/example_branch_datetime_operator.py
[2023-03-29T01:15:38.328+0000] {processor.py:766} INFO - DAG(s) dict_keys(['example_branch_datetime_operator_2', 'example_branch_datetime_operator_3', 'example_branch_datetime_operator']) retrieved from /home/airflow/.local/lib/python3.7/site-packages/airflow/example_dags/example_branch_datetime_operator.py
[2023-03-29T01:15:38.358+0000] {logging_mixin.py:120} INFO - [2023-03-29T01:15:38.358+0000] {dag.py:2585} INFO - Sync 3 DAGs
[2023-03-29T01:15:38.373+0000] {logging_mixin.py:120} INFO - [2023-03-29T01:15:38.373+0000] {dag.py:3340} INFO - Setting next_dagrun for example_branch_datetime_operator to 2023-03-28T00:00:00+00:00, run_after=2023-03-29T00:00:00+00:00
[2023-03-29T01:15:38.377+0000] {logging_mixin.py:120} INFO - [2023-03-29T01:15:38.376+0000] {dag.py:3340} INFO - Setting next_dagrun for example_branch_datetime_operator_2 to 2023-03-28T00:00:00+00:00, run_after=2023-03-29T00:00:00+00:00
[2023-03-29T01:15:38.382+0000] {logging_mixin.py:120} INFO - [2023-03-29T01:15:38.382+0000] {dag.py:3340} INFO - Setting next_dagrun for example_branch_datetime_operator_3 to 2023-03-28T00:00:00+00:00, run_after=2023-03-29T00:00:00+00:00
[2023-03-29T01:15:38.395+0000] {processor.py:176} INFO - Processing /home/airflow/.local/lib/python3.7/site-packages/airflow/example_dags/example_branch_datetime_operator.py took 0.085 seconds
[2023-03-29T01:16:08.554+0000] {processor.py:154} INFO - Started process (PID=320) to work on /home/airflow/.local/lib/python3.7/site-packages/airflow/example_dags/example_branch_datetime_operator.py
[2023-03-29T01:16:08.556+0000] {processor.py:756} INFO - Processing file /home/airflow/.local/lib/python3.7/site-packages/airflow/example_dags/example_branch_datetime_operator.py for tasks to queue
[2023-03-29T01:16:08.557+0000] {logging_mixin.py:120} INFO - [2023-03-29T01:16:08.557+0000] {dagbag.py:537} INFO - Filling up the DagBag from /home/airflow/.local/lib/python3.7/site-packages/airflow/example_dags/example_branch_datetime_operator.py
[2023-03-29T01:16:08.571+0000] {processor.py:766} INFO - DAG(s) dict_keys(['example_branch_datetime_operator', 'example_branch_datetime_operator_3', 'example_branch_datetime_operator_2']) retrieved from /home/airflow/.local/lib/python3.7/site-packages/airflow/example_dags/example_branch_datetime_operator.py
[2023-03-29T01:16:08.606+0000] {logging_mixin.py:120} INFO - [2023-03-29T01:16:08.606+0000] {dag.py:2585} INFO - Sync 3 DAGs
[2023-03-29T01:16:08.623+0000] {logging_mixin.py:120} INFO - [2023-03-29T01:16:08.623+0000] {dag.py:3340} INFO - Setting next_dagrun for example_branch_datetime_operator to 2023-03-28T00:00:00+00:00, run_after=2023-03-29T00:00:00+00:00
[2023-03-29T01:16:08.627+0000] {logging_mixin.py:120} INFO - [2023-03-29T01:16:08.627+0000] {dag.py:3340} INFO - Setting next_dagrun for example_branch_datetime_operator_2 to 2023-03-28T00:00:00+00:00, run_after=2023-03-29T00:00:00+00:00
[2023-03-29T01:16:08.629+0000] {logging_mixin.py:120} INFO - [2023-03-29T01:16:08.629+0000] {dag.py:3340} INFO - Setting next_dagrun for example_branch_datetime_operator_3 to 2023-03-28T00:00:00+00:00, run_after=2023-03-29T00:00:00+00:00
[2023-03-29T01:16:08.641+0000] {processor.py:176} INFO - Processing /home/airflow/.local/lib/python3.7/site-packages/airflow/example_dags/example_branch_datetime_operator.py took 0.090 seconds
[2023-03-29T01:16:38.871+0000] {processor.py:154} INFO - Started process (PID=383) to work on /home/airflow/.local/lib/python3.7/site-packages/airflow/example_dags/example_branch_datetime_operator.py
[2023-03-29T01:16:38.874+0000] {processor.py:756} INFO - Processing file /home/airflow/.local/lib/python3.7/site-packages/airflow/example_dags/example_branch_datetime_operator.py for tasks to queue
[2023-03-29T01:16:38.876+0000] {logging_mixin.py:120} INFO - [2023-03-29T01:16:38.875+0000] {dagbag.py:537} INFO - Filling up the DagBag from /home/airflow/.local/lib/python3.7/site-packages/airflow/example_dags/example_branch_datetime_operator.py
[2023-03-29T01:16:38.888+0000] {processor.py:766} INFO - DAG(s) dict_keys(['example_branch_datetime_operator_3', 'example_branch_datetime_operator', 'example_branch_datetime_operator_2']) retrieved from /home/airflow/.local/lib/python3.7/site-packages/airflow/example_dags/example_branch_datetime_operator.py
[2023-03-29T01:16:38.923+0000] {logging_mixin.py:120} INFO - [2023-03-29T01:16:38.923+0000] {dag.py:2585} INFO - Sync 3 DAGs
[2023-03-29T01:16:38.940+0000] {logging_mixin.py:120} INFO - [2023-03-29T01:16:38.940+0000] {dag.py:3340} INFO - Setting next_dagrun for example_branch_datetime_operator to 2023-03-28T00:00:00+00:00, run_after=2023-03-29T00:00:00+00:00
[2023-03-29T01:16:38.945+0000] {logging_mixin.py:120} INFO - [2023-03-29T01:16:38.945+0000] {dag.py:3340} INFO - Setting next_dagrun for example_branch_datetime_operator_2 to 2023-03-28T00:00:00+00:00, run_after=2023-03-29T00:00:00+00:00
[2023-03-29T01:16:38.948+0000] {logging_mixin.py:120} INFO - [2023-03-29T01:16:38.948+0000] {dag.py:3340} INFO - Setting next_dagrun for example_branch_datetime_operator_3 to 2023-03-28T00:00:00+00:00, run_after=2023-03-29T00:00:00+00:00
[2023-03-29T01:16:38.963+0000] {processor.py:176} INFO - Processing /home/airflow/.local/lib/python3.7/site-packages/airflow/example_dags/example_branch_datetime_operator.py took 0.094 seconds
[2023-03-29T01:17:09.286+0000] {processor.py:154} INFO - Started process (PID=447) to work on /home/airflow/.local/lib/python3.7/site-packages/airflow/example_dags/example_branch_datetime_operator.py
[2023-03-29T01:17:09.287+0000] {processor.py:756} INFO - Processing file /home/airflow/.local/lib/python3.7/site-packages/airflow/example_dags/example_branch_datetime_operator.py for tasks to queue
[2023-03-29T01:17:09.289+0000] {logging_mixin.py:120} INFO - [2023-03-29T01:17:09.289+0000] {dagbag.py:537} INFO - Filling up the DagBag from /home/airflow/.local/lib/python3.7/site-packages/airflow/example_dags/example_branch_datetime_operator.py
[2023-03-29T01:17:09.300+0000] {processor.py:766} INFO - DAG(s) dict_keys(['example_branch_datetime_operator', 'example_branch_datetime_operator_3', 'example_branch_datetime_operator_2']) retrieved from /home/airflow/.local/lib/python3.7/site-packages/airflow/example_dags/example_branch_datetime_operator.py
[2023-03-29T01:17:09.332+0000] {logging_mixin.py:120} INFO - [2023-03-29T01:17:09.332+0000] {dag.py:2585} INFO - Sync 3 DAGs
[2023-03-29T01:17:09.352+0000] {logging_mixin.py:120} INFO - [2023-03-29T01:17:09.352+0000] {dag.py:3340} INFO - Setting next_dagrun for example_branch_datetime_operator to 2023-03-28T00:00:00+00:00, run_after=2023-03-29T00:00:00+00:00
[2023-03-29T01:17:09.356+0000] {logging_mixin.py:120} INFO - [2023-03-29T01:17:09.356+0000] {dag.py:3340} INFO - Setting next_dagrun for example_branch_datetime_operator_2 to 2023-03-28T00:00:00+00:00, run_after=2023-03-29T00:00:00+00:00
[2023-03-29T01:17:09.359+0000] {logging_mixin.py:120} INFO - [2023-03-29T01:17:09.359+0000] {dag.py:3340} INFO - Setting next_dagrun for example_branch_datetime_operator_3 to 2023-03-28T00:00:00+00:00, run_after=2023-03-29T00:00:00+00:00
[2023-03-29T01:17:09.372+0000] {processor.py:176} INFO - Processing /home/airflow/.local/lib/python3.7/site-packages/airflow/example_dags/example_branch_datetime_operator.py took 0.088 seconds
[2023-03-29T01:17:39.604+0000] {processor.py:154} INFO - Started process (PID=500) to work on /home/airflow/.local/lib/python3.7/site-packages/airflow/example_dags/example_branch_datetime_operator.py
[2023-03-29T01:17:39.606+0000] {processor.py:756} INFO - Processing file /home/airflow/.local/lib/python3.7/site-packages/airflow/example_dags/example_branch_datetime_operator.py for tasks to queue
[2023-03-29T01:17:39.608+0000] {logging_mixin.py:120} INFO - [2023-03-29T01:17:39.608+0000] {dagbag.py:537} INFO - Filling up the DagBag from /home/airflow/.local/lib/python3.7/site-packages/airflow/example_dags/example_branch_datetime_operator.py
[2023-03-29T01:17:39.619+0000] {processor.py:766} INFO - DAG(s) dict_keys(['example_branch_datetime_operator', 'example_branch_datetime_operator_3', 'example_branch_datetime_operator_2']) retrieved from /home/airflow/.local/lib/python3.7/site-packages/airflow/example_dags/example_branch_datetime_operator.py
[2023-03-29T01:17:39.649+0000] {logging_mixin.py:120} INFO - [2023-03-29T01:17:39.648+0000] {dag.py:2585} INFO - Sync 3 DAGs
[2023-03-29T01:17:39.664+0000] {logging_mixin.py:120} INFO - [2023-03-29T01:17:39.664+0000] {dag.py:3340} INFO - Setting next_dagrun for example_branch_datetime_operator to 2023-03-28T00:00:00+00:00, run_after=2023-03-29T00:00:00+00:00
[2023-03-29T01:17:39.668+0000] {logging_mixin.py:120} INFO - [2023-03-29T01:17:39.668+0000] {dag.py:3340} INFO - Setting next_dagrun for example_branch_datetime_operator_2 to 2023-03-28T00:00:00+00:00, run_after=2023-03-29T00:00:00+00:00
[2023-03-29T01:17:39.670+0000] {logging_mixin.py:120} INFO - [2023-03-29T01:17:39.670+0000] {dag.py:3340} INFO - Setting next_dagrun for example_branch_datetime_operator_3 to 2023-03-28T00:00:00+00:00, run_after=2023-03-29T00:00:00+00:00
[2023-03-29T01:17:39.682+0000] {processor.py:176} INFO - Processing /home/airflow/.local/lib/python3.7/site-packages/airflow/example_dags/example_branch_datetime_operator.py took 0.080 seconds
[2023-03-29T01:18:09.940+0000] {processor.py:154} INFO - Started process (PID=564) to work on /home/airflow/.local/lib/python3.7/site-packages/airflow/example_dags/example_branch_datetime_operator.py
[2023-03-29T01:18:09.941+0000] {processor.py:756} INFO - Processing file /home/airflow/.local/lib/python3.7/site-packages/airflow/example_dags/example_branch_datetime_operator.py for tasks to queue
[2023-03-29T01:18:09.942+0000] {logging_mixin.py:120} INFO - [2023-03-29T01:18:09.942+0000] {dagbag.py:537} INFO - Filling up the DagBag from /home/airflow/.local/lib/python3.7/site-packages/airflow/example_dags/example_branch_datetime_operator.py
[2023-03-29T01:18:09.952+0000] {processor.py:766} INFO - DAG(s) dict_keys(['example_branch_datetime_operator', 'example_branch_datetime_operator_3', 'example_branch_datetime_operator_2']) retrieved from /home/airflow/.local/lib/python3.7/site-packages/airflow/example_dags/example_branch_datetime_operator.py
[2023-03-29T01:18:09.982+0000] {logging_mixin.py:120} INFO - [2023-03-29T01:18:09.981+0000] {dag.py:2585} INFO - Sync 3 DAGs
[2023-03-29T01:18:09.996+0000] {logging_mixin.py:120} INFO - [2023-03-29T01:18:09.996+0000] {dag.py:3340} INFO - Setting next_dagrun for example_branch_datetime_operator to 2023-03-28T00:00:00+00:00, run_after=2023-03-29T00:00:00+00:00
[2023-03-29T01:18:10.000+0000] {logging_mixin.py:120} INFO - [2023-03-29T01:18:10.000+0000] {dag.py:3340} INFO - Setting next_dagrun for example_branch_datetime_operator_2 to 2023-03-28T00:00:00+00:00, run_after=2023-03-29T00:00:00+00:00
[2023-03-29T01:18:10.002+0000] {logging_mixin.py:120} INFO - [2023-03-29T01:18:10.002+0000] {dag.py:3340} INFO - Setting next_dagrun for example_branch_datetime_operator_3 to 2023-03-28T00:00:00+00:00, run_after=2023-03-29T00:00:00+00:00
[2023-03-29T01:18:10.015+0000] {processor.py:176} INFO - Processing /home/airflow/.local/lib/python3.7/site-packages/airflow/example_dags/example_branch_datetime_operator.py took 0.077 seconds
[2023-03-29T01:18:40.397+0000] {processor.py:154} INFO - Started process (PID=627) to work on /home/airflow/.local/lib/python3.7/site-packages/airflow/example_dags/example_branch_datetime_operator.py
[2023-03-29T01:18:40.399+0000] {processor.py:756} INFO - Processing file /home/airflow/.local/lib/python3.7/site-packages/airflow/example_dags/example_branch_datetime_operator.py for tasks to queue
[2023-03-29T01:18:40.400+0000] {logging_mixin.py:120} INFO - [2023-03-29T01:18:40.400+0000] {dagbag.py:537} INFO - Filling up the DagBag from /home/airflow/.local/lib/python3.7/site-packages/airflow/example_dags/example_branch_datetime_operator.py
[2023-03-29T01:18:40.411+0000] {processor.py:766} INFO - DAG(s) dict_keys(['example_branch_datetime_operator', 'example_branch_datetime_operator_2', 'example_branch_datetime_operator_3']) retrieved from /home/airflow/.local/lib/python3.7/site-packages/airflow/example_dags/example_branch_datetime_operator.py
[2023-03-29T01:18:40.439+0000] {logging_mixin.py:120} INFO - [2023-03-29T01:18:40.439+0000] {dag.py:2585} INFO - Sync 3 DAGs
[2023-03-29T01:18:40.454+0000] {logging_mixin.py:120} INFO - [2023-03-29T01:18:40.454+0000] {dag.py:3340} INFO - Setting next_dagrun for example_branch_datetime_operator to 2023-03-28T00:00:00+00:00, run_after=2023-03-29T00:00:00+00:00
[2023-03-29T01:18:40.458+0000] {logging_mixin.py:120} INFO - [2023-03-29T01:18:40.458+0000] {dag.py:3340} INFO - Setting next_dagrun for example_branch_datetime_operator_2 to 2023-03-28T00:00:00+00:00, run_after=2023-03-29T00:00:00+00:00
[2023-03-29T01:18:40.460+0000] {logging_mixin.py:120} INFO - [2023-03-29T01:18:40.460+0000] {dag.py:3340} INFO - Setting next_dagrun for example_branch_datetime_operator_3 to 2023-03-28T00:00:00+00:00, run_after=2023-03-29T00:00:00+00:00
[2023-03-29T01:18:40.473+0000] {processor.py:176} INFO - Processing /home/airflow/.local/lib/python3.7/site-packages/airflow/example_dags/example_branch_datetime_operator.py took 0.078 seconds
[2023-03-29T01:19:10.771+0000] {processor.py:154} INFO - Started process (PID=689) to work on /home/airflow/.local/lib/python3.7/site-packages/airflow/example_dags/example_branch_datetime_operator.py
[2023-03-29T01:19:10.772+0000] {processor.py:756} INFO - Processing file /home/airflow/.local/lib/python3.7/site-packages/airflow/example_dags/example_branch_datetime_operator.py for tasks to queue
[2023-03-29T01:19:10.774+0000] {logging_mixin.py:120} INFO - [2023-03-29T01:19:10.774+0000] {dagbag.py:537} INFO - Filling up the DagBag from /home/airflow/.local/lib/python3.7/site-packages/airflow/example_dags/example_branch_datetime_operator.py
[2023-03-29T01:19:10.786+0000] {processor.py:766} INFO - DAG(s) dict_keys(['example_branch_datetime_operator_3', 'example_branch_datetime_operator_2', 'example_branch_datetime_operator']) retrieved from /home/airflow/.local/lib/python3.7/site-packages/airflow/example_dags/example_branch_datetime_operator.py
[2023-03-29T01:19:10.821+0000] {logging_mixin.py:120} INFO - [2023-03-29T01:19:10.821+0000] {dag.py:2585} INFO - Sync 3 DAGs
[2023-03-29T01:19:10.838+0000] {logging_mixin.py:120} INFO - [2023-03-29T01:19:10.838+0000] {dag.py:3340} INFO - Setting next_dagrun for example_branch_datetime_operator to 2023-03-28T00:00:00+00:00, run_after=2023-03-29T00:00:00+00:00
[2023-03-29T01:19:10.842+0000] {logging_mixin.py:120} INFO - [2023-03-29T01:19:10.842+0000] {dag.py:3340} INFO - Setting next_dagrun for example_branch_datetime_operator_2 to 2023-03-28T00:00:00+00:00, run_after=2023-03-29T00:00:00+00:00
[2023-03-29T01:19:10.845+0000] {logging_mixin.py:120} INFO - [2023-03-29T01:19:10.844+0000] {dag.py:3340} INFO - Setting next_dagrun for example_branch_datetime_operator_3 to 2023-03-28T00:00:00+00:00, run_after=2023-03-29T00:00:00+00:00
[2023-03-29T01:19:10.856+0000] {processor.py:176} INFO - Processing /home/airflow/.local/lib/python3.7/site-packages/airflow/example_dags/example_branch_datetime_operator.py took 0.087 seconds
[2023-03-29T01:19:41.094+0000] {processor.py:154} INFO - Started process (PID=752) to work on /home/airflow/.local/lib/python3.7/site-packages/airflow/example_dags/example_branch_datetime_operator.py
[2023-03-29T01:19:41.096+0000] {processor.py:756} INFO - Processing file /home/airflow/.local/lib/python3.7/site-packages/airflow/example_dags/example_branch_datetime_operator.py for tasks to queue
[2023-03-29T01:19:41.097+0000] {logging_mixin.py:120} INFO - [2023-03-29T01:19:41.097+0000] {dagbag.py:537} INFO - Filling up the DagBag from /home/airflow/.local/lib/python3.7/site-packages/airflow/example_dags/example_branch_datetime_operator.py
[2023-03-29T01:19:41.113+0000] {processor.py:766} INFO - DAG(s) dict_keys(['example_branch_datetime_operator', 'example_branch_datetime_operator_2', 'example_branch_datetime_operator_3']) retrieved from /home/airflow/.local/lib/python3.7/site-packages/airflow/example_dags/example_branch_datetime_operator.py
[2023-03-29T01:19:41.143+0000] {logging_mixin.py:120} INFO - [2023-03-29T01:19:41.143+0000] {dag.py:2585} INFO - Sync 3 DAGs
[2023-03-29T01:19:41.159+0000] {logging_mixin.py:120} INFO - [2023-03-29T01:19:41.159+0000] {dag.py:3340} INFO - Setting next_dagrun for example_branch_datetime_operator to 2023-03-28T00:00:00+00:00, run_after=2023-03-29T00:00:00+00:00
[2023-03-29T01:19:41.164+0000] {logging_mixin.py:120} INFO - [2023-03-29T01:19:41.164+0000] {dag.py:3340} INFO - Setting next_dagrun for example_branch_datetime_operator_2 to 2023-03-28T00:00:00+00:00, run_after=2023-03-29T00:00:00+00:00
[2023-03-29T01:19:41.166+0000] {logging_mixin.py:120} INFO - [2023-03-29T01:19:41.166+0000] {dag.py:3340} INFO - Setting next_dagrun for example_branch_datetime_operator_3 to 2023-03-28T00:00:00+00:00, run_after=2023-03-29T00:00:00+00:00
[2023-03-29T01:19:41.179+0000] {processor.py:176} INFO - Processing /home/airflow/.local/lib/python3.7/site-packages/airflow/example_dags/example_branch_datetime_operator.py took 0.088 seconds
[2023-03-29T01:20:11.529+0000] {processor.py:154} INFO - Started process (PID=806) to work on /home/airflow/.local/lib/python3.7/site-packages/airflow/example_dags/example_branch_datetime_operator.py
[2023-03-29T01:20:11.531+0000] {processor.py:756} INFO - Processing file /home/airflow/.local/lib/python3.7/site-packages/airflow/example_dags/example_branch_datetime_operator.py for tasks to queue
[2023-03-29T01:20:11.533+0000] {logging_mixin.py:120} INFO - [2023-03-29T01:20:11.533+0000] {dagbag.py:537} INFO - Filling up the DagBag from /home/airflow/.local/lib/python3.7/site-packages/airflow/example_dags/example_branch_datetime_operator.py
[2023-03-29T01:20:11.544+0000] {processor.py:766} INFO - DAG(s) dict_keys(['example_branch_datetime_operator_2', 'example_branch_datetime_operator_3', 'example_branch_datetime_operator']) retrieved from /home/airflow/.local/lib/python3.7/site-packages/airflow/example_dags/example_branch_datetime_operator.py
[2023-03-29T01:20:11.574+0000] {logging_mixin.py:120} INFO - [2023-03-29T01:20:11.574+0000] {dag.py:2585} INFO - Sync 3 DAGs
[2023-03-29T01:20:11.590+0000] {logging_mixin.py:120} INFO - [2023-03-29T01:20:11.590+0000] {dag.py:3340} INFO - Setting next_dagrun for example_branch_datetime_operator to 2023-03-28T00:00:00+00:00, run_after=2023-03-29T00:00:00+00:00
[2023-03-29T01:20:11.595+0000] {logging_mixin.py:120} INFO - [2023-03-29T01:20:11.595+0000] {dag.py:3340} INFO - Setting next_dagrun for example_branch_datetime_operator_2 to 2023-03-28T00:00:00+00:00, run_after=2023-03-29T00:00:00+00:00
[2023-03-29T01:20:11.597+0000] {logging_mixin.py:120} INFO - [2023-03-29T01:20:11.597+0000] {dag.py:3340} INFO - Setting next_dagrun for example_branch_datetime_operator_3 to 2023-03-28T00:00:00+00:00, run_after=2023-03-29T00:00:00+00:00
[2023-03-29T01:20:11.610+0000] {processor.py:176} INFO - Processing /home/airflow/.local/lib/python3.7/site-packages/airflow/example_dags/example_branch_datetime_operator.py took 0.083 seconds
