[2023-03-29T01:14:02.219+0000] {processor.py:154} INFO - Started process (PID=39) to work on /home/airflow/.local/lib/python3.7/site-packages/airflow/example_dags/example_subdag_operator.py
[2023-03-29T01:14:02.221+0000] {processor.py:756} INFO - Processing file /home/airflow/.local/lib/python3.7/site-packages/airflow/example_dags/example_subdag_operator.py for tasks to queue
[2023-03-29T01:14:02.222+0000] {logging_mixin.py:120} INFO - [2023-03-29T01:14:02.222+0000] {dagbag.py:537} INFO - Filling up the DagBag from /home/airflow/.local/lib/python3.7/site-packages/airflow/example_dags/example_subdag_operator.py
[2023-03-29T01:14:02.253+0000] {processor.py:766} INFO - DAG(s) dict_keys(['example_subdag_operator.section-1', 'example_subdag_operator.section-2', 'example_subdag_operator']) retrieved from /home/airflow/.local/lib/python3.7/site-packages/airflow/example_dags/example_subdag_operator.py
[2023-03-29T01:14:02.451+0000] {logging_mixin.py:120} INFO - [2023-03-29T01:14:02.451+0000] {manager.py:507} INFO - Created Permission View: can delete on DAG:example_subdag_operator
[2023-03-29T01:14:02.460+0000] {logging_mixin.py:120} INFO - [2023-03-29T01:14:02.460+0000] {manager.py:507} INFO - Created Permission View: can edit on DAG:example_subdag_operator
[2023-03-29T01:14:02.466+0000] {logging_mixin.py:120} INFO - [2023-03-29T01:14:02.466+0000] {manager.py:507} INFO - Created Permission View: can read on DAG:example_subdag_operator
[2023-03-29T01:14:02.467+0000] {logging_mixin.py:120} INFO - [2023-03-29T01:14:02.467+0000] {dag.py:2585} INFO - Sync 3 DAGs
[2023-03-29T01:14:02.477+0000] {logging_mixin.py:120} INFO - [2023-03-29T01:14:02.477+0000] {dag.py:2606} INFO - Creating ORM DAG for example_subdag_operator
[2023-03-29T01:14:02.479+0000] {logging_mixin.py:120} INFO - [2023-03-29T01:14:02.478+0000] {dag.py:2606} INFO - Creating ORM DAG for example_subdag_operator.section-2
[2023-03-29T01:14:02.479+0000] {logging_mixin.py:120} INFO - [2023-03-29T01:14:02.479+0000] {dag.py:2606} INFO - Creating ORM DAG for example_subdag_operator.section-1
[2023-03-29T01:14:02.487+0000] {logging_mixin.py:120} INFO - [2023-03-29T01:14:02.487+0000] {dag.py:3340} INFO - Setting next_dagrun for example_subdag_operator to 2022-01-01T00:00:00+00:00, run_after=2022-01-01T00:00:00+00:00
[2023-03-29T01:14:02.488+0000] {logging_mixin.py:120} INFO - [2023-03-29T01:14:02.488+0000] {dag.py:3340} INFO - Setting next_dagrun for example_subdag_operator.section-1 to None, run_after=None
[2023-03-29T01:14:02.491+0000] {logging_mixin.py:120} INFO - [2023-03-29T01:14:02.490+0000] {dag.py:3340} INFO - Setting next_dagrun for example_subdag_operator.section-2 to None, run_after=None
[2023-03-29T01:14:02.500+0000] {logging_mixin.py:120} INFO - [2023-03-29T01:14:02.500+0000] {dag.py:2585} INFO - Sync 2 DAGs
[2023-03-29T01:14:02.506+0000] {logging_mixin.py:120} INFO - [2023-03-29T01:14:02.506+0000] {dag.py:3340} INFO - Setting next_dagrun for example_subdag_operator.section-1 to None, run_after=None
[2023-03-29T01:14:02.510+0000] {logging_mixin.py:120} INFO - [2023-03-29T01:14:02.510+0000] {dag.py:3340} INFO - Setting next_dagrun for example_subdag_operator.section-2 to None, run_after=None
[2023-03-29T01:14:02.522+0000] {processor.py:176} INFO - Processing /home/airflow/.local/lib/python3.7/site-packages/airflow/example_dags/example_subdag_operator.py took 0.305 seconds
[2023-03-29T01:14:32.984+0000] {processor.py:154} INFO - Started process (PID=102) to work on /home/airflow/.local/lib/python3.7/site-packages/airflow/example_dags/example_subdag_operator.py
[2023-03-29T01:14:32.985+0000] {processor.py:756} INFO - Processing file /home/airflow/.local/lib/python3.7/site-packages/airflow/example_dags/example_subdag_operator.py for tasks to queue
[2023-03-29T01:14:32.987+0000] {logging_mixin.py:120} INFO - [2023-03-29T01:14:32.986+0000] {dagbag.py:537} INFO - Filling up the DagBag from /home/airflow/.local/lib/python3.7/site-packages/airflow/example_dags/example_subdag_operator.py
[2023-03-29T01:14:33.008+0000] {processor.py:766} INFO - DAG(s) dict_keys(['example_subdag_operator.section-1', 'example_subdag_operator.section-2', 'example_subdag_operator']) retrieved from /home/airflow/.local/lib/python3.7/site-packages/airflow/example_dags/example_subdag_operator.py
[2023-03-29T01:14:33.106+0000] {logging_mixin.py:120} INFO - [2023-03-29T01:14:33.106+0000] {dag.py:2585} INFO - Sync 3 DAGs
[2023-03-29T01:14:33.122+0000] {logging_mixin.py:120} INFO - [2023-03-29T01:14:33.122+0000] {dag.py:3340} INFO - Setting next_dagrun for example_subdag_operator to 2022-01-01T00:00:00+00:00, run_after=2022-01-01T00:00:00+00:00
[2023-03-29T01:14:33.125+0000] {logging_mixin.py:120} INFO - [2023-03-29T01:14:33.125+0000] {dag.py:3340} INFO - Setting next_dagrun for example_subdag_operator.section-1 to None, run_after=None
[2023-03-29T01:14:33.127+0000] {logging_mixin.py:120} INFO - [2023-03-29T01:14:33.127+0000] {dag.py:3340} INFO - Setting next_dagrun for example_subdag_operator.section-2 to None, run_after=None
[2023-03-29T01:14:33.132+0000] {logging_mixin.py:120} INFO - [2023-03-29T01:14:33.132+0000] {dag.py:2585} INFO - Sync 2 DAGs
[2023-03-29T01:14:33.138+0000] {logging_mixin.py:120} INFO - [2023-03-29T01:14:33.138+0000] {dag.py:3340} INFO - Setting next_dagrun for example_subdag_operator.section-1 to None, run_after=None
[2023-03-29T01:14:33.139+0000] {logging_mixin.py:120} INFO - [2023-03-29T01:14:33.139+0000] {dag.py:3340} INFO - Setting next_dagrun for example_subdag_operator.section-2 to None, run_after=None
[2023-03-29T01:14:33.149+0000] {processor.py:176} INFO - Processing /home/airflow/.local/lib/python3.7/site-packages/airflow/example_dags/example_subdag_operator.py took 0.167 seconds
[2023-03-29T01:15:03.346+0000] {processor.py:154} INFO - Started process (PID=166) to work on /home/airflow/.local/lib/python3.7/site-packages/airflow/example_dags/example_subdag_operator.py
[2023-03-29T01:15:03.347+0000] {processor.py:756} INFO - Processing file /home/airflow/.local/lib/python3.7/site-packages/airflow/example_dags/example_subdag_operator.py for tasks to queue
[2023-03-29T01:15:03.349+0000] {logging_mixin.py:120} INFO - [2023-03-29T01:15:03.349+0000] {dagbag.py:537} INFO - Filling up the DagBag from /home/airflow/.local/lib/python3.7/site-packages/airflow/example_dags/example_subdag_operator.py
[2023-03-29T01:15:03.371+0000] {processor.py:766} INFO - DAG(s) dict_keys(['example_subdag_operator.section-1', 'example_subdag_operator.section-2', 'example_subdag_operator']) retrieved from /home/airflow/.local/lib/python3.7/site-packages/airflow/example_dags/example_subdag_operator.py
[2023-03-29T01:15:03.469+0000] {logging_mixin.py:120} INFO - [2023-03-29T01:15:03.469+0000] {dag.py:2585} INFO - Sync 3 DAGs
[2023-03-29T01:15:03.485+0000] {logging_mixin.py:120} INFO - [2023-03-29T01:15:03.485+0000] {dag.py:3340} INFO - Setting next_dagrun for example_subdag_operator to 2022-01-01T00:00:00+00:00, run_after=2022-01-01T00:00:00+00:00
[2023-03-29T01:15:03.489+0000] {logging_mixin.py:120} INFO - [2023-03-29T01:15:03.489+0000] {dag.py:3340} INFO - Setting next_dagrun for example_subdag_operator.section-1 to None, run_after=None
[2023-03-29T01:15:03.491+0000] {logging_mixin.py:120} INFO - [2023-03-29T01:15:03.491+0000] {dag.py:3340} INFO - Setting next_dagrun for example_subdag_operator.section-2 to None, run_after=None
[2023-03-29T01:15:03.496+0000] {logging_mixin.py:120} INFO - [2023-03-29T01:15:03.495+0000] {dag.py:2585} INFO - Sync 2 DAGs
[2023-03-29T01:15:03.500+0000] {logging_mixin.py:120} INFO - [2023-03-29T01:15:03.500+0000] {dag.py:3340} INFO - Setting next_dagrun for example_subdag_operator.section-1 to None, run_after=None
[2023-03-29T01:15:03.501+0000] {logging_mixin.py:120} INFO - [2023-03-29T01:15:03.501+0000] {dag.py:3340} INFO - Setting next_dagrun for example_subdag_operator.section-2 to None, run_after=None
[2023-03-29T01:15:03.509+0000] {processor.py:176} INFO - Processing /home/airflow/.local/lib/python3.7/site-packages/airflow/example_dags/example_subdag_operator.py took 0.165 seconds
[2023-03-29T01:15:33.679+0000] {processor.py:154} INFO - Started process (PID=230) to work on /home/airflow/.local/lib/python3.7/site-packages/airflow/example_dags/example_subdag_operator.py
[2023-03-29T01:15:33.682+0000] {processor.py:756} INFO - Processing file /home/airflow/.local/lib/python3.7/site-packages/airflow/example_dags/example_subdag_operator.py for tasks to queue
[2023-03-29T01:15:33.683+0000] {logging_mixin.py:120} INFO - [2023-03-29T01:15:33.683+0000] {dagbag.py:537} INFO - Filling up the DagBag from /home/airflow/.local/lib/python3.7/site-packages/airflow/example_dags/example_subdag_operator.py
[2023-03-29T01:15:33.707+0000] {processor.py:766} INFO - DAG(s) dict_keys(['example_subdag_operator.section-1', 'example_subdag_operator.section-2', 'example_subdag_operator']) retrieved from /home/airflow/.local/lib/python3.7/site-packages/airflow/example_dags/example_subdag_operator.py
[2023-03-29T01:15:33.803+0000] {logging_mixin.py:120} INFO - [2023-03-29T01:15:33.802+0000] {dag.py:2585} INFO - Sync 3 DAGs
[2023-03-29T01:15:33.818+0000] {logging_mixin.py:120} INFO - [2023-03-29T01:15:33.817+0000] {dag.py:3340} INFO - Setting next_dagrun for example_subdag_operator to 2022-01-01T00:00:00+00:00, run_after=2022-01-01T00:00:00+00:00
[2023-03-29T01:15:33.821+0000] {logging_mixin.py:120} INFO - [2023-03-29T01:15:33.821+0000] {dag.py:3340} INFO - Setting next_dagrun for example_subdag_operator.section-1 to None, run_after=None
[2023-03-29T01:15:33.823+0000] {logging_mixin.py:120} INFO - [2023-03-29T01:15:33.823+0000] {dag.py:3340} INFO - Setting next_dagrun for example_subdag_operator.section-2 to None, run_after=None
[2023-03-29T01:15:33.829+0000] {logging_mixin.py:120} INFO - [2023-03-29T01:15:33.829+0000] {dag.py:2585} INFO - Sync 2 DAGs
[2023-03-29T01:15:33.833+0000] {logging_mixin.py:120} INFO - [2023-03-29T01:15:33.833+0000] {dag.py:3340} INFO - Setting next_dagrun for example_subdag_operator.section-1 to None, run_after=None
[2023-03-29T01:15:33.834+0000] {logging_mixin.py:120} INFO - [2023-03-29T01:15:33.834+0000] {dag.py:3340} INFO - Setting next_dagrun for example_subdag_operator.section-2 to None, run_after=None
[2023-03-29T01:15:33.841+0000] {processor.py:176} INFO - Processing /home/airflow/.local/lib/python3.7/site-packages/airflow/example_dags/example_subdag_operator.py took 0.165 seconds
[2023-03-29T01:16:03.982+0000] {processor.py:154} INFO - Started process (PID=284) to work on /home/airflow/.local/lib/python3.7/site-packages/airflow/example_dags/example_subdag_operator.py
[2023-03-29T01:16:03.984+0000] {processor.py:756} INFO - Processing file /home/airflow/.local/lib/python3.7/site-packages/airflow/example_dags/example_subdag_operator.py for tasks to queue
[2023-03-29T01:16:03.985+0000] {logging_mixin.py:120} INFO - [2023-03-29T01:16:03.985+0000] {dagbag.py:537} INFO - Filling up the DagBag from /home/airflow/.local/lib/python3.7/site-packages/airflow/example_dags/example_subdag_operator.py
[2023-03-29T01:16:04.006+0000] {processor.py:766} INFO - DAG(s) dict_keys(['example_subdag_operator.section-1', 'example_subdag_operator.section-2', 'example_subdag_operator']) retrieved from /home/airflow/.local/lib/python3.7/site-packages/airflow/example_dags/example_subdag_operator.py
[2023-03-29T01:16:04.104+0000] {logging_mixin.py:120} INFO - [2023-03-29T01:16:04.104+0000] {dag.py:2585} INFO - Sync 3 DAGs
[2023-03-29T01:16:04.120+0000] {logging_mixin.py:120} INFO - [2023-03-29T01:16:04.120+0000] {dag.py:3340} INFO - Setting next_dagrun for example_subdag_operator to 2022-01-01T00:00:00+00:00, run_after=2022-01-01T00:00:00+00:00
[2023-03-29T01:16:04.123+0000] {logging_mixin.py:120} INFO - [2023-03-29T01:16:04.123+0000] {dag.py:3340} INFO - Setting next_dagrun for example_subdag_operator.section-1 to None, run_after=None
[2023-03-29T01:16:04.125+0000] {logging_mixin.py:120} INFO - [2023-03-29T01:16:04.125+0000] {dag.py:3340} INFO - Setting next_dagrun for example_subdag_operator.section-2 to None, run_after=None
[2023-03-29T01:16:04.130+0000] {logging_mixin.py:120} INFO - [2023-03-29T01:16:04.130+0000] {dag.py:2585} INFO - Sync 2 DAGs
[2023-03-29T01:16:04.135+0000] {logging_mixin.py:120} INFO - [2023-03-29T01:16:04.135+0000] {dag.py:3340} INFO - Setting next_dagrun for example_subdag_operator.section-1 to None, run_after=None
[2023-03-29T01:16:04.136+0000] {logging_mixin.py:120} INFO - [2023-03-29T01:16:04.136+0000] {dag.py:3340} INFO - Setting next_dagrun for example_subdag_operator.section-2 to None, run_after=None
[2023-03-29T01:16:04.143+0000] {processor.py:176} INFO - Processing /home/airflow/.local/lib/python3.7/site-packages/airflow/example_dags/example_subdag_operator.py took 0.163 seconds
[2023-03-29T01:16:34.220+0000] {processor.py:154} INFO - Started process (PID=348) to work on /home/airflow/.local/lib/python3.7/site-packages/airflow/example_dags/example_subdag_operator.py
[2023-03-29T01:16:34.222+0000] {processor.py:756} INFO - Processing file /home/airflow/.local/lib/python3.7/site-packages/airflow/example_dags/example_subdag_operator.py for tasks to queue
[2023-03-29T01:16:34.223+0000] {logging_mixin.py:120} INFO - [2023-03-29T01:16:34.223+0000] {dagbag.py:537} INFO - Filling up the DagBag from /home/airflow/.local/lib/python3.7/site-packages/airflow/example_dags/example_subdag_operator.py
[2023-03-29T01:16:34.246+0000] {processor.py:766} INFO - DAG(s) dict_keys(['example_subdag_operator.section-1', 'example_subdag_operator.section-2', 'example_subdag_operator']) retrieved from /home/airflow/.local/lib/python3.7/site-packages/airflow/example_dags/example_subdag_operator.py
[2023-03-29T01:16:34.352+0000] {logging_mixin.py:120} INFO - [2023-03-29T01:16:34.352+0000] {dag.py:2585} INFO - Sync 3 DAGs
[2023-03-29T01:16:34.368+0000] {logging_mixin.py:120} INFO - [2023-03-29T01:16:34.368+0000] {dag.py:3340} INFO - Setting next_dagrun for example_subdag_operator to 2022-01-01T00:00:00+00:00, run_after=2022-01-01T00:00:00+00:00
[2023-03-29T01:16:34.371+0000] {logging_mixin.py:120} INFO - [2023-03-29T01:16:34.371+0000] {dag.py:3340} INFO - Setting next_dagrun for example_subdag_operator.section-1 to None, run_after=None
[2023-03-29T01:16:34.374+0000] {logging_mixin.py:120} INFO - [2023-03-29T01:16:34.374+0000] {dag.py:3340} INFO - Setting next_dagrun for example_subdag_operator.section-2 to None, run_after=None
[2023-03-29T01:16:34.379+0000] {logging_mixin.py:120} INFO - [2023-03-29T01:16:34.379+0000] {dag.py:2585} INFO - Sync 2 DAGs
[2023-03-29T01:16:34.384+0000] {logging_mixin.py:120} INFO - [2023-03-29T01:16:34.384+0000] {dag.py:3340} INFO - Setting next_dagrun for example_subdag_operator.section-1 to None, run_after=None
[2023-03-29T01:16:34.385+0000] {logging_mixin.py:120} INFO - [2023-03-29T01:16:34.385+0000] {dag.py:3340} INFO - Setting next_dagrun for example_subdag_operator.section-2 to None, run_after=None
[2023-03-29T01:16:34.392+0000] {processor.py:176} INFO - Processing /home/airflow/.local/lib/python3.7/site-packages/airflow/example_dags/example_subdag_operator.py took 0.175 seconds
[2023-03-29T01:17:04.629+0000] {processor.py:154} INFO - Started process (PID=411) to work on /home/airflow/.local/lib/python3.7/site-packages/airflow/example_dags/example_subdag_operator.py
[2023-03-29T01:17:04.631+0000] {processor.py:756} INFO - Processing file /home/airflow/.local/lib/python3.7/site-packages/airflow/example_dags/example_subdag_operator.py for tasks to queue
[2023-03-29T01:17:04.633+0000] {logging_mixin.py:120} INFO - [2023-03-29T01:17:04.633+0000] {dagbag.py:537} INFO - Filling up the DagBag from /home/airflow/.local/lib/python3.7/site-packages/airflow/example_dags/example_subdag_operator.py
[2023-03-29T01:17:04.658+0000] {processor.py:766} INFO - DAG(s) dict_keys(['example_subdag_operator.section-1', 'example_subdag_operator.section-2', 'example_subdag_operator']) retrieved from /home/airflow/.local/lib/python3.7/site-packages/airflow/example_dags/example_subdag_operator.py
[2023-03-29T01:17:04.756+0000] {logging_mixin.py:120} INFO - [2023-03-29T01:17:04.756+0000] {dag.py:2585} INFO - Sync 3 DAGs
[2023-03-29T01:17:04.775+0000] {logging_mixin.py:120} INFO - [2023-03-29T01:17:04.774+0000] {dag.py:3340} INFO - Setting next_dagrun for example_subdag_operator to 2022-01-01T00:00:00+00:00, run_after=2022-01-01T00:00:00+00:00
[2023-03-29T01:17:04.778+0000] {logging_mixin.py:120} INFO - [2023-03-29T01:17:04.778+0000] {dag.py:3340} INFO - Setting next_dagrun for example_subdag_operator.section-1 to None, run_after=None
[2023-03-29T01:17:04.780+0000] {logging_mixin.py:120} INFO - [2023-03-29T01:17:04.780+0000] {dag.py:3340} INFO - Setting next_dagrun for example_subdag_operator.section-2 to None, run_after=None
[2023-03-29T01:17:04.786+0000] {logging_mixin.py:120} INFO - [2023-03-29T01:17:04.786+0000] {dag.py:2585} INFO - Sync 2 DAGs
[2023-03-29T01:17:04.791+0000] {logging_mixin.py:120} INFO - [2023-03-29T01:17:04.791+0000] {dag.py:3340} INFO - Setting next_dagrun for example_subdag_operator.section-1 to None, run_after=None
[2023-03-29T01:17:04.793+0000] {logging_mixin.py:120} INFO - [2023-03-29T01:17:04.792+0000] {dag.py:3340} INFO - Setting next_dagrun for example_subdag_operator.section-2 to None, run_after=None
[2023-03-29T01:17:04.802+0000] {processor.py:176} INFO - Processing /home/airflow/.local/lib/python3.7/site-packages/airflow/example_dags/example_subdag_operator.py took 0.175 seconds
[2023-03-29T01:17:35.065+0000] {processor.py:154} INFO - Started process (PID=474) to work on /home/airflow/.local/lib/python3.7/site-packages/airflow/example_dags/example_subdag_operator.py
[2023-03-29T01:17:35.066+0000] {processor.py:756} INFO - Processing file /home/airflow/.local/lib/python3.7/site-packages/airflow/example_dags/example_subdag_operator.py for tasks to queue
[2023-03-29T01:17:35.068+0000] {logging_mixin.py:120} INFO - [2023-03-29T01:17:35.068+0000] {dagbag.py:537} INFO - Filling up the DagBag from /home/airflow/.local/lib/python3.7/site-packages/airflow/example_dags/example_subdag_operator.py
[2023-03-29T01:17:35.091+0000] {processor.py:766} INFO - DAG(s) dict_keys(['example_subdag_operator.section-1', 'example_subdag_operator.section-2', 'example_subdag_operator']) retrieved from /home/airflow/.local/lib/python3.7/site-packages/airflow/example_dags/example_subdag_operator.py
[2023-03-29T01:17:35.192+0000] {logging_mixin.py:120} INFO - [2023-03-29T01:17:35.192+0000] {dag.py:2585} INFO - Sync 3 DAGs
[2023-03-29T01:17:35.208+0000] {logging_mixin.py:120} INFO - [2023-03-29T01:17:35.208+0000] {dag.py:3340} INFO - Setting next_dagrun for example_subdag_operator to 2022-01-01T00:00:00+00:00, run_after=2022-01-01T00:00:00+00:00
[2023-03-29T01:17:35.211+0000] {logging_mixin.py:120} INFO - [2023-03-29T01:17:35.211+0000] {dag.py:3340} INFO - Setting next_dagrun for example_subdag_operator.section-1 to None, run_after=None
[2023-03-29T01:17:35.213+0000] {logging_mixin.py:120} INFO - [2023-03-29T01:17:35.213+0000] {dag.py:3340} INFO - Setting next_dagrun for example_subdag_operator.section-2 to None, run_after=None
[2023-03-29T01:17:35.217+0000] {logging_mixin.py:120} INFO - [2023-03-29T01:17:35.217+0000] {dag.py:2585} INFO - Sync 2 DAGs
[2023-03-29T01:17:35.222+0000] {logging_mixin.py:120} INFO - [2023-03-29T01:17:35.222+0000] {dag.py:3340} INFO - Setting next_dagrun for example_subdag_operator.section-1 to None, run_after=None
[2023-03-29T01:17:35.223+0000] {logging_mixin.py:120} INFO - [2023-03-29T01:17:35.223+0000] {dag.py:3340} INFO - Setting next_dagrun for example_subdag_operator.section-2 to None, run_after=None
[2023-03-29T01:17:35.230+0000] {processor.py:176} INFO - Processing /home/airflow/.local/lib/python3.7/site-packages/airflow/example_dags/example_subdag_operator.py took 0.168 seconds
[2023-03-29T01:18:05.270+0000] {processor.py:154} INFO - Started process (PID=536) to work on /home/airflow/.local/lib/python3.7/site-packages/airflow/example_dags/example_subdag_operator.py
[2023-03-29T01:18:05.272+0000] {processor.py:756} INFO - Processing file /home/airflow/.local/lib/python3.7/site-packages/airflow/example_dags/example_subdag_operator.py for tasks to queue
[2023-03-29T01:18:05.274+0000] {logging_mixin.py:120} INFO - [2023-03-29T01:18:05.273+0000] {dagbag.py:537} INFO - Filling up the DagBag from /home/airflow/.local/lib/python3.7/site-packages/airflow/example_dags/example_subdag_operator.py
[2023-03-29T01:18:05.296+0000] {processor.py:766} INFO - DAG(s) dict_keys(['example_subdag_operator.section-1', 'example_subdag_operator.section-2', 'example_subdag_operator']) retrieved from /home/airflow/.local/lib/python3.7/site-packages/airflow/example_dags/example_subdag_operator.py
[2023-03-29T01:18:05.393+0000] {logging_mixin.py:120} INFO - [2023-03-29T01:18:05.393+0000] {dag.py:2585} INFO - Sync 3 DAGs
[2023-03-29T01:18:05.413+0000] {logging_mixin.py:120} INFO - [2023-03-29T01:18:05.413+0000] {dag.py:3340} INFO - Setting next_dagrun for example_subdag_operator to 2022-01-01T00:00:00+00:00, run_after=2022-01-01T00:00:00+00:00
[2023-03-29T01:18:05.416+0000] {logging_mixin.py:120} INFO - [2023-03-29T01:18:05.416+0000] {dag.py:3340} INFO - Setting next_dagrun for example_subdag_operator.section-1 to None, run_after=None
[2023-03-29T01:18:05.418+0000] {logging_mixin.py:120} INFO - [2023-03-29T01:18:05.418+0000] {dag.py:3340} INFO - Setting next_dagrun for example_subdag_operator.section-2 to None, run_after=None
[2023-03-29T01:18:05.423+0000] {logging_mixin.py:120} INFO - [2023-03-29T01:18:05.423+0000] {dag.py:2585} INFO - Sync 2 DAGs
[2023-03-29T01:18:05.427+0000] {logging_mixin.py:120} INFO - [2023-03-29T01:18:05.427+0000] {dag.py:3340} INFO - Setting next_dagrun for example_subdag_operator.section-1 to None, run_after=None
[2023-03-29T01:18:05.429+0000] {logging_mixin.py:120} INFO - [2023-03-29T01:18:05.429+0000] {dag.py:3340} INFO - Setting next_dagrun for example_subdag_operator.section-2 to None, run_after=None
[2023-03-29T01:18:05.436+0000] {processor.py:176} INFO - Processing /home/airflow/.local/lib/python3.7/site-packages/airflow/example_dags/example_subdag_operator.py took 0.168 seconds
[2023-03-29T01:18:35.621+0000] {processor.py:154} INFO - Started process (PID=599) to work on /home/airflow/.local/lib/python3.7/site-packages/airflow/example_dags/example_subdag_operator.py
[2023-03-29T01:18:35.622+0000] {processor.py:756} INFO - Processing file /home/airflow/.local/lib/python3.7/site-packages/airflow/example_dags/example_subdag_operator.py for tasks to queue
[2023-03-29T01:18:35.624+0000] {logging_mixin.py:120} INFO - [2023-03-29T01:18:35.623+0000] {dagbag.py:537} INFO - Filling up the DagBag from /home/airflow/.local/lib/python3.7/site-packages/airflow/example_dags/example_subdag_operator.py
[2023-03-29T01:18:35.647+0000] {processor.py:766} INFO - DAG(s) dict_keys(['example_subdag_operator.section-1', 'example_subdag_operator.section-2', 'example_subdag_operator']) retrieved from /home/airflow/.local/lib/python3.7/site-packages/airflow/example_dags/example_subdag_operator.py
[2023-03-29T01:18:35.764+0000] {logging_mixin.py:120} INFO - [2023-03-29T01:18:35.764+0000] {dag.py:2585} INFO - Sync 3 DAGs
[2023-03-29T01:18:35.784+0000] {logging_mixin.py:120} INFO - [2023-03-29T01:18:35.784+0000] {dag.py:3340} INFO - Setting next_dagrun for example_subdag_operator to 2022-01-01T00:00:00+00:00, run_after=2022-01-01T00:00:00+00:00
[2023-03-29T01:18:35.790+0000] {logging_mixin.py:120} INFO - [2023-03-29T01:18:35.790+0000] {dag.py:3340} INFO - Setting next_dagrun for example_subdag_operator.section-1 to None, run_after=None
[2023-03-29T01:18:35.792+0000] {logging_mixin.py:120} INFO - [2023-03-29T01:18:35.792+0000] {dag.py:3340} INFO - Setting next_dagrun for example_subdag_operator.section-2 to None, run_after=None
[2023-03-29T01:18:35.799+0000] {logging_mixin.py:120} INFO - [2023-03-29T01:18:35.799+0000] {dag.py:2585} INFO - Sync 2 DAGs
[2023-03-29T01:18:35.807+0000] {logging_mixin.py:120} INFO - [2023-03-29T01:18:35.807+0000] {dag.py:3340} INFO - Setting next_dagrun for example_subdag_operator.section-1 to None, run_after=None
[2023-03-29T01:18:35.808+0000] {logging_mixin.py:120} INFO - [2023-03-29T01:18:35.808+0000] {dag.py:3340} INFO - Setting next_dagrun for example_subdag_operator.section-2 to None, run_after=None
[2023-03-29T01:18:35.817+0000] {processor.py:176} INFO - Processing /home/airflow/.local/lib/python3.7/site-packages/airflow/example_dags/example_subdag_operator.py took 0.198 seconds
[2023-03-29T01:19:06.154+0000] {processor.py:154} INFO - Started process (PID=653) to work on /home/airflow/.local/lib/python3.7/site-packages/airflow/example_dags/example_subdag_operator.py
[2023-03-29T01:19:06.160+0000] {processor.py:756} INFO - Processing file /home/airflow/.local/lib/python3.7/site-packages/airflow/example_dags/example_subdag_operator.py for tasks to queue
[2023-03-29T01:19:06.162+0000] {logging_mixin.py:120} INFO - [2023-03-29T01:19:06.162+0000] {dagbag.py:537} INFO - Filling up the DagBag from /home/airflow/.local/lib/python3.7/site-packages/airflow/example_dags/example_subdag_operator.py
[2023-03-29T01:19:06.182+0000] {processor.py:766} INFO - DAG(s) dict_keys(['example_subdag_operator.section-1', 'example_subdag_operator.section-2', 'example_subdag_operator']) retrieved from /home/airflow/.local/lib/python3.7/site-packages/airflow/example_dags/example_subdag_operator.py
[2023-03-29T01:19:06.278+0000] {logging_mixin.py:120} INFO - [2023-03-29T01:19:06.278+0000] {dag.py:2585} INFO - Sync 3 DAGs
[2023-03-29T01:19:06.295+0000] {logging_mixin.py:120} INFO - [2023-03-29T01:19:06.295+0000] {dag.py:3340} INFO - Setting next_dagrun for example_subdag_operator to 2022-01-01T00:00:00+00:00, run_after=2022-01-01T00:00:00+00:00
[2023-03-29T01:19:06.298+0000] {logging_mixin.py:120} INFO - [2023-03-29T01:19:06.298+0000] {dag.py:3340} INFO - Setting next_dagrun for example_subdag_operator.section-1 to None, run_after=None
[2023-03-29T01:19:06.299+0000] {logging_mixin.py:120} INFO - [2023-03-29T01:19:06.299+0000] {dag.py:3340} INFO - Setting next_dagrun for example_subdag_operator.section-2 to None, run_after=None
[2023-03-29T01:19:06.304+0000] {logging_mixin.py:120} INFO - [2023-03-29T01:19:06.304+0000] {dag.py:2585} INFO - Sync 2 DAGs
[2023-03-29T01:19:06.308+0000] {logging_mixin.py:120} INFO - [2023-03-29T01:19:06.308+0000] {dag.py:3340} INFO - Setting next_dagrun for example_subdag_operator.section-1 to None, run_after=None
[2023-03-29T01:19:06.309+0000] {logging_mixin.py:120} INFO - [2023-03-29T01:19:06.309+0000] {dag.py:3340} INFO - Setting next_dagrun for example_subdag_operator.section-2 to None, run_after=None
[2023-03-29T01:19:06.317+0000] {processor.py:176} INFO - Processing /home/airflow/.local/lib/python3.7/site-packages/airflow/example_dags/example_subdag_operator.py took 0.165 seconds
[2023-03-29T01:19:36.354+0000] {processor.py:154} INFO - Started process (PID=715) to work on /home/airflow/.local/lib/python3.7/site-packages/airflow/example_dags/example_subdag_operator.py
[2023-03-29T01:19:36.356+0000] {processor.py:756} INFO - Processing file /home/airflow/.local/lib/python3.7/site-packages/airflow/example_dags/example_subdag_operator.py for tasks to queue
[2023-03-29T01:19:36.357+0000] {logging_mixin.py:120} INFO - [2023-03-29T01:19:36.357+0000] {dagbag.py:537} INFO - Filling up the DagBag from /home/airflow/.local/lib/python3.7/site-packages/airflow/example_dags/example_subdag_operator.py
[2023-03-29T01:19:36.377+0000] {processor.py:766} INFO - DAG(s) dict_keys(['example_subdag_operator.section-1', 'example_subdag_operator.section-2', 'example_subdag_operator']) retrieved from /home/airflow/.local/lib/python3.7/site-packages/airflow/example_dags/example_subdag_operator.py
[2023-03-29T01:19:36.472+0000] {logging_mixin.py:120} INFO - [2023-03-29T01:19:36.472+0000] {dag.py:2585} INFO - Sync 3 DAGs
[2023-03-29T01:19:36.490+0000] {logging_mixin.py:120} INFO - [2023-03-29T01:19:36.490+0000] {dag.py:3340} INFO - Setting next_dagrun for example_subdag_operator to 2022-01-01T00:00:00+00:00, run_after=2022-01-01T00:00:00+00:00
[2023-03-29T01:19:36.495+0000] {logging_mixin.py:120} INFO - [2023-03-29T01:19:36.495+0000] {dag.py:3340} INFO - Setting next_dagrun for example_subdag_operator.section-1 to None, run_after=None
[2023-03-29T01:19:36.497+0000] {logging_mixin.py:120} INFO - [2023-03-29T01:19:36.497+0000] {dag.py:3340} INFO - Setting next_dagrun for example_subdag_operator.section-2 to None, run_after=None
[2023-03-29T01:19:36.504+0000] {logging_mixin.py:120} INFO - [2023-03-29T01:19:36.504+0000] {dag.py:2585} INFO - Sync 2 DAGs
[2023-03-29T01:19:36.509+0000] {logging_mixin.py:120} INFO - [2023-03-29T01:19:36.508+0000] {dag.py:3340} INFO - Setting next_dagrun for example_subdag_operator.section-1 to None, run_after=None
[2023-03-29T01:19:36.511+0000] {logging_mixin.py:120} INFO - [2023-03-29T01:19:36.511+0000] {dag.py:3340} INFO - Setting next_dagrun for example_subdag_operator.section-2 to None, run_after=None
[2023-03-29T01:19:36.522+0000] {processor.py:176} INFO - Processing /home/airflow/.local/lib/python3.7/site-packages/airflow/example_dags/example_subdag_operator.py took 0.170 seconds
[2023-03-29T01:20:06.786+0000] {processor.py:154} INFO - Started process (PID=778) to work on /home/airflow/.local/lib/python3.7/site-packages/airflow/example_dags/example_subdag_operator.py
[2023-03-29T01:20:06.788+0000] {processor.py:756} INFO - Processing file /home/airflow/.local/lib/python3.7/site-packages/airflow/example_dags/example_subdag_operator.py for tasks to queue
[2023-03-29T01:20:06.789+0000] {logging_mixin.py:120} INFO - [2023-03-29T01:20:06.789+0000] {dagbag.py:537} INFO - Filling up the DagBag from /home/airflow/.local/lib/python3.7/site-packages/airflow/example_dags/example_subdag_operator.py
[2023-03-29T01:20:06.811+0000] {processor.py:766} INFO - DAG(s) dict_keys(['example_subdag_operator.section-1', 'example_subdag_operator.section-2', 'example_subdag_operator']) retrieved from /home/airflow/.local/lib/python3.7/site-packages/airflow/example_dags/example_subdag_operator.py
[2023-03-29T01:20:06.909+0000] {logging_mixin.py:120} INFO - [2023-03-29T01:20:06.908+0000] {dag.py:2585} INFO - Sync 3 DAGs
[2023-03-29T01:20:06.925+0000] {logging_mixin.py:120} INFO - [2023-03-29T01:20:06.925+0000] {dag.py:3340} INFO - Setting next_dagrun for example_subdag_operator to 2022-01-01T00:00:00+00:00, run_after=2022-01-01T00:00:00+00:00
[2023-03-29T01:20:06.928+0000] {logging_mixin.py:120} INFO - [2023-03-29T01:20:06.928+0000] {dag.py:3340} INFO - Setting next_dagrun for example_subdag_operator.section-1 to None, run_after=None
[2023-03-29T01:20:06.930+0000] {logging_mixin.py:120} INFO - [2023-03-29T01:20:06.930+0000] {dag.py:3340} INFO - Setting next_dagrun for example_subdag_operator.section-2 to None, run_after=None
[2023-03-29T01:20:06.940+0000] {logging_mixin.py:120} INFO - [2023-03-29T01:20:06.940+0000] {dag.py:2585} INFO - Sync 2 DAGs
[2023-03-29T01:20:06.946+0000] {logging_mixin.py:120} INFO - [2023-03-29T01:20:06.946+0000] {dag.py:3340} INFO - Setting next_dagrun for example_subdag_operator.section-1 to None, run_after=None
[2023-03-29T01:20:06.947+0000] {logging_mixin.py:120} INFO - [2023-03-29T01:20:06.947+0000] {dag.py:3340} INFO - Setting next_dagrun for example_subdag_operator.section-2 to None, run_after=None
[2023-03-29T01:20:06.957+0000] {processor.py:176} INFO - Processing /home/airflow/.local/lib/python3.7/site-packages/airflow/example_dags/example_subdag_operator.py took 0.172 seconds
[2023-03-29T01:20:37.196+0000] {processor.py:154} INFO - Started process (PID=842) to work on /home/airflow/.local/lib/python3.7/site-packages/airflow/example_dags/example_subdag_operator.py
[2023-03-29T01:20:37.198+0000] {processor.py:756} INFO - Processing file /home/airflow/.local/lib/python3.7/site-packages/airflow/example_dags/example_subdag_operator.py for tasks to queue
[2023-03-29T01:20:37.199+0000] {logging_mixin.py:120} INFO - [2023-03-29T01:20:37.199+0000] {dagbag.py:537} INFO - Filling up the DagBag from /home/airflow/.local/lib/python3.7/site-packages/airflow/example_dags/example_subdag_operator.py
[2023-03-29T01:20:37.221+0000] {processor.py:766} INFO - DAG(s) dict_keys(['example_subdag_operator.section-1', 'example_subdag_operator.section-2', 'example_subdag_operator']) retrieved from /home/airflow/.local/lib/python3.7/site-packages/airflow/example_dags/example_subdag_operator.py
[2023-03-29T01:20:37.318+0000] {logging_mixin.py:120} INFO - [2023-03-29T01:20:37.318+0000] {dag.py:2585} INFO - Sync 3 DAGs
[2023-03-29T01:20:37.334+0000] {logging_mixin.py:120} INFO - [2023-03-29T01:20:37.334+0000] {dag.py:3340} INFO - Setting next_dagrun for example_subdag_operator to 2022-01-01T00:00:00+00:00, run_after=2022-01-01T00:00:00+00:00
[2023-03-29T01:20:37.337+0000] {logging_mixin.py:120} INFO - [2023-03-29T01:20:37.337+0000] {dag.py:3340} INFO - Setting next_dagrun for example_subdag_operator.section-1 to None, run_after=None
[2023-03-29T01:20:37.339+0000] {logging_mixin.py:120} INFO - [2023-03-29T01:20:37.339+0000] {dag.py:3340} INFO - Setting next_dagrun for example_subdag_operator.section-2 to None, run_after=None
[2023-03-29T01:20:37.344+0000] {logging_mixin.py:120} INFO - [2023-03-29T01:20:37.344+0000] {dag.py:2585} INFO - Sync 2 DAGs
[2023-03-29T01:20:37.349+0000] {logging_mixin.py:120} INFO - [2023-03-29T01:20:37.349+0000] {dag.py:3340} INFO - Setting next_dagrun for example_subdag_operator.section-1 to None, run_after=None
[2023-03-29T01:20:37.350+0000] {logging_mixin.py:120} INFO - [2023-03-29T01:20:37.350+0000] {dag.py:3340} INFO - Setting next_dagrun for example_subdag_operator.section-2 to None, run_after=None
[2023-03-29T01:20:37.357+0000] {processor.py:176} INFO - Processing /home/airflow/.local/lib/python3.7/site-packages/airflow/example_dags/example_subdag_operator.py took 0.164 seconds
