[2023-03-29T01:14:01.556+0000] {processor.py:154} INFO - Started process (PID=35) to work on /home/airflow/.local/lib/python3.7/site-packages/airflow/example_dags/example_branch_labels.py
[2023-03-29T01:14:01.558+0000] {processor.py:756} INFO - Processing file /home/airflow/.local/lib/python3.7/site-packages/airflow/example_dags/example_branch_labels.py for tasks to queue
[2023-03-29T01:14:01.560+0000] {logging_mixin.py:120} INFO - [2023-03-29T01:14:01.560+0000] {dagbag.py:537} INFO - Filling up the DagBag from /home/airflow/.local/lib/python3.7/site-packages/airflow/example_dags/example_branch_labels.py
[2023-03-29T01:14:01.609+0000] {processor.py:766} INFO - DAG(s) dict_keys(['example_branch_labels']) retrieved from /home/airflow/.local/lib/python3.7/site-packages/airflow/example_dags/example_branch_labels.py
[2023-03-29T01:14:01.780+0000] {logging_mixin.py:120} INFO - [2023-03-29T01:14:01.780+0000] {manager.py:507} INFO - Created Permission View: can delete on DAG:example_branch_labels
[2023-03-29T01:14:01.787+0000] {logging_mixin.py:120} INFO - [2023-03-29T01:14:01.787+0000] {manager.py:507} INFO - Created Permission View: can edit on DAG:example_branch_labels
[2023-03-29T01:14:01.793+0000] {logging_mixin.py:120} INFO - [2023-03-29T01:14:01.793+0000] {manager.py:507} INFO - Created Permission View: can read on DAG:example_branch_labels
[2023-03-29T01:14:01.794+0000] {logging_mixin.py:120} INFO - [2023-03-29T01:14:01.794+0000] {dag.py:2585} INFO - Sync 1 DAGs
[2023-03-29T01:14:01.811+0000] {logging_mixin.py:120} INFO - [2023-03-29T01:14:01.810+0000] {dag.py:2606} INFO - Creating ORM DAG for example_branch_labels
[2023-03-29T01:14:01.824+0000] {logging_mixin.py:120} INFO - [2023-03-29T01:14:01.824+0000] {dag.py:3340} INFO - Setting next_dagrun for example_branch_labels to 2023-03-28T00:00:00+00:00, run_after=2023-03-29T00:00:00+00:00
[2023-03-29T01:14:01.837+0000] {processor.py:176} INFO - Processing /home/airflow/.local/lib/python3.7/site-packages/airflow/example_dags/example_branch_labels.py took 0.285 seconds
[2023-03-29T01:14:32.756+0000] {processor.py:154} INFO - Started process (PID=98) to work on /home/airflow/.local/lib/python3.7/site-packages/airflow/example_dags/example_branch_labels.py
[2023-03-29T01:14:32.759+0000] {processor.py:756} INFO - Processing file /home/airflow/.local/lib/python3.7/site-packages/airflow/example_dags/example_branch_labels.py for tasks to queue
[2023-03-29T01:14:32.761+0000] {logging_mixin.py:120} INFO - [2023-03-29T01:14:32.760+0000] {dagbag.py:537} INFO - Filling up the DagBag from /home/airflow/.local/lib/python3.7/site-packages/airflow/example_dags/example_branch_labels.py
[2023-03-29T01:14:32.778+0000] {processor.py:766} INFO - DAG(s) dict_keys(['example_branch_labels']) retrieved from /home/airflow/.local/lib/python3.7/site-packages/airflow/example_dags/example_branch_labels.py
[2023-03-29T01:14:32.809+0000] {logging_mixin.py:120} INFO - [2023-03-29T01:14:32.809+0000] {dag.py:2585} INFO - Sync 1 DAGs
[2023-03-29T01:14:32.825+0000] {logging_mixin.py:120} INFO - [2023-03-29T01:14:32.825+0000] {dag.py:3340} INFO - Setting next_dagrun for example_branch_labels to 2023-03-28T00:00:00+00:00, run_after=2023-03-29T00:00:00+00:00
[2023-03-29T01:14:32.843+0000] {processor.py:176} INFO - Processing /home/airflow/.local/lib/python3.7/site-packages/airflow/example_dags/example_branch_labels.py took 0.091 seconds
[2023-03-29T01:15:03.116+0000] {processor.py:154} INFO - Started process (PID=162) to work on /home/airflow/.local/lib/python3.7/site-packages/airflow/example_dags/example_branch_labels.py
[2023-03-29T01:15:03.119+0000] {processor.py:756} INFO - Processing file /home/airflow/.local/lib/python3.7/site-packages/airflow/example_dags/example_branch_labels.py for tasks to queue
[2023-03-29T01:15:03.120+0000] {logging_mixin.py:120} INFO - [2023-03-29T01:15:03.120+0000] {dagbag.py:537} INFO - Filling up the DagBag from /home/airflow/.local/lib/python3.7/site-packages/airflow/example_dags/example_branch_labels.py
[2023-03-29T01:15:03.132+0000] {processor.py:766} INFO - DAG(s) dict_keys(['example_branch_labels']) retrieved from /home/airflow/.local/lib/python3.7/site-packages/airflow/example_dags/example_branch_labels.py
[2023-03-29T01:15:03.162+0000] {logging_mixin.py:120} INFO - [2023-03-29T01:15:03.162+0000] {dag.py:2585} INFO - Sync 1 DAGs
[2023-03-29T01:15:03.182+0000] {logging_mixin.py:120} INFO - [2023-03-29T01:15:03.182+0000] {dag.py:3340} INFO - Setting next_dagrun for example_branch_labels to 2023-03-28T00:00:00+00:00, run_after=2023-03-29T00:00:00+00:00
[2023-03-29T01:15:03.197+0000] {processor.py:176} INFO - Processing /home/airflow/.local/lib/python3.7/site-packages/airflow/example_dags/example_branch_labels.py took 0.083 seconds
[2023-03-29T01:15:33.387+0000] {processor.py:154} INFO - Started process (PID=225) to work on /home/airflow/.local/lib/python3.7/site-packages/airflow/example_dags/example_branch_labels.py
[2023-03-29T01:15:33.389+0000] {processor.py:756} INFO - Processing file /home/airflow/.local/lib/python3.7/site-packages/airflow/example_dags/example_branch_labels.py for tasks to queue
[2023-03-29T01:15:33.392+0000] {logging_mixin.py:120} INFO - [2023-03-29T01:15:33.392+0000] {dagbag.py:537} INFO - Filling up the DagBag from /home/airflow/.local/lib/python3.7/site-packages/airflow/example_dags/example_branch_labels.py
[2023-03-29T01:15:33.403+0000] {processor.py:766} INFO - DAG(s) dict_keys(['example_branch_labels']) retrieved from /home/airflow/.local/lib/python3.7/site-packages/airflow/example_dags/example_branch_labels.py
[2023-03-29T01:15:33.433+0000] {logging_mixin.py:120} INFO - [2023-03-29T01:15:33.433+0000] {dag.py:2585} INFO - Sync 1 DAGs
[2023-03-29T01:15:33.450+0000] {logging_mixin.py:120} INFO - [2023-03-29T01:15:33.449+0000] {dag.py:3340} INFO - Setting next_dagrun for example_branch_labels to 2023-03-28T00:00:00+00:00, run_after=2023-03-29T00:00:00+00:00
[2023-03-29T01:15:33.462+0000] {processor.py:176} INFO - Processing /home/airflow/.local/lib/python3.7/site-packages/airflow/example_dags/example_branch_labels.py took 0.078 seconds
[2023-03-29T01:16:03.719+0000] {processor.py:154} INFO - Started process (PID=279) to work on /home/airflow/.local/lib/python3.7/site-packages/airflow/example_dags/example_branch_labels.py
[2023-03-29T01:16:03.722+0000] {processor.py:756} INFO - Processing file /home/airflow/.local/lib/python3.7/site-packages/airflow/example_dags/example_branch_labels.py for tasks to queue
[2023-03-29T01:16:03.723+0000] {logging_mixin.py:120} INFO - [2023-03-29T01:16:03.723+0000] {dagbag.py:537} INFO - Filling up the DagBag from /home/airflow/.local/lib/python3.7/site-packages/airflow/example_dags/example_branch_labels.py
[2023-03-29T01:16:03.733+0000] {processor.py:766} INFO - DAG(s) dict_keys(['example_branch_labels']) retrieved from /home/airflow/.local/lib/python3.7/site-packages/airflow/example_dags/example_branch_labels.py
[2023-03-29T01:16:03.760+0000] {logging_mixin.py:120} INFO - [2023-03-29T01:16:03.760+0000] {dag.py:2585} INFO - Sync 1 DAGs
[2023-03-29T01:16:03.777+0000] {logging_mixin.py:120} INFO - [2023-03-29T01:16:03.777+0000] {dag.py:3340} INFO - Setting next_dagrun for example_branch_labels to 2023-03-28T00:00:00+00:00, run_after=2023-03-29T00:00:00+00:00
[2023-03-29T01:16:03.789+0000] {processor.py:176} INFO - Processing /home/airflow/.local/lib/python3.7/site-packages/airflow/example_dags/example_branch_labels.py took 0.072 seconds
[2023-03-29T01:16:33.888+0000] {processor.py:154} INFO - Started process (PID=342) to work on /home/airflow/.local/lib/python3.7/site-packages/airflow/example_dags/example_branch_labels.py
[2023-03-29T01:16:33.891+0000] {processor.py:756} INFO - Processing file /home/airflow/.local/lib/python3.7/site-packages/airflow/example_dags/example_branch_labels.py for tasks to queue
[2023-03-29T01:16:33.892+0000] {logging_mixin.py:120} INFO - [2023-03-29T01:16:33.892+0000] {dagbag.py:537} INFO - Filling up the DagBag from /home/airflow/.local/lib/python3.7/site-packages/airflow/example_dags/example_branch_labels.py
[2023-03-29T01:16:33.903+0000] {processor.py:766} INFO - DAG(s) dict_keys(['example_branch_labels']) retrieved from /home/airflow/.local/lib/python3.7/site-packages/airflow/example_dags/example_branch_labels.py
[2023-03-29T01:16:33.935+0000] {logging_mixin.py:120} INFO - [2023-03-29T01:16:33.935+0000] {dag.py:2585} INFO - Sync 1 DAGs
[2023-03-29T01:16:33.952+0000] {logging_mixin.py:120} INFO - [2023-03-29T01:16:33.952+0000] {dag.py:3340} INFO - Setting next_dagrun for example_branch_labels to 2023-03-28T00:00:00+00:00, run_after=2023-03-29T00:00:00+00:00
[2023-03-29T01:16:33.964+0000] {processor.py:176} INFO - Processing /home/airflow/.local/lib/python3.7/site-packages/airflow/example_dags/example_branch_labels.py took 0.079 seconds
[2023-03-29T01:17:04.286+0000] {processor.py:154} INFO - Started process (PID=405) to work on /home/airflow/.local/lib/python3.7/site-packages/airflow/example_dags/example_branch_labels.py
[2023-03-29T01:17:04.288+0000] {processor.py:756} INFO - Processing file /home/airflow/.local/lib/python3.7/site-packages/airflow/example_dags/example_branch_labels.py for tasks to queue
[2023-03-29T01:17:04.289+0000] {logging_mixin.py:120} INFO - [2023-03-29T01:17:04.289+0000] {dagbag.py:537} INFO - Filling up the DagBag from /home/airflow/.local/lib/python3.7/site-packages/airflow/example_dags/example_branch_labels.py
[2023-03-29T01:17:04.301+0000] {processor.py:766} INFO - DAG(s) dict_keys(['example_branch_labels']) retrieved from /home/airflow/.local/lib/python3.7/site-packages/airflow/example_dags/example_branch_labels.py
[2023-03-29T01:17:04.332+0000] {logging_mixin.py:120} INFO - [2023-03-29T01:17:04.332+0000] {dag.py:2585} INFO - Sync 1 DAGs
[2023-03-29T01:17:04.350+0000] {logging_mixin.py:120} INFO - [2023-03-29T01:17:04.350+0000] {dag.py:3340} INFO - Setting next_dagrun for example_branch_labels to 2023-03-28T00:00:00+00:00, run_after=2023-03-29T00:00:00+00:00
[2023-03-29T01:17:04.363+0000] {processor.py:176} INFO - Processing /home/airflow/.local/lib/python3.7/site-packages/airflow/example_dags/example_branch_labels.py took 0.080 seconds
[2023-03-29T01:17:34.740+0000] {processor.py:154} INFO - Started process (PID=468) to work on /home/airflow/.local/lib/python3.7/site-packages/airflow/example_dags/example_branch_labels.py
[2023-03-29T01:17:34.742+0000] {processor.py:756} INFO - Processing file /home/airflow/.local/lib/python3.7/site-packages/airflow/example_dags/example_branch_labels.py for tasks to queue
[2023-03-29T01:17:34.744+0000] {logging_mixin.py:120} INFO - [2023-03-29T01:17:34.744+0000] {dagbag.py:537} INFO - Filling up the DagBag from /home/airflow/.local/lib/python3.7/site-packages/airflow/example_dags/example_branch_labels.py
[2023-03-29T01:17:34.756+0000] {processor.py:766} INFO - DAG(s) dict_keys(['example_branch_labels']) retrieved from /home/airflow/.local/lib/python3.7/site-packages/airflow/example_dags/example_branch_labels.py
[2023-03-29T01:17:34.783+0000] {logging_mixin.py:120} INFO - [2023-03-29T01:17:34.783+0000] {dag.py:2585} INFO - Sync 1 DAGs
[2023-03-29T01:17:34.800+0000] {logging_mixin.py:120} INFO - [2023-03-29T01:17:34.799+0000] {dag.py:3340} INFO - Setting next_dagrun for example_branch_labels to 2023-03-28T00:00:00+00:00, run_after=2023-03-29T00:00:00+00:00
[2023-03-29T01:17:34.813+0000] {processor.py:176} INFO - Processing /home/airflow/.local/lib/python3.7/site-packages/airflow/example_dags/example_branch_labels.py took 0.076 seconds
[2023-03-29T01:18:05.040+0000] {processor.py:154} INFO - Started process (PID=532) to work on /home/airflow/.local/lib/python3.7/site-packages/airflow/example_dags/example_branch_labels.py
[2023-03-29T01:18:05.043+0000] {processor.py:756} INFO - Processing file /home/airflow/.local/lib/python3.7/site-packages/airflow/example_dags/example_branch_labels.py for tasks to queue
[2023-03-29T01:18:05.045+0000] {logging_mixin.py:120} INFO - [2023-03-29T01:18:05.045+0000] {dagbag.py:537} INFO - Filling up the DagBag from /home/airflow/.local/lib/python3.7/site-packages/airflow/example_dags/example_branch_labels.py
[2023-03-29T01:18:05.056+0000] {processor.py:766} INFO - DAG(s) dict_keys(['example_branch_labels']) retrieved from /home/airflow/.local/lib/python3.7/site-packages/airflow/example_dags/example_branch_labels.py
[2023-03-29T01:18:05.085+0000] {logging_mixin.py:120} INFO - [2023-03-29T01:18:05.085+0000] {dag.py:2585} INFO - Sync 1 DAGs
[2023-03-29T01:18:05.103+0000] {logging_mixin.py:120} INFO - [2023-03-29T01:18:05.103+0000] {dag.py:3340} INFO - Setting next_dagrun for example_branch_labels to 2023-03-28T00:00:00+00:00, run_after=2023-03-29T00:00:00+00:00
[2023-03-29T01:18:05.118+0000] {processor.py:176} INFO - Processing /home/airflow/.local/lib/python3.7/site-packages/airflow/example_dags/example_branch_labels.py took 0.081 seconds
[2023-03-29T01:18:35.388+0000] {processor.py:154} INFO - Started process (PID=593) to work on /home/airflow/.local/lib/python3.7/site-packages/airflow/example_dags/example_branch_labels.py
[2023-03-29T01:18:35.391+0000] {processor.py:756} INFO - Processing file /home/airflow/.local/lib/python3.7/site-packages/airflow/example_dags/example_branch_labels.py for tasks to queue
[2023-03-29T01:18:35.393+0000] {logging_mixin.py:120} INFO - [2023-03-29T01:18:35.393+0000] {dagbag.py:537} INFO - Filling up the DagBag from /home/airflow/.local/lib/python3.7/site-packages/airflow/example_dags/example_branch_labels.py
[2023-03-29T01:18:35.404+0000] {processor.py:766} INFO - DAG(s) dict_keys(['example_branch_labels']) retrieved from /home/airflow/.local/lib/python3.7/site-packages/airflow/example_dags/example_branch_labels.py
[2023-03-29T01:18:35.432+0000] {logging_mixin.py:120} INFO - [2023-03-29T01:18:35.432+0000] {dag.py:2585} INFO - Sync 1 DAGs
[2023-03-29T01:18:35.449+0000] {logging_mixin.py:120} INFO - [2023-03-29T01:18:35.448+0000] {dag.py:3340} INFO - Setting next_dagrun for example_branch_labels to 2023-03-28T00:00:00+00:00, run_after=2023-03-29T00:00:00+00:00
[2023-03-29T01:18:35.464+0000] {processor.py:176} INFO - Processing /home/airflow/.local/lib/python3.7/site-packages/airflow/example_dags/example_branch_labels.py took 0.078 seconds
[2023-03-29T01:19:05.924+0000] {processor.py:154} INFO - Started process (PID=649) to work on /home/airflow/.local/lib/python3.7/site-packages/airflow/example_dags/example_branch_labels.py
[2023-03-29T01:19:05.926+0000] {processor.py:756} INFO - Processing file /home/airflow/.local/lib/python3.7/site-packages/airflow/example_dags/example_branch_labels.py for tasks to queue
[2023-03-29T01:19:05.928+0000] {logging_mixin.py:120} INFO - [2023-03-29T01:19:05.928+0000] {dagbag.py:537} INFO - Filling up the DagBag from /home/airflow/.local/lib/python3.7/site-packages/airflow/example_dags/example_branch_labels.py
[2023-03-29T01:19:05.942+0000] {processor.py:766} INFO - DAG(s) dict_keys(['example_branch_labels']) retrieved from /home/airflow/.local/lib/python3.7/site-packages/airflow/example_dags/example_branch_labels.py
[2023-03-29T01:19:05.971+0000] {logging_mixin.py:120} INFO - [2023-03-29T01:19:05.971+0000] {dag.py:2585} INFO - Sync 1 DAGs
[2023-03-29T01:19:05.989+0000] {logging_mixin.py:120} INFO - [2023-03-29T01:19:05.989+0000] {dag.py:3340} INFO - Setting next_dagrun for example_branch_labels to 2023-03-28T00:00:00+00:00, run_after=2023-03-29T00:00:00+00:00
[2023-03-29T01:19:06.004+0000] {processor.py:176} INFO - Processing /home/airflow/.local/lib/python3.7/site-packages/airflow/example_dags/example_branch_labels.py took 0.084 seconds
[2023-03-29T01:19:36.157+0000] {processor.py:154} INFO - Started process (PID=711) to work on /home/airflow/.local/lib/python3.7/site-packages/airflow/example_dags/example_branch_labels.py
[2023-03-29T01:19:36.160+0000] {processor.py:756} INFO - Processing file /home/airflow/.local/lib/python3.7/site-packages/airflow/example_dags/example_branch_labels.py for tasks to queue
[2023-03-29T01:19:36.161+0000] {logging_mixin.py:120} INFO - [2023-03-29T01:19:36.161+0000] {dagbag.py:537} INFO - Filling up the DagBag from /home/airflow/.local/lib/python3.7/site-packages/airflow/example_dags/example_branch_labels.py
[2023-03-29T01:19:36.177+0000] {processor.py:766} INFO - DAG(s) dict_keys(['example_branch_labels']) retrieved from /home/airflow/.local/lib/python3.7/site-packages/airflow/example_dags/example_branch_labels.py
[2023-03-29T01:19:36.205+0000] {logging_mixin.py:120} INFO - [2023-03-29T01:19:36.205+0000] {dag.py:2585} INFO - Sync 1 DAGs
[2023-03-29T01:19:36.221+0000] {logging_mixin.py:120} INFO - [2023-03-29T01:19:36.221+0000] {dag.py:3340} INFO - Setting next_dagrun for example_branch_labels to 2023-03-28T00:00:00+00:00, run_after=2023-03-29T00:00:00+00:00
[2023-03-29T01:19:36.233+0000] {processor.py:176} INFO - Processing /home/airflow/.local/lib/python3.7/site-packages/airflow/example_dags/example_branch_labels.py took 0.078 seconds
[2023-03-29T01:20:06.576+0000] {processor.py:154} INFO - Started process (PID=774) to work on /home/airflow/.local/lib/python3.7/site-packages/airflow/example_dags/example_branch_labels.py
[2023-03-29T01:20:06.579+0000] {processor.py:756} INFO - Processing file /home/airflow/.local/lib/python3.7/site-packages/airflow/example_dags/example_branch_labels.py for tasks to queue
[2023-03-29T01:20:06.580+0000] {logging_mixin.py:120} INFO - [2023-03-29T01:20:06.580+0000] {dagbag.py:537} INFO - Filling up the DagBag from /home/airflow/.local/lib/python3.7/site-packages/airflow/example_dags/example_branch_labels.py
[2023-03-29T01:20:06.590+0000] {processor.py:766} INFO - DAG(s) dict_keys(['example_branch_labels']) retrieved from /home/airflow/.local/lib/python3.7/site-packages/airflow/example_dags/example_branch_labels.py
[2023-03-29T01:20:06.618+0000] {logging_mixin.py:120} INFO - [2023-03-29T01:20:06.618+0000] {dag.py:2585} INFO - Sync 1 DAGs
[2023-03-29T01:20:06.633+0000] {logging_mixin.py:120} INFO - [2023-03-29T01:20:06.633+0000] {dag.py:3340} INFO - Setting next_dagrun for example_branch_labels to 2023-03-28T00:00:00+00:00, run_after=2023-03-29T00:00:00+00:00
[2023-03-29T01:20:06.646+0000] {processor.py:176} INFO - Processing /home/airflow/.local/lib/python3.7/site-packages/airflow/example_dags/example_branch_labels.py took 0.072 seconds
[2023-03-29T01:20:36.940+0000] {processor.py:154} INFO - Started process (PID=837) to work on /home/airflow/.local/lib/python3.7/site-packages/airflow/example_dags/example_branch_labels.py
[2023-03-29T01:20:36.943+0000] {processor.py:756} INFO - Processing file /home/airflow/.local/lib/python3.7/site-packages/airflow/example_dags/example_branch_labels.py for tasks to queue
[2023-03-29T01:20:36.945+0000] {logging_mixin.py:120} INFO - [2023-03-29T01:20:36.945+0000] {dagbag.py:537} INFO - Filling up the DagBag from /home/airflow/.local/lib/python3.7/site-packages/airflow/example_dags/example_branch_labels.py
[2023-03-29T01:20:36.956+0000] {processor.py:766} INFO - DAG(s) dict_keys(['example_branch_labels']) retrieved from /home/airflow/.local/lib/python3.7/site-packages/airflow/example_dags/example_branch_labels.py
[2023-03-29T01:20:36.983+0000] {logging_mixin.py:120} INFO - [2023-03-29T01:20:36.983+0000] {dag.py:2585} INFO - Sync 1 DAGs
[2023-03-29T01:20:36.998+0000] {logging_mixin.py:120} INFO - [2023-03-29T01:20:36.998+0000] {dag.py:3340} INFO - Setting next_dagrun for example_branch_labels to 2023-03-28T00:00:00+00:00, run_after=2023-03-29T00:00:00+00:00
[2023-03-29T01:20:37.012+0000] {processor.py:176} INFO - Processing /home/airflow/.local/lib/python3.7/site-packages/airflow/example_dags/example_branch_labels.py took 0.076 seconds
[2023-03-29T01:21:07.291+0000] {processor.py:154} INFO - Started process (PID=900) to work on /home/airflow/.local/lib/python3.7/site-packages/airflow/example_dags/example_branch_labels.py
[2023-03-29T01:21:07.292+0000] {processor.py:756} INFO - Processing file /home/airflow/.local/lib/python3.7/site-packages/airflow/example_dags/example_branch_labels.py for tasks to queue
[2023-03-29T01:21:07.294+0000] {logging_mixin.py:120} INFO - [2023-03-29T01:21:07.293+0000] {dagbag.py:537} INFO - Filling up the DagBag from /home/airflow/.local/lib/python3.7/site-packages/airflow/example_dags/example_branch_labels.py
[2023-03-29T01:21:07.304+0000] {processor.py:766} INFO - DAG(s) dict_keys(['example_branch_labels']) retrieved from /home/airflow/.local/lib/python3.7/site-packages/airflow/example_dags/example_branch_labels.py
[2023-03-29T01:21:07.335+0000] {logging_mixin.py:120} INFO - [2023-03-29T01:21:07.335+0000] {dag.py:2585} INFO - Sync 1 DAGs
[2023-03-29T01:21:07.354+0000] {logging_mixin.py:120} INFO - [2023-03-29T01:21:07.354+0000] {dag.py:3340} INFO - Setting next_dagrun for example_branch_labels to 2023-03-28T00:00:00+00:00, run_after=2023-03-29T00:00:00+00:00
[2023-03-29T01:21:07.367+0000] {processor.py:176} INFO - Processing /home/airflow/.local/lib/python3.7/site-packages/airflow/example_dags/example_branch_labels.py took 0.079 seconds
[2023-03-29T01:21:37.695+0000] {processor.py:154} INFO - Started process (PID=954) to work on /home/airflow/.local/lib/python3.7/site-packages/airflow/example_dags/example_branch_labels.py
[2023-03-29T01:21:37.698+0000] {processor.py:756} INFO - Processing file /home/airflow/.local/lib/python3.7/site-packages/airflow/example_dags/example_branch_labels.py for tasks to queue
[2023-03-29T01:21:37.701+0000] {logging_mixin.py:120} INFO - [2023-03-29T01:21:37.700+0000] {dagbag.py:537} INFO - Filling up the DagBag from /home/airflow/.local/lib/python3.7/site-packages/airflow/example_dags/example_branch_labels.py
[2023-03-29T01:21:37.714+0000] {processor.py:766} INFO - DAG(s) dict_keys(['example_branch_labels']) retrieved from /home/airflow/.local/lib/python3.7/site-packages/airflow/example_dags/example_branch_labels.py
[2023-03-29T01:21:37.746+0000] {logging_mixin.py:120} INFO - [2023-03-29T01:21:37.745+0000] {dag.py:2585} INFO - Sync 1 DAGs
[2023-03-29T01:21:37.762+0000] {logging_mixin.py:120} INFO - [2023-03-29T01:21:37.762+0000] {dag.py:3340} INFO - Setting next_dagrun for example_branch_labels to 2023-03-28T00:00:00+00:00, run_after=2023-03-29T00:00:00+00:00
[2023-03-29T01:21:37.775+0000] {processor.py:176} INFO - Processing /home/airflow/.local/lib/python3.7/site-packages/airflow/example_dags/example_branch_labels.py took 0.085 seconds
[2023-03-29T01:22:08.096+0000] {processor.py:154} INFO - Started process (PID=1017) to work on /home/airflow/.local/lib/python3.7/site-packages/airflow/example_dags/example_branch_labels.py
[2023-03-29T01:22:08.098+0000] {processor.py:756} INFO - Processing file /home/airflow/.local/lib/python3.7/site-packages/airflow/example_dags/example_branch_labels.py for tasks to queue
[2023-03-29T01:22:08.100+0000] {logging_mixin.py:120} INFO - [2023-03-29T01:22:08.100+0000] {dagbag.py:537} INFO - Filling up the DagBag from /home/airflow/.local/lib/python3.7/site-packages/airflow/example_dags/example_branch_labels.py
[2023-03-29T01:22:08.116+0000] {processor.py:766} INFO - DAG(s) dict_keys(['example_branch_labels']) retrieved from /home/airflow/.local/lib/python3.7/site-packages/airflow/example_dags/example_branch_labels.py
[2023-03-29T01:22:08.147+0000] {logging_mixin.py:120} INFO - [2023-03-29T01:22:08.147+0000] {dag.py:2585} INFO - Sync 1 DAGs
[2023-03-29T01:22:08.164+0000] {logging_mixin.py:120} INFO - [2023-03-29T01:22:08.164+0000] {dag.py:3340} INFO - Setting next_dagrun for example_branch_labels to 2023-03-28T00:00:00+00:00, run_after=2023-03-29T00:00:00+00:00
[2023-03-29T01:22:08.177+0000] {processor.py:176} INFO - Processing /home/airflow/.local/lib/python3.7/site-packages/airflow/example_dags/example_branch_labels.py took 0.085 seconds
[2023-03-29T01:22:38.492+0000] {processor.py:154} INFO - Started process (PID=1080) to work on /home/airflow/.local/lib/python3.7/site-packages/airflow/example_dags/example_branch_labels.py
[2023-03-29T01:22:38.498+0000] {processor.py:756} INFO - Processing file /home/airflow/.local/lib/python3.7/site-packages/airflow/example_dags/example_branch_labels.py for tasks to queue
[2023-03-29T01:22:38.502+0000] {logging_mixin.py:120} INFO - [2023-03-29T01:22:38.502+0000] {dagbag.py:537} INFO - Filling up the DagBag from /home/airflow/.local/lib/python3.7/site-packages/airflow/example_dags/example_branch_labels.py
[2023-03-29T01:22:38.517+0000] {processor.py:766} INFO - DAG(s) dict_keys(['example_branch_labels']) retrieved from /home/airflow/.local/lib/python3.7/site-packages/airflow/example_dags/example_branch_labels.py
[2023-03-29T01:22:38.547+0000] {logging_mixin.py:120} INFO - [2023-03-29T01:22:38.547+0000] {dag.py:2585} INFO - Sync 1 DAGs
[2023-03-29T01:22:38.564+0000] {logging_mixin.py:120} INFO - [2023-03-29T01:22:38.564+0000] {dag.py:3340} INFO - Setting next_dagrun for example_branch_labels to 2023-03-28T00:00:00+00:00, run_after=2023-03-29T00:00:00+00:00
[2023-03-29T01:22:38.576+0000] {processor.py:176} INFO - Processing /home/airflow/.local/lib/python3.7/site-packages/airflow/example_dags/example_branch_labels.py took 0.088 seconds
[2023-03-29T01:23:08.839+0000] {processor.py:154} INFO - Started process (PID=1143) to work on /home/airflow/.local/lib/python3.7/site-packages/airflow/example_dags/example_branch_labels.py
[2023-03-29T01:23:08.841+0000] {processor.py:756} INFO - Processing file /home/airflow/.local/lib/python3.7/site-packages/airflow/example_dags/example_branch_labels.py for tasks to queue
[2023-03-29T01:23:08.844+0000] {logging_mixin.py:120} INFO - [2023-03-29T01:23:08.844+0000] {dagbag.py:537} INFO - Filling up the DagBag from /home/airflow/.local/lib/python3.7/site-packages/airflow/example_dags/example_branch_labels.py
[2023-03-29T01:23:08.859+0000] {processor.py:766} INFO - DAG(s) dict_keys(['example_branch_labels']) retrieved from /home/airflow/.local/lib/python3.7/site-packages/airflow/example_dags/example_branch_labels.py
[2023-03-29T01:23:08.891+0000] {logging_mixin.py:120} INFO - [2023-03-29T01:23:08.891+0000] {dag.py:2585} INFO - Sync 1 DAGs
[2023-03-29T01:23:08.908+0000] {logging_mixin.py:120} INFO - [2023-03-29T01:23:08.908+0000] {dag.py:3340} INFO - Setting next_dagrun for example_branch_labels to 2023-03-28T00:00:00+00:00, run_after=2023-03-29T00:00:00+00:00
[2023-03-29T01:23:08.920+0000] {processor.py:176} INFO - Processing /home/airflow/.local/lib/python3.7/site-packages/airflow/example_dags/example_branch_labels.py took 0.086 seconds
[2023-03-29T01:23:39.134+0000] {processor.py:154} INFO - Started process (PID=1205) to work on /home/airflow/.local/lib/python3.7/site-packages/airflow/example_dags/example_branch_labels.py
[2023-03-29T01:23:39.138+0000] {processor.py:756} INFO - Processing file /home/airflow/.local/lib/python3.7/site-packages/airflow/example_dags/example_branch_labels.py for tasks to queue
[2023-03-29T01:23:39.141+0000] {logging_mixin.py:120} INFO - [2023-03-29T01:23:39.141+0000] {dagbag.py:537} INFO - Filling up the DagBag from /home/airflow/.local/lib/python3.7/site-packages/airflow/example_dags/example_branch_labels.py
[2023-03-29T01:23:39.159+0000] {processor.py:766} INFO - DAG(s) dict_keys(['example_branch_labels']) retrieved from /home/airflow/.local/lib/python3.7/site-packages/airflow/example_dags/example_branch_labels.py
[2023-03-29T01:23:39.194+0000] {logging_mixin.py:120} INFO - [2023-03-29T01:23:39.194+0000] {dag.py:2585} INFO - Sync 1 DAGs
[2023-03-29T01:23:39.212+0000] {logging_mixin.py:120} INFO - [2023-03-29T01:23:39.211+0000] {dag.py:3340} INFO - Setting next_dagrun for example_branch_labels to 2023-03-28T00:00:00+00:00, run_after=2023-03-29T00:00:00+00:00
[2023-03-29T01:23:39.226+0000] {processor.py:176} INFO - Processing /home/airflow/.local/lib/python3.7/site-packages/airflow/example_dags/example_branch_labels.py took 0.097 seconds
