[2023-03-29T01:14:01.872+0000] {processor.py:154} INFO - Started process (PID=37) to work on /home/airflow/.local/lib/python3.7/site-packages/airflow/example_dags/example_time_delta_sensor_async.py
[2023-03-29T01:14:01.873+0000] {processor.py:756} INFO - Processing file /home/airflow/.local/lib/python3.7/site-packages/airflow/example_dags/example_time_delta_sensor_async.py for tasks to queue
[2023-03-29T01:14:01.875+0000] {logging_mixin.py:120} INFO - [2023-03-29T01:14:01.875+0000] {dagbag.py:537} INFO - Filling up the DagBag from /home/airflow/.local/lib/python3.7/site-packages/airflow/example_dags/example_time_delta_sensor_async.py
[2023-03-29T01:14:01.887+0000] {processor.py:766} INFO - DAG(s) dict_keys(['example_time_delta_sensor_async']) retrieved from /home/airflow/.local/lib/python3.7/site-packages/airflow/example_dags/example_time_delta_sensor_async.py
[2023-03-29T01:14:02.133+0000] {logging_mixin.py:120} INFO - [2023-03-29T01:14:02.133+0000] {manager.py:507} INFO - Created Permission View: can delete on DAG:example_time_delta_sensor_async
[2023-03-29T01:14:02.142+0000] {logging_mixin.py:120} INFO - [2023-03-29T01:14:02.142+0000] {manager.py:507} INFO - Created Permission View: can edit on DAG:example_time_delta_sensor_async
[2023-03-29T01:14:02.151+0000] {logging_mixin.py:120} INFO - [2023-03-29T01:14:02.151+0000] {manager.py:507} INFO - Created Permission View: can read on DAG:example_time_delta_sensor_async
[2023-03-29T01:14:02.152+0000] {logging_mixin.py:120} INFO - [2023-03-29T01:14:02.152+0000] {dag.py:2585} INFO - Sync 1 DAGs
[2023-03-29T01:14:02.165+0000] {logging_mixin.py:120} INFO - [2023-03-29T01:14:02.165+0000] {dag.py:2606} INFO - Creating ORM DAG for example_time_delta_sensor_async
[2023-03-29T01:14:02.176+0000] {logging_mixin.py:120} INFO - [2023-03-29T01:14:02.176+0000] {dag.py:3340} INFO - Setting next_dagrun for example_time_delta_sensor_async to None, run_after=None
[2023-03-29T01:14:02.192+0000] {processor.py:176} INFO - Processing /home/airflow/.local/lib/python3.7/site-packages/airflow/example_dags/example_time_delta_sensor_async.py took 0.323 seconds
[2023-03-29T01:14:32.864+0000] {processor.py:154} INFO - Started process (PID=100) to work on /home/airflow/.local/lib/python3.7/site-packages/airflow/example_dags/example_time_delta_sensor_async.py
[2023-03-29T01:14:32.866+0000] {processor.py:756} INFO - Processing file /home/airflow/.local/lib/python3.7/site-packages/airflow/example_dags/example_time_delta_sensor_async.py for tasks to queue
[2023-03-29T01:14:32.867+0000] {logging_mixin.py:120} INFO - [2023-03-29T01:14:32.867+0000] {dagbag.py:537} INFO - Filling up the DagBag from /home/airflow/.local/lib/python3.7/site-packages/airflow/example_dags/example_time_delta_sensor_async.py
[2023-03-29T01:14:32.876+0000] {processor.py:766} INFO - DAG(s) dict_keys(['example_time_delta_sensor_async']) retrieved from /home/airflow/.local/lib/python3.7/site-packages/airflow/example_dags/example_time_delta_sensor_async.py
[2023-03-29T01:14:32.993+0000] {logging_mixin.py:120} INFO - [2023-03-29T01:14:32.993+0000] {dag.py:2585} INFO - Sync 1 DAGs
[2023-03-29T01:14:33.008+0000] {logging_mixin.py:120} INFO - [2023-03-29T01:14:33.008+0000] {dag.py:3340} INFO - Setting next_dagrun for example_time_delta_sensor_async to None, run_after=None
[2023-03-29T01:14:33.020+0000] {processor.py:176} INFO - Processing /home/airflow/.local/lib/python3.7/site-packages/airflow/example_dags/example_time_delta_sensor_async.py took 0.157 seconds
[2023-03-29T01:15:03.220+0000] {processor.py:154} INFO - Started process (PID=164) to work on /home/airflow/.local/lib/python3.7/site-packages/airflow/example_dags/example_time_delta_sensor_async.py
[2023-03-29T01:15:03.222+0000] {processor.py:756} INFO - Processing file /home/airflow/.local/lib/python3.7/site-packages/airflow/example_dags/example_time_delta_sensor_async.py for tasks to queue
[2023-03-29T01:15:03.222+0000] {logging_mixin.py:120} INFO - [2023-03-29T01:15:03.222+0000] {dagbag.py:537} INFO - Filling up the DagBag from /home/airflow/.local/lib/python3.7/site-packages/airflow/example_dags/example_time_delta_sensor_async.py
[2023-03-29T01:15:03.233+0000] {processor.py:766} INFO - DAG(s) dict_keys(['example_time_delta_sensor_async']) retrieved from /home/airflow/.local/lib/python3.7/site-packages/airflow/example_dags/example_time_delta_sensor_async.py
[2023-03-29T01:15:03.340+0000] {logging_mixin.py:120} INFO - [2023-03-29T01:15:03.339+0000] {dag.py:2585} INFO - Sync 1 DAGs
[2023-03-29T01:15:03.355+0000] {logging_mixin.py:120} INFO - [2023-03-29T01:15:03.355+0000] {dag.py:3340} INFO - Setting next_dagrun for example_time_delta_sensor_async to None, run_after=None
[2023-03-29T01:15:03.368+0000] {processor.py:176} INFO - Processing /home/airflow/.local/lib/python3.7/site-packages/airflow/example_dags/example_time_delta_sensor_async.py took 0.150 seconds
[2023-03-29T01:15:33.517+0000] {processor.py:154} INFO - Started process (PID=228) to work on /home/airflow/.local/lib/python3.7/site-packages/airflow/example_dags/example_time_delta_sensor_async.py
[2023-03-29T01:15:33.519+0000] {processor.py:756} INFO - Processing file /home/airflow/.local/lib/python3.7/site-packages/airflow/example_dags/example_time_delta_sensor_async.py for tasks to queue
[2023-03-29T01:15:33.520+0000] {logging_mixin.py:120} INFO - [2023-03-29T01:15:33.520+0000] {dagbag.py:537} INFO - Filling up the DagBag from /home/airflow/.local/lib/python3.7/site-packages/airflow/example_dags/example_time_delta_sensor_async.py
[2023-03-29T01:15:33.529+0000] {processor.py:766} INFO - DAG(s) dict_keys(['example_time_delta_sensor_async']) retrieved from /home/airflow/.local/lib/python3.7/site-packages/airflow/example_dags/example_time_delta_sensor_async.py
[2023-03-29T01:15:33.642+0000] {logging_mixin.py:120} INFO - [2023-03-29T01:15:33.642+0000] {dag.py:2585} INFO - Sync 1 DAGs
[2023-03-29T01:15:33.656+0000] {logging_mixin.py:120} INFO - [2023-03-29T01:15:33.656+0000] {dag.py:3340} INFO - Setting next_dagrun for example_time_delta_sensor_async to None, run_after=None
[2023-03-29T01:15:33.669+0000] {processor.py:176} INFO - Processing /home/airflow/.local/lib/python3.7/site-packages/airflow/example_dags/example_time_delta_sensor_async.py took 0.155 seconds
[2023-03-29T01:16:03.811+0000] {processor.py:154} INFO - Started process (PID=281) to work on /home/airflow/.local/lib/python3.7/site-packages/airflow/example_dags/example_time_delta_sensor_async.py
[2023-03-29T01:16:03.812+0000] {processor.py:756} INFO - Processing file /home/airflow/.local/lib/python3.7/site-packages/airflow/example_dags/example_time_delta_sensor_async.py for tasks to queue
[2023-03-29T01:16:03.814+0000] {logging_mixin.py:120} INFO - [2023-03-29T01:16:03.814+0000] {dagbag.py:537} INFO - Filling up the DagBag from /home/airflow/.local/lib/python3.7/site-packages/airflow/example_dags/example_time_delta_sensor_async.py
[2023-03-29T01:16:03.825+0000] {processor.py:766} INFO - DAG(s) dict_keys(['example_time_delta_sensor_async']) retrieved from /home/airflow/.local/lib/python3.7/site-packages/airflow/example_dags/example_time_delta_sensor_async.py
[2023-03-29T01:16:03.931+0000] {logging_mixin.py:120} INFO - [2023-03-29T01:16:03.930+0000] {dag.py:2585} INFO - Sync 1 DAGs
[2023-03-29T01:16:03.947+0000] {logging_mixin.py:120} INFO - [2023-03-29T01:16:03.947+0000] {dag.py:3340} INFO - Setting next_dagrun for example_time_delta_sensor_async to None, run_after=None
[2023-03-29T01:16:03.959+0000] {processor.py:176} INFO - Processing /home/airflow/.local/lib/python3.7/site-packages/airflow/example_dags/example_time_delta_sensor_async.py took 0.151 seconds
[2023-03-29T01:16:33.988+0000] {processor.py:154} INFO - Started process (PID=344) to work on /home/airflow/.local/lib/python3.7/site-packages/airflow/example_dags/example_time_delta_sensor_async.py
[2023-03-29T01:16:33.990+0000] {processor.py:756} INFO - Processing file /home/airflow/.local/lib/python3.7/site-packages/airflow/example_dags/example_time_delta_sensor_async.py for tasks to queue
[2023-03-29T01:16:33.991+0000] {logging_mixin.py:120} INFO - [2023-03-29T01:16:33.991+0000] {dagbag.py:537} INFO - Filling up the DagBag from /home/airflow/.local/lib/python3.7/site-packages/airflow/example_dags/example_time_delta_sensor_async.py
[2023-03-29T01:16:34.002+0000] {processor.py:766} INFO - DAG(s) dict_keys(['example_time_delta_sensor_async']) retrieved from /home/airflow/.local/lib/python3.7/site-packages/airflow/example_dags/example_time_delta_sensor_async.py
[2023-03-29T01:16:34.109+0000] {logging_mixin.py:120} INFO - [2023-03-29T01:16:34.109+0000] {dag.py:2585} INFO - Sync 1 DAGs
[2023-03-29T01:16:34.125+0000] {logging_mixin.py:120} INFO - [2023-03-29T01:16:34.125+0000] {dag.py:3340} INFO - Setting next_dagrun for example_time_delta_sensor_async to None, run_after=None
[2023-03-29T01:16:34.137+0000] {processor.py:176} INFO - Processing /home/airflow/.local/lib/python3.7/site-packages/airflow/example_dags/example_time_delta_sensor_async.py took 0.151 seconds
[2023-03-29T01:17:04.386+0000] {processor.py:154} INFO - Started process (PID=407) to work on /home/airflow/.local/lib/python3.7/site-packages/airflow/example_dags/example_time_delta_sensor_async.py
[2023-03-29T01:17:04.388+0000] {processor.py:756} INFO - Processing file /home/airflow/.local/lib/python3.7/site-packages/airflow/example_dags/example_time_delta_sensor_async.py for tasks to queue
[2023-03-29T01:17:04.390+0000] {logging_mixin.py:120} INFO - [2023-03-29T01:17:04.390+0000] {dagbag.py:537} INFO - Filling up the DagBag from /home/airflow/.local/lib/python3.7/site-packages/airflow/example_dags/example_time_delta_sensor_async.py
[2023-03-29T01:17:04.399+0000] {processor.py:766} INFO - DAG(s) dict_keys(['example_time_delta_sensor_async']) retrieved from /home/airflow/.local/lib/python3.7/site-packages/airflow/example_dags/example_time_delta_sensor_async.py
[2023-03-29T01:17:04.504+0000] {logging_mixin.py:120} INFO - [2023-03-29T01:17:04.504+0000] {dag.py:2585} INFO - Sync 1 DAGs
[2023-03-29T01:17:04.522+0000] {logging_mixin.py:120} INFO - [2023-03-29T01:17:04.522+0000] {dag.py:3340} INFO - Setting next_dagrun for example_time_delta_sensor_async to None, run_after=None
[2023-03-29T01:17:04.535+0000] {processor.py:176} INFO - Processing /home/airflow/.local/lib/python3.7/site-packages/airflow/example_dags/example_time_delta_sensor_async.py took 0.151 seconds
[2023-03-29T01:17:34.833+0000] {processor.py:154} INFO - Started process (PID=470) to work on /home/airflow/.local/lib/python3.7/site-packages/airflow/example_dags/example_time_delta_sensor_async.py
[2023-03-29T01:17:34.834+0000] {processor.py:756} INFO - Processing file /home/airflow/.local/lib/python3.7/site-packages/airflow/example_dags/example_time_delta_sensor_async.py for tasks to queue
[2023-03-29T01:17:34.836+0000] {logging_mixin.py:120} INFO - [2023-03-29T01:17:34.836+0000] {dagbag.py:537} INFO - Filling up the DagBag from /home/airflow/.local/lib/python3.7/site-packages/airflow/example_dags/example_time_delta_sensor_async.py
[2023-03-29T01:17:34.843+0000] {processor.py:766} INFO - DAG(s) dict_keys(['example_time_delta_sensor_async']) retrieved from /home/airflow/.local/lib/python3.7/site-packages/airflow/example_dags/example_time_delta_sensor_async.py
[2023-03-29T01:17:34.949+0000] {logging_mixin.py:120} INFO - [2023-03-29T01:17:34.949+0000] {dag.py:2585} INFO - Sync 1 DAGs
[2023-03-29T01:17:34.967+0000] {logging_mixin.py:120} INFO - [2023-03-29T01:17:34.967+0000] {dag.py:3340} INFO - Setting next_dagrun for example_time_delta_sensor_async to None, run_after=None
[2023-03-29T01:17:34.978+0000] {processor.py:176} INFO - Processing /home/airflow/.local/lib/python3.7/site-packages/airflow/example_dags/example_time_delta_sensor_async.py took 0.147 seconds
[2023-03-29T01:18:05.144+0000] {processor.py:154} INFO - Started process (PID=534) to work on /home/airflow/.local/lib/python3.7/site-packages/airflow/example_dags/example_time_delta_sensor_async.py
[2023-03-29T01:18:05.145+0000] {processor.py:756} INFO - Processing file /home/airflow/.local/lib/python3.7/site-packages/airflow/example_dags/example_time_delta_sensor_async.py for tasks to queue
[2023-03-29T01:18:05.148+0000] {logging_mixin.py:120} INFO - [2023-03-29T01:18:05.148+0000] {dagbag.py:537} INFO - Filling up the DagBag from /home/airflow/.local/lib/python3.7/site-packages/airflow/example_dags/example_time_delta_sensor_async.py
[2023-03-29T01:18:05.160+0000] {processor.py:766} INFO - DAG(s) dict_keys(['example_time_delta_sensor_async']) retrieved from /home/airflow/.local/lib/python3.7/site-packages/airflow/example_dags/example_time_delta_sensor_async.py
[2023-03-29T01:18:05.275+0000] {logging_mixin.py:120} INFO - [2023-03-29T01:18:05.275+0000] {dag.py:2585} INFO - Sync 1 DAGs
[2023-03-29T01:18:05.289+0000] {logging_mixin.py:120} INFO - [2023-03-29T01:18:05.289+0000] {dag.py:3340} INFO - Setting next_dagrun for example_time_delta_sensor_async to None, run_after=None
[2023-03-29T01:18:05.302+0000] {processor.py:176} INFO - Processing /home/airflow/.local/lib/python3.7/site-packages/airflow/example_dags/example_time_delta_sensor_async.py took 0.160 seconds
[2023-03-29T01:18:35.487+0000] {processor.py:154} INFO - Started process (PID=597) to work on /home/airflow/.local/lib/python3.7/site-packages/airflow/example_dags/example_time_delta_sensor_async.py
[2023-03-29T01:18:35.489+0000] {processor.py:756} INFO - Processing file /home/airflow/.local/lib/python3.7/site-packages/airflow/example_dags/example_time_delta_sensor_async.py for tasks to queue
[2023-03-29T01:18:35.491+0000] {logging_mixin.py:120} INFO - [2023-03-29T01:18:35.490+0000] {dagbag.py:537} INFO - Filling up the DagBag from /home/airflow/.local/lib/python3.7/site-packages/airflow/example_dags/example_time_delta_sensor_async.py
[2023-03-29T01:18:35.500+0000] {processor.py:766} INFO - DAG(s) dict_keys(['example_time_delta_sensor_async']) retrieved from /home/airflow/.local/lib/python3.7/site-packages/airflow/example_dags/example_time_delta_sensor_async.py
[2023-03-29T01:18:35.617+0000] {logging_mixin.py:120} INFO - [2023-03-29T01:18:35.616+0000] {dag.py:2585} INFO - Sync 1 DAGs
[2023-03-29T01:18:35.633+0000] {logging_mixin.py:120} INFO - [2023-03-29T01:18:35.633+0000] {dag.py:3340} INFO - Setting next_dagrun for example_time_delta_sensor_async to None, run_after=None
[2023-03-29T01:18:35.647+0000] {processor.py:176} INFO - Processing /home/airflow/.local/lib/python3.7/site-packages/airflow/example_dags/example_time_delta_sensor_async.py took 0.162 seconds
[2023-03-29T01:19:06.032+0000] {processor.py:154} INFO - Started process (PID=651) to work on /home/airflow/.local/lib/python3.7/site-packages/airflow/example_dags/example_time_delta_sensor_async.py
[2023-03-29T01:19:06.033+0000] {processor.py:756} INFO - Processing file /home/airflow/.local/lib/python3.7/site-packages/airflow/example_dags/example_time_delta_sensor_async.py for tasks to queue
[2023-03-29T01:19:06.034+0000] {logging_mixin.py:120} INFO - [2023-03-29T01:19:06.034+0000] {dagbag.py:537} INFO - Filling up the DagBag from /home/airflow/.local/lib/python3.7/site-packages/airflow/example_dags/example_time_delta_sensor_async.py
[2023-03-29T01:19:06.043+0000] {processor.py:766} INFO - DAG(s) dict_keys(['example_time_delta_sensor_async']) retrieved from /home/airflow/.local/lib/python3.7/site-packages/airflow/example_dags/example_time_delta_sensor_async.py
[2023-03-29T01:19:06.149+0000] {logging_mixin.py:120} INFO - [2023-03-29T01:19:06.148+0000] {dag.py:2585} INFO - Sync 1 DAGs
[2023-03-29T01:19:06.168+0000] {logging_mixin.py:120} INFO - [2023-03-29T01:19:06.168+0000] {dag.py:3340} INFO - Setting next_dagrun for example_time_delta_sensor_async to None, run_after=None
[2023-03-29T01:19:06.180+0000] {processor.py:176} INFO - Processing /home/airflow/.local/lib/python3.7/site-packages/airflow/example_dags/example_time_delta_sensor_async.py took 0.150 seconds
[2023-03-29T01:19:36.287+0000] {processor.py:154} INFO - Started process (PID=714) to work on /home/airflow/.local/lib/python3.7/site-packages/airflow/example_dags/example_time_delta_sensor_async.py
[2023-03-29T01:19:36.289+0000] {processor.py:756} INFO - Processing file /home/airflow/.local/lib/python3.7/site-packages/airflow/example_dags/example_time_delta_sensor_async.py for tasks to queue
[2023-03-29T01:19:36.290+0000] {logging_mixin.py:120} INFO - [2023-03-29T01:19:36.290+0000] {dagbag.py:537} INFO - Filling up the DagBag from /home/airflow/.local/lib/python3.7/site-packages/airflow/example_dags/example_time_delta_sensor_async.py
[2023-03-29T01:19:36.299+0000] {processor.py:766} INFO - DAG(s) dict_keys(['example_time_delta_sensor_async']) retrieved from /home/airflow/.local/lib/python3.7/site-packages/airflow/example_dags/example_time_delta_sensor_async.py
[2023-03-29T01:19:36.403+0000] {logging_mixin.py:120} INFO - [2023-03-29T01:19:36.403+0000] {dag.py:2585} INFO - Sync 1 DAGs
[2023-03-29T01:19:36.417+0000] {logging_mixin.py:120} INFO - [2023-03-29T01:19:36.417+0000] {dag.py:3340} INFO - Setting next_dagrun for example_time_delta_sensor_async to None, run_after=None
[2023-03-29T01:19:36.427+0000] {processor.py:176} INFO - Processing /home/airflow/.local/lib/python3.7/site-packages/airflow/example_dags/example_time_delta_sensor_async.py took 0.143 seconds
[2023-03-29T01:20:06.670+0000] {processor.py:154} INFO - Started process (PID=776) to work on /home/airflow/.local/lib/python3.7/site-packages/airflow/example_dags/example_time_delta_sensor_async.py
[2023-03-29T01:20:06.672+0000] {processor.py:756} INFO - Processing file /home/airflow/.local/lib/python3.7/site-packages/airflow/example_dags/example_time_delta_sensor_async.py for tasks to queue
[2023-03-29T01:20:06.673+0000] {logging_mixin.py:120} INFO - [2023-03-29T01:20:06.673+0000] {dagbag.py:537} INFO - Filling up the DagBag from /home/airflow/.local/lib/python3.7/site-packages/airflow/example_dags/example_time_delta_sensor_async.py
[2023-03-29T01:20:06.682+0000] {processor.py:766} INFO - DAG(s) dict_keys(['example_time_delta_sensor_async']) retrieved from /home/airflow/.local/lib/python3.7/site-packages/airflow/example_dags/example_time_delta_sensor_async.py
[2023-03-29T01:20:06.790+0000] {logging_mixin.py:120} INFO - [2023-03-29T01:20:06.790+0000] {dag.py:2585} INFO - Sync 1 DAGs
[2023-03-29T01:20:06.804+0000] {logging_mixin.py:120} INFO - [2023-03-29T01:20:06.804+0000] {dag.py:3340} INFO - Setting next_dagrun for example_time_delta_sensor_async to None, run_after=None
[2023-03-29T01:20:06.817+0000] {processor.py:176} INFO - Processing /home/airflow/.local/lib/python3.7/site-packages/airflow/example_dags/example_time_delta_sensor_async.py took 0.149 seconds
[2023-03-29T01:20:37.032+0000] {processor.py:154} INFO - Started process (PID=839) to work on /home/airflow/.local/lib/python3.7/site-packages/airflow/example_dags/example_time_delta_sensor_async.py
[2023-03-29T01:20:37.033+0000] {processor.py:756} INFO - Processing file /home/airflow/.local/lib/python3.7/site-packages/airflow/example_dags/example_time_delta_sensor_async.py for tasks to queue
[2023-03-29T01:20:37.034+0000] {logging_mixin.py:120} INFO - [2023-03-29T01:20:37.034+0000] {dagbag.py:537} INFO - Filling up the DagBag from /home/airflow/.local/lib/python3.7/site-packages/airflow/example_dags/example_time_delta_sensor_async.py
[2023-03-29T01:20:37.044+0000] {processor.py:766} INFO - DAG(s) dict_keys(['example_time_delta_sensor_async']) retrieved from /home/airflow/.local/lib/python3.7/site-packages/airflow/example_dags/example_time_delta_sensor_async.py
[2023-03-29T01:20:37.147+0000] {logging_mixin.py:120} INFO - [2023-03-29T01:20:37.147+0000] {dag.py:2585} INFO - Sync 1 DAGs
[2023-03-29T01:20:37.162+0000] {logging_mixin.py:120} INFO - [2023-03-29T01:20:37.162+0000] {dag.py:3340} INFO - Setting next_dagrun for example_time_delta_sensor_async to None, run_after=None
[2023-03-29T01:20:37.173+0000] {processor.py:176} INFO - Processing /home/airflow/.local/lib/python3.7/site-packages/airflow/example_dags/example_time_delta_sensor_async.py took 0.144 seconds
