[2023-03-29T01:14:02.760+0000] {processor.py:154} INFO - Started process (PID=43) to work on /home/airflow/.local/lib/python3.7/site-packages/airflow/example_dags/example_dag_decorator.py
[2023-03-29T01:14:02.761+0000] {processor.py:756} INFO - Processing file /home/airflow/.local/lib/python3.7/site-packages/airflow/example_dags/example_dag_decorator.py for tasks to queue
[2023-03-29T01:14:02.763+0000] {logging_mixin.py:120} INFO - [2023-03-29T01:14:02.763+0000] {dagbag.py:537} INFO - Filling up the DagBag from /home/airflow/.local/lib/python3.7/site-packages/airflow/example_dags/example_dag_decorator.py
[2023-03-29T01:14:02.778+0000] {logging_mixin.py:120} INFO - [2023-03-29T01:14:02.778+0000] {taskmixin.py:205} WARNING - Dependency <Task(_PythonDecoratedOperator): prepare_email>, send_email already registered for DAG: example_dag_decorator
[2023-03-29T01:14:02.779+0000] {logging_mixin.py:120} INFO - [2023-03-29T01:14:02.779+0000] {taskmixin.py:205} WARNING - Dependency <Task(EmailOperator): send_email>, prepare_email already registered for DAG: example_dag_decorator
[2023-03-29T01:14:02.799+0000] {processor.py:766} INFO - DAG(s) dict_keys(['example_dag_decorator']) retrieved from /home/airflow/.local/lib/python3.7/site-packages/airflow/example_dags/example_dag_decorator.py
[2023-03-29T01:14:02.895+0000] {logging_mixin.py:120} INFO - [2023-03-29T01:14:02.895+0000] {manager.py:507} INFO - Created Permission View: can delete on DAG:example_dag_decorator
[2023-03-29T01:14:02.902+0000] {logging_mixin.py:120} INFO - [2023-03-29T01:14:02.902+0000] {manager.py:507} INFO - Created Permission View: can edit on DAG:example_dag_decorator
[2023-03-29T01:14:02.909+0000] {logging_mixin.py:120} INFO - [2023-03-29T01:14:02.909+0000] {manager.py:507} INFO - Created Permission View: can read on DAG:example_dag_decorator
[2023-03-29T01:14:02.910+0000] {logging_mixin.py:120} INFO - [2023-03-29T01:14:02.910+0000] {dag.py:2585} INFO - Sync 1 DAGs
[2023-03-29T01:14:02.921+0000] {logging_mixin.py:120} INFO - [2023-03-29T01:14:02.921+0000] {dag.py:2606} INFO - Creating ORM DAG for example_dag_decorator
[2023-03-29T01:14:02.930+0000] {logging_mixin.py:120} INFO - [2023-03-29T01:14:02.930+0000] {dag.py:3340} INFO - Setting next_dagrun for example_dag_decorator to None, run_after=None
[2023-03-29T01:14:02.952+0000] {processor.py:176} INFO - Processing /home/airflow/.local/lib/python3.7/site-packages/airflow/example_dags/example_dag_decorator.py took 0.195 seconds
[2023-03-29T01:14:33.244+0000] {processor.py:154} INFO - Started process (PID=106) to work on /home/airflow/.local/lib/python3.7/site-packages/airflow/example_dags/example_dag_decorator.py
[2023-03-29T01:14:33.245+0000] {processor.py:756} INFO - Processing file /home/airflow/.local/lib/python3.7/site-packages/airflow/example_dags/example_dag_decorator.py for tasks to queue
[2023-03-29T01:14:33.247+0000] {logging_mixin.py:120} INFO - [2023-03-29T01:14:33.247+0000] {dagbag.py:537} INFO - Filling up the DagBag from /home/airflow/.local/lib/python3.7/site-packages/airflow/example_dags/example_dag_decorator.py
[2023-03-29T01:14:33.258+0000] {logging_mixin.py:120} INFO - [2023-03-29T01:14:33.258+0000] {taskmixin.py:205} WARNING - Dependency <Task(_PythonDecoratedOperator): prepare_email>, send_email already registered for DAG: example_dag_decorator
[2023-03-29T01:14:33.259+0000] {logging_mixin.py:120} INFO - [2023-03-29T01:14:33.259+0000] {taskmixin.py:205} WARNING - Dependency <Task(EmailOperator): send_email>, prepare_email already registered for DAG: example_dag_decorator
[2023-03-29T01:14:33.274+0000] {processor.py:766} INFO - DAG(s) dict_keys(['example_dag_decorator']) retrieved from /home/airflow/.local/lib/python3.7/site-packages/airflow/example_dags/example_dag_decorator.py
[2023-03-29T01:14:33.328+0000] {logging_mixin.py:120} INFO - [2023-03-29T01:14:33.328+0000] {dag.py:2585} INFO - Sync 1 DAGs
[2023-03-29T01:14:33.341+0000] {logging_mixin.py:120} INFO - [2023-03-29T01:14:33.341+0000] {dag.py:3340} INFO - Setting next_dagrun for example_dag_decorator to None, run_after=None
[2023-03-29T01:14:33.354+0000] {processor.py:176} INFO - Processing /home/airflow/.local/lib/python3.7/site-packages/airflow/example_dags/example_dag_decorator.py took 0.112 seconds
[2023-03-29T01:15:03.588+0000] {processor.py:154} INFO - Started process (PID=170) to work on /home/airflow/.local/lib/python3.7/site-packages/airflow/example_dags/example_dag_decorator.py
[2023-03-29T01:15:03.590+0000] {processor.py:756} INFO - Processing file /home/airflow/.local/lib/python3.7/site-packages/airflow/example_dags/example_dag_decorator.py for tasks to queue
[2023-03-29T01:15:03.591+0000] {logging_mixin.py:120} INFO - [2023-03-29T01:15:03.591+0000] {dagbag.py:537} INFO - Filling up the DagBag from /home/airflow/.local/lib/python3.7/site-packages/airflow/example_dags/example_dag_decorator.py
[2023-03-29T01:15:03.602+0000] {logging_mixin.py:120} INFO - [2023-03-29T01:15:03.602+0000] {taskmixin.py:205} WARNING - Dependency <Task(_PythonDecoratedOperator): prepare_email>, send_email already registered for DAG: example_dag_decorator
[2023-03-29T01:15:03.603+0000] {logging_mixin.py:120} INFO - [2023-03-29T01:15:03.603+0000] {taskmixin.py:205} WARNING - Dependency <Task(EmailOperator): send_email>, prepare_email already registered for DAG: example_dag_decorator
[2023-03-29T01:15:03.612+0000] {processor.py:766} INFO - DAG(s) dict_keys(['example_dag_decorator']) retrieved from /home/airflow/.local/lib/python3.7/site-packages/airflow/example_dags/example_dag_decorator.py
[2023-03-29T01:15:03.662+0000] {logging_mixin.py:120} INFO - [2023-03-29T01:15:03.662+0000] {dag.py:2585} INFO - Sync 1 DAGs
[2023-03-29T01:15:03.676+0000] {logging_mixin.py:120} INFO - [2023-03-29T01:15:03.676+0000] {dag.py:3340} INFO - Setting next_dagrun for example_dag_decorator to None, run_after=None
[2023-03-29T01:15:03.690+0000] {processor.py:176} INFO - Processing /home/airflow/.local/lib/python3.7/site-packages/airflow/example_dags/example_dag_decorator.py took 0.104 seconds
[2023-03-29T01:15:33.865+0000] {processor.py:154} INFO - Started process (PID=233) to work on /home/airflow/.local/lib/python3.7/site-packages/airflow/example_dags/example_dag_decorator.py
[2023-03-29T01:15:33.867+0000] {processor.py:756} INFO - Processing file /home/airflow/.local/lib/python3.7/site-packages/airflow/example_dags/example_dag_decorator.py for tasks to queue
[2023-03-29T01:15:33.868+0000] {logging_mixin.py:120} INFO - [2023-03-29T01:15:33.868+0000] {dagbag.py:537} INFO - Filling up the DagBag from /home/airflow/.local/lib/python3.7/site-packages/airflow/example_dags/example_dag_decorator.py
[2023-03-29T01:15:33.881+0000] {logging_mixin.py:120} INFO - [2023-03-29T01:15:33.881+0000] {taskmixin.py:205} WARNING - Dependency <Task(_PythonDecoratedOperator): prepare_email>, send_email already registered for DAG: example_dag_decorator
[2023-03-29T01:15:33.882+0000] {logging_mixin.py:120} INFO - [2023-03-29T01:15:33.882+0000] {taskmixin.py:205} WARNING - Dependency <Task(EmailOperator): send_email>, prepare_email already registered for DAG: example_dag_decorator
[2023-03-29T01:15:33.891+0000] {processor.py:766} INFO - DAG(s) dict_keys(['example_dag_decorator']) retrieved from /home/airflow/.local/lib/python3.7/site-packages/airflow/example_dags/example_dag_decorator.py
[2023-03-29T01:15:33.942+0000] {logging_mixin.py:120} INFO - [2023-03-29T01:15:33.942+0000] {dag.py:2585} INFO - Sync 1 DAGs
[2023-03-29T01:15:33.955+0000] {logging_mixin.py:120} INFO - [2023-03-29T01:15:33.955+0000] {dag.py:3340} INFO - Setting next_dagrun for example_dag_decorator to None, run_after=None
[2023-03-29T01:15:33.966+0000] {processor.py:176} INFO - Processing /home/airflow/.local/lib/python3.7/site-packages/airflow/example_dags/example_dag_decorator.py took 0.103 seconds
[2023-03-29T01:16:04.168+0000] {processor.py:154} INFO - Started process (PID=287) to work on /home/airflow/.local/lib/python3.7/site-packages/airflow/example_dags/example_dag_decorator.py
[2023-03-29T01:16:04.170+0000] {processor.py:756} INFO - Processing file /home/airflow/.local/lib/python3.7/site-packages/airflow/example_dags/example_dag_decorator.py for tasks to queue
[2023-03-29T01:16:04.172+0000] {logging_mixin.py:120} INFO - [2023-03-29T01:16:04.172+0000] {dagbag.py:537} INFO - Filling up the DagBag from /home/airflow/.local/lib/python3.7/site-packages/airflow/example_dags/example_dag_decorator.py
[2023-03-29T01:16:04.182+0000] {logging_mixin.py:120} INFO - [2023-03-29T01:16:04.182+0000] {taskmixin.py:205} WARNING - Dependency <Task(_PythonDecoratedOperator): prepare_email>, send_email already registered for DAG: example_dag_decorator
[2023-03-29T01:16:04.183+0000] {logging_mixin.py:120} INFO - [2023-03-29T01:16:04.183+0000] {taskmixin.py:205} WARNING - Dependency <Task(EmailOperator): send_email>, prepare_email already registered for DAG: example_dag_decorator
[2023-03-29T01:16:04.191+0000] {processor.py:766} INFO - DAG(s) dict_keys(['example_dag_decorator']) retrieved from /home/airflow/.local/lib/python3.7/site-packages/airflow/example_dags/example_dag_decorator.py
[2023-03-29T01:16:04.245+0000] {logging_mixin.py:120} INFO - [2023-03-29T01:16:04.244+0000] {dag.py:2585} INFO - Sync 1 DAGs
[2023-03-29T01:16:04.259+0000] {logging_mixin.py:120} INFO - [2023-03-29T01:16:04.259+0000] {dag.py:3340} INFO - Setting next_dagrun for example_dag_decorator to None, run_after=None
[2023-03-29T01:16:04.272+0000] {processor.py:176} INFO - Processing /home/airflow/.local/lib/python3.7/site-packages/airflow/example_dags/example_dag_decorator.py took 0.106 seconds
[2023-03-29T01:16:34.353+0000] {processor.py:154} INFO - Started process (PID=350) to work on /home/airflow/.local/lib/python3.7/site-packages/airflow/example_dags/example_dag_decorator.py
[2023-03-29T01:16:34.355+0000] {processor.py:756} INFO - Processing file /home/airflow/.local/lib/python3.7/site-packages/airflow/example_dags/example_dag_decorator.py for tasks to queue
[2023-03-29T01:16:34.356+0000] {logging_mixin.py:120} INFO - [2023-03-29T01:16:34.356+0000] {dagbag.py:537} INFO - Filling up the DagBag from /home/airflow/.local/lib/python3.7/site-packages/airflow/example_dags/example_dag_decorator.py
[2023-03-29T01:16:34.366+0000] {logging_mixin.py:120} INFO - [2023-03-29T01:16:34.366+0000] {taskmixin.py:205} WARNING - Dependency <Task(_PythonDecoratedOperator): prepare_email>, send_email already registered for DAG: example_dag_decorator
[2023-03-29T01:16:34.368+0000] {logging_mixin.py:120} INFO - [2023-03-29T01:16:34.367+0000] {taskmixin.py:205} WARNING - Dependency <Task(EmailOperator): send_email>, prepare_email already registered for DAG: example_dag_decorator
[2023-03-29T01:16:34.377+0000] {processor.py:766} INFO - DAG(s) dict_keys(['example_dag_decorator']) retrieved from /home/airflow/.local/lib/python3.7/site-packages/airflow/example_dags/example_dag_decorator.py
[2023-03-29T01:16:34.430+0000] {logging_mixin.py:120} INFO - [2023-03-29T01:16:34.430+0000] {dag.py:2585} INFO - Sync 1 DAGs
[2023-03-29T01:16:34.446+0000] {logging_mixin.py:120} INFO - [2023-03-29T01:16:34.446+0000] {dag.py:3340} INFO - Setting next_dagrun for example_dag_decorator to None, run_after=None
[2023-03-29T01:16:34.460+0000] {processor.py:176} INFO - Processing /home/airflow/.local/lib/python3.7/site-packages/airflow/example_dags/example_dag_decorator.py took 0.109 seconds
[2023-03-29T01:17:04.747+0000] {processor.py:154} INFO - Started process (PID=413) to work on /home/airflow/.local/lib/python3.7/site-packages/airflow/example_dags/example_dag_decorator.py
[2023-03-29T01:17:04.749+0000] {processor.py:756} INFO - Processing file /home/airflow/.local/lib/python3.7/site-packages/airflow/example_dags/example_dag_decorator.py for tasks to queue
[2023-03-29T01:17:04.750+0000] {logging_mixin.py:120} INFO - [2023-03-29T01:17:04.750+0000] {dagbag.py:537} INFO - Filling up the DagBag from /home/airflow/.local/lib/python3.7/site-packages/airflow/example_dags/example_dag_decorator.py
[2023-03-29T01:17:04.760+0000] {logging_mixin.py:120} INFO - [2023-03-29T01:17:04.760+0000] {taskmixin.py:205} WARNING - Dependency <Task(_PythonDecoratedOperator): prepare_email>, send_email already registered for DAG: example_dag_decorator
[2023-03-29T01:17:04.761+0000] {logging_mixin.py:120} INFO - [2023-03-29T01:17:04.761+0000] {taskmixin.py:205} WARNING - Dependency <Task(EmailOperator): send_email>, prepare_email already registered for DAG: example_dag_decorator
[2023-03-29T01:17:04.772+0000] {processor.py:766} INFO - DAG(s) dict_keys(['example_dag_decorator']) retrieved from /home/airflow/.local/lib/python3.7/site-packages/airflow/example_dags/example_dag_decorator.py
[2023-03-29T01:17:04.823+0000] {logging_mixin.py:120} INFO - [2023-03-29T01:17:04.822+0000] {dag.py:2585} INFO - Sync 1 DAGs
[2023-03-29T01:17:04.839+0000] {logging_mixin.py:120} INFO - [2023-03-29T01:17:04.839+0000] {dag.py:3340} INFO - Setting next_dagrun for example_dag_decorator to None, run_after=None
[2023-03-29T01:17:04.852+0000] {processor.py:176} INFO - Processing /home/airflow/.local/lib/python3.7/site-packages/airflow/example_dags/example_dag_decorator.py took 0.107 seconds
[2023-03-29T01:17:35.192+0000] {processor.py:154} INFO - Started process (PID=476) to work on /home/airflow/.local/lib/python3.7/site-packages/airflow/example_dags/example_dag_decorator.py
[2023-03-29T01:17:35.194+0000] {processor.py:756} INFO - Processing file /home/airflow/.local/lib/python3.7/site-packages/airflow/example_dags/example_dag_decorator.py for tasks to queue
[2023-03-29T01:17:35.196+0000] {logging_mixin.py:120} INFO - [2023-03-29T01:17:35.195+0000] {dagbag.py:537} INFO - Filling up the DagBag from /home/airflow/.local/lib/python3.7/site-packages/airflow/example_dags/example_dag_decorator.py
[2023-03-29T01:17:35.206+0000] {logging_mixin.py:120} INFO - [2023-03-29T01:17:35.206+0000] {taskmixin.py:205} WARNING - Dependency <Task(_PythonDecoratedOperator): prepare_email>, send_email already registered for DAG: example_dag_decorator
[2023-03-29T01:17:35.207+0000] {logging_mixin.py:120} INFO - [2023-03-29T01:17:35.207+0000] {taskmixin.py:205} WARNING - Dependency <Task(EmailOperator): send_email>, prepare_email already registered for DAG: example_dag_decorator
[2023-03-29T01:17:35.217+0000] {processor.py:766} INFO - DAG(s) dict_keys(['example_dag_decorator']) retrieved from /home/airflow/.local/lib/python3.7/site-packages/airflow/example_dags/example_dag_decorator.py
[2023-03-29T01:17:35.271+0000] {logging_mixin.py:120} INFO - [2023-03-29T01:17:35.271+0000] {dag.py:2585} INFO - Sync 1 DAGs
[2023-03-29T01:17:35.285+0000] {logging_mixin.py:120} INFO - [2023-03-29T01:17:35.285+0000] {dag.py:3340} INFO - Setting next_dagrun for example_dag_decorator to None, run_after=None
[2023-03-29T01:17:35.298+0000] {processor.py:176} INFO - Processing /home/airflow/.local/lib/python3.7/site-packages/airflow/example_dags/example_dag_decorator.py took 0.108 seconds
[2023-03-29T01:18:05.519+0000] {processor.py:154} INFO - Started process (PID=540) to work on /home/airflow/.local/lib/python3.7/site-packages/airflow/example_dags/example_dag_decorator.py
[2023-03-29T01:18:05.521+0000] {processor.py:756} INFO - Processing file /home/airflow/.local/lib/python3.7/site-packages/airflow/example_dags/example_dag_decorator.py for tasks to queue
[2023-03-29T01:18:05.522+0000] {logging_mixin.py:120} INFO - [2023-03-29T01:18:05.522+0000] {dagbag.py:537} INFO - Filling up the DagBag from /home/airflow/.local/lib/python3.7/site-packages/airflow/example_dags/example_dag_decorator.py
[2023-03-29T01:18:05.532+0000] {logging_mixin.py:120} INFO - [2023-03-29T01:18:05.532+0000] {taskmixin.py:205} WARNING - Dependency <Task(_PythonDecoratedOperator): prepare_email>, send_email already registered for DAG: example_dag_decorator
[2023-03-29T01:18:05.535+0000] {logging_mixin.py:120} INFO - [2023-03-29T01:18:05.535+0000] {taskmixin.py:205} WARNING - Dependency <Task(EmailOperator): send_email>, prepare_email already registered for DAG: example_dag_decorator
[2023-03-29T01:18:05.545+0000] {processor.py:766} INFO - DAG(s) dict_keys(['example_dag_decorator']) retrieved from /home/airflow/.local/lib/python3.7/site-packages/airflow/example_dags/example_dag_decorator.py
[2023-03-29T01:18:05.595+0000] {logging_mixin.py:120} INFO - [2023-03-29T01:18:05.595+0000] {dag.py:2585} INFO - Sync 1 DAGs
[2023-03-29T01:18:05.610+0000] {logging_mixin.py:120} INFO - [2023-03-29T01:18:05.610+0000] {dag.py:3340} INFO - Setting next_dagrun for example_dag_decorator to None, run_after=None
[2023-03-29T01:18:05.623+0000] {processor.py:176} INFO - Processing /home/airflow/.local/lib/python3.7/site-packages/airflow/example_dags/example_dag_decorator.py took 0.107 seconds
[2023-03-29T01:18:35.890+0000] {processor.py:154} INFO - Started process (PID=603) to work on /home/airflow/.local/lib/python3.7/site-packages/airflow/example_dags/example_dag_decorator.py
[2023-03-29T01:18:35.892+0000] {processor.py:756} INFO - Processing file /home/airflow/.local/lib/python3.7/site-packages/airflow/example_dags/example_dag_decorator.py for tasks to queue
[2023-03-29T01:18:35.900+0000] {logging_mixin.py:120} INFO - [2023-03-29T01:18:35.900+0000] {dagbag.py:537} INFO - Filling up the DagBag from /home/airflow/.local/lib/python3.7/site-packages/airflow/example_dags/example_dag_decorator.py
[2023-03-29T01:18:35.915+0000] {logging_mixin.py:120} INFO - [2023-03-29T01:18:35.915+0000] {taskmixin.py:205} WARNING - Dependency <Task(_PythonDecoratedOperator): prepare_email>, send_email already registered for DAG: example_dag_decorator
[2023-03-29T01:18:35.917+0000] {logging_mixin.py:120} INFO - [2023-03-29T01:18:35.917+0000] {taskmixin.py:205} WARNING - Dependency <Task(EmailOperator): send_email>, prepare_email already registered for DAG: example_dag_decorator
[2023-03-29T01:18:35.929+0000] {processor.py:766} INFO - DAG(s) dict_keys(['example_dag_decorator']) retrieved from /home/airflow/.local/lib/python3.7/site-packages/airflow/example_dags/example_dag_decorator.py
[2023-03-29T01:18:36.033+0000] {logging_mixin.py:120} INFO - [2023-03-29T01:18:36.033+0000] {dag.py:2585} INFO - Sync 1 DAGs
[2023-03-29T01:18:36.058+0000] {logging_mixin.py:120} INFO - [2023-03-29T01:18:36.058+0000] {dag.py:3340} INFO - Setting next_dagrun for example_dag_decorator to None, run_after=None
[2023-03-29T01:18:36.076+0000] {processor.py:176} INFO - Processing /home/airflow/.local/lib/python3.7/site-packages/airflow/example_dags/example_dag_decorator.py took 0.188 seconds
[2023-03-29T01:19:06.400+0000] {processor.py:154} INFO - Started process (PID=657) to work on /home/airflow/.local/lib/python3.7/site-packages/airflow/example_dags/example_dag_decorator.py
[2023-03-29T01:19:06.402+0000] {processor.py:756} INFO - Processing file /home/airflow/.local/lib/python3.7/site-packages/airflow/example_dags/example_dag_decorator.py for tasks to queue
[2023-03-29T01:19:06.403+0000] {logging_mixin.py:120} INFO - [2023-03-29T01:19:06.403+0000] {dagbag.py:537} INFO - Filling up the DagBag from /home/airflow/.local/lib/python3.7/site-packages/airflow/example_dags/example_dag_decorator.py
[2023-03-29T01:19:06.414+0000] {logging_mixin.py:120} INFO - [2023-03-29T01:19:06.414+0000] {taskmixin.py:205} WARNING - Dependency <Task(_PythonDecoratedOperator): prepare_email>, send_email already registered for DAG: example_dag_decorator
[2023-03-29T01:19:06.418+0000] {logging_mixin.py:120} INFO - [2023-03-29T01:19:06.418+0000] {taskmixin.py:205} WARNING - Dependency <Task(EmailOperator): send_email>, prepare_email already registered for DAG: example_dag_decorator
[2023-03-29T01:19:06.428+0000] {processor.py:766} INFO - DAG(s) dict_keys(['example_dag_decorator']) retrieved from /home/airflow/.local/lib/python3.7/site-packages/airflow/example_dags/example_dag_decorator.py
[2023-03-29T01:19:06.476+0000] {logging_mixin.py:120} INFO - [2023-03-29T01:19:06.476+0000] {dag.py:2585} INFO - Sync 1 DAGs
[2023-03-29T01:19:06.489+0000] {logging_mixin.py:120} INFO - [2023-03-29T01:19:06.489+0000] {dag.py:3340} INFO - Setting next_dagrun for example_dag_decorator to None, run_after=None
[2023-03-29T01:19:06.502+0000] {processor.py:176} INFO - Processing /home/airflow/.local/lib/python3.7/site-packages/airflow/example_dags/example_dag_decorator.py took 0.104 seconds
[2023-03-29T01:19:36.642+0000] {processor.py:154} INFO - Started process (PID=719) to work on /home/airflow/.local/lib/python3.7/site-packages/airflow/example_dags/example_dag_decorator.py
[2023-03-29T01:19:36.644+0000] {processor.py:756} INFO - Processing file /home/airflow/.local/lib/python3.7/site-packages/airflow/example_dags/example_dag_decorator.py for tasks to queue
[2023-03-29T01:19:36.646+0000] {logging_mixin.py:120} INFO - [2023-03-29T01:19:36.646+0000] {dagbag.py:537} INFO - Filling up the DagBag from /home/airflow/.local/lib/python3.7/site-packages/airflow/example_dags/example_dag_decorator.py
[2023-03-29T01:19:36.656+0000] {logging_mixin.py:120} INFO - [2023-03-29T01:19:36.655+0000] {taskmixin.py:205} WARNING - Dependency <Task(_PythonDecoratedOperator): prepare_email>, send_email already registered for DAG: example_dag_decorator
[2023-03-29T01:19:36.656+0000] {logging_mixin.py:120} INFO - [2023-03-29T01:19:36.656+0000] {taskmixin.py:205} WARNING - Dependency <Task(EmailOperator): send_email>, prepare_email already registered for DAG: example_dag_decorator
[2023-03-29T01:19:36.664+0000] {processor.py:766} INFO - DAG(s) dict_keys(['example_dag_decorator']) retrieved from /home/airflow/.local/lib/python3.7/site-packages/airflow/example_dags/example_dag_decorator.py
[2023-03-29T01:19:36.711+0000] {logging_mixin.py:120} INFO - [2023-03-29T01:19:36.711+0000] {dag.py:2585} INFO - Sync 1 DAGs
[2023-03-29T01:19:36.727+0000] {logging_mixin.py:120} INFO - [2023-03-29T01:19:36.727+0000] {dag.py:3340} INFO - Setting next_dagrun for example_dag_decorator to None, run_after=None
[2023-03-29T01:19:36.740+0000] {processor.py:176} INFO - Processing /home/airflow/.local/lib/python3.7/site-packages/airflow/example_dags/example_dag_decorator.py took 0.100 seconds
[2023-03-29T01:20:07.046+0000] {processor.py:154} INFO - Started process (PID=782) to work on /home/airflow/.local/lib/python3.7/site-packages/airflow/example_dags/example_dag_decorator.py
[2023-03-29T01:20:07.048+0000] {processor.py:756} INFO - Processing file /home/airflow/.local/lib/python3.7/site-packages/airflow/example_dags/example_dag_decorator.py for tasks to queue
[2023-03-29T01:20:07.049+0000] {logging_mixin.py:120} INFO - [2023-03-29T01:20:07.049+0000] {dagbag.py:537} INFO - Filling up the DagBag from /home/airflow/.local/lib/python3.7/site-packages/airflow/example_dags/example_dag_decorator.py
[2023-03-29T01:20:07.059+0000] {logging_mixin.py:120} INFO - [2023-03-29T01:20:07.058+0000] {taskmixin.py:205} WARNING - Dependency <Task(_PythonDecoratedOperator): prepare_email>, send_email already registered for DAG: example_dag_decorator
[2023-03-29T01:20:07.060+0000] {logging_mixin.py:120} INFO - [2023-03-29T01:20:07.059+0000] {taskmixin.py:205} WARNING - Dependency <Task(EmailOperator): send_email>, prepare_email already registered for DAG: example_dag_decorator
[2023-03-29T01:20:07.068+0000] {processor.py:766} INFO - DAG(s) dict_keys(['example_dag_decorator']) retrieved from /home/airflow/.local/lib/python3.7/site-packages/airflow/example_dags/example_dag_decorator.py
[2023-03-29T01:20:07.119+0000] {logging_mixin.py:120} INFO - [2023-03-29T01:20:07.119+0000] {dag.py:2585} INFO - Sync 1 DAGs
[2023-03-29T01:20:07.134+0000] {logging_mixin.py:120} INFO - [2023-03-29T01:20:07.134+0000] {dag.py:3340} INFO - Setting next_dagrun for example_dag_decorator to None, run_after=None
[2023-03-29T01:20:07.147+0000] {processor.py:176} INFO - Processing /home/airflow/.local/lib/python3.7/site-packages/airflow/example_dags/example_dag_decorator.py took 0.103 seconds
[2023-03-29T01:20:37.380+0000] {processor.py:154} INFO - Started process (PID=845) to work on /home/airflow/.local/lib/python3.7/site-packages/airflow/example_dags/example_dag_decorator.py
[2023-03-29T01:20:37.382+0000] {processor.py:756} INFO - Processing file /home/airflow/.local/lib/python3.7/site-packages/airflow/example_dags/example_dag_decorator.py for tasks to queue
[2023-03-29T01:20:37.384+0000] {logging_mixin.py:120} INFO - [2023-03-29T01:20:37.384+0000] {dagbag.py:537} INFO - Filling up the DagBag from /home/airflow/.local/lib/python3.7/site-packages/airflow/example_dags/example_dag_decorator.py
[2023-03-29T01:20:37.395+0000] {logging_mixin.py:120} INFO - [2023-03-29T01:20:37.395+0000] {taskmixin.py:205} WARNING - Dependency <Task(_PythonDecoratedOperator): prepare_email>, send_email already registered for DAG: example_dag_decorator
[2023-03-29T01:20:37.398+0000] {logging_mixin.py:120} INFO - [2023-03-29T01:20:37.398+0000] {taskmixin.py:205} WARNING - Dependency <Task(EmailOperator): send_email>, prepare_email already registered for DAG: example_dag_decorator
[2023-03-29T01:20:37.407+0000] {processor.py:766} INFO - DAG(s) dict_keys(['example_dag_decorator']) retrieved from /home/airflow/.local/lib/python3.7/site-packages/airflow/example_dags/example_dag_decorator.py
[2023-03-29T01:20:37.481+0000] {logging_mixin.py:120} INFO - [2023-03-29T01:20:37.481+0000] {dag.py:2585} INFO - Sync 1 DAGs
[2023-03-29T01:20:37.495+0000] {logging_mixin.py:120} INFO - [2023-03-29T01:20:37.495+0000] {dag.py:3340} INFO - Setting next_dagrun for example_dag_decorator to None, run_after=None
[2023-03-29T01:20:37.508+0000] {processor.py:176} INFO - Processing /home/airflow/.local/lib/python3.7/site-packages/airflow/example_dags/example_dag_decorator.py took 0.130 seconds
[2023-03-29T01:21:07.754+0000] {processor.py:154} INFO - Started process (PID=908) to work on /home/airflow/.local/lib/python3.7/site-packages/airflow/example_dags/example_dag_decorator.py
[2023-03-29T01:21:07.755+0000] {processor.py:756} INFO - Processing file /home/airflow/.local/lib/python3.7/site-packages/airflow/example_dags/example_dag_decorator.py for tasks to queue
[2023-03-29T01:21:07.756+0000] {logging_mixin.py:120} INFO - [2023-03-29T01:21:07.756+0000] {dagbag.py:537} INFO - Filling up the DagBag from /home/airflow/.local/lib/python3.7/site-packages/airflow/example_dags/example_dag_decorator.py
[2023-03-29T01:21:07.766+0000] {logging_mixin.py:120} INFO - [2023-03-29T01:21:07.766+0000] {taskmixin.py:205} WARNING - Dependency <Task(_PythonDecoratedOperator): prepare_email>, send_email already registered for DAG: example_dag_decorator
[2023-03-29T01:21:07.767+0000] {logging_mixin.py:120} INFO - [2023-03-29T01:21:07.767+0000] {taskmixin.py:205} WARNING - Dependency <Task(EmailOperator): send_email>, prepare_email already registered for DAG: example_dag_decorator
[2023-03-29T01:21:07.777+0000] {processor.py:766} INFO - DAG(s) dict_keys(['example_dag_decorator']) retrieved from /home/airflow/.local/lib/python3.7/site-packages/airflow/example_dags/example_dag_decorator.py
[2023-03-29T01:21:07.824+0000] {logging_mixin.py:120} INFO - [2023-03-29T01:21:07.824+0000] {dag.py:2585} INFO - Sync 1 DAGs
[2023-03-29T01:21:07.839+0000] {logging_mixin.py:120} INFO - [2023-03-29T01:21:07.839+0000] {dag.py:3340} INFO - Setting next_dagrun for example_dag_decorator to None, run_after=None
[2023-03-29T01:21:07.853+0000] {processor.py:176} INFO - Processing /home/airflow/.local/lib/python3.7/site-packages/airflow/example_dags/example_dag_decorator.py took 0.102 seconds
[2023-03-29T01:21:38.158+0000] {processor.py:154} INFO - Started process (PID=962) to work on /home/airflow/.local/lib/python3.7/site-packages/airflow/example_dags/example_dag_decorator.py
[2023-03-29T01:21:38.160+0000] {processor.py:756} INFO - Processing file /home/airflow/.local/lib/python3.7/site-packages/airflow/example_dags/example_dag_decorator.py for tasks to queue
[2023-03-29T01:21:38.162+0000] {logging_mixin.py:120} INFO - [2023-03-29T01:21:38.162+0000] {dagbag.py:537} INFO - Filling up the DagBag from /home/airflow/.local/lib/python3.7/site-packages/airflow/example_dags/example_dag_decorator.py
[2023-03-29T01:21:38.172+0000] {logging_mixin.py:120} INFO - [2023-03-29T01:21:38.172+0000] {taskmixin.py:205} WARNING - Dependency <Task(_PythonDecoratedOperator): prepare_email>, send_email already registered for DAG: example_dag_decorator
[2023-03-29T01:21:38.174+0000] {logging_mixin.py:120} INFO - [2023-03-29T01:21:38.173+0000] {taskmixin.py:205} WARNING - Dependency <Task(EmailOperator): send_email>, prepare_email already registered for DAG: example_dag_decorator
[2023-03-29T01:21:38.183+0000] {processor.py:766} INFO - DAG(s) dict_keys(['example_dag_decorator']) retrieved from /home/airflow/.local/lib/python3.7/site-packages/airflow/example_dags/example_dag_decorator.py
[2023-03-29T01:21:38.245+0000] {logging_mixin.py:120} INFO - [2023-03-29T01:21:38.245+0000] {dag.py:2585} INFO - Sync 1 DAGs
[2023-03-29T01:21:38.259+0000] {logging_mixin.py:120} INFO - [2023-03-29T01:21:38.259+0000] {dag.py:3340} INFO - Setting next_dagrun for example_dag_decorator to None, run_after=None
[2023-03-29T01:21:38.272+0000] {processor.py:176} INFO - Processing /home/airflow/.local/lib/python3.7/site-packages/airflow/example_dags/example_dag_decorator.py took 0.116 seconds
[2023-03-29T01:22:08.557+0000] {processor.py:154} INFO - Started process (PID=1025) to work on /home/airflow/.local/lib/python3.7/site-packages/airflow/example_dags/example_dag_decorator.py
[2023-03-29T01:22:08.559+0000] {processor.py:756} INFO - Processing file /home/airflow/.local/lib/python3.7/site-packages/airflow/example_dags/example_dag_decorator.py for tasks to queue
[2023-03-29T01:22:08.560+0000] {logging_mixin.py:120} INFO - [2023-03-29T01:22:08.560+0000] {dagbag.py:537} INFO - Filling up the DagBag from /home/airflow/.local/lib/python3.7/site-packages/airflow/example_dags/example_dag_decorator.py
[2023-03-29T01:22:08.570+0000] {logging_mixin.py:120} INFO - [2023-03-29T01:22:08.570+0000] {taskmixin.py:205} WARNING - Dependency <Task(_PythonDecoratedOperator): prepare_email>, send_email already registered for DAG: example_dag_decorator
[2023-03-29T01:22:08.571+0000] {logging_mixin.py:120} INFO - [2023-03-29T01:22:08.571+0000] {taskmixin.py:205} WARNING - Dependency <Task(EmailOperator): send_email>, prepare_email already registered for DAG: example_dag_decorator
[2023-03-29T01:22:08.580+0000] {processor.py:766} INFO - DAG(s) dict_keys(['example_dag_decorator']) retrieved from /home/airflow/.local/lib/python3.7/site-packages/airflow/example_dags/example_dag_decorator.py
[2023-03-29T01:22:08.632+0000] {logging_mixin.py:120} INFO - [2023-03-29T01:22:08.632+0000] {dag.py:2585} INFO - Sync 1 DAGs
[2023-03-29T01:22:08.648+0000] {logging_mixin.py:120} INFO - [2023-03-29T01:22:08.648+0000] {dag.py:3340} INFO - Setting next_dagrun for example_dag_decorator to None, run_after=None
[2023-03-29T01:22:08.661+0000] {processor.py:176} INFO - Processing /home/airflow/.local/lib/python3.7/site-packages/airflow/example_dags/example_dag_decorator.py took 0.106 seconds
[2023-03-29T01:22:38.951+0000] {processor.py:154} INFO - Started process (PID=1088) to work on /home/airflow/.local/lib/python3.7/site-packages/airflow/example_dags/example_dag_decorator.py
[2023-03-29T01:22:38.953+0000] {processor.py:756} INFO - Processing file /home/airflow/.local/lib/python3.7/site-packages/airflow/example_dags/example_dag_decorator.py for tasks to queue
[2023-03-29T01:22:38.954+0000] {logging_mixin.py:120} INFO - [2023-03-29T01:22:38.954+0000] {dagbag.py:537} INFO - Filling up the DagBag from /home/airflow/.local/lib/python3.7/site-packages/airflow/example_dags/example_dag_decorator.py
[2023-03-29T01:22:38.963+0000] {logging_mixin.py:120} INFO - [2023-03-29T01:22:38.963+0000] {taskmixin.py:205} WARNING - Dependency <Task(_PythonDecoratedOperator): prepare_email>, send_email already registered for DAG: example_dag_decorator
[2023-03-29T01:22:38.964+0000] {logging_mixin.py:120} INFO - [2023-03-29T01:22:38.964+0000] {taskmixin.py:205} WARNING - Dependency <Task(EmailOperator): send_email>, prepare_email already registered for DAG: example_dag_decorator
[2023-03-29T01:22:38.973+0000] {processor.py:766} INFO - DAG(s) dict_keys(['example_dag_decorator']) retrieved from /home/airflow/.local/lib/python3.7/site-packages/airflow/example_dags/example_dag_decorator.py
[2023-03-29T01:22:39.022+0000] {logging_mixin.py:120} INFO - [2023-03-29T01:22:39.022+0000] {dag.py:2585} INFO - Sync 1 DAGs
[2023-03-29T01:22:39.036+0000] {logging_mixin.py:120} INFO - [2023-03-29T01:22:39.036+0000] {dag.py:3340} INFO - Setting next_dagrun for example_dag_decorator to None, run_after=None
[2023-03-29T01:22:39.048+0000] {processor.py:176} INFO - Processing /home/airflow/.local/lib/python3.7/site-packages/airflow/example_dags/example_dag_decorator.py took 0.099 seconds
[2023-03-29T01:23:09.318+0000] {processor.py:154} INFO - Started process (PID=1151) to work on /home/airflow/.local/lib/python3.7/site-packages/airflow/example_dags/example_dag_decorator.py
[2023-03-29T01:23:09.319+0000] {processor.py:756} INFO - Processing file /home/airflow/.local/lib/python3.7/site-packages/airflow/example_dags/example_dag_decorator.py for tasks to queue
[2023-03-29T01:23:09.321+0000] {logging_mixin.py:120} INFO - [2023-03-29T01:23:09.321+0000] {dagbag.py:537} INFO - Filling up the DagBag from /home/airflow/.local/lib/python3.7/site-packages/airflow/example_dags/example_dag_decorator.py
[2023-03-29T01:23:09.331+0000] {logging_mixin.py:120} INFO - [2023-03-29T01:23:09.331+0000] {taskmixin.py:205} WARNING - Dependency <Task(_PythonDecoratedOperator): prepare_email>, send_email already registered for DAG: example_dag_decorator
[2023-03-29T01:23:09.332+0000] {logging_mixin.py:120} INFO - [2023-03-29T01:23:09.332+0000] {taskmixin.py:205} WARNING - Dependency <Task(EmailOperator): send_email>, prepare_email already registered for DAG: example_dag_decorator
[2023-03-29T01:23:09.342+0000] {processor.py:766} INFO - DAG(s) dict_keys(['example_dag_decorator']) retrieved from /home/airflow/.local/lib/python3.7/site-packages/airflow/example_dags/example_dag_decorator.py
[2023-03-29T01:23:09.395+0000] {logging_mixin.py:120} INFO - [2023-03-29T01:23:09.395+0000] {dag.py:2585} INFO - Sync 1 DAGs
[2023-03-29T01:23:09.409+0000] {logging_mixin.py:120} INFO - [2023-03-29T01:23:09.408+0000] {dag.py:3340} INFO - Setting next_dagrun for example_dag_decorator to None, run_after=None
[2023-03-29T01:23:09.422+0000] {processor.py:176} INFO - Processing /home/airflow/.local/lib/python3.7/site-packages/airflow/example_dags/example_dag_decorator.py took 0.106 seconds
[2023-03-29T01:23:39.624+0000] {processor.py:154} INFO - Started process (PID=1213) to work on /home/airflow/.local/lib/python3.7/site-packages/airflow/example_dags/example_dag_decorator.py
[2023-03-29T01:23:39.626+0000] {processor.py:756} INFO - Processing file /home/airflow/.local/lib/python3.7/site-packages/airflow/example_dags/example_dag_decorator.py for tasks to queue
[2023-03-29T01:23:39.627+0000] {logging_mixin.py:120} INFO - [2023-03-29T01:23:39.627+0000] {dagbag.py:537} INFO - Filling up the DagBag from /home/airflow/.local/lib/python3.7/site-packages/airflow/example_dags/example_dag_decorator.py
[2023-03-29T01:23:39.636+0000] {logging_mixin.py:120} INFO - [2023-03-29T01:23:39.636+0000] {taskmixin.py:205} WARNING - Dependency <Task(_PythonDecoratedOperator): prepare_email>, send_email already registered for DAG: example_dag_decorator
[2023-03-29T01:23:39.638+0000] {logging_mixin.py:120} INFO - [2023-03-29T01:23:39.638+0000] {taskmixin.py:205} WARNING - Dependency <Task(EmailOperator): send_email>, prepare_email already registered for DAG: example_dag_decorator
[2023-03-29T01:23:39.646+0000] {processor.py:766} INFO - DAG(s) dict_keys(['example_dag_decorator']) retrieved from /home/airflow/.local/lib/python3.7/site-packages/airflow/example_dags/example_dag_decorator.py
[2023-03-29T01:23:39.697+0000] {logging_mixin.py:120} INFO - [2023-03-29T01:23:39.697+0000] {dag.py:2585} INFO - Sync 1 DAGs
[2023-03-29T01:23:39.711+0000] {logging_mixin.py:120} INFO - [2023-03-29T01:23:39.711+0000] {dag.py:3340} INFO - Setting next_dagrun for example_dag_decorator to None, run_after=None
[2023-03-29T01:23:39.726+0000] {processor.py:176} INFO - Processing /home/airflow/.local/lib/python3.7/site-packages/airflow/example_dags/example_dag_decorator.py took 0.104 seconds
