[2023-03-29T01:14:02.965+0000] {processor.py:154} INFO - Started process (PID=44) to work on /home/airflow/.local/lib/python3.7/site-packages/airflow/example_dags/example_complex.py
[2023-03-29T01:14:02.969+0000] {processor.py:756} INFO - Processing file /home/airflow/.local/lib/python3.7/site-packages/airflow/example_dags/example_complex.py for tasks to queue
[2023-03-29T01:14:02.970+0000] {logging_mixin.py:120} INFO - [2023-03-29T01:14:02.970+0000] {dagbag.py:537} INFO - Filling up the DagBag from /home/airflow/.local/lib/python3.7/site-packages/airflow/example_dags/example_complex.py
[2023-03-29T01:14:02.981+0000] {logging_mixin.py:120} INFO - [2023-03-29T01:14:02.980+0000] {taskmixin.py:205} WARNING - Dependency <Task(BashOperator): create_entry_group>, delete_entry_group already registered for DAG: example_complex
[2023-03-29T01:14:02.982+0000] {logging_mixin.py:120} INFO - [2023-03-29T01:14:02.982+0000] {taskmixin.py:205} WARNING - Dependency <Task(BashOperator): delete_entry_group>, create_entry_group already registered for DAG: example_complex
[2023-03-29T01:14:02.983+0000] {logging_mixin.py:120} INFO - [2023-03-29T01:14:02.983+0000] {taskmixin.py:205} WARNING - Dependency <Task(BashOperator): create_entry_gcs>, delete_entry already registered for DAG: example_complex
[2023-03-29T01:14:02.984+0000] {logging_mixin.py:120} INFO - [2023-03-29T01:14:02.984+0000] {taskmixin.py:205} WARNING - Dependency <Task(BashOperator): delete_entry>, create_entry_gcs already registered for DAG: example_complex
[2023-03-29T01:14:02.985+0000] {logging_mixin.py:120} INFO - [2023-03-29T01:14:02.985+0000] {taskmixin.py:205} WARNING - Dependency <Task(BashOperator): create_tag>, delete_tag already registered for DAG: example_complex
[2023-03-29T01:14:02.986+0000] {logging_mixin.py:120} INFO - [2023-03-29T01:14:02.986+0000] {taskmixin.py:205} WARNING - Dependency <Task(BashOperator): delete_tag>, create_tag already registered for DAG: example_complex
[2023-03-29T01:14:02.993+0000] {processor.py:766} INFO - DAG(s) dict_keys(['example_complex']) retrieved from /home/airflow/.local/lib/python3.7/site-packages/airflow/example_dags/example_complex.py
[2023-03-29T01:14:03.112+0000] {logging_mixin.py:120} INFO - [2023-03-29T01:14:03.112+0000] {manager.py:507} INFO - Created Permission View: can delete on DAG:example_complex
[2023-03-29T01:14:03.121+0000] {logging_mixin.py:120} INFO - [2023-03-29T01:14:03.121+0000] {manager.py:507} INFO - Created Permission View: can edit on DAG:example_complex
[2023-03-29T01:14:03.128+0000] {logging_mixin.py:120} INFO - [2023-03-29T01:14:03.128+0000] {manager.py:507} INFO - Created Permission View: can read on DAG:example_complex
[2023-03-29T01:14:03.129+0000] {logging_mixin.py:120} INFO - [2023-03-29T01:14:03.129+0000] {dag.py:2585} INFO - Sync 1 DAGs
[2023-03-29T01:14:03.140+0000] {logging_mixin.py:120} INFO - [2023-03-29T01:14:03.140+0000] {dag.py:2606} INFO - Creating ORM DAG for example_complex
[2023-03-29T01:14:03.151+0000] {logging_mixin.py:120} INFO - [2023-03-29T01:14:03.151+0000] {dag.py:3340} INFO - Setting next_dagrun for example_complex to None, run_after=None
[2023-03-29T01:14:03.166+0000] {processor.py:176} INFO - Processing /home/airflow/.local/lib/python3.7/site-packages/airflow/example_dags/example_complex.py took 0.204 seconds
[2023-03-29T01:14:33.268+0000] {processor.py:154} INFO - Started process (PID=107) to work on /home/airflow/.local/lib/python3.7/site-packages/airflow/example_dags/example_complex.py
[2023-03-29T01:14:33.270+0000] {processor.py:756} INFO - Processing file /home/airflow/.local/lib/python3.7/site-packages/airflow/example_dags/example_complex.py for tasks to queue
[2023-03-29T01:14:33.272+0000] {logging_mixin.py:120} INFO - [2023-03-29T01:14:33.272+0000] {dagbag.py:537} INFO - Filling up the DagBag from /home/airflow/.local/lib/python3.7/site-packages/airflow/example_dags/example_complex.py
[2023-03-29T01:14:33.279+0000] {logging_mixin.py:120} INFO - [2023-03-29T01:14:33.279+0000] {taskmixin.py:205} WARNING - Dependency <Task(BashOperator): create_entry_group>, delete_entry_group already registered for DAG: example_complex
[2023-03-29T01:14:33.281+0000] {logging_mixin.py:120} INFO - [2023-03-29T01:14:33.281+0000] {taskmixin.py:205} WARNING - Dependency <Task(BashOperator): delete_entry_group>, create_entry_group already registered for DAG: example_complex
[2023-03-29T01:14:33.282+0000] {logging_mixin.py:120} INFO - [2023-03-29T01:14:33.282+0000] {taskmixin.py:205} WARNING - Dependency <Task(BashOperator): create_entry_gcs>, delete_entry already registered for DAG: example_complex
[2023-03-29T01:14:33.283+0000] {logging_mixin.py:120} INFO - [2023-03-29T01:14:33.283+0000] {taskmixin.py:205} WARNING - Dependency <Task(BashOperator): delete_entry>, create_entry_gcs already registered for DAG: example_complex
[2023-03-29T01:14:33.285+0000] {logging_mixin.py:120} INFO - [2023-03-29T01:14:33.284+0000] {taskmixin.py:205} WARNING - Dependency <Task(BashOperator): create_tag>, delete_tag already registered for DAG: example_complex
[2023-03-29T01:14:33.286+0000] {logging_mixin.py:120} INFO - [2023-03-29T01:14:33.286+0000] {taskmixin.py:205} WARNING - Dependency <Task(BashOperator): delete_tag>, create_tag already registered for DAG: example_complex
[2023-03-29T01:14:33.291+0000] {processor.py:766} INFO - DAG(s) dict_keys(['example_complex']) retrieved from /home/airflow/.local/lib/python3.7/site-packages/airflow/example_dags/example_complex.py
[2023-03-29T01:14:33.322+0000] {logging_mixin.py:120} INFO - [2023-03-29T01:14:33.322+0000] {dag.py:2585} INFO - Sync 1 DAGs
[2023-03-29T01:14:33.337+0000] {logging_mixin.py:120} INFO - [2023-03-29T01:14:33.336+0000] {dag.py:3340} INFO - Setting next_dagrun for example_complex to None, run_after=None
[2023-03-29T01:14:33.349+0000] {processor.py:176} INFO - Processing /home/airflow/.local/lib/python3.7/site-packages/airflow/example_dags/example_complex.py took 0.083 seconds
[2023-03-29T01:15:03.633+0000] {processor.py:154} INFO - Started process (PID=171) to work on /home/airflow/.local/lib/python3.7/site-packages/airflow/example_dags/example_complex.py
[2023-03-29T01:15:03.635+0000] {processor.py:756} INFO - Processing file /home/airflow/.local/lib/python3.7/site-packages/airflow/example_dags/example_complex.py for tasks to queue
[2023-03-29T01:15:03.636+0000] {logging_mixin.py:120} INFO - [2023-03-29T01:15:03.636+0000] {dagbag.py:537} INFO - Filling up the DagBag from /home/airflow/.local/lib/python3.7/site-packages/airflow/example_dags/example_complex.py
[2023-03-29T01:15:03.643+0000] {logging_mixin.py:120} INFO - [2023-03-29T01:15:03.643+0000] {taskmixin.py:205} WARNING - Dependency <Task(BashOperator): create_entry_group>, delete_entry_group already registered for DAG: example_complex
[2023-03-29T01:15:03.644+0000] {logging_mixin.py:120} INFO - [2023-03-29T01:15:03.644+0000] {taskmixin.py:205} WARNING - Dependency <Task(BashOperator): delete_entry_group>, create_entry_group already registered for DAG: example_complex
[2023-03-29T01:15:03.645+0000] {logging_mixin.py:120} INFO - [2023-03-29T01:15:03.645+0000] {taskmixin.py:205} WARNING - Dependency <Task(BashOperator): create_entry_gcs>, delete_entry already registered for DAG: example_complex
[2023-03-29T01:15:03.646+0000] {logging_mixin.py:120} INFO - [2023-03-29T01:15:03.646+0000] {taskmixin.py:205} WARNING - Dependency <Task(BashOperator): delete_entry>, create_entry_gcs already registered for DAG: example_complex
[2023-03-29T01:15:03.647+0000] {logging_mixin.py:120} INFO - [2023-03-29T01:15:03.647+0000] {taskmixin.py:205} WARNING - Dependency <Task(BashOperator): create_tag>, delete_tag already registered for DAG: example_complex
[2023-03-29T01:15:03.648+0000] {logging_mixin.py:120} INFO - [2023-03-29T01:15:03.648+0000] {taskmixin.py:205} WARNING - Dependency <Task(BashOperator): delete_tag>, create_tag already registered for DAG: example_complex
[2023-03-29T01:15:03.655+0000] {processor.py:766} INFO - DAG(s) dict_keys(['example_complex']) retrieved from /home/airflow/.local/lib/python3.7/site-packages/airflow/example_dags/example_complex.py
[2023-03-29T01:15:03.684+0000] {logging_mixin.py:120} INFO - [2023-03-29T01:15:03.684+0000] {dag.py:2585} INFO - Sync 1 DAGs
[2023-03-29T01:15:03.702+0000] {logging_mixin.py:120} INFO - [2023-03-29T01:15:03.702+0000] {dag.py:3340} INFO - Setting next_dagrun for example_complex to None, run_after=None
[2023-03-29T01:15:03.718+0000] {processor.py:176} INFO - Processing /home/airflow/.local/lib/python3.7/site-packages/airflow/example_dags/example_complex.py took 0.087 seconds
[2023-03-29T01:15:33.889+0000] {processor.py:154} INFO - Started process (PID=234) to work on /home/airflow/.local/lib/python3.7/site-packages/airflow/example_dags/example_complex.py
[2023-03-29T01:15:33.891+0000] {processor.py:756} INFO - Processing file /home/airflow/.local/lib/python3.7/site-packages/airflow/example_dags/example_complex.py for tasks to queue
[2023-03-29T01:15:33.893+0000] {logging_mixin.py:120} INFO - [2023-03-29T01:15:33.892+0000] {dagbag.py:537} INFO - Filling up the DagBag from /home/airflow/.local/lib/python3.7/site-packages/airflow/example_dags/example_complex.py
[2023-03-29T01:15:33.900+0000] {logging_mixin.py:120} INFO - [2023-03-29T01:15:33.900+0000] {taskmixin.py:205} WARNING - Dependency <Task(BashOperator): create_entry_group>, delete_entry_group already registered for DAG: example_complex
[2023-03-29T01:15:33.901+0000] {logging_mixin.py:120} INFO - [2023-03-29T01:15:33.901+0000] {taskmixin.py:205} WARNING - Dependency <Task(BashOperator): delete_entry_group>, create_entry_group already registered for DAG: example_complex
[2023-03-29T01:15:33.902+0000] {logging_mixin.py:120} INFO - [2023-03-29T01:15:33.902+0000] {taskmixin.py:205} WARNING - Dependency <Task(BashOperator): create_entry_gcs>, delete_entry already registered for DAG: example_complex
[2023-03-29T01:15:33.904+0000] {logging_mixin.py:120} INFO - [2023-03-29T01:15:33.904+0000] {taskmixin.py:205} WARNING - Dependency <Task(BashOperator): delete_entry>, create_entry_gcs already registered for DAG: example_complex
[2023-03-29T01:15:33.905+0000] {logging_mixin.py:120} INFO - [2023-03-29T01:15:33.905+0000] {taskmixin.py:205} WARNING - Dependency <Task(BashOperator): create_tag>, delete_tag already registered for DAG: example_complex
[2023-03-29T01:15:33.905+0000] {logging_mixin.py:120} INFO - [2023-03-29T01:15:33.905+0000] {taskmixin.py:205} WARNING - Dependency <Task(BashOperator): delete_tag>, create_tag already registered for DAG: example_complex
[2023-03-29T01:15:33.912+0000] {processor.py:766} INFO - DAG(s) dict_keys(['example_complex']) retrieved from /home/airflow/.local/lib/python3.7/site-packages/airflow/example_dags/example_complex.py
[2023-03-29T01:15:33.941+0000] {logging_mixin.py:120} INFO - [2023-03-29T01:15:33.941+0000] {dag.py:2585} INFO - Sync 1 DAGs
[2023-03-29T01:15:33.955+0000] {logging_mixin.py:120} INFO - [2023-03-29T01:15:33.955+0000] {dag.py:3340} INFO - Setting next_dagrun for example_complex to None, run_after=None
[2023-03-29T01:15:33.966+0000] {processor.py:176} INFO - Processing /home/airflow/.local/lib/python3.7/site-packages/airflow/example_dags/example_complex.py took 0.079 seconds
[2023-03-29T01:16:04.211+0000] {processor.py:154} INFO - Started process (PID=288) to work on /home/airflow/.local/lib/python3.7/site-packages/airflow/example_dags/example_complex.py
[2023-03-29T01:16:04.213+0000] {processor.py:756} INFO - Processing file /home/airflow/.local/lib/python3.7/site-packages/airflow/example_dags/example_complex.py for tasks to queue
[2023-03-29T01:16:04.214+0000] {logging_mixin.py:120} INFO - [2023-03-29T01:16:04.214+0000] {dagbag.py:537} INFO - Filling up the DagBag from /home/airflow/.local/lib/python3.7/site-packages/airflow/example_dags/example_complex.py
[2023-03-29T01:16:04.221+0000] {logging_mixin.py:120} INFO - [2023-03-29T01:16:04.221+0000] {taskmixin.py:205} WARNING - Dependency <Task(BashOperator): create_entry_group>, delete_entry_group already registered for DAG: example_complex
[2023-03-29T01:16:04.222+0000] {logging_mixin.py:120} INFO - [2023-03-29T01:16:04.222+0000] {taskmixin.py:205} WARNING - Dependency <Task(BashOperator): delete_entry_group>, create_entry_group already registered for DAG: example_complex
[2023-03-29T01:16:04.225+0000] {logging_mixin.py:120} INFO - [2023-03-29T01:16:04.225+0000] {taskmixin.py:205} WARNING - Dependency <Task(BashOperator): create_entry_gcs>, delete_entry already registered for DAG: example_complex
[2023-03-29T01:16:04.226+0000] {logging_mixin.py:120} INFO - [2023-03-29T01:16:04.226+0000] {taskmixin.py:205} WARNING - Dependency <Task(BashOperator): delete_entry>, create_entry_gcs already registered for DAG: example_complex
[2023-03-29T01:16:04.227+0000] {logging_mixin.py:120} INFO - [2023-03-29T01:16:04.227+0000] {taskmixin.py:205} WARNING - Dependency <Task(BashOperator): create_tag>, delete_tag already registered for DAG: example_complex
[2023-03-29T01:16:04.228+0000] {logging_mixin.py:120} INFO - [2023-03-29T01:16:04.228+0000] {taskmixin.py:205} WARNING - Dependency <Task(BashOperator): delete_tag>, create_tag already registered for DAG: example_complex
[2023-03-29T01:16:04.233+0000] {processor.py:766} INFO - DAG(s) dict_keys(['example_complex']) retrieved from /home/airflow/.local/lib/python3.7/site-packages/airflow/example_dags/example_complex.py
[2023-03-29T01:16:04.264+0000] {logging_mixin.py:120} INFO - [2023-03-29T01:16:04.264+0000] {dag.py:2585} INFO - Sync 1 DAGs
[2023-03-29T01:16:04.280+0000] {logging_mixin.py:120} INFO - [2023-03-29T01:16:04.280+0000] {dag.py:3340} INFO - Setting next_dagrun for example_complex to None, run_after=None
[2023-03-29T01:16:04.295+0000] {processor.py:176} INFO - Processing /home/airflow/.local/lib/python3.7/site-packages/airflow/example_dags/example_complex.py took 0.086 seconds
[2023-03-29T01:16:34.417+0000] {processor.py:154} INFO - Started process (PID=351) to work on /home/airflow/.local/lib/python3.7/site-packages/airflow/example_dags/example_complex.py
[2023-03-29T01:16:34.419+0000] {processor.py:756} INFO - Processing file /home/airflow/.local/lib/python3.7/site-packages/airflow/example_dags/example_complex.py for tasks to queue
[2023-03-29T01:16:34.420+0000] {logging_mixin.py:120} INFO - [2023-03-29T01:16:34.420+0000] {dagbag.py:537} INFO - Filling up the DagBag from /home/airflow/.local/lib/python3.7/site-packages/airflow/example_dags/example_complex.py
[2023-03-29T01:16:34.427+0000] {logging_mixin.py:120} INFO - [2023-03-29T01:16:34.427+0000] {taskmixin.py:205} WARNING - Dependency <Task(BashOperator): create_entry_group>, delete_entry_group already registered for DAG: example_complex
[2023-03-29T01:16:34.428+0000] {logging_mixin.py:120} INFO - [2023-03-29T01:16:34.428+0000] {taskmixin.py:205} WARNING - Dependency <Task(BashOperator): delete_entry_group>, create_entry_group already registered for DAG: example_complex
[2023-03-29T01:16:34.429+0000] {logging_mixin.py:120} INFO - [2023-03-29T01:16:34.429+0000] {taskmixin.py:205} WARNING - Dependency <Task(BashOperator): create_entry_gcs>, delete_entry already registered for DAG: example_complex
[2023-03-29T01:16:34.431+0000] {logging_mixin.py:120} INFO - [2023-03-29T01:16:34.431+0000] {taskmixin.py:205} WARNING - Dependency <Task(BashOperator): delete_entry>, create_entry_gcs already registered for DAG: example_complex
[2023-03-29T01:16:34.432+0000] {logging_mixin.py:120} INFO - [2023-03-29T01:16:34.432+0000] {taskmixin.py:205} WARNING - Dependency <Task(BashOperator): create_tag>, delete_tag already registered for DAG: example_complex
[2023-03-29T01:16:34.433+0000] {logging_mixin.py:120} INFO - [2023-03-29T01:16:34.433+0000] {taskmixin.py:205} WARNING - Dependency <Task(BashOperator): delete_tag>, create_tag already registered for DAG: example_complex
[2023-03-29T01:16:34.439+0000] {processor.py:766} INFO - DAG(s) dict_keys(['example_complex']) retrieved from /home/airflow/.local/lib/python3.7/site-packages/airflow/example_dags/example_complex.py
[2023-03-29T01:16:34.470+0000] {logging_mixin.py:120} INFO - [2023-03-29T01:16:34.470+0000] {dag.py:2585} INFO - Sync 1 DAGs
[2023-03-29T01:16:34.487+0000] {logging_mixin.py:120} INFO - [2023-03-29T01:16:34.487+0000] {dag.py:3340} INFO - Setting next_dagrun for example_complex to None, run_after=None
[2023-03-29T01:16:34.497+0000] {processor.py:176} INFO - Processing /home/airflow/.local/lib/python3.7/site-packages/airflow/example_dags/example_complex.py took 0.082 seconds
[2023-03-29T01:17:04.825+0000] {processor.py:154} INFO - Started process (PID=414) to work on /home/airflow/.local/lib/python3.7/site-packages/airflow/example_dags/example_complex.py
[2023-03-29T01:17:04.827+0000] {processor.py:756} INFO - Processing file /home/airflow/.local/lib/python3.7/site-packages/airflow/example_dags/example_complex.py for tasks to queue
[2023-03-29T01:17:04.828+0000] {logging_mixin.py:120} INFO - [2023-03-29T01:17:04.828+0000] {dagbag.py:537} INFO - Filling up the DagBag from /home/airflow/.local/lib/python3.7/site-packages/airflow/example_dags/example_complex.py
[2023-03-29T01:17:04.835+0000] {logging_mixin.py:120} INFO - [2023-03-29T01:17:04.835+0000] {taskmixin.py:205} WARNING - Dependency <Task(BashOperator): create_entry_group>, delete_entry_group already registered for DAG: example_complex
[2023-03-29T01:17:04.837+0000] {logging_mixin.py:120} INFO - [2023-03-29T01:17:04.836+0000] {taskmixin.py:205} WARNING - Dependency <Task(BashOperator): delete_entry_group>, create_entry_group already registered for DAG: example_complex
[2023-03-29T01:17:04.838+0000] {logging_mixin.py:120} INFO - [2023-03-29T01:17:04.838+0000] {taskmixin.py:205} WARNING - Dependency <Task(BashOperator): create_entry_gcs>, delete_entry already registered for DAG: example_complex
[2023-03-29T01:17:04.839+0000] {logging_mixin.py:120} INFO - [2023-03-29T01:17:04.839+0000] {taskmixin.py:205} WARNING - Dependency <Task(BashOperator): delete_entry>, create_entry_gcs already registered for DAG: example_complex
[2023-03-29T01:17:04.840+0000] {logging_mixin.py:120} INFO - [2023-03-29T01:17:04.840+0000] {taskmixin.py:205} WARNING - Dependency <Task(BashOperator): create_tag>, delete_tag already registered for DAG: example_complex
[2023-03-29T01:17:04.841+0000] {logging_mixin.py:120} INFO - [2023-03-29T01:17:04.841+0000] {taskmixin.py:205} WARNING - Dependency <Task(BashOperator): delete_tag>, create_tag already registered for DAG: example_complex
[2023-03-29T01:17:04.847+0000] {processor.py:766} INFO - DAG(s) dict_keys(['example_complex']) retrieved from /home/airflow/.local/lib/python3.7/site-packages/airflow/example_dags/example_complex.py
[2023-03-29T01:17:04.879+0000] {logging_mixin.py:120} INFO - [2023-03-29T01:17:04.879+0000] {dag.py:2585} INFO - Sync 1 DAGs
[2023-03-29T01:17:04.894+0000] {logging_mixin.py:120} INFO - [2023-03-29T01:17:04.894+0000] {dag.py:3340} INFO - Setting next_dagrun for example_complex to None, run_after=None
[2023-03-29T01:17:04.906+0000] {processor.py:176} INFO - Processing /home/airflow/.local/lib/python3.7/site-packages/airflow/example_dags/example_complex.py took 0.083 seconds
[2023-03-29T01:17:35.253+0000] {processor.py:154} INFO - Started process (PID=477) to work on /home/airflow/.local/lib/python3.7/site-packages/airflow/example_dags/example_complex.py
[2023-03-29T01:17:35.254+0000] {processor.py:756} INFO - Processing file /home/airflow/.local/lib/python3.7/site-packages/airflow/example_dags/example_complex.py for tasks to queue
[2023-03-29T01:17:35.256+0000] {logging_mixin.py:120} INFO - [2023-03-29T01:17:35.256+0000] {dagbag.py:537} INFO - Filling up the DagBag from /home/airflow/.local/lib/python3.7/site-packages/airflow/example_dags/example_complex.py
[2023-03-29T01:17:35.263+0000] {logging_mixin.py:120} INFO - [2023-03-29T01:17:35.263+0000] {taskmixin.py:205} WARNING - Dependency <Task(BashOperator): create_entry_group>, delete_entry_group already registered for DAG: example_complex
[2023-03-29T01:17:35.263+0000] {logging_mixin.py:120} INFO - [2023-03-29T01:17:35.263+0000] {taskmixin.py:205} WARNING - Dependency <Task(BashOperator): delete_entry_group>, create_entry_group already registered for DAG: example_complex
[2023-03-29T01:17:35.265+0000] {logging_mixin.py:120} INFO - [2023-03-29T01:17:35.265+0000] {taskmixin.py:205} WARNING - Dependency <Task(BashOperator): create_entry_gcs>, delete_entry already registered for DAG: example_complex
[2023-03-29T01:17:35.267+0000] {logging_mixin.py:120} INFO - [2023-03-29T01:17:35.267+0000] {taskmixin.py:205} WARNING - Dependency <Task(BashOperator): delete_entry>, create_entry_gcs already registered for DAG: example_complex
[2023-03-29T01:17:35.268+0000] {logging_mixin.py:120} INFO - [2023-03-29T01:17:35.268+0000] {taskmixin.py:205} WARNING - Dependency <Task(BashOperator): create_tag>, delete_tag already registered for DAG: example_complex
[2023-03-29T01:17:35.270+0000] {logging_mixin.py:120} INFO - [2023-03-29T01:17:35.270+0000] {taskmixin.py:205} WARNING - Dependency <Task(BashOperator): delete_tag>, create_tag already registered for DAG: example_complex
[2023-03-29T01:17:35.275+0000] {processor.py:766} INFO - DAG(s) dict_keys(['example_complex']) retrieved from /home/airflow/.local/lib/python3.7/site-packages/airflow/example_dags/example_complex.py
[2023-03-29T01:17:35.305+0000] {logging_mixin.py:120} INFO - [2023-03-29T01:17:35.305+0000] {dag.py:2585} INFO - Sync 1 DAGs
[2023-03-29T01:17:35.324+0000] {logging_mixin.py:120} INFO - [2023-03-29T01:17:35.324+0000] {dag.py:3340} INFO - Setting next_dagrun for example_complex to None, run_after=None
[2023-03-29T01:17:35.336+0000] {processor.py:176} INFO - Processing /home/airflow/.local/lib/python3.7/site-packages/airflow/example_dags/example_complex.py took 0.085 seconds
[2023-03-29T01:18:05.554+0000] {processor.py:154} INFO - Started process (PID=541) to work on /home/airflow/.local/lib/python3.7/site-packages/airflow/example_dags/example_complex.py
[2023-03-29T01:18:05.556+0000] {processor.py:756} INFO - Processing file /home/airflow/.local/lib/python3.7/site-packages/airflow/example_dags/example_complex.py for tasks to queue
[2023-03-29T01:18:05.557+0000] {logging_mixin.py:120} INFO - [2023-03-29T01:18:05.557+0000] {dagbag.py:537} INFO - Filling up the DagBag from /home/airflow/.local/lib/python3.7/site-packages/airflow/example_dags/example_complex.py
[2023-03-29T01:18:05.565+0000] {logging_mixin.py:120} INFO - [2023-03-29T01:18:05.564+0000] {taskmixin.py:205} WARNING - Dependency <Task(BashOperator): create_entry_group>, delete_entry_group already registered for DAG: example_complex
[2023-03-29T01:18:05.566+0000] {logging_mixin.py:120} INFO - [2023-03-29T01:18:05.566+0000] {taskmixin.py:205} WARNING - Dependency <Task(BashOperator): delete_entry_group>, create_entry_group already registered for DAG: example_complex
[2023-03-29T01:18:05.567+0000] {logging_mixin.py:120} INFO - [2023-03-29T01:18:05.567+0000] {taskmixin.py:205} WARNING - Dependency <Task(BashOperator): create_entry_gcs>, delete_entry already registered for DAG: example_complex
[2023-03-29T01:18:05.568+0000] {logging_mixin.py:120} INFO - [2023-03-29T01:18:05.568+0000] {taskmixin.py:205} WARNING - Dependency <Task(BashOperator): delete_entry>, create_entry_gcs already registered for DAG: example_complex
[2023-03-29T01:18:05.569+0000] {logging_mixin.py:120} INFO - [2023-03-29T01:18:05.569+0000] {taskmixin.py:205} WARNING - Dependency <Task(BashOperator): create_tag>, delete_tag already registered for DAG: example_complex
[2023-03-29T01:18:05.569+0000] {logging_mixin.py:120} INFO - [2023-03-29T01:18:05.569+0000] {taskmixin.py:205} WARNING - Dependency <Task(BashOperator): delete_tag>, create_tag already registered for DAG: example_complex
[2023-03-29T01:18:05.575+0000] {processor.py:766} INFO - DAG(s) dict_keys(['example_complex']) retrieved from /home/airflow/.local/lib/python3.7/site-packages/airflow/example_dags/example_complex.py
[2023-03-29T01:18:05.605+0000] {logging_mixin.py:120} INFO - [2023-03-29T01:18:05.605+0000] {dag.py:2585} INFO - Sync 1 DAGs
[2023-03-29T01:18:05.619+0000] {logging_mixin.py:120} INFO - [2023-03-29T01:18:05.619+0000] {dag.py:3340} INFO - Setting next_dagrun for example_complex to None, run_after=None
[2023-03-29T01:18:05.631+0000] {processor.py:176} INFO - Processing /home/airflow/.local/lib/python3.7/site-packages/airflow/example_dags/example_complex.py took 0.079 seconds
[2023-03-29T01:18:35.959+0000] {processor.py:154} INFO - Started process (PID=604) to work on /home/airflow/.local/lib/python3.7/site-packages/airflow/example_dags/example_complex.py
[2023-03-29T01:18:35.968+0000] {processor.py:756} INFO - Processing file /home/airflow/.local/lib/python3.7/site-packages/airflow/example_dags/example_complex.py for tasks to queue
[2023-03-29T01:18:35.969+0000] {logging_mixin.py:120} INFO - [2023-03-29T01:18:35.969+0000] {dagbag.py:537} INFO - Filling up the DagBag from /home/airflow/.local/lib/python3.7/site-packages/airflow/example_dags/example_complex.py
[2023-03-29T01:18:35.978+0000] {logging_mixin.py:120} INFO - [2023-03-29T01:18:35.978+0000] {taskmixin.py:205} WARNING - Dependency <Task(BashOperator): create_entry_group>, delete_entry_group already registered for DAG: example_complex
[2023-03-29T01:18:35.982+0000] {logging_mixin.py:120} INFO - [2023-03-29T01:18:35.982+0000] {taskmixin.py:205} WARNING - Dependency <Task(BashOperator): delete_entry_group>, create_entry_group already registered for DAG: example_complex
[2023-03-29T01:18:35.988+0000] {logging_mixin.py:120} INFO - [2023-03-29T01:18:35.988+0000] {taskmixin.py:205} WARNING - Dependency <Task(BashOperator): create_entry_gcs>, delete_entry already registered for DAG: example_complex
[2023-03-29T01:18:35.991+0000] {logging_mixin.py:120} INFO - [2023-03-29T01:18:35.991+0000] {taskmixin.py:205} WARNING - Dependency <Task(BashOperator): delete_entry>, create_entry_gcs already registered for DAG: example_complex
[2023-03-29T01:18:35.995+0000] {logging_mixin.py:120} INFO - [2023-03-29T01:18:35.994+0000] {taskmixin.py:205} WARNING - Dependency <Task(BashOperator): create_tag>, delete_tag already registered for DAG: example_complex
[2023-03-29T01:18:35.997+0000] {logging_mixin.py:120} INFO - [2023-03-29T01:18:35.997+0000] {taskmixin.py:205} WARNING - Dependency <Task(BashOperator): delete_tag>, create_tag already registered for DAG: example_complex
[2023-03-29T01:18:36.004+0000] {processor.py:766} INFO - DAG(s) dict_keys(['example_complex']) retrieved from /home/airflow/.local/lib/python3.7/site-packages/airflow/example_dags/example_complex.py
[2023-03-29T01:18:36.057+0000] {logging_mixin.py:120} INFO - [2023-03-29T01:18:36.057+0000] {dag.py:2585} INFO - Sync 1 DAGs
[2023-03-29T01:18:36.082+0000] {logging_mixin.py:120} INFO - [2023-03-29T01:18:36.082+0000] {dag.py:3340} INFO - Setting next_dagrun for example_complex to None, run_after=None
[2023-03-29T01:18:36.101+0000] {processor.py:176} INFO - Processing /home/airflow/.local/lib/python3.7/site-packages/airflow/example_dags/example_complex.py took 0.145 seconds
[2023-03-29T01:19:06.435+0000] {processor.py:154} INFO - Started process (PID=658) to work on /home/airflow/.local/lib/python3.7/site-packages/airflow/example_dags/example_complex.py
[2023-03-29T01:19:06.437+0000] {processor.py:756} INFO - Processing file /home/airflow/.local/lib/python3.7/site-packages/airflow/example_dags/example_complex.py for tasks to queue
[2023-03-29T01:19:06.438+0000] {logging_mixin.py:120} INFO - [2023-03-29T01:19:06.438+0000] {dagbag.py:537} INFO - Filling up the DagBag from /home/airflow/.local/lib/python3.7/site-packages/airflow/example_dags/example_complex.py
[2023-03-29T01:19:06.446+0000] {logging_mixin.py:120} INFO - [2023-03-29T01:19:06.446+0000] {taskmixin.py:205} WARNING - Dependency <Task(BashOperator): create_entry_group>, delete_entry_group already registered for DAG: example_complex
[2023-03-29T01:19:06.447+0000] {logging_mixin.py:120} INFO - [2023-03-29T01:19:06.447+0000] {taskmixin.py:205} WARNING - Dependency <Task(BashOperator): delete_entry_group>, create_entry_group already registered for DAG: example_complex
[2023-03-29T01:19:06.448+0000] {logging_mixin.py:120} INFO - [2023-03-29T01:19:06.448+0000] {taskmixin.py:205} WARNING - Dependency <Task(BashOperator): create_entry_gcs>, delete_entry already registered for DAG: example_complex
[2023-03-29T01:19:06.449+0000] {logging_mixin.py:120} INFO - [2023-03-29T01:19:06.449+0000] {taskmixin.py:205} WARNING - Dependency <Task(BashOperator): delete_entry>, create_entry_gcs already registered for DAG: example_complex
[2023-03-29T01:19:06.450+0000] {logging_mixin.py:120} INFO - [2023-03-29T01:19:06.450+0000] {taskmixin.py:205} WARNING - Dependency <Task(BashOperator): create_tag>, delete_tag already registered for DAG: example_complex
[2023-03-29T01:19:06.452+0000] {logging_mixin.py:120} INFO - [2023-03-29T01:19:06.452+0000] {taskmixin.py:205} WARNING - Dependency <Task(BashOperator): delete_tag>, create_tag already registered for DAG: example_complex
[2023-03-29T01:19:06.458+0000] {processor.py:766} INFO - DAG(s) dict_keys(['example_complex']) retrieved from /home/airflow/.local/lib/python3.7/site-packages/airflow/example_dags/example_complex.py
[2023-03-29T01:19:06.487+0000] {logging_mixin.py:120} INFO - [2023-03-29T01:19:06.487+0000] {dag.py:2585} INFO - Sync 1 DAGs
[2023-03-29T01:19:06.503+0000] {logging_mixin.py:120} INFO - [2023-03-29T01:19:06.503+0000] {dag.py:3340} INFO - Setting next_dagrun for example_complex to None, run_after=None
[2023-03-29T01:19:06.515+0000] {processor.py:176} INFO - Processing /home/airflow/.local/lib/python3.7/site-packages/airflow/example_dags/example_complex.py took 0.082 seconds
[2023-03-29T01:19:36.732+0000] {processor.py:154} INFO - Started process (PID=720) to work on /home/airflow/.local/lib/python3.7/site-packages/airflow/example_dags/example_complex.py
[2023-03-29T01:19:36.733+0000] {processor.py:756} INFO - Processing file /home/airflow/.local/lib/python3.7/site-packages/airflow/example_dags/example_complex.py for tasks to queue
[2023-03-29T01:19:36.735+0000] {logging_mixin.py:120} INFO - [2023-03-29T01:19:36.734+0000] {dagbag.py:537} INFO - Filling up the DagBag from /home/airflow/.local/lib/python3.7/site-packages/airflow/example_dags/example_complex.py
[2023-03-29T01:19:36.742+0000] {logging_mixin.py:120} INFO - [2023-03-29T01:19:36.742+0000] {taskmixin.py:205} WARNING - Dependency <Task(BashOperator): create_entry_group>, delete_entry_group already registered for DAG: example_complex
[2023-03-29T01:19:36.743+0000] {logging_mixin.py:120} INFO - [2023-03-29T01:19:36.743+0000] {taskmixin.py:205} WARNING - Dependency <Task(BashOperator): delete_entry_group>, create_entry_group already registered for DAG: example_complex
[2023-03-29T01:19:36.744+0000] {logging_mixin.py:120} INFO - [2023-03-29T01:19:36.744+0000] {taskmixin.py:205} WARNING - Dependency <Task(BashOperator): create_entry_gcs>, delete_entry already registered for DAG: example_complex
[2023-03-29T01:19:36.745+0000] {logging_mixin.py:120} INFO - [2023-03-29T01:19:36.745+0000] {taskmixin.py:205} WARNING - Dependency <Task(BashOperator): delete_entry>, create_entry_gcs already registered for DAG: example_complex
[2023-03-29T01:19:36.746+0000] {logging_mixin.py:120} INFO - [2023-03-29T01:19:36.746+0000] {taskmixin.py:205} WARNING - Dependency <Task(BashOperator): create_tag>, delete_tag already registered for DAG: example_complex
[2023-03-29T01:19:36.747+0000] {logging_mixin.py:120} INFO - [2023-03-29T01:19:36.747+0000] {taskmixin.py:205} WARNING - Dependency <Task(BashOperator): delete_tag>, create_tag already registered for DAG: example_complex
[2023-03-29T01:19:36.752+0000] {processor.py:766} INFO - DAG(s) dict_keys(['example_complex']) retrieved from /home/airflow/.local/lib/python3.7/site-packages/airflow/example_dags/example_complex.py
[2023-03-29T01:19:36.785+0000] {logging_mixin.py:120} INFO - [2023-03-29T01:19:36.785+0000] {dag.py:2585} INFO - Sync 1 DAGs
[2023-03-29T01:19:36.801+0000] {logging_mixin.py:120} INFO - [2023-03-29T01:19:36.801+0000] {dag.py:3340} INFO - Setting next_dagrun for example_complex to None, run_after=None
[2023-03-29T01:19:36.813+0000] {processor.py:176} INFO - Processing /home/airflow/.local/lib/python3.7/site-packages/airflow/example_dags/example_complex.py took 0.083 seconds
[2023-03-29T01:20:07.083+0000] {processor.py:154} INFO - Started process (PID=783) to work on /home/airflow/.local/lib/python3.7/site-packages/airflow/example_dags/example_complex.py
[2023-03-29T01:20:07.085+0000] {processor.py:756} INFO - Processing file /home/airflow/.local/lib/python3.7/site-packages/airflow/example_dags/example_complex.py for tasks to queue
[2023-03-29T01:20:07.088+0000] {logging_mixin.py:120} INFO - [2023-03-29T01:20:07.088+0000] {dagbag.py:537} INFO - Filling up the DagBag from /home/airflow/.local/lib/python3.7/site-packages/airflow/example_dags/example_complex.py
[2023-03-29T01:20:07.095+0000] {logging_mixin.py:120} INFO - [2023-03-29T01:20:07.095+0000] {taskmixin.py:205} WARNING - Dependency <Task(BashOperator): create_entry_group>, delete_entry_group already registered for DAG: example_complex
[2023-03-29T01:20:07.096+0000] {logging_mixin.py:120} INFO - [2023-03-29T01:20:07.096+0000] {taskmixin.py:205} WARNING - Dependency <Task(BashOperator): delete_entry_group>, create_entry_group already registered for DAG: example_complex
[2023-03-29T01:20:07.097+0000] {logging_mixin.py:120} INFO - [2023-03-29T01:20:07.097+0000] {taskmixin.py:205} WARNING - Dependency <Task(BashOperator): create_entry_gcs>, delete_entry already registered for DAG: example_complex
[2023-03-29T01:20:07.098+0000] {logging_mixin.py:120} INFO - [2023-03-29T01:20:07.098+0000] {taskmixin.py:205} WARNING - Dependency <Task(BashOperator): delete_entry>, create_entry_gcs already registered for DAG: example_complex
[2023-03-29T01:20:07.100+0000] {logging_mixin.py:120} INFO - [2023-03-29T01:20:07.100+0000] {taskmixin.py:205} WARNING - Dependency <Task(BashOperator): create_tag>, delete_tag already registered for DAG: example_complex
[2023-03-29T01:20:07.101+0000] {logging_mixin.py:120} INFO - [2023-03-29T01:20:07.101+0000] {taskmixin.py:205} WARNING - Dependency <Task(BashOperator): delete_tag>, create_tag already registered for DAG: example_complex
[2023-03-29T01:20:07.106+0000] {processor.py:766} INFO - DAG(s) dict_keys(['example_complex']) retrieved from /home/airflow/.local/lib/python3.7/site-packages/airflow/example_dags/example_complex.py
[2023-03-29T01:20:07.136+0000] {logging_mixin.py:120} INFO - [2023-03-29T01:20:07.135+0000] {dag.py:2585} INFO - Sync 1 DAGs
[2023-03-29T01:20:07.150+0000] {logging_mixin.py:120} INFO - [2023-03-29T01:20:07.149+0000] {dag.py:3340} INFO - Setting next_dagrun for example_complex to None, run_after=None
[2023-03-29T01:20:07.163+0000] {processor.py:176} INFO - Processing /home/airflow/.local/lib/python3.7/site-packages/airflow/example_dags/example_complex.py took 0.082 seconds
[2023-03-29T01:20:37.459+0000] {processor.py:154} INFO - Started process (PID=846) to work on /home/airflow/.local/lib/python3.7/site-packages/airflow/example_dags/example_complex.py
[2023-03-29T01:20:37.461+0000] {processor.py:756} INFO - Processing file /home/airflow/.local/lib/python3.7/site-packages/airflow/example_dags/example_complex.py for tasks to queue
[2023-03-29T01:20:37.462+0000] {logging_mixin.py:120} INFO - [2023-03-29T01:20:37.462+0000] {dagbag.py:537} INFO - Filling up the DagBag from /home/airflow/.local/lib/python3.7/site-packages/airflow/example_dags/example_complex.py
[2023-03-29T01:20:37.470+0000] {logging_mixin.py:120} INFO - [2023-03-29T01:20:37.470+0000] {taskmixin.py:205} WARNING - Dependency <Task(BashOperator): create_entry_group>, delete_entry_group already registered for DAG: example_complex
[2023-03-29T01:20:37.471+0000] {logging_mixin.py:120} INFO - [2023-03-29T01:20:37.471+0000] {taskmixin.py:205} WARNING - Dependency <Task(BashOperator): delete_entry_group>, create_entry_group already registered for DAG: example_complex
[2023-03-29T01:20:37.472+0000] {logging_mixin.py:120} INFO - [2023-03-29T01:20:37.472+0000] {taskmixin.py:205} WARNING - Dependency <Task(BashOperator): create_entry_gcs>, delete_entry already registered for DAG: example_complex
[2023-03-29T01:20:37.473+0000] {logging_mixin.py:120} INFO - [2023-03-29T01:20:37.473+0000] {taskmixin.py:205} WARNING - Dependency <Task(BashOperator): delete_entry>, create_entry_gcs already registered for DAG: example_complex
[2023-03-29T01:20:37.475+0000] {logging_mixin.py:120} INFO - [2023-03-29T01:20:37.475+0000] {taskmixin.py:205} WARNING - Dependency <Task(BashOperator): create_tag>, delete_tag already registered for DAG: example_complex
[2023-03-29T01:20:37.476+0000] {logging_mixin.py:120} INFO - [2023-03-29T01:20:37.476+0000] {taskmixin.py:205} WARNING - Dependency <Task(BashOperator): delete_tag>, create_tag already registered for DAG: example_complex
[2023-03-29T01:20:37.483+0000] {processor.py:766} INFO - DAG(s) dict_keys(['example_complex']) retrieved from /home/airflow/.local/lib/python3.7/site-packages/airflow/example_dags/example_complex.py
[2023-03-29T01:20:37.514+0000] {logging_mixin.py:120} INFO - [2023-03-29T01:20:37.514+0000] {dag.py:2585} INFO - Sync 1 DAGs
[2023-03-29T01:20:37.530+0000] {logging_mixin.py:120} INFO - [2023-03-29T01:20:37.530+0000] {dag.py:3340} INFO - Setting next_dagrun for example_complex to None, run_after=None
[2023-03-29T01:20:37.542+0000] {processor.py:176} INFO - Processing /home/airflow/.local/lib/python3.7/site-packages/airflow/example_dags/example_complex.py took 0.086 seconds
