[2023-03-29T01:14:04.685+0000] {processor.py:154} INFO - Started process (PID=53) to work on /home/airflow/.local/lib/python3.7/site-packages/airflow/example_dags/example_short_circuit_operator.py
[2023-03-29T01:14:04.686+0000] {processor.py:756} INFO - Processing file /home/airflow/.local/lib/python3.7/site-packages/airflow/example_dags/example_short_circuit_operator.py for tasks to queue
[2023-03-29T01:14:04.690+0000] {logging_mixin.py:120} INFO - [2023-03-29T01:14:04.689+0000] {dagbag.py:537} INFO - Filling up the DagBag from /home/airflow/.local/lib/python3.7/site-packages/airflow/example_dags/example_short_circuit_operator.py
[2023-03-29T01:14:04.706+0000] {processor.py:766} INFO - DAG(s) dict_keys(['example_short_circuit_operator']) retrieved from /home/airflow/.local/lib/python3.7/site-packages/airflow/example_dags/example_short_circuit_operator.py
[2023-03-29T01:14:04.826+0000] {logging_mixin.py:120} INFO - [2023-03-29T01:14:04.826+0000] {manager.py:507} INFO - Created Permission View: can delete on DAG:example_short_circuit_operator
[2023-03-29T01:14:04.835+0000] {logging_mixin.py:120} INFO - [2023-03-29T01:14:04.835+0000] {manager.py:507} INFO - Created Permission View: can edit on DAG:example_short_circuit_operator
[2023-03-29T01:14:04.841+0000] {logging_mixin.py:120} INFO - [2023-03-29T01:14:04.841+0000] {manager.py:507} INFO - Created Permission View: can read on DAG:example_short_circuit_operator
[2023-03-29T01:14:04.842+0000] {logging_mixin.py:120} INFO - [2023-03-29T01:14:04.842+0000] {dag.py:2585} INFO - Sync 1 DAGs
[2023-03-29T01:14:04.852+0000] {logging_mixin.py:120} INFO - [2023-03-29T01:14:04.852+0000] {dag.py:2606} INFO - Creating ORM DAG for example_short_circuit_operator
[2023-03-29T01:14:04.861+0000] {logging_mixin.py:120} INFO - [2023-03-29T01:14:04.861+0000] {dag.py:3340} INFO - Setting next_dagrun for example_short_circuit_operator to 2023-03-28T01:14:04.861577+00:00, run_after=2023-03-29T01:14:04.861577+00:00
[2023-03-29T01:14:04.878+0000] {processor.py:176} INFO - Processing /home/airflow/.local/lib/python3.7/site-packages/airflow/example_dags/example_short_circuit_operator.py took 0.195 seconds
[2023-03-29T01:14:35.820+0000] {processor.py:154} INFO - Started process (PID=116) to work on /home/airflow/.local/lib/python3.7/site-packages/airflow/example_dags/example_short_circuit_operator.py
[2023-03-29T01:14:35.824+0000] {processor.py:756} INFO - Processing file /home/airflow/.local/lib/python3.7/site-packages/airflow/example_dags/example_short_circuit_operator.py for tasks to queue
[2023-03-29T01:14:35.826+0000] {logging_mixin.py:120} INFO - [2023-03-29T01:14:35.826+0000] {dagbag.py:537} INFO - Filling up the DagBag from /home/airflow/.local/lib/python3.7/site-packages/airflow/example_dags/example_short_circuit_operator.py
[2023-03-29T01:14:35.843+0000] {processor.py:766} INFO - DAG(s) dict_keys(['example_short_circuit_operator']) retrieved from /home/airflow/.local/lib/python3.7/site-packages/airflow/example_dags/example_short_circuit_operator.py
[2023-03-29T01:14:35.875+0000] {logging_mixin.py:120} INFO - [2023-03-29T01:14:35.875+0000] {dag.py:2585} INFO - Sync 1 DAGs
[2023-03-29T01:14:35.890+0000] {logging_mixin.py:120} INFO - [2023-03-29T01:14:35.890+0000] {dag.py:3340} INFO - Setting next_dagrun for example_short_circuit_operator to 2023-03-28T01:14:35.890237+00:00, run_after=2023-03-29T01:14:35.890237+00:00
[2023-03-29T01:14:35.904+0000] {processor.py:176} INFO - Processing /home/airflow/.local/lib/python3.7/site-packages/airflow/example_dags/example_short_circuit_operator.py took 0.089 seconds
[2023-03-29T01:15:06.202+0000] {processor.py:154} INFO - Started process (PID=180) to work on /home/airflow/.local/lib/python3.7/site-packages/airflow/example_dags/example_short_circuit_operator.py
[2023-03-29T01:15:06.205+0000] {processor.py:756} INFO - Processing file /home/airflow/.local/lib/python3.7/site-packages/airflow/example_dags/example_short_circuit_operator.py for tasks to queue
[2023-03-29T01:15:06.206+0000] {logging_mixin.py:120} INFO - [2023-03-29T01:15:06.206+0000] {dagbag.py:537} INFO - Filling up the DagBag from /home/airflow/.local/lib/python3.7/site-packages/airflow/example_dags/example_short_circuit_operator.py
[2023-03-29T01:15:06.224+0000] {processor.py:766} INFO - DAG(s) dict_keys(['example_short_circuit_operator']) retrieved from /home/airflow/.local/lib/python3.7/site-packages/airflow/example_dags/example_short_circuit_operator.py
[2023-03-29T01:15:06.256+0000] {logging_mixin.py:120} INFO - [2023-03-29T01:15:06.256+0000] {dag.py:2585} INFO - Sync 1 DAGs
[2023-03-29T01:15:06.272+0000] {logging_mixin.py:120} INFO - [2023-03-29T01:15:06.272+0000] {dag.py:3340} INFO - Setting next_dagrun for example_short_circuit_operator to 2023-03-28T01:15:06.272286+00:00, run_after=2023-03-29T01:15:06.272286+00:00
[2023-03-29T01:15:06.286+0000] {processor.py:176} INFO - Processing /home/airflow/.local/lib/python3.7/site-packages/airflow/example_dags/example_short_circuit_operator.py took 0.090 seconds
[2023-03-29T01:15:36.460+0000] {processor.py:154} INFO - Started process (PID=243) to work on /home/airflow/.local/lib/python3.7/site-packages/airflow/example_dags/example_short_circuit_operator.py
[2023-03-29T01:15:36.463+0000] {processor.py:756} INFO - Processing file /home/airflow/.local/lib/python3.7/site-packages/airflow/example_dags/example_short_circuit_operator.py for tasks to queue
[2023-03-29T01:15:36.466+0000] {logging_mixin.py:120} INFO - [2023-03-29T01:15:36.465+0000] {dagbag.py:537} INFO - Filling up the DagBag from /home/airflow/.local/lib/python3.7/site-packages/airflow/example_dags/example_short_circuit_operator.py
[2023-03-29T01:15:36.484+0000] {processor.py:766} INFO - DAG(s) dict_keys(['example_short_circuit_operator']) retrieved from /home/airflow/.local/lib/python3.7/site-packages/airflow/example_dags/example_short_circuit_operator.py
[2023-03-29T01:15:36.517+0000] {logging_mixin.py:120} INFO - [2023-03-29T01:15:36.517+0000] {dag.py:2585} INFO - Sync 1 DAGs
[2023-03-29T01:15:36.533+0000] {logging_mixin.py:120} INFO - [2023-03-29T01:15:36.533+0000] {dag.py:3340} INFO - Setting next_dagrun for example_short_circuit_operator to 2023-03-28T01:15:36.533030+00:00, run_after=2023-03-29T01:15:36.533030+00:00
[2023-03-29T01:15:36.545+0000] {processor.py:176} INFO - Processing /home/airflow/.local/lib/python3.7/site-packages/airflow/example_dags/example_short_circuit_operator.py took 0.090 seconds
[2023-03-29T01:16:06.728+0000] {processor.py:154} INFO - Started process (PID=306) to work on /home/airflow/.local/lib/python3.7/site-packages/airflow/example_dags/example_short_circuit_operator.py
[2023-03-29T01:16:06.730+0000] {processor.py:756} INFO - Processing file /home/airflow/.local/lib/python3.7/site-packages/airflow/example_dags/example_short_circuit_operator.py for tasks to queue
[2023-03-29T01:16:06.732+0000] {logging_mixin.py:120} INFO - [2023-03-29T01:16:06.732+0000] {dagbag.py:537} INFO - Filling up the DagBag from /home/airflow/.local/lib/python3.7/site-packages/airflow/example_dags/example_short_circuit_operator.py
[2023-03-29T01:16:06.749+0000] {processor.py:766} INFO - DAG(s) dict_keys(['example_short_circuit_operator']) retrieved from /home/airflow/.local/lib/python3.7/site-packages/airflow/example_dags/example_short_circuit_operator.py
[2023-03-29T01:16:06.778+0000] {logging_mixin.py:120} INFO - [2023-03-29T01:16:06.778+0000] {dag.py:2585} INFO - Sync 1 DAGs
[2023-03-29T01:16:06.794+0000] {logging_mixin.py:120} INFO - [2023-03-29T01:16:06.793+0000] {dag.py:3340} INFO - Setting next_dagrun for example_short_circuit_operator to 2023-03-28T01:16:06.793819+00:00, run_after=2023-03-29T01:16:06.793819+00:00
[2023-03-29T01:16:06.807+0000] {processor.py:176} INFO - Processing /home/airflow/.local/lib/python3.7/site-packages/airflow/example_dags/example_short_circuit_operator.py took 0.083 seconds
[2023-03-29T01:16:36.951+0000] {processor.py:154} INFO - Started process (PID=369) to work on /home/airflow/.local/lib/python3.7/site-packages/airflow/example_dags/example_short_circuit_operator.py
[2023-03-29T01:16:36.953+0000] {processor.py:756} INFO - Processing file /home/airflow/.local/lib/python3.7/site-packages/airflow/example_dags/example_short_circuit_operator.py for tasks to queue
[2023-03-29T01:16:36.956+0000] {logging_mixin.py:120} INFO - [2023-03-29T01:16:36.956+0000] {dagbag.py:537} INFO - Filling up the DagBag from /home/airflow/.local/lib/python3.7/site-packages/airflow/example_dags/example_short_circuit_operator.py
[2023-03-29T01:16:36.968+0000] {processor.py:766} INFO - DAG(s) dict_keys(['example_short_circuit_operator']) retrieved from /home/airflow/.local/lib/python3.7/site-packages/airflow/example_dags/example_short_circuit_operator.py
[2023-03-29T01:16:36.996+0000] {logging_mixin.py:120} INFO - [2023-03-29T01:16:36.996+0000] {dag.py:2585} INFO - Sync 1 DAGs
[2023-03-29T01:16:37.014+0000] {logging_mixin.py:120} INFO - [2023-03-29T01:16:37.014+0000] {dag.py:3340} INFO - Setting next_dagrun for example_short_circuit_operator to 2023-03-28T01:16:37.014017+00:00, run_after=2023-03-29T01:16:37.014017+00:00
[2023-03-29T01:16:37.028+0000] {processor.py:176} INFO - Processing /home/airflow/.local/lib/python3.7/site-packages/airflow/example_dags/example_short_circuit_operator.py took 0.080 seconds
[2023-03-29T01:17:07.397+0000] {processor.py:154} INFO - Started process (PID=423) to work on /home/airflow/.local/lib/python3.7/site-packages/airflow/example_dags/example_short_circuit_operator.py
[2023-03-29T01:17:07.400+0000] {processor.py:756} INFO - Processing file /home/airflow/.local/lib/python3.7/site-packages/airflow/example_dags/example_short_circuit_operator.py for tasks to queue
[2023-03-29T01:17:07.402+0000] {logging_mixin.py:120} INFO - [2023-03-29T01:17:07.402+0000] {dagbag.py:537} INFO - Filling up the DagBag from /home/airflow/.local/lib/python3.7/site-packages/airflow/example_dags/example_short_circuit_operator.py
[2023-03-29T01:17:07.419+0000] {processor.py:766} INFO - DAG(s) dict_keys(['example_short_circuit_operator']) retrieved from /home/airflow/.local/lib/python3.7/site-packages/airflow/example_dags/example_short_circuit_operator.py
[2023-03-29T01:17:07.450+0000] {logging_mixin.py:120} INFO - [2023-03-29T01:17:07.450+0000] {dag.py:2585} INFO - Sync 1 DAGs
[2023-03-29T01:17:07.466+0000] {logging_mixin.py:120} INFO - [2023-03-29T01:17:07.466+0000] {dag.py:3340} INFO - Setting next_dagrun for example_short_circuit_operator to 2023-03-28T01:17:07.465965+00:00, run_after=2023-03-29T01:17:07.465965+00:00
[2023-03-29T01:17:07.479+0000] {processor.py:176} INFO - Processing /home/airflow/.local/lib/python3.7/site-packages/airflow/example_dags/example_short_circuit_operator.py took 0.091 seconds
[2023-03-29T01:17:37.778+0000] {processor.py:154} INFO - Started process (PID=486) to work on /home/airflow/.local/lib/python3.7/site-packages/airflow/example_dags/example_short_circuit_operator.py
[2023-03-29T01:17:37.780+0000] {processor.py:756} INFO - Processing file /home/airflow/.local/lib/python3.7/site-packages/airflow/example_dags/example_short_circuit_operator.py for tasks to queue
[2023-03-29T01:17:37.781+0000] {logging_mixin.py:120} INFO - [2023-03-29T01:17:37.781+0000] {dagbag.py:537} INFO - Filling up the DagBag from /home/airflow/.local/lib/python3.7/site-packages/airflow/example_dags/example_short_circuit_operator.py
[2023-03-29T01:17:37.792+0000] {processor.py:766} INFO - DAG(s) dict_keys(['example_short_circuit_operator']) retrieved from /home/airflow/.local/lib/python3.7/site-packages/airflow/example_dags/example_short_circuit_operator.py
[2023-03-29T01:17:37.819+0000] {logging_mixin.py:120} INFO - [2023-03-29T01:17:37.819+0000] {dag.py:2585} INFO - Sync 1 DAGs
[2023-03-29T01:17:37.835+0000] {logging_mixin.py:120} INFO - [2023-03-29T01:17:37.835+0000] {dag.py:3340} INFO - Setting next_dagrun for example_short_circuit_operator to 2023-03-28T01:17:37.835698+00:00, run_after=2023-03-29T01:17:37.835698+00:00
[2023-03-29T01:17:37.848+0000] {processor.py:176} INFO - Processing /home/airflow/.local/lib/python3.7/site-packages/airflow/example_dags/example_short_circuit_operator.py took 0.073 seconds
[2023-03-29T01:18:08.099+0000] {processor.py:154} INFO - Started process (PID=550) to work on /home/airflow/.local/lib/python3.7/site-packages/airflow/example_dags/example_short_circuit_operator.py
[2023-03-29T01:18:08.105+0000] {processor.py:756} INFO - Processing file /home/airflow/.local/lib/python3.7/site-packages/airflow/example_dags/example_short_circuit_operator.py for tasks to queue
[2023-03-29T01:18:08.107+0000] {logging_mixin.py:120} INFO - [2023-03-29T01:18:08.107+0000] {dagbag.py:537} INFO - Filling up the DagBag from /home/airflow/.local/lib/python3.7/site-packages/airflow/example_dags/example_short_circuit_operator.py
[2023-03-29T01:18:08.118+0000] {processor.py:766} INFO - DAG(s) dict_keys(['example_short_circuit_operator']) retrieved from /home/airflow/.local/lib/python3.7/site-packages/airflow/example_dags/example_short_circuit_operator.py
[2023-03-29T01:18:08.145+0000] {logging_mixin.py:120} INFO - [2023-03-29T01:18:08.145+0000] {dag.py:2585} INFO - Sync 1 DAGs
[2023-03-29T01:18:08.160+0000] {logging_mixin.py:120} INFO - [2023-03-29T01:18:08.160+0000] {dag.py:3340} INFO - Setting next_dagrun for example_short_circuit_operator to 2023-03-28T01:18:08.160630+00:00, run_after=2023-03-29T01:18:08.160630+00:00
[2023-03-29T01:18:08.174+0000] {processor.py:176} INFO - Processing /home/airflow/.local/lib/python3.7/site-packages/airflow/example_dags/example_short_circuit_operator.py took 0.084 seconds
[2023-03-29T01:18:38.564+0000] {processor.py:154} INFO - Started process (PID=613) to work on /home/airflow/.local/lib/python3.7/site-packages/airflow/example_dags/example_short_circuit_operator.py
[2023-03-29T01:18:38.569+0000] {processor.py:756} INFO - Processing file /home/airflow/.local/lib/python3.7/site-packages/airflow/example_dags/example_short_circuit_operator.py for tasks to queue
[2023-03-29T01:18:38.570+0000] {logging_mixin.py:120} INFO - [2023-03-29T01:18:38.570+0000] {dagbag.py:537} INFO - Filling up the DagBag from /home/airflow/.local/lib/python3.7/site-packages/airflow/example_dags/example_short_circuit_operator.py
[2023-03-29T01:18:38.586+0000] {processor.py:766} INFO - DAG(s) dict_keys(['example_short_circuit_operator']) retrieved from /home/airflow/.local/lib/python3.7/site-packages/airflow/example_dags/example_short_circuit_operator.py
[2023-03-29T01:18:38.617+0000] {logging_mixin.py:120} INFO - [2023-03-29T01:18:38.617+0000] {dag.py:2585} INFO - Sync 1 DAGs
[2023-03-29T01:18:38.633+0000] {logging_mixin.py:120} INFO - [2023-03-29T01:18:38.633+0000] {dag.py:3340} INFO - Setting next_dagrun for example_short_circuit_operator to 2023-03-28T01:18:38.633129+00:00, run_after=2023-03-29T01:18:38.633129+00:00
[2023-03-29T01:18:38.646+0000] {processor.py:176} INFO - Processing /home/airflow/.local/lib/python3.7/site-packages/airflow/example_dags/example_short_circuit_operator.py took 0.088 seconds
[2023-03-29T01:19:08.919+0000] {processor.py:154} INFO - Started process (PID=675) to work on /home/airflow/.local/lib/python3.7/site-packages/airflow/example_dags/example_short_circuit_operator.py
[2023-03-29T01:19:08.921+0000] {processor.py:756} INFO - Processing file /home/airflow/.local/lib/python3.7/site-packages/airflow/example_dags/example_short_circuit_operator.py for tasks to queue
[2023-03-29T01:19:08.922+0000] {logging_mixin.py:120} INFO - [2023-03-29T01:19:08.922+0000] {dagbag.py:537} INFO - Filling up the DagBag from /home/airflow/.local/lib/python3.7/site-packages/airflow/example_dags/example_short_circuit_operator.py
[2023-03-29T01:19:08.934+0000] {processor.py:766} INFO - DAG(s) dict_keys(['example_short_circuit_operator']) retrieved from /home/airflow/.local/lib/python3.7/site-packages/airflow/example_dags/example_short_circuit_operator.py
[2023-03-29T01:19:08.962+0000] {logging_mixin.py:120} INFO - [2023-03-29T01:19:08.962+0000] {dag.py:2585} INFO - Sync 1 DAGs
[2023-03-29T01:19:08.977+0000] {logging_mixin.py:120} INFO - [2023-03-29T01:19:08.977+0000] {dag.py:3340} INFO - Setting next_dagrun for example_short_circuit_operator to 2023-03-28T01:19:08.977612+00:00, run_after=2023-03-29T01:19:08.977612+00:00
[2023-03-29T01:19:08.991+0000] {processor.py:176} INFO - Processing /home/airflow/.local/lib/python3.7/site-packages/airflow/example_dags/example_short_circuit_operator.py took 0.074 seconds
[2023-03-29T01:19:39.218+0000] {processor.py:154} INFO - Started process (PID=729) to work on /home/airflow/.local/lib/python3.7/site-packages/airflow/example_dags/example_short_circuit_operator.py
[2023-03-29T01:19:39.220+0000] {processor.py:756} INFO - Processing file /home/airflow/.local/lib/python3.7/site-packages/airflow/example_dags/example_short_circuit_operator.py for tasks to queue
[2023-03-29T01:19:39.222+0000] {logging_mixin.py:120} INFO - [2023-03-29T01:19:39.222+0000] {dagbag.py:537} INFO - Filling up the DagBag from /home/airflow/.local/lib/python3.7/site-packages/airflow/example_dags/example_short_circuit_operator.py
[2023-03-29T01:19:39.234+0000] {processor.py:766} INFO - DAG(s) dict_keys(['example_short_circuit_operator']) retrieved from /home/airflow/.local/lib/python3.7/site-packages/airflow/example_dags/example_short_circuit_operator.py
[2023-03-29T01:19:39.263+0000] {logging_mixin.py:120} INFO - [2023-03-29T01:19:39.263+0000] {dag.py:2585} INFO - Sync 1 DAGs
[2023-03-29T01:19:39.278+0000] {logging_mixin.py:120} INFO - [2023-03-29T01:19:39.278+0000] {dag.py:3340} INFO - Setting next_dagrun for example_short_circuit_operator to 2023-03-28T01:19:39.277991+00:00, run_after=2023-03-29T01:19:39.277991+00:00
[2023-03-29T01:19:39.291+0000] {processor.py:176} INFO - Processing /home/airflow/.local/lib/python3.7/site-packages/airflow/example_dags/example_short_circuit_operator.py took 0.075 seconds
[2023-03-29T01:20:09.594+0000] {processor.py:154} INFO - Started process (PID=792) to work on /home/airflow/.local/lib/python3.7/site-packages/airflow/example_dags/example_short_circuit_operator.py
[2023-03-29T01:20:09.598+0000] {processor.py:756} INFO - Processing file /home/airflow/.local/lib/python3.7/site-packages/airflow/example_dags/example_short_circuit_operator.py for tasks to queue
[2023-03-29T01:20:09.601+0000] {logging_mixin.py:120} INFO - [2023-03-29T01:20:09.600+0000] {dagbag.py:537} INFO - Filling up the DagBag from /home/airflow/.local/lib/python3.7/site-packages/airflow/example_dags/example_short_circuit_operator.py
[2023-03-29T01:20:09.619+0000] {processor.py:766} INFO - DAG(s) dict_keys(['example_short_circuit_operator']) retrieved from /home/airflow/.local/lib/python3.7/site-packages/airflow/example_dags/example_short_circuit_operator.py
[2023-03-29T01:20:09.652+0000] {logging_mixin.py:120} INFO - [2023-03-29T01:20:09.651+0000] {dag.py:2585} INFO - Sync 1 DAGs
[2023-03-29T01:20:09.668+0000] {logging_mixin.py:120} INFO - [2023-03-29T01:20:09.667+0000] {dag.py:3340} INFO - Setting next_dagrun for example_short_circuit_operator to 2023-03-28T01:20:09.667842+00:00, run_after=2023-03-29T01:20:09.667842+00:00
[2023-03-29T01:20:09.681+0000] {processor.py:176} INFO - Processing /home/airflow/.local/lib/python3.7/site-packages/airflow/example_dags/example_short_circuit_operator.py took 0.092 seconds
[2023-03-29T01:20:40.010+0000] {processor.py:154} INFO - Started process (PID=855) to work on /home/airflow/.local/lib/python3.7/site-packages/airflow/example_dags/example_short_circuit_operator.py
[2023-03-29T01:20:40.013+0000] {processor.py:756} INFO - Processing file /home/airflow/.local/lib/python3.7/site-packages/airflow/example_dags/example_short_circuit_operator.py for tasks to queue
[2023-03-29T01:20:40.016+0000] {logging_mixin.py:120} INFO - [2023-03-29T01:20:40.015+0000] {dagbag.py:537} INFO - Filling up the DagBag from /home/airflow/.local/lib/python3.7/site-packages/airflow/example_dags/example_short_circuit_operator.py
[2023-03-29T01:20:40.034+0000] {processor.py:766} INFO - DAG(s) dict_keys(['example_short_circuit_operator']) retrieved from /home/airflow/.local/lib/python3.7/site-packages/airflow/example_dags/example_short_circuit_operator.py
[2023-03-29T01:20:40.065+0000] {logging_mixin.py:120} INFO - [2023-03-29T01:20:40.065+0000] {dag.py:2585} INFO - Sync 1 DAGs
[2023-03-29T01:20:40.080+0000] {logging_mixin.py:120} INFO - [2023-03-29T01:20:40.080+0000] {dag.py:3340} INFO - Setting next_dagrun for example_short_circuit_operator to 2023-03-28T01:20:40.079963+00:00, run_after=2023-03-29T01:20:40.079963+00:00
[2023-03-29T01:20:40.095+0000] {processor.py:176} INFO - Processing /home/airflow/.local/lib/python3.7/site-packages/airflow/example_dags/example_short_circuit_operator.py took 0.091 seconds
[2023-03-29T01:21:10.394+0000] {processor.py:154} INFO - Started process (PID=918) to work on /home/airflow/.local/lib/python3.7/site-packages/airflow/example_dags/example_short_circuit_operator.py
[2023-03-29T01:21:10.398+0000] {processor.py:756} INFO - Processing file /home/airflow/.local/lib/python3.7/site-packages/airflow/example_dags/example_short_circuit_operator.py for tasks to queue
[2023-03-29T01:21:10.400+0000] {logging_mixin.py:120} INFO - [2023-03-29T01:21:10.400+0000] {dagbag.py:537} INFO - Filling up the DagBag from /home/airflow/.local/lib/python3.7/site-packages/airflow/example_dags/example_short_circuit_operator.py
[2023-03-29T01:21:10.416+0000] {processor.py:766} INFO - DAG(s) dict_keys(['example_short_circuit_operator']) retrieved from /home/airflow/.local/lib/python3.7/site-packages/airflow/example_dags/example_short_circuit_operator.py
[2023-03-29T01:21:10.447+0000] {logging_mixin.py:120} INFO - [2023-03-29T01:21:10.447+0000] {dag.py:2585} INFO - Sync 1 DAGs
[2023-03-29T01:21:10.465+0000] {logging_mixin.py:120} INFO - [2023-03-29T01:21:10.464+0000] {dag.py:3340} INFO - Setting next_dagrun for example_short_circuit_operator to 2023-03-28T01:21:10.464802+00:00, run_after=2023-03-29T01:21:10.464802+00:00
[2023-03-29T01:21:10.478+0000] {processor.py:176} INFO - Processing /home/airflow/.local/lib/python3.7/site-packages/airflow/example_dags/example_short_circuit_operator.py took 0.088 seconds
[2023-03-29T01:21:40.794+0000] {processor.py:154} INFO - Started process (PID=981) to work on /home/airflow/.local/lib/python3.7/site-packages/airflow/example_dags/example_short_circuit_operator.py
[2023-03-29T01:21:40.799+0000] {processor.py:756} INFO - Processing file /home/airflow/.local/lib/python3.7/site-packages/airflow/example_dags/example_short_circuit_operator.py for tasks to queue
[2023-03-29T01:21:40.802+0000] {logging_mixin.py:120} INFO - [2023-03-29T01:21:40.802+0000] {dagbag.py:537} INFO - Filling up the DagBag from /home/airflow/.local/lib/python3.7/site-packages/airflow/example_dags/example_short_circuit_operator.py
[2023-03-29T01:21:40.822+0000] {processor.py:766} INFO - DAG(s) dict_keys(['example_short_circuit_operator']) retrieved from /home/airflow/.local/lib/python3.7/site-packages/airflow/example_dags/example_short_circuit_operator.py
[2023-03-29T01:21:40.854+0000] {logging_mixin.py:120} INFO - [2023-03-29T01:21:40.854+0000] {dag.py:2585} INFO - Sync 1 DAGs
[2023-03-29T01:21:40.869+0000] {logging_mixin.py:120} INFO - [2023-03-29T01:21:40.869+0000] {dag.py:3340} INFO - Setting next_dagrun for example_short_circuit_operator to 2023-03-28T01:21:40.869596+00:00, run_after=2023-03-29T01:21:40.869596+00:00
[2023-03-29T01:21:40.882+0000] {processor.py:176} INFO - Processing /home/airflow/.local/lib/python3.7/site-packages/airflow/example_dags/example_short_circuit_operator.py took 0.092 seconds
[2023-03-29T01:22:11.147+0000] {processor.py:154} INFO - Started process (PID=1044) to work on /home/airflow/.local/lib/python3.7/site-packages/airflow/example_dags/example_short_circuit_operator.py
[2023-03-29T01:22:11.149+0000] {processor.py:756} INFO - Processing file /home/airflow/.local/lib/python3.7/site-packages/airflow/example_dags/example_short_circuit_operator.py for tasks to queue
[2023-03-29T01:22:11.150+0000] {logging_mixin.py:120} INFO - [2023-03-29T01:22:11.150+0000] {dagbag.py:537} INFO - Filling up the DagBag from /home/airflow/.local/lib/python3.7/site-packages/airflow/example_dags/example_short_circuit_operator.py
[2023-03-29T01:22:11.163+0000] {processor.py:766} INFO - DAG(s) dict_keys(['example_short_circuit_operator']) retrieved from /home/airflow/.local/lib/python3.7/site-packages/airflow/example_dags/example_short_circuit_operator.py
[2023-03-29T01:22:11.197+0000] {logging_mixin.py:120} INFO - [2023-03-29T01:22:11.196+0000] {dag.py:2585} INFO - Sync 1 DAGs
[2023-03-29T01:22:11.218+0000] {logging_mixin.py:120} INFO - [2023-03-29T01:22:11.217+0000] {dag.py:3340} INFO - Setting next_dagrun for example_short_circuit_operator to 2023-03-28T01:22:11.217841+00:00, run_after=2023-03-29T01:22:11.217841+00:00
[2023-03-29T01:22:11.235+0000] {processor.py:176} INFO - Processing /home/airflow/.local/lib/python3.7/site-packages/airflow/example_dags/example_short_circuit_operator.py took 0.092 seconds
[2023-03-29T01:22:41.550+0000] {processor.py:154} INFO - Started process (PID=1098) to work on /home/airflow/.local/lib/python3.7/site-packages/airflow/example_dags/example_short_circuit_operator.py
[2023-03-29T01:22:41.553+0000] {processor.py:756} INFO - Processing file /home/airflow/.local/lib/python3.7/site-packages/airflow/example_dags/example_short_circuit_operator.py for tasks to queue
[2023-03-29T01:22:41.554+0000] {logging_mixin.py:120} INFO - [2023-03-29T01:22:41.554+0000] {dagbag.py:537} INFO - Filling up the DagBag from /home/airflow/.local/lib/python3.7/site-packages/airflow/example_dags/example_short_circuit_operator.py
[2023-03-29T01:22:41.569+0000] {processor.py:766} INFO - DAG(s) dict_keys(['example_short_circuit_operator']) retrieved from /home/airflow/.local/lib/python3.7/site-packages/airflow/example_dags/example_short_circuit_operator.py
[2023-03-29T01:22:41.598+0000] {logging_mixin.py:120} INFO - [2023-03-29T01:22:41.598+0000] {dag.py:2585} INFO - Sync 1 DAGs
[2023-03-29T01:22:41.614+0000] {logging_mixin.py:120} INFO - [2023-03-29T01:22:41.614+0000] {dag.py:3340} INFO - Setting next_dagrun for example_short_circuit_operator to 2023-03-28T01:22:41.614589+00:00, run_after=2023-03-29T01:22:41.614589+00:00
[2023-03-29T01:22:41.627+0000] {processor.py:176} INFO - Processing /home/airflow/.local/lib/python3.7/site-packages/airflow/example_dags/example_short_circuit_operator.py took 0.081 seconds
[2023-03-29T01:23:11.917+0000] {processor.py:154} INFO - Started process (PID=1161) to work on /home/airflow/.local/lib/python3.7/site-packages/airflow/example_dags/example_short_circuit_operator.py
[2023-03-29T01:23:11.919+0000] {processor.py:756} INFO - Processing file /home/airflow/.local/lib/python3.7/site-packages/airflow/example_dags/example_short_circuit_operator.py for tasks to queue
[2023-03-29T01:23:11.920+0000] {logging_mixin.py:120} INFO - [2023-03-29T01:23:11.920+0000] {dagbag.py:537} INFO - Filling up the DagBag from /home/airflow/.local/lib/python3.7/site-packages/airflow/example_dags/example_short_circuit_operator.py
[2023-03-29T01:23:11.933+0000] {processor.py:766} INFO - DAG(s) dict_keys(['example_short_circuit_operator']) retrieved from /home/airflow/.local/lib/python3.7/site-packages/airflow/example_dags/example_short_circuit_operator.py
[2023-03-29T01:23:11.961+0000] {logging_mixin.py:120} INFO - [2023-03-29T01:23:11.960+0000] {dag.py:2585} INFO - Sync 1 DAGs
[2023-03-29T01:23:11.977+0000] {logging_mixin.py:120} INFO - [2023-03-29T01:23:11.977+0000] {dag.py:3340} INFO - Setting next_dagrun for example_short_circuit_operator to 2023-03-28T01:23:11.976895+00:00, run_after=2023-03-29T01:23:11.976895+00:00
[2023-03-29T01:23:11.989+0000] {processor.py:176} INFO - Processing /home/airflow/.local/lib/python3.7/site-packages/airflow/example_dags/example_short_circuit_operator.py took 0.076 seconds
[2023-03-29T01:23:42.221+0000] {processor.py:154} INFO - Started process (PID=1223) to work on /home/airflow/.local/lib/python3.7/site-packages/airflow/example_dags/example_short_circuit_operator.py
[2023-03-29T01:23:42.224+0000] {processor.py:756} INFO - Processing file /home/airflow/.local/lib/python3.7/site-packages/airflow/example_dags/example_short_circuit_operator.py for tasks to queue
[2023-03-29T01:23:42.225+0000] {logging_mixin.py:120} INFO - [2023-03-29T01:23:42.225+0000] {dagbag.py:537} INFO - Filling up the DagBag from /home/airflow/.local/lib/python3.7/site-packages/airflow/example_dags/example_short_circuit_operator.py
[2023-03-29T01:23:42.240+0000] {processor.py:766} INFO - DAG(s) dict_keys(['example_short_circuit_operator']) retrieved from /home/airflow/.local/lib/python3.7/site-packages/airflow/example_dags/example_short_circuit_operator.py
[2023-03-29T01:23:42.285+0000] {logging_mixin.py:120} INFO - [2023-03-29T01:23:42.285+0000] {dag.py:2585} INFO - Sync 1 DAGs
[2023-03-29T01:23:42.307+0000] {logging_mixin.py:120} INFO - [2023-03-29T01:23:42.306+0000] {dag.py:3340} INFO - Setting next_dagrun for example_short_circuit_operator to 2023-03-28T01:23:42.306673+00:00, run_after=2023-03-29T01:23:42.306673+00:00
[2023-03-29T01:23:42.322+0000] {processor.py:176} INFO - Processing /home/airflow/.local/lib/python3.7/site-packages/airflow/example_dags/example_short_circuit_operator.py took 0.105 seconds
