[2023-03-29T01:14:04.923+0000] {processor.py:154} INFO - Started process (PID=55) to work on /home/airflow/.local/lib/python3.7/site-packages/airflow/example_dags/example_python_operator.py
[2023-03-29T01:14:04.927+0000] {processor.py:756} INFO - Processing file /home/airflow/.local/lib/python3.7/site-packages/airflow/example_dags/example_python_operator.py for tasks to queue
[2023-03-29T01:14:04.930+0000] {logging_mixin.py:120} INFO - [2023-03-29T01:14:04.930+0000] {dagbag.py:537} INFO - Filling up the DagBag from /home/airflow/.local/lib/python3.7/site-packages/airflow/example_dags/example_python_operator.py
[2023-03-29T01:14:04.950+0000] {logging_mixin.py:120} INFO - [2023-03-29T01:14:04.950+0000] {taskmixin.py:205} WARNING - Dependency <Task(_PythonDecoratedOperator): print_the_context>, log_sql_query already registered for DAG: example_python_operator
[2023-03-29T01:14:04.955+0000] {logging_mixin.py:120} INFO - [2023-03-29T01:14:04.955+0000] {taskmixin.py:205} WARNING - Dependency <Task(_PythonDecoratedOperator): log_sql_query>, print_the_context already registered for DAG: example_python_operator
[2023-03-29T01:14:04.957+0000] {logging_mixin.py:120} INFO - [2023-03-29T01:14:04.957+0000] {taskmixin.py:205} WARNING - Dependency <Task(_PythonDecoratedOperator): print_the_context>, log_sql_query already registered for DAG: example_python_operator
[2023-03-29T01:14:04.959+0000] {logging_mixin.py:120} INFO - [2023-03-29T01:14:04.959+0000] {taskmixin.py:205} WARNING - Dependency <Task(_PythonDecoratedOperator): log_sql_query>, print_the_context already registered for DAG: example_python_operator
[2023-03-29T01:14:04.961+0000] {logging_mixin.py:120} INFO - [2023-03-29T01:14:04.960+0000] {taskmixin.py:205} WARNING - Dependency <Task(_PythonDecoratedOperator): print_the_context>, log_sql_query already registered for DAG: example_python_operator
[2023-03-29T01:14:04.961+0000] {logging_mixin.py:120} INFO - [2023-03-29T01:14:04.961+0000] {taskmixin.py:205} WARNING - Dependency <Task(_PythonDecoratedOperator): log_sql_query>, print_the_context already registered for DAG: example_python_operator
[2023-03-29T01:14:04.962+0000] {logging_mixin.py:120} INFO - [2023-03-29T01:14:04.962+0000] {taskmixin.py:205} WARNING - Dependency <Task(_PythonDecoratedOperator): print_the_context>, log_sql_query already registered for DAG: example_python_operator
[2023-03-29T01:14:04.964+0000] {logging_mixin.py:120} INFO - [2023-03-29T01:14:04.964+0000] {taskmixin.py:205} WARNING - Dependency <Task(_PythonDecoratedOperator): log_sql_query>, print_the_context already registered for DAG: example_python_operator
[2023-03-29T01:14:04.970+0000] {processor.py:766} INFO - DAG(s) dict_keys(['example_python_operator']) retrieved from /home/airflow/.local/lib/python3.7/site-packages/airflow/example_dags/example_python_operator.py
[2023-03-29T01:14:05.096+0000] {logging_mixin.py:120} INFO - [2023-03-29T01:14:05.096+0000] {manager.py:507} INFO - Created Permission View: can delete on DAG:example_python_operator
[2023-03-29T01:14:05.117+0000] {logging_mixin.py:120} INFO - [2023-03-29T01:14:05.117+0000] {manager.py:507} INFO - Created Permission View: can edit on DAG:example_python_operator
[2023-03-29T01:14:05.123+0000] {logging_mixin.py:120} INFO - [2023-03-29T01:14:05.123+0000] {manager.py:507} INFO - Created Permission View: can read on DAG:example_python_operator
[2023-03-29T01:14:05.124+0000] {logging_mixin.py:120} INFO - [2023-03-29T01:14:05.124+0000] {dag.py:2585} INFO - Sync 1 DAGs
[2023-03-29T01:14:05.132+0000] {logging_mixin.py:120} INFO - [2023-03-29T01:14:05.132+0000] {dag.py:2606} INFO - Creating ORM DAG for example_python_operator
[2023-03-29T01:14:05.145+0000] {logging_mixin.py:120} INFO - [2023-03-29T01:14:05.144+0000] {dag.py:3340} INFO - Setting next_dagrun for example_python_operator to None, run_after=None
[2023-03-29T01:14:05.174+0000] {processor.py:176} INFO - Processing /home/airflow/.local/lib/python3.7/site-packages/airflow/example_dags/example_python_operator.py took 0.255 seconds
[2023-03-29T01:14:35.925+0000] {processor.py:154} INFO - Started process (PID=118) to work on /home/airflow/.local/lib/python3.7/site-packages/airflow/example_dags/example_python_operator.py
[2023-03-29T01:14:35.928+0000] {processor.py:756} INFO - Processing file /home/airflow/.local/lib/python3.7/site-packages/airflow/example_dags/example_python_operator.py for tasks to queue
[2023-03-29T01:14:35.929+0000] {logging_mixin.py:120} INFO - [2023-03-29T01:14:35.929+0000] {dagbag.py:537} INFO - Filling up the DagBag from /home/airflow/.local/lib/python3.7/site-packages/airflow/example_dags/example_python_operator.py
[2023-03-29T01:14:35.940+0000] {logging_mixin.py:120} INFO - [2023-03-29T01:14:35.940+0000] {taskmixin.py:205} WARNING - Dependency <Task(_PythonDecoratedOperator): print_the_context>, log_sql_query already registered for DAG: example_python_operator
[2023-03-29T01:14:35.941+0000] {logging_mixin.py:120} INFO - [2023-03-29T01:14:35.940+0000] {taskmixin.py:205} WARNING - Dependency <Task(_PythonDecoratedOperator): log_sql_query>, print_the_context already registered for DAG: example_python_operator
[2023-03-29T01:14:35.943+0000] {logging_mixin.py:120} INFO - [2023-03-29T01:14:35.942+0000] {taskmixin.py:205} WARNING - Dependency <Task(_PythonDecoratedOperator): print_the_context>, log_sql_query already registered for DAG: example_python_operator
[2023-03-29T01:14:35.943+0000] {logging_mixin.py:120} INFO - [2023-03-29T01:14:35.943+0000] {taskmixin.py:205} WARNING - Dependency <Task(_PythonDecoratedOperator): log_sql_query>, print_the_context already registered for DAG: example_python_operator
[2023-03-29T01:14:35.945+0000] {logging_mixin.py:120} INFO - [2023-03-29T01:14:35.945+0000] {taskmixin.py:205} WARNING - Dependency <Task(_PythonDecoratedOperator): print_the_context>, log_sql_query already registered for DAG: example_python_operator
[2023-03-29T01:14:35.946+0000] {logging_mixin.py:120} INFO - [2023-03-29T01:14:35.946+0000] {taskmixin.py:205} WARNING - Dependency <Task(_PythonDecoratedOperator): log_sql_query>, print_the_context already registered for DAG: example_python_operator
[2023-03-29T01:14:35.947+0000] {logging_mixin.py:120} INFO - [2023-03-29T01:14:35.947+0000] {taskmixin.py:205} WARNING - Dependency <Task(_PythonDecoratedOperator): print_the_context>, log_sql_query already registered for DAG: example_python_operator
[2023-03-29T01:14:35.948+0000] {logging_mixin.py:120} INFO - [2023-03-29T01:14:35.948+0000] {taskmixin.py:205} WARNING - Dependency <Task(_PythonDecoratedOperator): log_sql_query>, print_the_context already registered for DAG: example_python_operator
[2023-03-29T01:14:35.955+0000] {processor.py:766} INFO - DAG(s) dict_keys(['example_python_operator']) retrieved from /home/airflow/.local/lib/python3.7/site-packages/airflow/example_dags/example_python_operator.py
[2023-03-29T01:14:35.981+0000] {logging_mixin.py:120} INFO - [2023-03-29T01:14:35.981+0000] {dag.py:2585} INFO - Sync 1 DAGs
[2023-03-29T01:14:35.996+0000] {logging_mixin.py:120} INFO - [2023-03-29T01:14:35.996+0000] {dag.py:3340} INFO - Setting next_dagrun for example_python_operator to None, run_after=None
[2023-03-29T01:14:36.009+0000] {processor.py:176} INFO - Processing /home/airflow/.local/lib/python3.7/site-packages/airflow/example_dags/example_python_operator.py took 0.086 seconds
[2023-03-29T01:15:06.310+0000] {processor.py:154} INFO - Started process (PID=182) to work on /home/airflow/.local/lib/python3.7/site-packages/airflow/example_dags/example_python_operator.py
[2023-03-29T01:15:06.312+0000] {processor.py:756} INFO - Processing file /home/airflow/.local/lib/python3.7/site-packages/airflow/example_dags/example_python_operator.py for tasks to queue
[2023-03-29T01:15:06.315+0000] {logging_mixin.py:120} INFO - [2023-03-29T01:15:06.314+0000] {dagbag.py:537} INFO - Filling up the DagBag from /home/airflow/.local/lib/python3.7/site-packages/airflow/example_dags/example_python_operator.py
[2023-03-29T01:15:06.324+0000] {logging_mixin.py:120} INFO - [2023-03-29T01:15:06.324+0000] {taskmixin.py:205} WARNING - Dependency <Task(_PythonDecoratedOperator): print_the_context>, log_sql_query already registered for DAG: example_python_operator
[2023-03-29T01:15:06.326+0000] {logging_mixin.py:120} INFO - [2023-03-29T01:15:06.326+0000] {taskmixin.py:205} WARNING - Dependency <Task(_PythonDecoratedOperator): log_sql_query>, print_the_context already registered for DAG: example_python_operator
[2023-03-29T01:15:06.328+0000] {logging_mixin.py:120} INFO - [2023-03-29T01:15:06.328+0000] {taskmixin.py:205} WARNING - Dependency <Task(_PythonDecoratedOperator): print_the_context>, log_sql_query already registered for DAG: example_python_operator
[2023-03-29T01:15:06.329+0000] {logging_mixin.py:120} INFO - [2023-03-29T01:15:06.329+0000] {taskmixin.py:205} WARNING - Dependency <Task(_PythonDecoratedOperator): log_sql_query>, print_the_context already registered for DAG: example_python_operator
[2023-03-29T01:15:06.330+0000] {logging_mixin.py:120} INFO - [2023-03-29T01:15:06.330+0000] {taskmixin.py:205} WARNING - Dependency <Task(_PythonDecoratedOperator): print_the_context>, log_sql_query already registered for DAG: example_python_operator
[2023-03-29T01:15:06.331+0000] {logging_mixin.py:120} INFO - [2023-03-29T01:15:06.331+0000] {taskmixin.py:205} WARNING - Dependency <Task(_PythonDecoratedOperator): log_sql_query>, print_the_context already registered for DAG: example_python_operator
[2023-03-29T01:15:06.332+0000] {logging_mixin.py:120} INFO - [2023-03-29T01:15:06.332+0000] {taskmixin.py:205} WARNING - Dependency <Task(_PythonDecoratedOperator): print_the_context>, log_sql_query already registered for DAG: example_python_operator
[2023-03-29T01:15:06.333+0000] {logging_mixin.py:120} INFO - [2023-03-29T01:15:06.333+0000] {taskmixin.py:205} WARNING - Dependency <Task(_PythonDecoratedOperator): log_sql_query>, print_the_context already registered for DAG: example_python_operator
[2023-03-29T01:15:06.338+0000] {processor.py:766} INFO - DAG(s) dict_keys(['example_python_operator']) retrieved from /home/airflow/.local/lib/python3.7/site-packages/airflow/example_dags/example_python_operator.py
[2023-03-29T01:15:06.368+0000] {logging_mixin.py:120} INFO - [2023-03-29T01:15:06.368+0000] {dag.py:2585} INFO - Sync 1 DAGs
[2023-03-29T01:15:06.384+0000] {logging_mixin.py:120} INFO - [2023-03-29T01:15:06.384+0000] {dag.py:3340} INFO - Setting next_dagrun for example_python_operator to None, run_after=None
[2023-03-29T01:15:06.397+0000] {processor.py:176} INFO - Processing /home/airflow/.local/lib/python3.7/site-packages/airflow/example_dags/example_python_operator.py took 0.090 seconds
[2023-03-29T01:15:36.568+0000] {processor.py:154} INFO - Started process (PID=245) to work on /home/airflow/.local/lib/python3.7/site-packages/airflow/example_dags/example_python_operator.py
[2023-03-29T01:15:36.570+0000] {processor.py:756} INFO - Processing file /home/airflow/.local/lib/python3.7/site-packages/airflow/example_dags/example_python_operator.py for tasks to queue
[2023-03-29T01:15:36.571+0000] {logging_mixin.py:120} INFO - [2023-03-29T01:15:36.571+0000] {dagbag.py:537} INFO - Filling up the DagBag from /home/airflow/.local/lib/python3.7/site-packages/airflow/example_dags/example_python_operator.py
[2023-03-29T01:15:36.580+0000] {logging_mixin.py:120} INFO - [2023-03-29T01:15:36.580+0000] {taskmixin.py:205} WARNING - Dependency <Task(_PythonDecoratedOperator): print_the_context>, log_sql_query already registered for DAG: example_python_operator
[2023-03-29T01:15:36.582+0000] {logging_mixin.py:120} INFO - [2023-03-29T01:15:36.581+0000] {taskmixin.py:205} WARNING - Dependency <Task(_PythonDecoratedOperator): log_sql_query>, print_the_context already registered for DAG: example_python_operator
[2023-03-29T01:15:36.583+0000] {logging_mixin.py:120} INFO - [2023-03-29T01:15:36.583+0000] {taskmixin.py:205} WARNING - Dependency <Task(_PythonDecoratedOperator): print_the_context>, log_sql_query already registered for DAG: example_python_operator
[2023-03-29T01:15:36.584+0000] {logging_mixin.py:120} INFO - [2023-03-29T01:15:36.584+0000] {taskmixin.py:205} WARNING - Dependency <Task(_PythonDecoratedOperator): log_sql_query>, print_the_context already registered for DAG: example_python_operator
[2023-03-29T01:15:36.585+0000] {logging_mixin.py:120} INFO - [2023-03-29T01:15:36.585+0000] {taskmixin.py:205} WARNING - Dependency <Task(_PythonDecoratedOperator): print_the_context>, log_sql_query already registered for DAG: example_python_operator
[2023-03-29T01:15:36.586+0000] {logging_mixin.py:120} INFO - [2023-03-29T01:15:36.586+0000] {taskmixin.py:205} WARNING - Dependency <Task(_PythonDecoratedOperator): log_sql_query>, print_the_context already registered for DAG: example_python_operator
[2023-03-29T01:15:36.587+0000] {logging_mixin.py:120} INFO - [2023-03-29T01:15:36.587+0000] {taskmixin.py:205} WARNING - Dependency <Task(_PythonDecoratedOperator): print_the_context>, log_sql_query already registered for DAG: example_python_operator
[2023-03-29T01:15:36.588+0000] {logging_mixin.py:120} INFO - [2023-03-29T01:15:36.588+0000] {taskmixin.py:205} WARNING - Dependency <Task(_PythonDecoratedOperator): log_sql_query>, print_the_context already registered for DAG: example_python_operator
[2023-03-29T01:15:36.593+0000] {processor.py:766} INFO - DAG(s) dict_keys(['example_python_operator']) retrieved from /home/airflow/.local/lib/python3.7/site-packages/airflow/example_dags/example_python_operator.py
[2023-03-29T01:15:36.618+0000] {logging_mixin.py:120} INFO - [2023-03-29T01:15:36.618+0000] {dag.py:2585} INFO - Sync 1 DAGs
[2023-03-29T01:15:36.632+0000] {logging_mixin.py:120} INFO - [2023-03-29T01:15:36.632+0000] {dag.py:3340} INFO - Setting next_dagrun for example_python_operator to None, run_after=None
[2023-03-29T01:15:36.642+0000] {processor.py:176} INFO - Processing /home/airflow/.local/lib/python3.7/site-packages/airflow/example_dags/example_python_operator.py took 0.077 seconds
[2023-03-29T01:16:06.828+0000] {processor.py:154} INFO - Started process (PID=308) to work on /home/airflow/.local/lib/python3.7/site-packages/airflow/example_dags/example_python_operator.py
[2023-03-29T01:16:06.830+0000] {processor.py:756} INFO - Processing file /home/airflow/.local/lib/python3.7/site-packages/airflow/example_dags/example_python_operator.py for tasks to queue
[2023-03-29T01:16:06.831+0000] {logging_mixin.py:120} INFO - [2023-03-29T01:16:06.831+0000] {dagbag.py:537} INFO - Filling up the DagBag from /home/airflow/.local/lib/python3.7/site-packages/airflow/example_dags/example_python_operator.py
[2023-03-29T01:16:06.842+0000] {logging_mixin.py:120} INFO - [2023-03-29T01:16:06.842+0000] {taskmixin.py:205} WARNING - Dependency <Task(_PythonDecoratedOperator): print_the_context>, log_sql_query already registered for DAG: example_python_operator
[2023-03-29T01:16:06.843+0000] {logging_mixin.py:120} INFO - [2023-03-29T01:16:06.843+0000] {taskmixin.py:205} WARNING - Dependency <Task(_PythonDecoratedOperator): log_sql_query>, print_the_context already registered for DAG: example_python_operator
[2023-03-29T01:16:06.844+0000] {logging_mixin.py:120} INFO - [2023-03-29T01:16:06.844+0000] {taskmixin.py:205} WARNING - Dependency <Task(_PythonDecoratedOperator): print_the_context>, log_sql_query already registered for DAG: example_python_operator
[2023-03-29T01:16:06.846+0000] {logging_mixin.py:120} INFO - [2023-03-29T01:16:06.845+0000] {taskmixin.py:205} WARNING - Dependency <Task(_PythonDecoratedOperator): log_sql_query>, print_the_context already registered for DAG: example_python_operator
[2023-03-29T01:16:06.847+0000] {logging_mixin.py:120} INFO - [2023-03-29T01:16:06.847+0000] {taskmixin.py:205} WARNING - Dependency <Task(_PythonDecoratedOperator): print_the_context>, log_sql_query already registered for DAG: example_python_operator
[2023-03-29T01:16:06.848+0000] {logging_mixin.py:120} INFO - [2023-03-29T01:16:06.848+0000] {taskmixin.py:205} WARNING - Dependency <Task(_PythonDecoratedOperator): log_sql_query>, print_the_context already registered for DAG: example_python_operator
[2023-03-29T01:16:06.849+0000] {logging_mixin.py:120} INFO - [2023-03-29T01:16:06.849+0000] {taskmixin.py:205} WARNING - Dependency <Task(_PythonDecoratedOperator): print_the_context>, log_sql_query already registered for DAG: example_python_operator
[2023-03-29T01:16:06.851+0000] {logging_mixin.py:120} INFO - [2023-03-29T01:16:06.851+0000] {taskmixin.py:205} WARNING - Dependency <Task(_PythonDecoratedOperator): log_sql_query>, print_the_context already registered for DAG: example_python_operator
[2023-03-29T01:16:06.856+0000] {processor.py:766} INFO - DAG(s) dict_keys(['example_python_operator']) retrieved from /home/airflow/.local/lib/python3.7/site-packages/airflow/example_dags/example_python_operator.py
[2023-03-29T01:16:06.883+0000] {logging_mixin.py:120} INFO - [2023-03-29T01:16:06.883+0000] {dag.py:2585} INFO - Sync 1 DAGs
[2023-03-29T01:16:06.897+0000] {logging_mixin.py:120} INFO - [2023-03-29T01:16:06.897+0000] {dag.py:3340} INFO - Setting next_dagrun for example_python_operator to None, run_after=None
[2023-03-29T01:16:06.909+0000] {processor.py:176} INFO - Processing /home/airflow/.local/lib/python3.7/site-packages/airflow/example_dags/example_python_operator.py took 0.083 seconds
[2023-03-29T01:16:37.052+0000] {processor.py:154} INFO - Started process (PID=371) to work on /home/airflow/.local/lib/python3.7/site-packages/airflow/example_dags/example_python_operator.py
[2023-03-29T01:16:37.054+0000] {processor.py:756} INFO - Processing file /home/airflow/.local/lib/python3.7/site-packages/airflow/example_dags/example_python_operator.py for tasks to queue
[2023-03-29T01:16:37.055+0000] {logging_mixin.py:120} INFO - [2023-03-29T01:16:37.055+0000] {dagbag.py:537} INFO - Filling up the DagBag from /home/airflow/.local/lib/python3.7/site-packages/airflow/example_dags/example_python_operator.py
[2023-03-29T01:16:37.068+0000] {logging_mixin.py:120} INFO - [2023-03-29T01:16:37.068+0000] {taskmixin.py:205} WARNING - Dependency <Task(_PythonDecoratedOperator): print_the_context>, log_sql_query already registered for DAG: example_python_operator
[2023-03-29T01:16:37.069+0000] {logging_mixin.py:120} INFO - [2023-03-29T01:16:37.069+0000] {taskmixin.py:205} WARNING - Dependency <Task(_PythonDecoratedOperator): log_sql_query>, print_the_context already registered for DAG: example_python_operator
[2023-03-29T01:16:37.070+0000] {logging_mixin.py:120} INFO - [2023-03-29T01:16:37.070+0000] {taskmixin.py:205} WARNING - Dependency <Task(_PythonDecoratedOperator): print_the_context>, log_sql_query already registered for DAG: example_python_operator
[2023-03-29T01:16:37.071+0000] {logging_mixin.py:120} INFO - [2023-03-29T01:16:37.071+0000] {taskmixin.py:205} WARNING - Dependency <Task(_PythonDecoratedOperator): log_sql_query>, print_the_context already registered for DAG: example_python_operator
[2023-03-29T01:16:37.072+0000] {logging_mixin.py:120} INFO - [2023-03-29T01:16:37.072+0000] {taskmixin.py:205} WARNING - Dependency <Task(_PythonDecoratedOperator): print_the_context>, log_sql_query already registered for DAG: example_python_operator
[2023-03-29T01:16:37.073+0000] {logging_mixin.py:120} INFO - [2023-03-29T01:16:37.073+0000] {taskmixin.py:205} WARNING - Dependency <Task(_PythonDecoratedOperator): log_sql_query>, print_the_context already registered for DAG: example_python_operator
[2023-03-29T01:16:37.074+0000] {logging_mixin.py:120} INFO - [2023-03-29T01:16:37.074+0000] {taskmixin.py:205} WARNING - Dependency <Task(_PythonDecoratedOperator): print_the_context>, log_sql_query already registered for DAG: example_python_operator
[2023-03-29T01:16:37.075+0000] {logging_mixin.py:120} INFO - [2023-03-29T01:16:37.075+0000] {taskmixin.py:205} WARNING - Dependency <Task(_PythonDecoratedOperator): log_sql_query>, print_the_context already registered for DAG: example_python_operator
[2023-03-29T01:16:37.082+0000] {processor.py:766} INFO - DAG(s) dict_keys(['example_python_operator']) retrieved from /home/airflow/.local/lib/python3.7/site-packages/airflow/example_dags/example_python_operator.py
[2023-03-29T01:16:37.109+0000] {logging_mixin.py:120} INFO - [2023-03-29T01:16:37.109+0000] {dag.py:2585} INFO - Sync 1 DAGs
[2023-03-29T01:16:37.127+0000] {logging_mixin.py:120} INFO - [2023-03-29T01:16:37.127+0000] {dag.py:3340} INFO - Setting next_dagrun for example_python_operator to None, run_after=None
[2023-03-29T01:16:37.152+0000] {processor.py:176} INFO - Processing /home/airflow/.local/lib/python3.7/site-packages/airflow/example_dags/example_python_operator.py took 0.102 seconds
[2023-03-29T01:17:07.504+0000] {processor.py:154} INFO - Started process (PID=425) to work on /home/airflow/.local/lib/python3.7/site-packages/airflow/example_dags/example_python_operator.py
[2023-03-29T01:17:07.505+0000] {processor.py:756} INFO - Processing file /home/airflow/.local/lib/python3.7/site-packages/airflow/example_dags/example_python_operator.py for tasks to queue
[2023-03-29T01:17:07.506+0000] {logging_mixin.py:120} INFO - [2023-03-29T01:17:07.506+0000] {dagbag.py:537} INFO - Filling up the DagBag from /home/airflow/.local/lib/python3.7/site-packages/airflow/example_dags/example_python_operator.py
[2023-03-29T01:17:07.516+0000] {logging_mixin.py:120} INFO - [2023-03-29T01:17:07.516+0000] {taskmixin.py:205} WARNING - Dependency <Task(_PythonDecoratedOperator): print_the_context>, log_sql_query already registered for DAG: example_python_operator
[2023-03-29T01:17:07.518+0000] {logging_mixin.py:120} INFO - [2023-03-29T01:17:07.518+0000] {taskmixin.py:205} WARNING - Dependency <Task(_PythonDecoratedOperator): log_sql_query>, print_the_context already registered for DAG: example_python_operator
[2023-03-29T01:17:07.519+0000] {logging_mixin.py:120} INFO - [2023-03-29T01:17:07.519+0000] {taskmixin.py:205} WARNING - Dependency <Task(_PythonDecoratedOperator): print_the_context>, log_sql_query already registered for DAG: example_python_operator
[2023-03-29T01:17:07.520+0000] {logging_mixin.py:120} INFO - [2023-03-29T01:17:07.520+0000] {taskmixin.py:205} WARNING - Dependency <Task(_PythonDecoratedOperator): log_sql_query>, print_the_context already registered for DAG: example_python_operator
[2023-03-29T01:17:07.521+0000] {logging_mixin.py:120} INFO - [2023-03-29T01:17:07.521+0000] {taskmixin.py:205} WARNING - Dependency <Task(_PythonDecoratedOperator): print_the_context>, log_sql_query already registered for DAG: example_python_operator
[2023-03-29T01:17:07.522+0000] {logging_mixin.py:120} INFO - [2023-03-29T01:17:07.522+0000] {taskmixin.py:205} WARNING - Dependency <Task(_PythonDecoratedOperator): log_sql_query>, print_the_context already registered for DAG: example_python_operator
[2023-03-29T01:17:07.523+0000] {logging_mixin.py:120} INFO - [2023-03-29T01:17:07.523+0000] {taskmixin.py:205} WARNING - Dependency <Task(_PythonDecoratedOperator): print_the_context>, log_sql_query already registered for DAG: example_python_operator
[2023-03-29T01:17:07.524+0000] {logging_mixin.py:120} INFO - [2023-03-29T01:17:07.524+0000] {taskmixin.py:205} WARNING - Dependency <Task(_PythonDecoratedOperator): log_sql_query>, print_the_context already registered for DAG: example_python_operator
[2023-03-29T01:17:07.529+0000] {processor.py:766} INFO - DAG(s) dict_keys(['example_python_operator']) retrieved from /home/airflow/.local/lib/python3.7/site-packages/airflow/example_dags/example_python_operator.py
[2023-03-29T01:17:07.554+0000] {logging_mixin.py:120} INFO - [2023-03-29T01:17:07.554+0000] {dag.py:2585} INFO - Sync 1 DAGs
[2023-03-29T01:17:07.568+0000] {logging_mixin.py:120} INFO - [2023-03-29T01:17:07.568+0000] {dag.py:3340} INFO - Setting next_dagrun for example_python_operator to None, run_after=None
[2023-03-29T01:17:07.579+0000] {processor.py:176} INFO - Processing /home/airflow/.local/lib/python3.7/site-packages/airflow/example_dags/example_python_operator.py took 0.077 seconds
[2023-03-29T01:17:37.871+0000] {processor.py:154} INFO - Started process (PID=488) to work on /home/airflow/.local/lib/python3.7/site-packages/airflow/example_dags/example_python_operator.py
[2023-03-29T01:17:37.872+0000] {processor.py:756} INFO - Processing file /home/airflow/.local/lib/python3.7/site-packages/airflow/example_dags/example_python_operator.py for tasks to queue
[2023-03-29T01:17:37.873+0000] {logging_mixin.py:120} INFO - [2023-03-29T01:17:37.873+0000] {dagbag.py:537} INFO - Filling up the DagBag from /home/airflow/.local/lib/python3.7/site-packages/airflow/example_dags/example_python_operator.py
[2023-03-29T01:17:37.885+0000] {logging_mixin.py:120} INFO - [2023-03-29T01:17:37.885+0000] {taskmixin.py:205} WARNING - Dependency <Task(_PythonDecoratedOperator): print_the_context>, log_sql_query already registered for DAG: example_python_operator
[2023-03-29T01:17:37.886+0000] {logging_mixin.py:120} INFO - [2023-03-29T01:17:37.886+0000] {taskmixin.py:205} WARNING - Dependency <Task(_PythonDecoratedOperator): log_sql_query>, print_the_context already registered for DAG: example_python_operator
[2023-03-29T01:17:37.887+0000] {logging_mixin.py:120} INFO - [2023-03-29T01:17:37.887+0000] {taskmixin.py:205} WARNING - Dependency <Task(_PythonDecoratedOperator): print_the_context>, log_sql_query already registered for DAG: example_python_operator
[2023-03-29T01:17:37.888+0000] {logging_mixin.py:120} INFO - [2023-03-29T01:17:37.888+0000] {taskmixin.py:205} WARNING - Dependency <Task(_PythonDecoratedOperator): log_sql_query>, print_the_context already registered for DAG: example_python_operator
[2023-03-29T01:17:37.889+0000] {logging_mixin.py:120} INFO - [2023-03-29T01:17:37.889+0000] {taskmixin.py:205} WARNING - Dependency <Task(_PythonDecoratedOperator): print_the_context>, log_sql_query already registered for DAG: example_python_operator
[2023-03-29T01:17:37.890+0000] {logging_mixin.py:120} INFO - [2023-03-29T01:17:37.890+0000] {taskmixin.py:205} WARNING - Dependency <Task(_PythonDecoratedOperator): log_sql_query>, print_the_context already registered for DAG: example_python_operator
[2023-03-29T01:17:37.891+0000] {logging_mixin.py:120} INFO - [2023-03-29T01:17:37.891+0000] {taskmixin.py:205} WARNING - Dependency <Task(_PythonDecoratedOperator): print_the_context>, log_sql_query already registered for DAG: example_python_operator
[2023-03-29T01:17:37.892+0000] {logging_mixin.py:120} INFO - [2023-03-29T01:17:37.892+0000] {taskmixin.py:205} WARNING - Dependency <Task(_PythonDecoratedOperator): log_sql_query>, print_the_context already registered for DAG: example_python_operator
[2023-03-29T01:17:37.897+0000] {processor.py:766} INFO - DAG(s) dict_keys(['example_python_operator']) retrieved from /home/airflow/.local/lib/python3.7/site-packages/airflow/example_dags/example_python_operator.py
[2023-03-29T01:17:37.923+0000] {logging_mixin.py:120} INFO - [2023-03-29T01:17:37.922+0000] {dag.py:2585} INFO - Sync 1 DAGs
[2023-03-29T01:17:37.939+0000] {logging_mixin.py:120} INFO - [2023-03-29T01:17:37.938+0000] {dag.py:3340} INFO - Setting next_dagrun for example_python_operator to None, run_after=None
[2023-03-29T01:17:37.950+0000] {processor.py:176} INFO - Processing /home/airflow/.local/lib/python3.7/site-packages/airflow/example_dags/example_python_operator.py took 0.082 seconds
[2023-03-29T01:18:08.196+0000] {processor.py:154} INFO - Started process (PID=552) to work on /home/airflow/.local/lib/python3.7/site-packages/airflow/example_dags/example_python_operator.py
[2023-03-29T01:18:08.198+0000] {processor.py:756} INFO - Processing file /home/airflow/.local/lib/python3.7/site-packages/airflow/example_dags/example_python_operator.py for tasks to queue
[2023-03-29T01:18:08.199+0000] {logging_mixin.py:120} INFO - [2023-03-29T01:18:08.199+0000] {dagbag.py:537} INFO - Filling up the DagBag from /home/airflow/.local/lib/python3.7/site-packages/airflow/example_dags/example_python_operator.py
[2023-03-29T01:18:08.211+0000] {logging_mixin.py:120} INFO - [2023-03-29T01:18:08.211+0000] {taskmixin.py:205} WARNING - Dependency <Task(_PythonDecoratedOperator): print_the_context>, log_sql_query already registered for DAG: example_python_operator
[2023-03-29T01:18:08.212+0000] {logging_mixin.py:120} INFO - [2023-03-29T01:18:08.212+0000] {taskmixin.py:205} WARNING - Dependency <Task(_PythonDecoratedOperator): log_sql_query>, print_the_context already registered for DAG: example_python_operator
[2023-03-29T01:18:08.213+0000] {logging_mixin.py:120} INFO - [2023-03-29T01:18:08.213+0000] {taskmixin.py:205} WARNING - Dependency <Task(_PythonDecoratedOperator): print_the_context>, log_sql_query already registered for DAG: example_python_operator
[2023-03-29T01:18:08.215+0000] {logging_mixin.py:120} INFO - [2023-03-29T01:18:08.214+0000] {taskmixin.py:205} WARNING - Dependency <Task(_PythonDecoratedOperator): log_sql_query>, print_the_context already registered for DAG: example_python_operator
[2023-03-29T01:18:08.216+0000] {logging_mixin.py:120} INFO - [2023-03-29T01:18:08.216+0000] {taskmixin.py:205} WARNING - Dependency <Task(_PythonDecoratedOperator): print_the_context>, log_sql_query already registered for DAG: example_python_operator
[2023-03-29T01:18:08.217+0000] {logging_mixin.py:120} INFO - [2023-03-29T01:18:08.216+0000] {taskmixin.py:205} WARNING - Dependency <Task(_PythonDecoratedOperator): log_sql_query>, print_the_context already registered for DAG: example_python_operator
[2023-03-29T01:18:08.218+0000] {logging_mixin.py:120} INFO - [2023-03-29T01:18:08.218+0000] {taskmixin.py:205} WARNING - Dependency <Task(_PythonDecoratedOperator): print_the_context>, log_sql_query already registered for DAG: example_python_operator
[2023-03-29T01:18:08.219+0000] {logging_mixin.py:120} INFO - [2023-03-29T01:18:08.219+0000] {taskmixin.py:205} WARNING - Dependency <Task(_PythonDecoratedOperator): log_sql_query>, print_the_context already registered for DAG: example_python_operator
[2023-03-29T01:18:08.224+0000] {processor.py:766} INFO - DAG(s) dict_keys(['example_python_operator']) retrieved from /home/airflow/.local/lib/python3.7/site-packages/airflow/example_dags/example_python_operator.py
[2023-03-29T01:18:08.251+0000] {logging_mixin.py:120} INFO - [2023-03-29T01:18:08.251+0000] {dag.py:2585} INFO - Sync 1 DAGs
[2023-03-29T01:18:08.265+0000] {logging_mixin.py:120} INFO - [2023-03-29T01:18:08.265+0000] {dag.py:3340} INFO - Setting next_dagrun for example_python_operator to None, run_after=None
[2023-03-29T01:18:08.279+0000] {processor.py:176} INFO - Processing /home/airflow/.local/lib/python3.7/site-packages/airflow/example_dags/example_python_operator.py took 0.085 seconds
[2023-03-29T01:18:38.666+0000] {processor.py:154} INFO - Started process (PID=615) to work on /home/airflow/.local/lib/python3.7/site-packages/airflow/example_dags/example_python_operator.py
[2023-03-29T01:18:38.668+0000] {processor.py:756} INFO - Processing file /home/airflow/.local/lib/python3.7/site-packages/airflow/example_dags/example_python_operator.py for tasks to queue
[2023-03-29T01:18:38.669+0000] {logging_mixin.py:120} INFO - [2023-03-29T01:18:38.669+0000] {dagbag.py:537} INFO - Filling up the DagBag from /home/airflow/.local/lib/python3.7/site-packages/airflow/example_dags/example_python_operator.py
[2023-03-29T01:18:38.680+0000] {logging_mixin.py:120} INFO - [2023-03-29T01:18:38.680+0000] {taskmixin.py:205} WARNING - Dependency <Task(_PythonDecoratedOperator): print_the_context>, log_sql_query already registered for DAG: example_python_operator
[2023-03-29T01:18:38.681+0000] {logging_mixin.py:120} INFO - [2023-03-29T01:18:38.681+0000] {taskmixin.py:205} WARNING - Dependency <Task(_PythonDecoratedOperator): log_sql_query>, print_the_context already registered for DAG: example_python_operator
[2023-03-29T01:18:38.682+0000] {logging_mixin.py:120} INFO - [2023-03-29T01:18:38.682+0000] {taskmixin.py:205} WARNING - Dependency <Task(_PythonDecoratedOperator): print_the_context>, log_sql_query already registered for DAG: example_python_operator
[2023-03-29T01:18:38.683+0000] {logging_mixin.py:120} INFO - [2023-03-29T01:18:38.683+0000] {taskmixin.py:205} WARNING - Dependency <Task(_PythonDecoratedOperator): log_sql_query>, print_the_context already registered for DAG: example_python_operator
[2023-03-29T01:18:38.684+0000] {logging_mixin.py:120} INFO - [2023-03-29T01:18:38.684+0000] {taskmixin.py:205} WARNING - Dependency <Task(_PythonDecoratedOperator): print_the_context>, log_sql_query already registered for DAG: example_python_operator
[2023-03-29T01:18:38.685+0000] {logging_mixin.py:120} INFO - [2023-03-29T01:18:38.685+0000] {taskmixin.py:205} WARNING - Dependency <Task(_PythonDecoratedOperator): log_sql_query>, print_the_context already registered for DAG: example_python_operator
[2023-03-29T01:18:38.688+0000] {logging_mixin.py:120} INFO - [2023-03-29T01:18:38.688+0000] {taskmixin.py:205} WARNING - Dependency <Task(_PythonDecoratedOperator): print_the_context>, log_sql_query already registered for DAG: example_python_operator
[2023-03-29T01:18:38.689+0000] {logging_mixin.py:120} INFO - [2023-03-29T01:18:38.689+0000] {taskmixin.py:205} WARNING - Dependency <Task(_PythonDecoratedOperator): log_sql_query>, print_the_context already registered for DAG: example_python_operator
[2023-03-29T01:18:38.694+0000] {processor.py:766} INFO - DAG(s) dict_keys(['example_python_operator']) retrieved from /home/airflow/.local/lib/python3.7/site-packages/airflow/example_dags/example_python_operator.py
[2023-03-29T01:18:38.720+0000] {logging_mixin.py:120} INFO - [2023-03-29T01:18:38.719+0000] {dag.py:2585} INFO - Sync 1 DAGs
[2023-03-29T01:18:38.734+0000] {logging_mixin.py:120} INFO - [2023-03-29T01:18:38.734+0000] {dag.py:3340} INFO - Setting next_dagrun for example_python_operator to None, run_after=None
[2023-03-29T01:18:38.746+0000] {processor.py:176} INFO - Processing /home/airflow/.local/lib/python3.7/site-packages/airflow/example_dags/example_python_operator.py took 0.083 seconds
[2023-03-29T01:19:09.014+0000] {processor.py:154} INFO - Started process (PID=677) to work on /home/airflow/.local/lib/python3.7/site-packages/airflow/example_dags/example_python_operator.py
[2023-03-29T01:19:09.015+0000] {processor.py:756} INFO - Processing file /home/airflow/.local/lib/python3.7/site-packages/airflow/example_dags/example_python_operator.py for tasks to queue
[2023-03-29T01:19:09.017+0000] {logging_mixin.py:120} INFO - [2023-03-29T01:19:09.017+0000] {dagbag.py:537} INFO - Filling up the DagBag from /home/airflow/.local/lib/python3.7/site-packages/airflow/example_dags/example_python_operator.py
[2023-03-29T01:19:09.027+0000] {logging_mixin.py:120} INFO - [2023-03-29T01:19:09.027+0000] {taskmixin.py:205} WARNING - Dependency <Task(_PythonDecoratedOperator): print_the_context>, log_sql_query already registered for DAG: example_python_operator
[2023-03-29T01:19:09.028+0000] {logging_mixin.py:120} INFO - [2023-03-29T01:19:09.028+0000] {taskmixin.py:205} WARNING - Dependency <Task(_PythonDecoratedOperator): log_sql_query>, print_the_context already registered for DAG: example_python_operator
[2023-03-29T01:19:09.030+0000] {logging_mixin.py:120} INFO - [2023-03-29T01:19:09.029+0000] {taskmixin.py:205} WARNING - Dependency <Task(_PythonDecoratedOperator): print_the_context>, log_sql_query already registered for DAG: example_python_operator
[2023-03-29T01:19:09.030+0000] {logging_mixin.py:120} INFO - [2023-03-29T01:19:09.030+0000] {taskmixin.py:205} WARNING - Dependency <Task(_PythonDecoratedOperator): log_sql_query>, print_the_context already registered for DAG: example_python_operator
[2023-03-29T01:19:09.031+0000] {logging_mixin.py:120} INFO - [2023-03-29T01:19:09.031+0000] {taskmixin.py:205} WARNING - Dependency <Task(_PythonDecoratedOperator): print_the_context>, log_sql_query already registered for DAG: example_python_operator
[2023-03-29T01:19:09.032+0000] {logging_mixin.py:120} INFO - [2023-03-29T01:19:09.032+0000] {taskmixin.py:205} WARNING - Dependency <Task(_PythonDecoratedOperator): log_sql_query>, print_the_context already registered for DAG: example_python_operator
[2023-03-29T01:19:09.033+0000] {logging_mixin.py:120} INFO - [2023-03-29T01:19:09.033+0000] {taskmixin.py:205} WARNING - Dependency <Task(_PythonDecoratedOperator): print_the_context>, log_sql_query already registered for DAG: example_python_operator
[2023-03-29T01:19:09.034+0000] {logging_mixin.py:120} INFO - [2023-03-29T01:19:09.034+0000] {taskmixin.py:205} WARNING - Dependency <Task(_PythonDecoratedOperator): log_sql_query>, print_the_context already registered for DAG: example_python_operator
[2023-03-29T01:19:09.039+0000] {processor.py:766} INFO - DAG(s) dict_keys(['example_python_operator']) retrieved from /home/airflow/.local/lib/python3.7/site-packages/airflow/example_dags/example_python_operator.py
[2023-03-29T01:19:09.066+0000] {logging_mixin.py:120} INFO - [2023-03-29T01:19:09.066+0000] {dag.py:2585} INFO - Sync 1 DAGs
[2023-03-29T01:19:09.081+0000] {logging_mixin.py:120} INFO - [2023-03-29T01:19:09.081+0000] {dag.py:3340} INFO - Setting next_dagrun for example_python_operator to None, run_after=None
[2023-03-29T01:19:09.092+0000] {processor.py:176} INFO - Processing /home/airflow/.local/lib/python3.7/site-packages/airflow/example_dags/example_python_operator.py took 0.081 seconds
[2023-03-29T01:19:39.315+0000] {processor.py:154} INFO - Started process (PID=731) to work on /home/airflow/.local/lib/python3.7/site-packages/airflow/example_dags/example_python_operator.py
[2023-03-29T01:19:39.316+0000] {processor.py:756} INFO - Processing file /home/airflow/.local/lib/python3.7/site-packages/airflow/example_dags/example_python_operator.py for tasks to queue
[2023-03-29T01:19:39.318+0000] {logging_mixin.py:120} INFO - [2023-03-29T01:19:39.318+0000] {dagbag.py:537} INFO - Filling up the DagBag from /home/airflow/.local/lib/python3.7/site-packages/airflow/example_dags/example_python_operator.py
[2023-03-29T01:19:39.330+0000] {logging_mixin.py:120} INFO - [2023-03-29T01:19:39.329+0000] {taskmixin.py:205} WARNING - Dependency <Task(_PythonDecoratedOperator): print_the_context>, log_sql_query already registered for DAG: example_python_operator
[2023-03-29T01:19:39.331+0000] {logging_mixin.py:120} INFO - [2023-03-29T01:19:39.331+0000] {taskmixin.py:205} WARNING - Dependency <Task(_PythonDecoratedOperator): log_sql_query>, print_the_context already registered for DAG: example_python_operator
[2023-03-29T01:19:39.332+0000] {logging_mixin.py:120} INFO - [2023-03-29T01:19:39.332+0000] {taskmixin.py:205} WARNING - Dependency <Task(_PythonDecoratedOperator): print_the_context>, log_sql_query already registered for DAG: example_python_operator
[2023-03-29T01:19:39.333+0000] {logging_mixin.py:120} INFO - [2023-03-29T01:19:39.332+0000] {taskmixin.py:205} WARNING - Dependency <Task(_PythonDecoratedOperator): log_sql_query>, print_the_context already registered for DAG: example_python_operator
[2023-03-29T01:19:39.334+0000] {logging_mixin.py:120} INFO - [2023-03-29T01:19:39.333+0000] {taskmixin.py:205} WARNING - Dependency <Task(_PythonDecoratedOperator): print_the_context>, log_sql_query already registered for DAG: example_python_operator
[2023-03-29T01:19:39.334+0000] {logging_mixin.py:120} INFO - [2023-03-29T01:19:39.334+0000] {taskmixin.py:205} WARNING - Dependency <Task(_PythonDecoratedOperator): log_sql_query>, print_the_context already registered for DAG: example_python_operator
[2023-03-29T01:19:39.336+0000] {logging_mixin.py:120} INFO - [2023-03-29T01:19:39.336+0000] {taskmixin.py:205} WARNING - Dependency <Task(_PythonDecoratedOperator): print_the_context>, log_sql_query already registered for DAG: example_python_operator
[2023-03-29T01:19:39.337+0000] {logging_mixin.py:120} INFO - [2023-03-29T01:19:39.337+0000] {taskmixin.py:205} WARNING - Dependency <Task(_PythonDecoratedOperator): log_sql_query>, print_the_context already registered for DAG: example_python_operator
[2023-03-29T01:19:39.342+0000] {processor.py:766} INFO - DAG(s) dict_keys(['example_python_operator']) retrieved from /home/airflow/.local/lib/python3.7/site-packages/airflow/example_dags/example_python_operator.py
[2023-03-29T01:19:39.373+0000] {logging_mixin.py:120} INFO - [2023-03-29T01:19:39.373+0000] {dag.py:2585} INFO - Sync 1 DAGs
[2023-03-29T01:19:39.388+0000] {logging_mixin.py:120} INFO - [2023-03-29T01:19:39.387+0000] {dag.py:3340} INFO - Setting next_dagrun for example_python_operator to None, run_after=None
[2023-03-29T01:19:39.400+0000] {processor.py:176} INFO - Processing /home/airflow/.local/lib/python3.7/site-packages/airflow/example_dags/example_python_operator.py took 0.088 seconds
[2023-03-29T01:20:09.702+0000] {processor.py:154} INFO - Started process (PID=794) to work on /home/airflow/.local/lib/python3.7/site-packages/airflow/example_dags/example_python_operator.py
[2023-03-29T01:20:09.704+0000] {processor.py:756} INFO - Processing file /home/airflow/.local/lib/python3.7/site-packages/airflow/example_dags/example_python_operator.py for tasks to queue
[2023-03-29T01:20:09.705+0000] {logging_mixin.py:120} INFO - [2023-03-29T01:20:09.705+0000] {dagbag.py:537} INFO - Filling up the DagBag from /home/airflow/.local/lib/python3.7/site-packages/airflow/example_dags/example_python_operator.py
[2023-03-29T01:20:09.716+0000] {logging_mixin.py:120} INFO - [2023-03-29T01:20:09.716+0000] {taskmixin.py:205} WARNING - Dependency <Task(_PythonDecoratedOperator): print_the_context>, log_sql_query already registered for DAG: example_python_operator
[2023-03-29T01:20:09.717+0000] {logging_mixin.py:120} INFO - [2023-03-29T01:20:09.717+0000] {taskmixin.py:205} WARNING - Dependency <Task(_PythonDecoratedOperator): log_sql_query>, print_the_context already registered for DAG: example_python_operator
[2023-03-29T01:20:09.719+0000] {logging_mixin.py:120} INFO - [2023-03-29T01:20:09.719+0000] {taskmixin.py:205} WARNING - Dependency <Task(_PythonDecoratedOperator): print_the_context>, log_sql_query already registered for DAG: example_python_operator
[2023-03-29T01:20:09.720+0000] {logging_mixin.py:120} INFO - [2023-03-29T01:20:09.720+0000] {taskmixin.py:205} WARNING - Dependency <Task(_PythonDecoratedOperator): log_sql_query>, print_the_context already registered for DAG: example_python_operator
[2023-03-29T01:20:09.721+0000] {logging_mixin.py:120} INFO - [2023-03-29T01:20:09.721+0000] {taskmixin.py:205} WARNING - Dependency <Task(_PythonDecoratedOperator): print_the_context>, log_sql_query already registered for DAG: example_python_operator
[2023-03-29T01:20:09.722+0000] {logging_mixin.py:120} INFO - [2023-03-29T01:20:09.722+0000] {taskmixin.py:205} WARNING - Dependency <Task(_PythonDecoratedOperator): log_sql_query>, print_the_context already registered for DAG: example_python_operator
[2023-03-29T01:20:09.724+0000] {logging_mixin.py:120} INFO - [2023-03-29T01:20:09.724+0000] {taskmixin.py:205} WARNING - Dependency <Task(_PythonDecoratedOperator): print_the_context>, log_sql_query already registered for DAG: example_python_operator
[2023-03-29T01:20:09.725+0000] {logging_mixin.py:120} INFO - [2023-03-29T01:20:09.725+0000] {taskmixin.py:205} WARNING - Dependency <Task(_PythonDecoratedOperator): log_sql_query>, print_the_context already registered for DAG: example_python_operator
[2023-03-29T01:20:09.731+0000] {processor.py:766} INFO - DAG(s) dict_keys(['example_python_operator']) retrieved from /home/airflow/.local/lib/python3.7/site-packages/airflow/example_dags/example_python_operator.py
[2023-03-29T01:20:09.757+0000] {logging_mixin.py:120} INFO - [2023-03-29T01:20:09.757+0000] {dag.py:2585} INFO - Sync 1 DAGs
[2023-03-29T01:20:09.771+0000] {logging_mixin.py:120} INFO - [2023-03-29T01:20:09.771+0000] {dag.py:3340} INFO - Setting next_dagrun for example_python_operator to None, run_after=None
[2023-03-29T01:20:09.781+0000] {processor.py:176} INFO - Processing /home/airflow/.local/lib/python3.7/site-packages/airflow/example_dags/example_python_operator.py took 0.082 seconds
[2023-03-29T01:20:40.116+0000] {processor.py:154} INFO - Started process (PID=857) to work on /home/airflow/.local/lib/python3.7/site-packages/airflow/example_dags/example_python_operator.py
[2023-03-29T01:20:40.117+0000] {processor.py:756} INFO - Processing file /home/airflow/.local/lib/python3.7/site-packages/airflow/example_dags/example_python_operator.py for tasks to queue
[2023-03-29T01:20:40.119+0000] {logging_mixin.py:120} INFO - [2023-03-29T01:20:40.118+0000] {dagbag.py:537} INFO - Filling up the DagBag from /home/airflow/.local/lib/python3.7/site-packages/airflow/example_dags/example_python_operator.py
[2023-03-29T01:20:40.130+0000] {logging_mixin.py:120} INFO - [2023-03-29T01:20:40.130+0000] {taskmixin.py:205} WARNING - Dependency <Task(_PythonDecoratedOperator): print_the_context>, log_sql_query already registered for DAG: example_python_operator
[2023-03-29T01:20:40.131+0000] {logging_mixin.py:120} INFO - [2023-03-29T01:20:40.131+0000] {taskmixin.py:205} WARNING - Dependency <Task(_PythonDecoratedOperator): log_sql_query>, print_the_context already registered for DAG: example_python_operator
[2023-03-29T01:20:40.133+0000] {logging_mixin.py:120} INFO - [2023-03-29T01:20:40.133+0000] {taskmixin.py:205} WARNING - Dependency <Task(_PythonDecoratedOperator): print_the_context>, log_sql_query already registered for DAG: example_python_operator
[2023-03-29T01:20:40.134+0000] {logging_mixin.py:120} INFO - [2023-03-29T01:20:40.134+0000] {taskmixin.py:205} WARNING - Dependency <Task(_PythonDecoratedOperator): log_sql_query>, print_the_context already registered for DAG: example_python_operator
[2023-03-29T01:20:40.135+0000] {logging_mixin.py:120} INFO - [2023-03-29T01:20:40.135+0000] {taskmixin.py:205} WARNING - Dependency <Task(_PythonDecoratedOperator): print_the_context>, log_sql_query already registered for DAG: example_python_operator
[2023-03-29T01:20:40.136+0000] {logging_mixin.py:120} INFO - [2023-03-29T01:20:40.136+0000] {taskmixin.py:205} WARNING - Dependency <Task(_PythonDecoratedOperator): log_sql_query>, print_the_context already registered for DAG: example_python_operator
[2023-03-29T01:20:40.137+0000] {logging_mixin.py:120} INFO - [2023-03-29T01:20:40.137+0000] {taskmixin.py:205} WARNING - Dependency <Task(_PythonDecoratedOperator): print_the_context>, log_sql_query already registered for DAG: example_python_operator
[2023-03-29T01:20:40.138+0000] {logging_mixin.py:120} INFO - [2023-03-29T01:20:40.138+0000] {taskmixin.py:205} WARNING - Dependency <Task(_PythonDecoratedOperator): log_sql_query>, print_the_context already registered for DAG: example_python_operator
[2023-03-29T01:20:40.143+0000] {processor.py:766} INFO - DAG(s) dict_keys(['example_python_operator']) retrieved from /home/airflow/.local/lib/python3.7/site-packages/airflow/example_dags/example_python_operator.py
[2023-03-29T01:20:40.169+0000] {logging_mixin.py:120} INFO - [2023-03-29T01:20:40.169+0000] {dag.py:2585} INFO - Sync 1 DAGs
[2023-03-29T01:20:40.183+0000] {logging_mixin.py:120} INFO - [2023-03-29T01:20:40.183+0000] {dag.py:3340} INFO - Setting next_dagrun for example_python_operator to None, run_after=None
[2023-03-29T01:20:40.194+0000] {processor.py:176} INFO - Processing /home/airflow/.local/lib/python3.7/site-packages/airflow/example_dags/example_python_operator.py took 0.080 seconds
[2023-03-29T01:21:10.500+0000] {processor.py:154} INFO - Started process (PID=920) to work on /home/airflow/.local/lib/python3.7/site-packages/airflow/example_dags/example_python_operator.py
[2023-03-29T01:21:10.502+0000] {processor.py:756} INFO - Processing file /home/airflow/.local/lib/python3.7/site-packages/airflow/example_dags/example_python_operator.py for tasks to queue
[2023-03-29T01:21:10.503+0000] {logging_mixin.py:120} INFO - [2023-03-29T01:21:10.503+0000] {dagbag.py:537} INFO - Filling up the DagBag from /home/airflow/.local/lib/python3.7/site-packages/airflow/example_dags/example_python_operator.py
[2023-03-29T01:21:10.514+0000] {logging_mixin.py:120} INFO - [2023-03-29T01:21:10.514+0000] {taskmixin.py:205} WARNING - Dependency <Task(_PythonDecoratedOperator): print_the_context>, log_sql_query already registered for DAG: example_python_operator
[2023-03-29T01:21:10.515+0000] {logging_mixin.py:120} INFO - [2023-03-29T01:21:10.515+0000] {taskmixin.py:205} WARNING - Dependency <Task(_PythonDecoratedOperator): log_sql_query>, print_the_context already registered for DAG: example_python_operator
[2023-03-29T01:21:10.516+0000] {logging_mixin.py:120} INFO - [2023-03-29T01:21:10.516+0000] {taskmixin.py:205} WARNING - Dependency <Task(_PythonDecoratedOperator): print_the_context>, log_sql_query already registered for DAG: example_python_operator
[2023-03-29T01:21:10.517+0000] {logging_mixin.py:120} INFO - [2023-03-29T01:21:10.517+0000] {taskmixin.py:205} WARNING - Dependency <Task(_PythonDecoratedOperator): log_sql_query>, print_the_context already registered for DAG: example_python_operator
[2023-03-29T01:21:10.518+0000] {logging_mixin.py:120} INFO - [2023-03-29T01:21:10.518+0000] {taskmixin.py:205} WARNING - Dependency <Task(_PythonDecoratedOperator): print_the_context>, log_sql_query already registered for DAG: example_python_operator
[2023-03-29T01:21:10.520+0000] {logging_mixin.py:120} INFO - [2023-03-29T01:21:10.520+0000] {taskmixin.py:205} WARNING - Dependency <Task(_PythonDecoratedOperator): log_sql_query>, print_the_context already registered for DAG: example_python_operator
[2023-03-29T01:21:10.521+0000] {logging_mixin.py:120} INFO - [2023-03-29T01:21:10.521+0000] {taskmixin.py:205} WARNING - Dependency <Task(_PythonDecoratedOperator): print_the_context>, log_sql_query already registered for DAG: example_python_operator
[2023-03-29T01:21:10.521+0000] {logging_mixin.py:120} INFO - [2023-03-29T01:21:10.521+0000] {taskmixin.py:205} WARNING - Dependency <Task(_PythonDecoratedOperator): log_sql_query>, print_the_context already registered for DAG: example_python_operator
[2023-03-29T01:21:10.526+0000] {processor.py:766} INFO - DAG(s) dict_keys(['example_python_operator']) retrieved from /home/airflow/.local/lib/python3.7/site-packages/airflow/example_dags/example_python_operator.py
[2023-03-29T01:21:10.554+0000] {logging_mixin.py:120} INFO - [2023-03-29T01:21:10.554+0000] {dag.py:2585} INFO - Sync 1 DAGs
[2023-03-29T01:21:10.571+0000] {logging_mixin.py:120} INFO - [2023-03-29T01:21:10.571+0000] {dag.py:3340} INFO - Setting next_dagrun for example_python_operator to None, run_after=None
[2023-03-29T01:21:10.586+0000] {processor.py:176} INFO - Processing /home/airflow/.local/lib/python3.7/site-packages/airflow/example_dags/example_python_operator.py took 0.088 seconds
[2023-03-29T01:21:40.905+0000] {processor.py:154} INFO - Started process (PID=983) to work on /home/airflow/.local/lib/python3.7/site-packages/airflow/example_dags/example_python_operator.py
[2023-03-29T01:21:40.907+0000] {processor.py:756} INFO - Processing file /home/airflow/.local/lib/python3.7/site-packages/airflow/example_dags/example_python_operator.py for tasks to queue
[2023-03-29T01:21:40.908+0000] {logging_mixin.py:120} INFO - [2023-03-29T01:21:40.908+0000] {dagbag.py:537} INFO - Filling up the DagBag from /home/airflow/.local/lib/python3.7/site-packages/airflow/example_dags/example_python_operator.py
[2023-03-29T01:21:40.919+0000] {logging_mixin.py:120} INFO - [2023-03-29T01:21:40.919+0000] {taskmixin.py:205} WARNING - Dependency <Task(_PythonDecoratedOperator): print_the_context>, log_sql_query already registered for DAG: example_python_operator
[2023-03-29T01:21:40.920+0000] {logging_mixin.py:120} INFO - [2023-03-29T01:21:40.920+0000] {taskmixin.py:205} WARNING - Dependency <Task(_PythonDecoratedOperator): log_sql_query>, print_the_context already registered for DAG: example_python_operator
[2023-03-29T01:21:40.923+0000] {logging_mixin.py:120} INFO - [2023-03-29T01:21:40.922+0000] {taskmixin.py:205} WARNING - Dependency <Task(_PythonDecoratedOperator): print_the_context>, log_sql_query already registered for DAG: example_python_operator
[2023-03-29T01:21:40.924+0000] {logging_mixin.py:120} INFO - [2023-03-29T01:21:40.924+0000] {taskmixin.py:205} WARNING - Dependency <Task(_PythonDecoratedOperator): log_sql_query>, print_the_context already registered for DAG: example_python_operator
[2023-03-29T01:21:40.925+0000] {logging_mixin.py:120} INFO - [2023-03-29T01:21:40.925+0000] {taskmixin.py:205} WARNING - Dependency <Task(_PythonDecoratedOperator): print_the_context>, log_sql_query already registered for DAG: example_python_operator
[2023-03-29T01:21:40.925+0000] {logging_mixin.py:120} INFO - [2023-03-29T01:21:40.925+0000] {taskmixin.py:205} WARNING - Dependency <Task(_PythonDecoratedOperator): log_sql_query>, print_the_context already registered for DAG: example_python_operator
[2023-03-29T01:21:40.927+0000] {logging_mixin.py:120} INFO - [2023-03-29T01:21:40.927+0000] {taskmixin.py:205} WARNING - Dependency <Task(_PythonDecoratedOperator): print_the_context>, log_sql_query already registered for DAG: example_python_operator
[2023-03-29T01:21:40.927+0000] {logging_mixin.py:120} INFO - [2023-03-29T01:21:40.927+0000] {taskmixin.py:205} WARNING - Dependency <Task(_PythonDecoratedOperator): log_sql_query>, print_the_context already registered for DAG: example_python_operator
[2023-03-29T01:21:40.933+0000] {processor.py:766} INFO - DAG(s) dict_keys(['example_python_operator']) retrieved from /home/airflow/.local/lib/python3.7/site-packages/airflow/example_dags/example_python_operator.py
[2023-03-29T01:21:40.959+0000] {logging_mixin.py:120} INFO - [2023-03-29T01:21:40.959+0000] {dag.py:2585} INFO - Sync 1 DAGs
[2023-03-29T01:21:40.974+0000] {logging_mixin.py:120} INFO - [2023-03-29T01:21:40.974+0000] {dag.py:3340} INFO - Setting next_dagrun for example_python_operator to None, run_after=None
[2023-03-29T01:21:40.986+0000] {processor.py:176} INFO - Processing /home/airflow/.local/lib/python3.7/site-packages/airflow/example_dags/example_python_operator.py took 0.083 seconds
[2023-03-29T01:22:11.259+0000] {processor.py:154} INFO - Started process (PID=1046) to work on /home/airflow/.local/lib/python3.7/site-packages/airflow/example_dags/example_python_operator.py
[2023-03-29T01:22:11.260+0000] {processor.py:756} INFO - Processing file /home/airflow/.local/lib/python3.7/site-packages/airflow/example_dags/example_python_operator.py for tasks to queue
[2023-03-29T01:22:11.261+0000] {logging_mixin.py:120} INFO - [2023-03-29T01:22:11.261+0000] {dagbag.py:537} INFO - Filling up the DagBag from /home/airflow/.local/lib/python3.7/site-packages/airflow/example_dags/example_python_operator.py
[2023-03-29T01:22:11.276+0000] {logging_mixin.py:120} INFO - [2023-03-29T01:22:11.275+0000] {taskmixin.py:205} WARNING - Dependency <Task(_PythonDecoratedOperator): print_the_context>, log_sql_query already registered for DAG: example_python_operator
[2023-03-29T01:22:11.277+0000] {logging_mixin.py:120} INFO - [2023-03-29T01:22:11.277+0000] {taskmixin.py:205} WARNING - Dependency <Task(_PythonDecoratedOperator): log_sql_query>, print_the_context already registered for DAG: example_python_operator
[2023-03-29T01:22:11.279+0000] {logging_mixin.py:120} INFO - [2023-03-29T01:22:11.279+0000] {taskmixin.py:205} WARNING - Dependency <Task(_PythonDecoratedOperator): print_the_context>, log_sql_query already registered for DAG: example_python_operator
[2023-03-29T01:22:11.280+0000] {logging_mixin.py:120} INFO - [2023-03-29T01:22:11.280+0000] {taskmixin.py:205} WARNING - Dependency <Task(_PythonDecoratedOperator): log_sql_query>, print_the_context already registered for DAG: example_python_operator
[2023-03-29T01:22:11.281+0000] {logging_mixin.py:120} INFO - [2023-03-29T01:22:11.281+0000] {taskmixin.py:205} WARNING - Dependency <Task(_PythonDecoratedOperator): print_the_context>, log_sql_query already registered for DAG: example_python_operator
[2023-03-29T01:22:11.282+0000] {logging_mixin.py:120} INFO - [2023-03-29T01:22:11.282+0000] {taskmixin.py:205} WARNING - Dependency <Task(_PythonDecoratedOperator): log_sql_query>, print_the_context already registered for DAG: example_python_operator
[2023-03-29T01:22:11.283+0000] {logging_mixin.py:120} INFO - [2023-03-29T01:22:11.283+0000] {taskmixin.py:205} WARNING - Dependency <Task(_PythonDecoratedOperator): print_the_context>, log_sql_query already registered for DAG: example_python_operator
[2023-03-29T01:22:11.285+0000] {logging_mixin.py:120} INFO - [2023-03-29T01:22:11.284+0000] {taskmixin.py:205} WARNING - Dependency <Task(_PythonDecoratedOperator): log_sql_query>, print_the_context already registered for DAG: example_python_operator
[2023-03-29T01:22:11.292+0000] {processor.py:766} INFO - DAG(s) dict_keys(['example_python_operator']) retrieved from /home/airflow/.local/lib/python3.7/site-packages/airflow/example_dags/example_python_operator.py
[2023-03-29T01:22:11.321+0000] {logging_mixin.py:120} INFO - [2023-03-29T01:22:11.321+0000] {dag.py:2585} INFO - Sync 1 DAGs
[2023-03-29T01:22:11.337+0000] {logging_mixin.py:120} INFO - [2023-03-29T01:22:11.337+0000] {dag.py:3340} INFO - Setting next_dagrun for example_python_operator to None, run_after=None
[2023-03-29T01:22:11.349+0000] {processor.py:176} INFO - Processing /home/airflow/.local/lib/python3.7/site-packages/airflow/example_dags/example_python_operator.py took 0.093 seconds
[2023-03-29T01:22:41.647+0000] {processor.py:154} INFO - Started process (PID=1100) to work on /home/airflow/.local/lib/python3.7/site-packages/airflow/example_dags/example_python_operator.py
[2023-03-29T01:22:41.649+0000] {processor.py:756} INFO - Processing file /home/airflow/.local/lib/python3.7/site-packages/airflow/example_dags/example_python_operator.py for tasks to queue
[2023-03-29T01:22:41.650+0000] {logging_mixin.py:120} INFO - [2023-03-29T01:22:41.650+0000] {dagbag.py:537} INFO - Filling up the DagBag from /home/airflow/.local/lib/python3.7/site-packages/airflow/example_dags/example_python_operator.py
[2023-03-29T01:22:41.662+0000] {logging_mixin.py:120} INFO - [2023-03-29T01:22:41.661+0000] {taskmixin.py:205} WARNING - Dependency <Task(_PythonDecoratedOperator): print_the_context>, log_sql_query already registered for DAG: example_python_operator
[2023-03-29T01:22:41.662+0000] {logging_mixin.py:120} INFO - [2023-03-29T01:22:41.662+0000] {taskmixin.py:205} WARNING - Dependency <Task(_PythonDecoratedOperator): log_sql_query>, print_the_context already registered for DAG: example_python_operator
[2023-03-29T01:22:41.664+0000] {logging_mixin.py:120} INFO - [2023-03-29T01:22:41.664+0000] {taskmixin.py:205} WARNING - Dependency <Task(_PythonDecoratedOperator): print_the_context>, log_sql_query already registered for DAG: example_python_operator
[2023-03-29T01:22:41.664+0000] {logging_mixin.py:120} INFO - [2023-03-29T01:22:41.664+0000] {taskmixin.py:205} WARNING - Dependency <Task(_PythonDecoratedOperator): log_sql_query>, print_the_context already registered for DAG: example_python_operator
[2023-03-29T01:22:41.666+0000] {logging_mixin.py:120} INFO - [2023-03-29T01:22:41.666+0000] {taskmixin.py:205} WARNING - Dependency <Task(_PythonDecoratedOperator): print_the_context>, log_sql_query already registered for DAG: example_python_operator
[2023-03-29T01:22:41.667+0000] {logging_mixin.py:120} INFO - [2023-03-29T01:22:41.667+0000] {taskmixin.py:205} WARNING - Dependency <Task(_PythonDecoratedOperator): log_sql_query>, print_the_context already registered for DAG: example_python_operator
[2023-03-29T01:22:41.668+0000] {logging_mixin.py:120} INFO - [2023-03-29T01:22:41.668+0000] {taskmixin.py:205} WARNING - Dependency <Task(_PythonDecoratedOperator): print_the_context>, log_sql_query already registered for DAG: example_python_operator
[2023-03-29T01:22:41.668+0000] {logging_mixin.py:120} INFO - [2023-03-29T01:22:41.668+0000] {taskmixin.py:205} WARNING - Dependency <Task(_PythonDecoratedOperator): log_sql_query>, print_the_context already registered for DAG: example_python_operator
[2023-03-29T01:22:41.674+0000] {processor.py:766} INFO - DAG(s) dict_keys(['example_python_operator']) retrieved from /home/airflow/.local/lib/python3.7/site-packages/airflow/example_dags/example_python_operator.py
[2023-03-29T01:22:41.699+0000] {logging_mixin.py:120} INFO - [2023-03-29T01:22:41.699+0000] {dag.py:2585} INFO - Sync 1 DAGs
[2023-03-29T01:22:41.713+0000] {logging_mixin.py:120} INFO - [2023-03-29T01:22:41.713+0000] {dag.py:3340} INFO - Setting next_dagrun for example_python_operator to None, run_after=None
[2023-03-29T01:22:41.724+0000] {processor.py:176} INFO - Processing /home/airflow/.local/lib/python3.7/site-packages/airflow/example_dags/example_python_operator.py took 0.079 seconds
[2023-03-29T01:23:12.010+0000] {processor.py:154} INFO - Started process (PID=1163) to work on /home/airflow/.local/lib/python3.7/site-packages/airflow/example_dags/example_python_operator.py
[2023-03-29T01:23:12.012+0000] {processor.py:756} INFO - Processing file /home/airflow/.local/lib/python3.7/site-packages/airflow/example_dags/example_python_operator.py for tasks to queue
[2023-03-29T01:23:12.013+0000] {logging_mixin.py:120} INFO - [2023-03-29T01:23:12.013+0000] {dagbag.py:537} INFO - Filling up the DagBag from /home/airflow/.local/lib/python3.7/site-packages/airflow/example_dags/example_python_operator.py
[2023-03-29T01:23:12.023+0000] {logging_mixin.py:120} INFO - [2023-03-29T01:23:12.023+0000] {taskmixin.py:205} WARNING - Dependency <Task(_PythonDecoratedOperator): print_the_context>, log_sql_query already registered for DAG: example_python_operator
[2023-03-29T01:23:12.025+0000] {logging_mixin.py:120} INFO - [2023-03-29T01:23:12.025+0000] {taskmixin.py:205} WARNING - Dependency <Task(_PythonDecoratedOperator): log_sql_query>, print_the_context already registered for DAG: example_python_operator
[2023-03-29T01:23:12.027+0000] {logging_mixin.py:120} INFO - [2023-03-29T01:23:12.027+0000] {taskmixin.py:205} WARNING - Dependency <Task(_PythonDecoratedOperator): print_the_context>, log_sql_query already registered for DAG: example_python_operator
[2023-03-29T01:23:12.028+0000] {logging_mixin.py:120} INFO - [2023-03-29T01:23:12.028+0000] {taskmixin.py:205} WARNING - Dependency <Task(_PythonDecoratedOperator): log_sql_query>, print_the_context already registered for DAG: example_python_operator
[2023-03-29T01:23:12.029+0000] {logging_mixin.py:120} INFO - [2023-03-29T01:23:12.029+0000] {taskmixin.py:205} WARNING - Dependency <Task(_PythonDecoratedOperator): print_the_context>, log_sql_query already registered for DAG: example_python_operator
[2023-03-29T01:23:12.030+0000] {logging_mixin.py:120} INFO - [2023-03-29T01:23:12.030+0000] {taskmixin.py:205} WARNING - Dependency <Task(_PythonDecoratedOperator): log_sql_query>, print_the_context already registered for DAG: example_python_operator
[2023-03-29T01:23:12.032+0000] {logging_mixin.py:120} INFO - [2023-03-29T01:23:12.032+0000] {taskmixin.py:205} WARNING - Dependency <Task(_PythonDecoratedOperator): print_the_context>, log_sql_query already registered for DAG: example_python_operator
[2023-03-29T01:23:12.032+0000] {logging_mixin.py:120} INFO - [2023-03-29T01:23:12.032+0000] {taskmixin.py:205} WARNING - Dependency <Task(_PythonDecoratedOperator): log_sql_query>, print_the_context already registered for DAG: example_python_operator
[2023-03-29T01:23:12.039+0000] {processor.py:766} INFO - DAG(s) dict_keys(['example_python_operator']) retrieved from /home/airflow/.local/lib/python3.7/site-packages/airflow/example_dags/example_python_operator.py
[2023-03-29T01:23:12.065+0000] {logging_mixin.py:120} INFO - [2023-03-29T01:23:12.065+0000] {dag.py:2585} INFO - Sync 1 DAGs
[2023-03-29T01:23:12.079+0000] {logging_mixin.py:120} INFO - [2023-03-29T01:23:12.079+0000] {dag.py:3340} INFO - Setting next_dagrun for example_python_operator to None, run_after=None
[2023-03-29T01:23:12.093+0000] {processor.py:176} INFO - Processing /home/airflow/.local/lib/python3.7/site-packages/airflow/example_dags/example_python_operator.py took 0.085 seconds
[2023-03-29T01:23:42.347+0000] {processor.py:154} INFO - Started process (PID=1225) to work on /home/airflow/.local/lib/python3.7/site-packages/airflow/example_dags/example_python_operator.py
[2023-03-29T01:23:42.350+0000] {processor.py:756} INFO - Processing file /home/airflow/.local/lib/python3.7/site-packages/airflow/example_dags/example_python_operator.py for tasks to queue
[2023-03-29T01:23:42.351+0000] {logging_mixin.py:120} INFO - [2023-03-29T01:23:42.351+0000] {dagbag.py:537} INFO - Filling up the DagBag from /home/airflow/.local/lib/python3.7/site-packages/airflow/example_dags/example_python_operator.py
[2023-03-29T01:23:42.368+0000] {logging_mixin.py:120} INFO - [2023-03-29T01:23:42.368+0000] {taskmixin.py:205} WARNING - Dependency <Task(_PythonDecoratedOperator): print_the_context>, log_sql_query already registered for DAG: example_python_operator
[2023-03-29T01:23:42.370+0000] {logging_mixin.py:120} INFO - [2023-03-29T01:23:42.370+0000] {taskmixin.py:205} WARNING - Dependency <Task(_PythonDecoratedOperator): log_sql_query>, print_the_context already registered for DAG: example_python_operator
[2023-03-29T01:23:42.371+0000] {logging_mixin.py:120} INFO - [2023-03-29T01:23:42.371+0000] {taskmixin.py:205} WARNING - Dependency <Task(_PythonDecoratedOperator): print_the_context>, log_sql_query already registered for DAG: example_python_operator
[2023-03-29T01:23:42.372+0000] {logging_mixin.py:120} INFO - [2023-03-29T01:23:42.372+0000] {taskmixin.py:205} WARNING - Dependency <Task(_PythonDecoratedOperator): log_sql_query>, print_the_context already registered for DAG: example_python_operator
[2023-03-29T01:23:42.374+0000] {logging_mixin.py:120} INFO - [2023-03-29T01:23:42.374+0000] {taskmixin.py:205} WARNING - Dependency <Task(_PythonDecoratedOperator): print_the_context>, log_sql_query already registered for DAG: example_python_operator
[2023-03-29T01:23:42.375+0000] {logging_mixin.py:120} INFO - [2023-03-29T01:23:42.374+0000] {taskmixin.py:205} WARNING - Dependency <Task(_PythonDecoratedOperator): log_sql_query>, print_the_context already registered for DAG: example_python_operator
[2023-03-29T01:23:42.376+0000] {logging_mixin.py:120} INFO - [2023-03-29T01:23:42.376+0000] {taskmixin.py:205} WARNING - Dependency <Task(_PythonDecoratedOperator): print_the_context>, log_sql_query already registered for DAG: example_python_operator
[2023-03-29T01:23:42.377+0000] {logging_mixin.py:120} INFO - [2023-03-29T01:23:42.377+0000] {taskmixin.py:205} WARNING - Dependency <Task(_PythonDecoratedOperator): log_sql_query>, print_the_context already registered for DAG: example_python_operator
[2023-03-29T01:23:42.383+0000] {processor.py:766} INFO - DAG(s) dict_keys(['example_python_operator']) retrieved from /home/airflow/.local/lib/python3.7/site-packages/airflow/example_dags/example_python_operator.py
[2023-03-29T01:23:42.416+0000] {logging_mixin.py:120} INFO - [2023-03-29T01:23:42.415+0000] {dag.py:2585} INFO - Sync 1 DAGs
[2023-03-29T01:23:42.433+0000] {logging_mixin.py:120} INFO - [2023-03-29T01:23:42.433+0000] {dag.py:3340} INFO - Setting next_dagrun for example_python_operator to None, run_after=None
[2023-03-29T01:23:42.452+0000] {processor.py:176} INFO - Processing /home/airflow/.local/lib/python3.7/site-packages/airflow/example_dags/example_python_operator.py took 0.108 seconds
