[2023-03-29T01:14:01.569+0000] {processor.py:154} INFO - Started process (PID=36) to work on /home/airflow/.local/lib/python3.7/site-packages/airflow/example_dags/example_datasets.py
[2023-03-29T01:14:01.572+0000] {processor.py:756} INFO - Processing file /home/airflow/.local/lib/python3.7/site-packages/airflow/example_dags/example_datasets.py for tasks to queue
[2023-03-29T01:14:01.574+0000] {logging_mixin.py:120} INFO - [2023-03-29T01:14:01.574+0000] {dagbag.py:537} INFO - Filling up the DagBag from /home/airflow/.local/lib/python3.7/site-packages/airflow/example_dags/example_datasets.py
[2023-03-29T01:14:01.614+0000] {processor.py:766} INFO - DAG(s) dict_keys(['dataset_consumes_unknown_never_scheduled', 'dataset_consumes_1_and_2', 'dataset_produces_1', 'dataset_consumes_1', 'dataset_produces_2', 'dataset_consumes_1_never_scheduled']) retrieved from /home/airflow/.local/lib/python3.7/site-packages/airflow/example_dags/example_datasets.py
[2023-03-29T01:14:01.779+0000] {logging_mixin.py:120} INFO - [2023-03-29T01:14:01.779+0000] {manager.py:507} INFO - Created Permission View: can delete on DAG:dataset_consumes_unknown_never_scheduled
[2023-03-29T01:14:01.787+0000] {logging_mixin.py:120} INFO - [2023-03-29T01:14:01.787+0000] {manager.py:507} INFO - Created Permission View: can edit on DAG:dataset_consumes_unknown_never_scheduled
[2023-03-29T01:14:01.793+0000] {logging_mixin.py:120} INFO - [2023-03-29T01:14:01.793+0000] {manager.py:507} INFO - Created Permission View: can read on DAG:dataset_consumes_unknown_never_scheduled
[2023-03-29T01:14:01.805+0000] {logging_mixin.py:120} INFO - [2023-03-29T01:14:01.805+0000] {manager.py:507} INFO - Created Permission View: can delete on DAG:dataset_consumes_1_and_2
[2023-03-29T01:14:01.814+0000] {logging_mixin.py:120} INFO - [2023-03-29T01:14:01.814+0000] {manager.py:507} INFO - Created Permission View: can edit on DAG:dataset_consumes_1_and_2
[2023-03-29T01:14:01.822+0000] {logging_mixin.py:120} INFO - [2023-03-29T01:14:01.821+0000] {manager.py:507} INFO - Created Permission View: can read on DAG:dataset_consumes_1_and_2
[2023-03-29T01:14:01.832+0000] {logging_mixin.py:120} INFO - [2023-03-29T01:14:01.832+0000] {manager.py:507} INFO - Created Permission View: can delete on DAG:dataset_produces_1
[2023-03-29T01:14:01.838+0000] {logging_mixin.py:120} INFO - [2023-03-29T01:14:01.838+0000] {manager.py:507} INFO - Created Permission View: can edit on DAG:dataset_produces_1
[2023-03-29T01:14:01.846+0000] {logging_mixin.py:120} INFO - [2023-03-29T01:14:01.846+0000] {manager.py:507} INFO - Created Permission View: can read on DAG:dataset_produces_1
[2023-03-29T01:14:01.859+0000] {logging_mixin.py:120} INFO - [2023-03-29T01:14:01.859+0000] {manager.py:507} INFO - Created Permission View: can delete on DAG:dataset_consumes_1
[2023-03-29T01:14:01.867+0000] {logging_mixin.py:120} INFO - [2023-03-29T01:14:01.867+0000] {manager.py:507} INFO - Created Permission View: can edit on DAG:dataset_consumes_1
[2023-03-29T01:14:01.873+0000] {logging_mixin.py:120} INFO - [2023-03-29T01:14:01.873+0000] {manager.py:507} INFO - Created Permission View: can read on DAG:dataset_consumes_1
[2023-03-29T01:14:01.882+0000] {logging_mixin.py:120} INFO - [2023-03-29T01:14:01.882+0000] {manager.py:507} INFO - Created Permission View: can delete on DAG:dataset_produces_2
[2023-03-29T01:14:01.887+0000] {logging_mixin.py:120} INFO - [2023-03-29T01:14:01.886+0000] {manager.py:507} INFO - Created Permission View: can edit on DAG:dataset_produces_2
[2023-03-29T01:14:01.892+0000] {logging_mixin.py:120} INFO - [2023-03-29T01:14:01.892+0000] {manager.py:507} INFO - Created Permission View: can read on DAG:dataset_produces_2
[2023-03-29T01:14:01.904+0000] {logging_mixin.py:120} INFO - [2023-03-29T01:14:01.903+0000] {manager.py:507} INFO - Created Permission View: can delete on DAG:dataset_consumes_1_never_scheduled
[2023-03-29T01:14:01.909+0000] {logging_mixin.py:120} INFO - [2023-03-29T01:14:01.909+0000] {manager.py:507} INFO - Created Permission View: can edit on DAG:dataset_consumes_1_never_scheduled
[2023-03-29T01:14:01.920+0000] {logging_mixin.py:120} INFO - [2023-03-29T01:14:01.919+0000] {manager.py:507} INFO - Created Permission View: can read on DAG:dataset_consumes_1_never_scheduled
[2023-03-29T01:14:01.922+0000] {logging_mixin.py:120} INFO - [2023-03-29T01:14:01.922+0000] {dag.py:2585} INFO - Sync 6 DAGs
[2023-03-29T01:14:01.939+0000] {logging_mixin.py:120} INFO - [2023-03-29T01:14:01.939+0000] {dag.py:2606} INFO - Creating ORM DAG for dataset_consumes_1_and_2
[2023-03-29T01:14:01.941+0000] {logging_mixin.py:120} INFO - [2023-03-29T01:14:01.940+0000] {dag.py:2606} INFO - Creating ORM DAG for dataset_consumes_1_never_scheduled
[2023-03-29T01:14:01.943+0000] {logging_mixin.py:120} INFO - [2023-03-29T01:14:01.943+0000] {dag.py:2606} INFO - Creating ORM DAG for dataset_produces_1
[2023-03-29T01:14:01.944+0000] {logging_mixin.py:120} INFO - [2023-03-29T01:14:01.944+0000] {dag.py:2606} INFO - Creating ORM DAG for dataset_consumes_1
[2023-03-29T01:14:01.945+0000] {logging_mixin.py:120} INFO - [2023-03-29T01:14:01.945+0000] {dag.py:2606} INFO - Creating ORM DAG for dataset_produces_2
[2023-03-29T01:14:01.946+0000] {logging_mixin.py:120} INFO - [2023-03-29T01:14:01.946+0000] {dag.py:2606} INFO - Creating ORM DAG for dataset_consumes_unknown_never_scheduled
[2023-03-29T01:14:01.954+0000] {logging_mixin.py:120} INFO - [2023-03-29T01:14:01.954+0000] {dag.py:3340} INFO - Setting next_dagrun for dataset_consumes_1 to None, run_after=None
[2023-03-29T01:14:01.956+0000] {logging_mixin.py:120} INFO - [2023-03-29T01:14:01.956+0000] {dag.py:3340} INFO - Setting next_dagrun for dataset_consumes_1_and_2 to None, run_after=None
[2023-03-29T01:14:01.958+0000] {logging_mixin.py:120} INFO - [2023-03-29T01:14:01.957+0000] {dag.py:3340} INFO - Setting next_dagrun for dataset_consumes_1_never_scheduled to None, run_after=None
[2023-03-29T01:14:01.959+0000] {logging_mixin.py:120} INFO - [2023-03-29T01:14:01.959+0000] {dag.py:3340} INFO - Setting next_dagrun for dataset_consumes_unknown_never_scheduled to None, run_after=None
[2023-03-29T01:14:01.961+0000] {logging_mixin.py:120} INFO - [2023-03-29T01:14:01.960+0000] {dag.py:3340} INFO - Setting next_dagrun for dataset_produces_1 to 2023-03-28T00:00:00+00:00, run_after=2023-03-29T00:00:00+00:00
[2023-03-29T01:14:01.962+0000] {logging_mixin.py:120} INFO - [2023-03-29T01:14:01.962+0000] {dag.py:3340} INFO - Setting next_dagrun for dataset_produces_2 to None, run_after=None
[2023-03-29T01:14:01.997+0000] {processor.py:176} INFO - Processing /home/airflow/.local/lib/python3.7/site-packages/airflow/example_dags/example_datasets.py took 0.440 seconds
[2023-03-29T01:14:32.756+0000] {processor.py:154} INFO - Started process (PID=99) to work on /home/airflow/.local/lib/python3.7/site-packages/airflow/example_dags/example_datasets.py
[2023-03-29T01:14:32.759+0000] {processor.py:756} INFO - Processing file /home/airflow/.local/lib/python3.7/site-packages/airflow/example_dags/example_datasets.py for tasks to queue
[2023-03-29T01:14:32.762+0000] {logging_mixin.py:120} INFO - [2023-03-29T01:14:32.761+0000] {dagbag.py:537} INFO - Filling up the DagBag from /home/airflow/.local/lib/python3.7/site-packages/airflow/example_dags/example_datasets.py
[2023-03-29T01:14:32.778+0000] {processor.py:766} INFO - DAG(s) dict_keys(['dataset_produces_1', 'dataset_consumes_1_never_scheduled', 'dataset_consumes_1_and_2', 'dataset_consumes_unknown_never_scheduled', 'dataset_consumes_1', 'dataset_produces_2']) retrieved from /home/airflow/.local/lib/python3.7/site-packages/airflow/example_dags/example_datasets.py
[2023-03-29T01:14:32.818+0000] {logging_mixin.py:120} INFO - [2023-03-29T01:14:32.818+0000] {dag.py:2585} INFO - Sync 6 DAGs
[2023-03-29T01:14:32.833+0000] {logging_mixin.py:120} INFO - [2023-03-29T01:14:32.833+0000] {dag.py:3340} INFO - Setting next_dagrun for dataset_consumes_1 to None, run_after=None
[2023-03-29T01:14:32.836+0000] {logging_mixin.py:120} INFO - [2023-03-29T01:14:32.836+0000] {dag.py:3340} INFO - Setting next_dagrun for dataset_consumes_1_and_2 to None, run_after=None
[2023-03-29T01:14:32.838+0000] {logging_mixin.py:120} INFO - [2023-03-29T01:14:32.838+0000] {dag.py:3340} INFO - Setting next_dagrun for dataset_consumes_1_never_scheduled to None, run_after=None
[2023-03-29T01:14:32.841+0000] {logging_mixin.py:120} INFO - [2023-03-29T01:14:32.841+0000] {dag.py:3340} INFO - Setting next_dagrun for dataset_consumes_unknown_never_scheduled to None, run_after=None
[2023-03-29T01:14:32.843+0000] {logging_mixin.py:120} INFO - [2023-03-29T01:14:32.843+0000] {dag.py:3340} INFO - Setting next_dagrun for dataset_produces_1 to 2023-03-28T00:00:00+00:00, run_after=2023-03-29T00:00:00+00:00
[2023-03-29T01:14:32.845+0000] {logging_mixin.py:120} INFO - [2023-03-29T01:14:32.845+0000] {dag.py:3340} INFO - Setting next_dagrun for dataset_produces_2 to None, run_after=None
[2023-03-29T01:14:32.864+0000] {processor.py:176} INFO - Processing /home/airflow/.local/lib/python3.7/site-packages/airflow/example_dags/example_datasets.py took 0.113 seconds
[2023-03-29T01:15:03.116+0000] {processor.py:154} INFO - Started process (PID=163) to work on /home/airflow/.local/lib/python3.7/site-packages/airflow/example_dags/example_datasets.py
[2023-03-29T01:15:03.119+0000] {processor.py:756} INFO - Processing file /home/airflow/.local/lib/python3.7/site-packages/airflow/example_dags/example_datasets.py for tasks to queue
[2023-03-29T01:15:03.120+0000] {logging_mixin.py:120} INFO - [2023-03-29T01:15:03.120+0000] {dagbag.py:537} INFO - Filling up the DagBag from /home/airflow/.local/lib/python3.7/site-packages/airflow/example_dags/example_datasets.py
[2023-03-29T01:15:03.134+0000] {processor.py:766} INFO - DAG(s) dict_keys(['dataset_consumes_unknown_never_scheduled', 'dataset_consumes_1', 'dataset_produces_2', 'dataset_consumes_1_and_2', 'dataset_consumes_1_never_scheduled', 'dataset_produces_1']) retrieved from /home/airflow/.local/lib/python3.7/site-packages/airflow/example_dags/example_datasets.py
[2023-03-29T01:15:03.172+0000] {logging_mixin.py:120} INFO - [2023-03-29T01:15:03.172+0000] {dag.py:2585} INFO - Sync 6 DAGs
[2023-03-29T01:15:03.190+0000] {logging_mixin.py:120} INFO - [2023-03-29T01:15:03.190+0000] {dag.py:3340} INFO - Setting next_dagrun for dataset_consumes_1 to None, run_after=None
[2023-03-29T01:15:03.194+0000] {logging_mixin.py:120} INFO - [2023-03-29T01:15:03.194+0000] {dag.py:3340} INFO - Setting next_dagrun for dataset_consumes_1_and_2 to None, run_after=None
[2023-03-29T01:15:03.196+0000] {logging_mixin.py:120} INFO - [2023-03-29T01:15:03.196+0000] {dag.py:3340} INFO - Setting next_dagrun for dataset_consumes_1_never_scheduled to None, run_after=None
[2023-03-29T01:15:03.198+0000] {logging_mixin.py:120} INFO - [2023-03-29T01:15:03.198+0000] {dag.py:3340} INFO - Setting next_dagrun for dataset_consumes_unknown_never_scheduled to None, run_after=None
[2023-03-29T01:15:03.200+0000] {logging_mixin.py:120} INFO - [2023-03-29T01:15:03.200+0000] {dag.py:3340} INFO - Setting next_dagrun for dataset_produces_1 to 2023-03-28T00:00:00+00:00, run_after=2023-03-29T00:00:00+00:00
[2023-03-29T01:15:03.203+0000] {logging_mixin.py:120} INFO - [2023-03-29T01:15:03.203+0000] {dag.py:3340} INFO - Setting next_dagrun for dataset_produces_2 to None, run_after=None
[2023-03-29T01:15:03.224+0000] {processor.py:176} INFO - Processing /home/airflow/.local/lib/python3.7/site-packages/airflow/example_dags/example_datasets.py took 0.110 seconds
[2023-03-29T01:15:33.393+0000] {processor.py:154} INFO - Started process (PID=226) to work on /home/airflow/.local/lib/python3.7/site-packages/airflow/example_dags/example_datasets.py
[2023-03-29T01:15:33.395+0000] {processor.py:756} INFO - Processing file /home/airflow/.local/lib/python3.7/site-packages/airflow/example_dags/example_datasets.py for tasks to queue
[2023-03-29T01:15:33.396+0000] {logging_mixin.py:120} INFO - [2023-03-29T01:15:33.396+0000] {dagbag.py:537} INFO - Filling up the DagBag from /home/airflow/.local/lib/python3.7/site-packages/airflow/example_dags/example_datasets.py
[2023-03-29T01:15:33.407+0000] {processor.py:766} INFO - DAG(s) dict_keys(['dataset_consumes_1_and_2', 'dataset_produces_1', 'dataset_produces_2', 'dataset_consumes_1', 'dataset_consumes_1_never_scheduled', 'dataset_consumes_unknown_never_scheduled']) retrieved from /home/airflow/.local/lib/python3.7/site-packages/airflow/example_dags/example_datasets.py
[2023-03-29T01:15:33.442+0000] {logging_mixin.py:120} INFO - [2023-03-29T01:15:33.442+0000] {dag.py:2585} INFO - Sync 6 DAGs
[2023-03-29T01:15:33.459+0000] {logging_mixin.py:120} INFO - [2023-03-29T01:15:33.459+0000] {dag.py:3340} INFO - Setting next_dagrun for dataset_consumes_1 to None, run_after=None
[2023-03-29T01:15:33.462+0000] {logging_mixin.py:120} INFO - [2023-03-29T01:15:33.462+0000] {dag.py:3340} INFO - Setting next_dagrun for dataset_consumes_1_and_2 to None, run_after=None
[2023-03-29T01:15:33.464+0000] {logging_mixin.py:120} INFO - [2023-03-29T01:15:33.464+0000] {dag.py:3340} INFO - Setting next_dagrun for dataset_consumes_1_never_scheduled to None, run_after=None
[2023-03-29T01:15:33.465+0000] {logging_mixin.py:120} INFO - [2023-03-29T01:15:33.465+0000] {dag.py:3340} INFO - Setting next_dagrun for dataset_consumes_unknown_never_scheduled to None, run_after=None
[2023-03-29T01:15:33.468+0000] {logging_mixin.py:120} INFO - [2023-03-29T01:15:33.468+0000] {dag.py:3340} INFO - Setting next_dagrun for dataset_produces_1 to 2023-03-28T00:00:00+00:00, run_after=2023-03-29T00:00:00+00:00
[2023-03-29T01:15:33.470+0000] {logging_mixin.py:120} INFO - [2023-03-29T01:15:33.470+0000] {dag.py:3340} INFO - Setting next_dagrun for dataset_produces_2 to None, run_after=None
[2023-03-29T01:15:33.489+0000] {processor.py:176} INFO - Processing /home/airflow/.local/lib/python3.7/site-packages/airflow/example_dags/example_datasets.py took 0.097 seconds
[2023-03-29T01:16:03.722+0000] {processor.py:154} INFO - Started process (PID=280) to work on /home/airflow/.local/lib/python3.7/site-packages/airflow/example_dags/example_datasets.py
[2023-03-29T01:16:03.723+0000] {processor.py:756} INFO - Processing file /home/airflow/.local/lib/python3.7/site-packages/airflow/example_dags/example_datasets.py for tasks to queue
[2023-03-29T01:16:03.725+0000] {logging_mixin.py:120} INFO - [2023-03-29T01:16:03.725+0000] {dagbag.py:537} INFO - Filling up the DagBag from /home/airflow/.local/lib/python3.7/site-packages/airflow/example_dags/example_datasets.py
[2023-03-29T01:16:03.734+0000] {processor.py:766} INFO - DAG(s) dict_keys(['dataset_produces_2', 'dataset_produces_1', 'dataset_consumes_1', 'dataset_consumes_unknown_never_scheduled', 'dataset_consumes_1_and_2', 'dataset_consumes_1_never_scheduled']) retrieved from /home/airflow/.local/lib/python3.7/site-packages/airflow/example_dags/example_datasets.py
[2023-03-29T01:16:03.770+0000] {logging_mixin.py:120} INFO - [2023-03-29T01:16:03.769+0000] {dag.py:2585} INFO - Sync 6 DAGs
[2023-03-29T01:16:03.784+0000] {logging_mixin.py:120} INFO - [2023-03-29T01:16:03.784+0000] {dag.py:3340} INFO - Setting next_dagrun for dataset_consumes_1 to None, run_after=None
[2023-03-29T01:16:03.787+0000] {logging_mixin.py:120} INFO - [2023-03-29T01:16:03.787+0000] {dag.py:3340} INFO - Setting next_dagrun for dataset_consumes_1_and_2 to None, run_after=None
[2023-03-29T01:16:03.789+0000] {logging_mixin.py:120} INFO - [2023-03-29T01:16:03.789+0000] {dag.py:3340} INFO - Setting next_dagrun for dataset_consumes_1_never_scheduled to None, run_after=None
[2023-03-29T01:16:03.791+0000] {logging_mixin.py:120} INFO - [2023-03-29T01:16:03.791+0000] {dag.py:3340} INFO - Setting next_dagrun for dataset_consumes_unknown_never_scheduled to None, run_after=None
[2023-03-29T01:16:03.793+0000] {logging_mixin.py:120} INFO - [2023-03-29T01:16:03.793+0000] {dag.py:3340} INFO - Setting next_dagrun for dataset_produces_1 to 2023-03-28T00:00:00+00:00, run_after=2023-03-29T00:00:00+00:00
[2023-03-29T01:16:03.795+0000] {logging_mixin.py:120} INFO - [2023-03-29T01:16:03.795+0000] {dag.py:3340} INFO - Setting next_dagrun for dataset_produces_2 to None, run_after=None
[2023-03-29T01:16:03.814+0000] {processor.py:176} INFO - Processing /home/airflow/.local/lib/python3.7/site-packages/airflow/example_dags/example_datasets.py took 0.095 seconds
[2023-03-29T01:16:33.893+0000] {processor.py:154} INFO - Started process (PID=343) to work on /home/airflow/.local/lib/python3.7/site-packages/airflow/example_dags/example_datasets.py
[2023-03-29T01:16:33.894+0000] {processor.py:756} INFO - Processing file /home/airflow/.local/lib/python3.7/site-packages/airflow/example_dags/example_datasets.py for tasks to queue
[2023-03-29T01:16:33.896+0000] {logging_mixin.py:120} INFO - [2023-03-29T01:16:33.896+0000] {dagbag.py:537} INFO - Filling up the DagBag from /home/airflow/.local/lib/python3.7/site-packages/airflow/example_dags/example_datasets.py
[2023-03-29T01:16:33.911+0000] {processor.py:766} INFO - DAG(s) dict_keys(['dataset_consumes_1_and_2', 'dataset_produces_1', 'dataset_consumes_unknown_never_scheduled', 'dataset_produces_2', 'dataset_consumes_1_never_scheduled', 'dataset_consumes_1']) retrieved from /home/airflow/.local/lib/python3.7/site-packages/airflow/example_dags/example_datasets.py
[2023-03-29T01:16:33.946+0000] {logging_mixin.py:120} INFO - [2023-03-29T01:16:33.946+0000] {dag.py:2585} INFO - Sync 6 DAGs
[2023-03-29T01:16:33.962+0000] {logging_mixin.py:120} INFO - [2023-03-29T01:16:33.962+0000] {dag.py:3340} INFO - Setting next_dagrun for dataset_consumes_1 to None, run_after=None
[2023-03-29T01:16:33.965+0000] {logging_mixin.py:120} INFO - [2023-03-29T01:16:33.965+0000] {dag.py:3340} INFO - Setting next_dagrun for dataset_consumes_1_and_2 to None, run_after=None
[2023-03-29T01:16:33.967+0000] {logging_mixin.py:120} INFO - [2023-03-29T01:16:33.967+0000] {dag.py:3340} INFO - Setting next_dagrun for dataset_consumes_1_never_scheduled to None, run_after=None
[2023-03-29T01:16:33.969+0000] {logging_mixin.py:120} INFO - [2023-03-29T01:16:33.969+0000] {dag.py:3340} INFO - Setting next_dagrun for dataset_consumes_unknown_never_scheduled to None, run_after=None
[2023-03-29T01:16:33.972+0000] {logging_mixin.py:120} INFO - [2023-03-29T01:16:33.972+0000] {dag.py:3340} INFO - Setting next_dagrun for dataset_produces_1 to 2023-03-28T00:00:00+00:00, run_after=2023-03-29T00:00:00+00:00
[2023-03-29T01:16:33.974+0000] {logging_mixin.py:120} INFO - [2023-03-29T01:16:33.974+0000] {dag.py:3340} INFO - Setting next_dagrun for dataset_produces_2 to None, run_after=None
[2023-03-29T01:16:33.995+0000] {processor.py:176} INFO - Processing /home/airflow/.local/lib/python3.7/site-packages/airflow/example_dags/example_datasets.py took 0.104 seconds
[2023-03-29T01:17:04.306+0000] {processor.py:154} INFO - Started process (PID=406) to work on /home/airflow/.local/lib/python3.7/site-packages/airflow/example_dags/example_datasets.py
[2023-03-29T01:17:04.308+0000] {processor.py:756} INFO - Processing file /home/airflow/.local/lib/python3.7/site-packages/airflow/example_dags/example_datasets.py for tasks to queue
[2023-03-29T01:17:04.310+0000] {logging_mixin.py:120} INFO - [2023-03-29T01:17:04.310+0000] {dagbag.py:537} INFO - Filling up the DagBag from /home/airflow/.local/lib/python3.7/site-packages/airflow/example_dags/example_datasets.py
[2023-03-29T01:17:04.322+0000] {processor.py:766} INFO - DAG(s) dict_keys(['dataset_produces_1', 'dataset_consumes_1_never_scheduled', 'dataset_produces_2', 'dataset_consumes_unknown_never_scheduled', 'dataset_consumes_1', 'dataset_consumes_1_and_2']) retrieved from /home/airflow/.local/lib/python3.7/site-packages/airflow/example_dags/example_datasets.py
[2023-03-29T01:17:04.359+0000] {logging_mixin.py:120} INFO - [2023-03-29T01:17:04.359+0000] {dag.py:2585} INFO - Sync 6 DAGs
[2023-03-29T01:17:04.377+0000] {logging_mixin.py:120} INFO - [2023-03-29T01:17:04.376+0000] {dag.py:3340} INFO - Setting next_dagrun for dataset_consumes_1 to None, run_after=None
[2023-03-29T01:17:04.380+0000] {logging_mixin.py:120} INFO - [2023-03-29T01:17:04.380+0000] {dag.py:3340} INFO - Setting next_dagrun for dataset_consumes_1_and_2 to None, run_after=None
[2023-03-29T01:17:04.382+0000] {logging_mixin.py:120} INFO - [2023-03-29T01:17:04.382+0000] {dag.py:3340} INFO - Setting next_dagrun for dataset_consumes_1_never_scheduled to None, run_after=None
[2023-03-29T01:17:04.384+0000] {logging_mixin.py:120} INFO - [2023-03-29T01:17:04.384+0000] {dag.py:3340} INFO - Setting next_dagrun for dataset_consumes_unknown_never_scheduled to None, run_after=None
[2023-03-29T01:17:04.388+0000] {logging_mixin.py:120} INFO - [2023-03-29T01:17:04.388+0000] {dag.py:3340} INFO - Setting next_dagrun for dataset_produces_1 to 2023-03-28T00:00:00+00:00, run_after=2023-03-29T00:00:00+00:00
[2023-03-29T01:17:04.391+0000] {logging_mixin.py:120} INFO - [2023-03-29T01:17:04.390+0000] {dag.py:3340} INFO - Setting next_dagrun for dataset_produces_2 to None, run_after=None
[2023-03-29T01:17:04.408+0000] {processor.py:176} INFO - Processing /home/airflow/.local/lib/python3.7/site-packages/airflow/example_dags/example_datasets.py took 0.105 seconds
[2023-03-29T01:17:34.740+0000] {processor.py:154} INFO - Started process (PID=469) to work on /home/airflow/.local/lib/python3.7/site-packages/airflow/example_dags/example_datasets.py
[2023-03-29T01:17:34.742+0000] {processor.py:756} INFO - Processing file /home/airflow/.local/lib/python3.7/site-packages/airflow/example_dags/example_datasets.py for tasks to queue
[2023-03-29T01:17:34.744+0000] {logging_mixin.py:120} INFO - [2023-03-29T01:17:34.744+0000] {dagbag.py:537} INFO - Filling up the DagBag from /home/airflow/.local/lib/python3.7/site-packages/airflow/example_dags/example_datasets.py
[2023-03-29T01:17:34.756+0000] {processor.py:766} INFO - DAG(s) dict_keys(['dataset_consumes_1_never_scheduled', 'dataset_consumes_unknown_never_scheduled', 'dataset_consumes_1_and_2', 'dataset_consumes_1', 'dataset_produces_1', 'dataset_produces_2']) retrieved from /home/airflow/.local/lib/python3.7/site-packages/airflow/example_dags/example_datasets.py
[2023-03-29T01:17:34.791+0000] {logging_mixin.py:120} INFO - [2023-03-29T01:17:34.791+0000] {dag.py:2585} INFO - Sync 6 DAGs
[2023-03-29T01:17:34.807+0000] {logging_mixin.py:120} INFO - [2023-03-29T01:17:34.807+0000] {dag.py:3340} INFO - Setting next_dagrun for dataset_consumes_1 to None, run_after=None
[2023-03-29T01:17:34.810+0000] {logging_mixin.py:120} INFO - [2023-03-29T01:17:34.810+0000] {dag.py:3340} INFO - Setting next_dagrun for dataset_consumes_1_and_2 to None, run_after=None
[2023-03-29T01:17:34.812+0000] {logging_mixin.py:120} INFO - [2023-03-29T01:17:34.812+0000] {dag.py:3340} INFO - Setting next_dagrun for dataset_consumes_1_never_scheduled to None, run_after=None
[2023-03-29T01:17:34.814+0000] {logging_mixin.py:120} INFO - [2023-03-29T01:17:34.814+0000] {dag.py:3340} INFO - Setting next_dagrun for dataset_consumes_unknown_never_scheduled to None, run_after=None
[2023-03-29T01:17:34.816+0000] {logging_mixin.py:120} INFO - [2023-03-29T01:17:34.816+0000] {dag.py:3340} INFO - Setting next_dagrun for dataset_produces_1 to 2023-03-28T00:00:00+00:00, run_after=2023-03-29T00:00:00+00:00
[2023-03-29T01:17:34.818+0000] {logging_mixin.py:120} INFO - [2023-03-29T01:17:34.818+0000] {dag.py:3340} INFO - Setting next_dagrun for dataset_produces_2 to None, run_after=None
[2023-03-29T01:17:34.847+0000] {processor.py:176} INFO - Processing /home/airflow/.local/lib/python3.7/site-packages/airflow/example_dags/example_datasets.py took 0.109 seconds
[2023-03-29T01:18:05.044+0000] {processor.py:154} INFO - Started process (PID=533) to work on /home/airflow/.local/lib/python3.7/site-packages/airflow/example_dags/example_datasets.py
[2023-03-29T01:18:05.046+0000] {processor.py:756} INFO - Processing file /home/airflow/.local/lib/python3.7/site-packages/airflow/example_dags/example_datasets.py for tasks to queue
[2023-03-29T01:18:05.047+0000] {logging_mixin.py:120} INFO - [2023-03-29T01:18:05.047+0000] {dagbag.py:537} INFO - Filling up the DagBag from /home/airflow/.local/lib/python3.7/site-packages/airflow/example_dags/example_datasets.py
[2023-03-29T01:18:05.057+0000] {processor.py:766} INFO - DAG(s) dict_keys(['dataset_consumes_1', 'dataset_consumes_unknown_never_scheduled', 'dataset_produces_2', 'dataset_produces_1', 'dataset_consumes_1_never_scheduled', 'dataset_consumes_1_and_2']) retrieved from /home/airflow/.local/lib/python3.7/site-packages/airflow/example_dags/example_datasets.py
[2023-03-29T01:18:05.094+0000] {logging_mixin.py:120} INFO - [2023-03-29T01:18:05.094+0000] {dag.py:2585} INFO - Sync 6 DAGs
[2023-03-29T01:18:05.113+0000] {logging_mixin.py:120} INFO - [2023-03-29T01:18:05.113+0000] {dag.py:3340} INFO - Setting next_dagrun for dataset_consumes_1 to None, run_after=None
[2023-03-29T01:18:05.116+0000] {logging_mixin.py:120} INFO - [2023-03-29T01:18:05.116+0000] {dag.py:3340} INFO - Setting next_dagrun for dataset_consumes_1_and_2 to None, run_after=None
[2023-03-29T01:18:05.118+0000] {logging_mixin.py:120} INFO - [2023-03-29T01:18:05.118+0000] {dag.py:3340} INFO - Setting next_dagrun for dataset_consumes_1_never_scheduled to None, run_after=None
[2023-03-29T01:18:05.121+0000] {logging_mixin.py:120} INFO - [2023-03-29T01:18:05.121+0000] {dag.py:3340} INFO - Setting next_dagrun for dataset_consumes_unknown_never_scheduled to None, run_after=None
[2023-03-29T01:18:05.123+0000] {logging_mixin.py:120} INFO - [2023-03-29T01:18:05.123+0000] {dag.py:3340} INFO - Setting next_dagrun for dataset_produces_1 to 2023-03-28T00:00:00+00:00, run_after=2023-03-29T00:00:00+00:00
[2023-03-29T01:18:05.125+0000] {logging_mixin.py:120} INFO - [2023-03-29T01:18:05.125+0000] {dag.py:3340} INFO - Setting next_dagrun for dataset_produces_2 to None, run_after=None
[2023-03-29T01:18:05.150+0000] {processor.py:176} INFO - Processing /home/airflow/.local/lib/python3.7/site-packages/airflow/example_dags/example_datasets.py took 0.109 seconds
[2023-03-29T01:18:35.388+0000] {processor.py:154} INFO - Started process (PID=594) to work on /home/airflow/.local/lib/python3.7/site-packages/airflow/example_dags/example_datasets.py
[2023-03-29T01:18:35.391+0000] {processor.py:756} INFO - Processing file /home/airflow/.local/lib/python3.7/site-packages/airflow/example_dags/example_datasets.py for tasks to queue
[2023-03-29T01:18:35.393+0000] {logging_mixin.py:120} INFO - [2023-03-29T01:18:35.393+0000] {dagbag.py:537} INFO - Filling up the DagBag from /home/airflow/.local/lib/python3.7/site-packages/airflow/example_dags/example_datasets.py
[2023-03-29T01:18:35.404+0000] {processor.py:766} INFO - DAG(s) dict_keys(['dataset_consumes_1', 'dataset_consumes_1_never_scheduled', 'dataset_consumes_1_and_2', 'dataset_produces_1', 'dataset_consumes_unknown_never_scheduled', 'dataset_produces_2']) retrieved from /home/airflow/.local/lib/python3.7/site-packages/airflow/example_dags/example_datasets.py
[2023-03-29T01:18:35.441+0000] {logging_mixin.py:120} INFO - [2023-03-29T01:18:35.441+0000] {dag.py:2585} INFO - Sync 6 DAGs
[2023-03-29T01:18:35.457+0000] {logging_mixin.py:120} INFO - [2023-03-29T01:18:35.457+0000] {dag.py:3340} INFO - Setting next_dagrun for dataset_consumes_1 to None, run_after=None
[2023-03-29T01:18:35.460+0000] {logging_mixin.py:120} INFO - [2023-03-29T01:18:35.460+0000] {dag.py:3340} INFO - Setting next_dagrun for dataset_consumes_1_and_2 to None, run_after=None
[2023-03-29T01:18:35.462+0000] {logging_mixin.py:120} INFO - [2023-03-29T01:18:35.462+0000] {dag.py:3340} INFO - Setting next_dagrun for dataset_consumes_1_never_scheduled to None, run_after=None
[2023-03-29T01:18:35.463+0000] {logging_mixin.py:120} INFO - [2023-03-29T01:18:35.463+0000] {dag.py:3340} INFO - Setting next_dagrun for dataset_consumes_unknown_never_scheduled to None, run_after=None
[2023-03-29T01:18:35.466+0000] {logging_mixin.py:120} INFO - [2023-03-29T01:18:35.466+0000] {dag.py:3340} INFO - Setting next_dagrun for dataset_produces_1 to 2023-03-28T00:00:00+00:00, run_after=2023-03-29T00:00:00+00:00
[2023-03-29T01:18:35.468+0000] {logging_mixin.py:120} INFO - [2023-03-29T01:18:35.468+0000] {dag.py:3340} INFO - Setting next_dagrun for dataset_produces_2 to None, run_after=None
[2023-03-29T01:18:35.489+0000] {processor.py:176} INFO - Processing /home/airflow/.local/lib/python3.7/site-packages/airflow/example_dags/example_datasets.py took 0.103 seconds
[2023-03-29T01:19:05.927+0000] {processor.py:154} INFO - Started process (PID=650) to work on /home/airflow/.local/lib/python3.7/site-packages/airflow/example_dags/example_datasets.py
[2023-03-29T01:19:05.931+0000] {processor.py:756} INFO - Processing file /home/airflow/.local/lib/python3.7/site-packages/airflow/example_dags/example_datasets.py for tasks to queue
[2023-03-29T01:19:05.932+0000] {logging_mixin.py:120} INFO - [2023-03-29T01:19:05.932+0000] {dagbag.py:537} INFO - Filling up the DagBag from /home/airflow/.local/lib/python3.7/site-packages/airflow/example_dags/example_datasets.py
[2023-03-29T01:19:05.946+0000] {processor.py:766} INFO - DAG(s) dict_keys(['dataset_consumes_1_and_2', 'dataset_produces_1', 'dataset_consumes_unknown_never_scheduled', 'dataset_consumes_1', 'dataset_consumes_1_never_scheduled', 'dataset_produces_2']) retrieved from /home/airflow/.local/lib/python3.7/site-packages/airflow/example_dags/example_datasets.py
[2023-03-29T01:19:05.982+0000] {logging_mixin.py:120} INFO - [2023-03-29T01:19:05.982+0000] {dag.py:2585} INFO - Sync 6 DAGs
[2023-03-29T01:19:06.001+0000] {logging_mixin.py:120} INFO - [2023-03-29T01:19:06.001+0000] {dag.py:3340} INFO - Setting next_dagrun for dataset_consumes_1 to None, run_after=None
[2023-03-29T01:19:06.004+0000] {logging_mixin.py:120} INFO - [2023-03-29T01:19:06.004+0000] {dag.py:3340} INFO - Setting next_dagrun for dataset_consumes_1_and_2 to None, run_after=None
[2023-03-29T01:19:06.006+0000] {logging_mixin.py:120} INFO - [2023-03-29T01:19:06.005+0000] {dag.py:3340} INFO - Setting next_dagrun for dataset_consumes_1_never_scheduled to None, run_after=None
[2023-03-29T01:19:06.007+0000] {logging_mixin.py:120} INFO - [2023-03-29T01:19:06.007+0000] {dag.py:3340} INFO - Setting next_dagrun for dataset_consumes_unknown_never_scheduled to None, run_after=None
[2023-03-29T01:19:06.010+0000] {logging_mixin.py:120} INFO - [2023-03-29T01:19:06.010+0000] {dag.py:3340} INFO - Setting next_dagrun for dataset_produces_1 to 2023-03-28T00:00:00+00:00, run_after=2023-03-29T00:00:00+00:00
[2023-03-29T01:19:06.012+0000] {logging_mixin.py:120} INFO - [2023-03-29T01:19:06.012+0000] {dag.py:3340} INFO - Setting next_dagrun for dataset_produces_2 to None, run_after=None
[2023-03-29T01:19:06.035+0000] {processor.py:176} INFO - Processing /home/airflow/.local/lib/python3.7/site-packages/airflow/example_dags/example_datasets.py took 0.111 seconds
[2023-03-29T01:19:36.158+0000] {processor.py:154} INFO - Started process (PID=712) to work on /home/airflow/.local/lib/python3.7/site-packages/airflow/example_dags/example_datasets.py
[2023-03-29T01:19:36.161+0000] {processor.py:756} INFO - Processing file /home/airflow/.local/lib/python3.7/site-packages/airflow/example_dags/example_datasets.py for tasks to queue
[2023-03-29T01:19:36.168+0000] {logging_mixin.py:120} INFO - [2023-03-29T01:19:36.168+0000] {dagbag.py:537} INFO - Filling up the DagBag from /home/airflow/.local/lib/python3.7/site-packages/airflow/example_dags/example_datasets.py
[2023-03-29T01:19:36.178+0000] {processor.py:766} INFO - DAG(s) dict_keys(['dataset_consumes_1', 'dataset_consumes_unknown_never_scheduled', 'dataset_consumes_1_and_2', 'dataset_produces_1', 'dataset_produces_2', 'dataset_consumes_1_never_scheduled']) retrieved from /home/airflow/.local/lib/python3.7/site-packages/airflow/example_dags/example_datasets.py
[2023-03-29T01:19:36.213+0000] {logging_mixin.py:120} INFO - [2023-03-29T01:19:36.213+0000] {dag.py:2585} INFO - Sync 6 DAGs
[2023-03-29T01:19:36.229+0000] {logging_mixin.py:120} INFO - [2023-03-29T01:19:36.228+0000] {dag.py:3340} INFO - Setting next_dagrun for dataset_consumes_1 to None, run_after=None
[2023-03-29T01:19:36.232+0000] {logging_mixin.py:120} INFO - [2023-03-29T01:19:36.232+0000] {dag.py:3340} INFO - Setting next_dagrun for dataset_consumes_1_and_2 to None, run_after=None
[2023-03-29T01:19:36.234+0000] {logging_mixin.py:120} INFO - [2023-03-29T01:19:36.233+0000] {dag.py:3340} INFO - Setting next_dagrun for dataset_consumes_1_never_scheduled to None, run_after=None
[2023-03-29T01:19:36.236+0000] {logging_mixin.py:120} INFO - [2023-03-29T01:19:36.236+0000] {dag.py:3340} INFO - Setting next_dagrun for dataset_consumes_unknown_never_scheduled to None, run_after=None
[2023-03-29T01:19:36.240+0000] {logging_mixin.py:120} INFO - [2023-03-29T01:19:36.240+0000] {dag.py:3340} INFO - Setting next_dagrun for dataset_produces_1 to 2023-03-28T00:00:00+00:00, run_after=2023-03-29T00:00:00+00:00
[2023-03-29T01:19:36.243+0000] {logging_mixin.py:120} INFO - [2023-03-29T01:19:36.243+0000] {dag.py:3340} INFO - Setting next_dagrun for dataset_produces_2 to None, run_after=None
[2023-03-29T01:19:36.263+0000] {processor.py:176} INFO - Processing /home/airflow/.local/lib/python3.7/site-packages/airflow/example_dags/example_datasets.py took 0.107 seconds
[2023-03-29T01:20:06.578+0000] {processor.py:154} INFO - Started process (PID=775) to work on /home/airflow/.local/lib/python3.7/site-packages/airflow/example_dags/example_datasets.py
[2023-03-29T01:20:06.581+0000] {processor.py:756} INFO - Processing file /home/airflow/.local/lib/python3.7/site-packages/airflow/example_dags/example_datasets.py for tasks to queue
[2023-03-29T01:20:06.582+0000] {logging_mixin.py:120} INFO - [2023-03-29T01:20:06.582+0000] {dagbag.py:537} INFO - Filling up the DagBag from /home/airflow/.local/lib/python3.7/site-packages/airflow/example_dags/example_datasets.py
[2023-03-29T01:20:06.592+0000] {processor.py:766} INFO - DAG(s) dict_keys(['dataset_consumes_1_never_scheduled', 'dataset_consumes_1_and_2', 'dataset_consumes_unknown_never_scheduled', 'dataset_produces_2', 'dataset_produces_1', 'dataset_consumes_1']) retrieved from /home/airflow/.local/lib/python3.7/site-packages/airflow/example_dags/example_datasets.py
[2023-03-29T01:20:06.627+0000] {logging_mixin.py:120} INFO - [2023-03-29T01:20:06.627+0000] {dag.py:2585} INFO - Sync 6 DAGs
[2023-03-29T01:20:06.641+0000] {logging_mixin.py:120} INFO - [2023-03-29T01:20:06.641+0000] {dag.py:3340} INFO - Setting next_dagrun for dataset_consumes_1 to None, run_after=None
[2023-03-29T01:20:06.644+0000] {logging_mixin.py:120} INFO - [2023-03-29T01:20:06.644+0000] {dag.py:3340} INFO - Setting next_dagrun for dataset_consumes_1_and_2 to None, run_after=None
[2023-03-29T01:20:06.645+0000] {logging_mixin.py:120} INFO - [2023-03-29T01:20:06.645+0000] {dag.py:3340} INFO - Setting next_dagrun for dataset_consumes_1_never_scheduled to None, run_after=None
[2023-03-29T01:20:06.647+0000] {logging_mixin.py:120} INFO - [2023-03-29T01:20:06.647+0000] {dag.py:3340} INFO - Setting next_dagrun for dataset_consumes_unknown_never_scheduled to None, run_after=None
[2023-03-29T01:20:06.649+0000] {logging_mixin.py:120} INFO - [2023-03-29T01:20:06.649+0000] {dag.py:3340} INFO - Setting next_dagrun for dataset_produces_1 to 2023-03-28T00:00:00+00:00, run_after=2023-03-29T00:00:00+00:00
[2023-03-29T01:20:06.651+0000] {logging_mixin.py:120} INFO - [2023-03-29T01:20:06.651+0000] {dag.py:3340} INFO - Setting next_dagrun for dataset_produces_2 to None, run_after=None
[2023-03-29T01:20:06.671+0000] {processor.py:176} INFO - Processing /home/airflow/.local/lib/python3.7/site-packages/airflow/example_dags/example_datasets.py took 0.094 seconds
[2023-03-29T01:20:36.941+0000] {processor.py:154} INFO - Started process (PID=838) to work on /home/airflow/.local/lib/python3.7/site-packages/airflow/example_dags/example_datasets.py
[2023-03-29T01:20:36.944+0000] {processor.py:756} INFO - Processing file /home/airflow/.local/lib/python3.7/site-packages/airflow/example_dags/example_datasets.py for tasks to queue
[2023-03-29T01:20:36.946+0000] {logging_mixin.py:120} INFO - [2023-03-29T01:20:36.946+0000] {dagbag.py:537} INFO - Filling up the DagBag from /home/airflow/.local/lib/python3.7/site-packages/airflow/example_dags/example_datasets.py
[2023-03-29T01:20:36.957+0000] {processor.py:766} INFO - DAG(s) dict_keys(['dataset_consumes_1_and_2', 'dataset_produces_2', 'dataset_consumes_1_never_scheduled', 'dataset_consumes_1', 'dataset_produces_1', 'dataset_consumes_unknown_never_scheduled']) retrieved from /home/airflow/.local/lib/python3.7/site-packages/airflow/example_dags/example_datasets.py
[2023-03-29T01:20:36.991+0000] {logging_mixin.py:120} INFO - [2023-03-29T01:20:36.991+0000] {dag.py:2585} INFO - Sync 6 DAGs
[2023-03-29T01:20:37.007+0000] {logging_mixin.py:120} INFO - [2023-03-29T01:20:37.007+0000] {dag.py:3340} INFO - Setting next_dagrun for dataset_consumes_1 to None, run_after=None
[2023-03-29T01:20:37.011+0000] {logging_mixin.py:120} INFO - [2023-03-29T01:20:37.011+0000] {dag.py:3340} INFO - Setting next_dagrun for dataset_consumes_1_and_2 to None, run_after=None
[2023-03-29T01:20:37.013+0000] {logging_mixin.py:120} INFO - [2023-03-29T01:20:37.013+0000] {dag.py:3340} INFO - Setting next_dagrun for dataset_consumes_1_never_scheduled to None, run_after=None
[2023-03-29T01:20:37.015+0000] {logging_mixin.py:120} INFO - [2023-03-29T01:20:37.015+0000] {dag.py:3340} INFO - Setting next_dagrun for dataset_consumes_unknown_never_scheduled to None, run_after=None
[2023-03-29T01:20:37.017+0000] {logging_mixin.py:120} INFO - [2023-03-29T01:20:37.017+0000] {dag.py:3340} INFO - Setting next_dagrun for dataset_produces_1 to 2023-03-28T00:00:00+00:00, run_after=2023-03-29T00:00:00+00:00
[2023-03-29T01:20:37.019+0000] {logging_mixin.py:120} INFO - [2023-03-29T01:20:37.019+0000] {dag.py:3340} INFO - Setting next_dagrun for dataset_produces_2 to None, run_after=None
[2023-03-29T01:20:37.040+0000] {processor.py:176} INFO - Processing /home/airflow/.local/lib/python3.7/site-packages/airflow/example_dags/example_datasets.py took 0.104 seconds
