[2023-03-29T01:14:05.504+0000] {processor.py:154} INFO - Started process (PID=60) to work on /home/airflow/.local/lib/python3.7/site-packages/airflow/example_dags/example_external_task_marker_dag.py
[2023-03-29T01:14:05.506+0000] {processor.py:756} INFO - Processing file /home/airflow/.local/lib/python3.7/site-packages/airflow/example_dags/example_external_task_marker_dag.py for tasks to queue
[2023-03-29T01:14:05.508+0000] {logging_mixin.py:120} INFO - [2023-03-29T01:14:05.507+0000] {dagbag.py:537} INFO - Filling up the DagBag from /home/airflow/.local/lib/python3.7/site-packages/airflow/example_dags/example_external_task_marker_dag.py
[2023-03-29T01:14:05.527+0000] {processor.py:766} INFO - DAG(s) dict_keys(['example_external_task_marker_child', 'example_external_task_marker_parent']) retrieved from /home/airflow/.local/lib/python3.7/site-packages/airflow/example_dags/example_external_task_marker_dag.py
[2023-03-29T01:14:05.837+0000] {logging_mixin.py:120} INFO - [2023-03-29T01:14:05.837+0000] {manager.py:507} INFO - Created Permission View: can delete on DAG:example_external_task_marker_child
[2023-03-29T01:14:05.864+0000] {logging_mixin.py:120} INFO - [2023-03-29T01:14:05.863+0000] {manager.py:507} INFO - Created Permission View: can edit on DAG:example_external_task_marker_child
[2023-03-29T01:14:05.871+0000] {logging_mixin.py:120} INFO - [2023-03-29T01:14:05.870+0000] {manager.py:507} INFO - Created Permission View: can read on DAG:example_external_task_marker_child
[2023-03-29T01:14:05.886+0000] {logging_mixin.py:120} INFO - [2023-03-29T01:14:05.886+0000] {manager.py:507} INFO - Created Permission View: can delete on DAG:example_external_task_marker_parent
[2023-03-29T01:14:05.892+0000] {logging_mixin.py:120} INFO - [2023-03-29T01:14:05.892+0000] {manager.py:507} INFO - Created Permission View: can edit on DAG:example_external_task_marker_parent
[2023-03-29T01:14:05.900+0000] {logging_mixin.py:120} INFO - [2023-03-29T01:14:05.900+0000] {manager.py:507} INFO - Created Permission View: can read on DAG:example_external_task_marker_parent
[2023-03-29T01:14:05.901+0000] {logging_mixin.py:120} INFO - [2023-03-29T01:14:05.901+0000] {dag.py:2585} INFO - Sync 2 DAGs
[2023-03-29T01:14:05.923+0000] {logging_mixin.py:120} INFO - [2023-03-29T01:14:05.923+0000] {dag.py:2606} INFO - Creating ORM DAG for example_external_task_marker_parent
[2023-03-29T01:14:05.925+0000] {logging_mixin.py:120} INFO - [2023-03-29T01:14:05.925+0000] {dag.py:2606} INFO - Creating ORM DAG for example_external_task_marker_child
[2023-03-29T01:14:05.943+0000] {logging_mixin.py:120} INFO - [2023-03-29T01:14:05.943+0000] {dag.py:3340} INFO - Setting next_dagrun for example_external_task_marker_child to None, run_after=None
[2023-03-29T01:14:05.946+0000] {logging_mixin.py:120} INFO - [2023-03-29T01:14:05.946+0000] {dag.py:3340} INFO - Setting next_dagrun for example_external_task_marker_parent to None, run_after=None
[2023-03-29T01:14:05.985+0000] {processor.py:176} INFO - Processing /home/airflow/.local/lib/python3.7/site-packages/airflow/example_dags/example_external_task_marker_dag.py took 0.483 seconds
[2023-03-29T01:14:36.210+0000] {processor.py:154} INFO - Started process (PID=123) to work on /home/airflow/.local/lib/python3.7/site-packages/airflow/example_dags/example_external_task_marker_dag.py
[2023-03-29T01:14:36.212+0000] {processor.py:756} INFO - Processing file /home/airflow/.local/lib/python3.7/site-packages/airflow/example_dags/example_external_task_marker_dag.py for tasks to queue
[2023-03-29T01:14:36.213+0000] {logging_mixin.py:120} INFO - [2023-03-29T01:14:36.213+0000] {dagbag.py:537} INFO - Filling up the DagBag from /home/airflow/.local/lib/python3.7/site-packages/airflow/example_dags/example_external_task_marker_dag.py
[2023-03-29T01:14:36.221+0000] {processor.py:766} INFO - DAG(s) dict_keys(['example_external_task_marker_parent', 'example_external_task_marker_child']) retrieved from /home/airflow/.local/lib/python3.7/site-packages/airflow/example_dags/example_external_task_marker_dag.py
[2023-03-29T01:14:36.312+0000] {logging_mixin.py:120} INFO - [2023-03-29T01:14:36.312+0000] {dag.py:2585} INFO - Sync 2 DAGs
[2023-03-29T01:14:36.326+0000] {logging_mixin.py:120} INFO - [2023-03-29T01:14:36.326+0000] {dag.py:3340} INFO - Setting next_dagrun for example_external_task_marker_child to None, run_after=None
[2023-03-29T01:14:36.329+0000] {logging_mixin.py:120} INFO - [2023-03-29T01:14:36.329+0000] {dag.py:3340} INFO - Setting next_dagrun for example_external_task_marker_parent to None, run_after=None
[2023-03-29T01:14:36.338+0000] {processor.py:176} INFO - Processing /home/airflow/.local/lib/python3.7/site-packages/airflow/example_dags/example_external_task_marker_dag.py took 0.130 seconds
[2023-03-29T01:15:06.519+0000] {processor.py:154} INFO - Started process (PID=187) to work on /home/airflow/.local/lib/python3.7/site-packages/airflow/example_dags/example_external_task_marker_dag.py
[2023-03-29T01:15:06.520+0000] {processor.py:756} INFO - Processing file /home/airflow/.local/lib/python3.7/site-packages/airflow/example_dags/example_external_task_marker_dag.py for tasks to queue
[2023-03-29T01:15:06.521+0000] {logging_mixin.py:120} INFO - [2023-03-29T01:15:06.521+0000] {dagbag.py:537} INFO - Filling up the DagBag from /home/airflow/.local/lib/python3.7/site-packages/airflow/example_dags/example_external_task_marker_dag.py
[2023-03-29T01:15:06.531+0000] {processor.py:766} INFO - DAG(s) dict_keys(['example_external_task_marker_child', 'example_external_task_marker_parent']) retrieved from /home/airflow/.local/lib/python3.7/site-packages/airflow/example_dags/example_external_task_marker_dag.py
[2023-03-29T01:15:06.637+0000] {logging_mixin.py:120} INFO - [2023-03-29T01:15:06.637+0000] {dag.py:2585} INFO - Sync 2 DAGs
[2023-03-29T01:15:06.653+0000] {logging_mixin.py:120} INFO - [2023-03-29T01:15:06.653+0000] {dag.py:3340} INFO - Setting next_dagrun for example_external_task_marker_child to None, run_after=None
[2023-03-29T01:15:06.655+0000] {logging_mixin.py:120} INFO - [2023-03-29T01:15:06.655+0000] {dag.py:3340} INFO - Setting next_dagrun for example_external_task_marker_parent to None, run_after=None
[2023-03-29T01:15:06.666+0000] {processor.py:176} INFO - Processing /home/airflow/.local/lib/python3.7/site-packages/airflow/example_dags/example_external_task_marker_dag.py took 0.149 seconds
[2023-03-29T01:15:36.930+0000] {processor.py:154} INFO - Started process (PID=250) to work on /home/airflow/.local/lib/python3.7/site-packages/airflow/example_dags/example_external_task_marker_dag.py
[2023-03-29T01:15:36.932+0000] {processor.py:756} INFO - Processing file /home/airflow/.local/lib/python3.7/site-packages/airflow/example_dags/example_external_task_marker_dag.py for tasks to queue
[2023-03-29T01:15:36.933+0000] {logging_mixin.py:120} INFO - [2023-03-29T01:15:36.933+0000] {dagbag.py:537} INFO - Filling up the DagBag from /home/airflow/.local/lib/python3.7/site-packages/airflow/example_dags/example_external_task_marker_dag.py
[2023-03-29T01:15:36.943+0000] {processor.py:766} INFO - DAG(s) dict_keys(['example_external_task_marker_child', 'example_external_task_marker_parent']) retrieved from /home/airflow/.local/lib/python3.7/site-packages/airflow/example_dags/example_external_task_marker_dag.py
[2023-03-29T01:15:37.048+0000] {logging_mixin.py:120} INFO - [2023-03-29T01:15:37.048+0000] {dag.py:2585} INFO - Sync 2 DAGs
[2023-03-29T01:15:37.064+0000] {logging_mixin.py:120} INFO - [2023-03-29T01:15:37.064+0000] {dag.py:3340} INFO - Setting next_dagrun for example_external_task_marker_child to None, run_after=None
[2023-03-29T01:15:37.067+0000] {logging_mixin.py:120} INFO - [2023-03-29T01:15:37.066+0000] {dag.py:3340} INFO - Setting next_dagrun for example_external_task_marker_parent to None, run_after=None
[2023-03-29T01:15:37.078+0000] {processor.py:176} INFO - Processing /home/airflow/.local/lib/python3.7/site-packages/airflow/example_dags/example_external_task_marker_dag.py took 0.150 seconds
[2023-03-29T01:16:07.111+0000] {processor.py:154} INFO - Started process (PID=313) to work on /home/airflow/.local/lib/python3.7/site-packages/airflow/example_dags/example_external_task_marker_dag.py
[2023-03-29T01:16:07.113+0000] {processor.py:756} INFO - Processing file /home/airflow/.local/lib/python3.7/site-packages/airflow/example_dags/example_external_task_marker_dag.py for tasks to queue
[2023-03-29T01:16:07.115+0000] {logging_mixin.py:120} INFO - [2023-03-29T01:16:07.115+0000] {dagbag.py:537} INFO - Filling up the DagBag from /home/airflow/.local/lib/python3.7/site-packages/airflow/example_dags/example_external_task_marker_dag.py
[2023-03-29T01:16:07.124+0000] {processor.py:766} INFO - DAG(s) dict_keys(['example_external_task_marker_child', 'example_external_task_marker_parent']) retrieved from /home/airflow/.local/lib/python3.7/site-packages/airflow/example_dags/example_external_task_marker_dag.py
[2023-03-29T01:16:07.216+0000] {logging_mixin.py:120} INFO - [2023-03-29T01:16:07.216+0000] {dag.py:2585} INFO - Sync 2 DAGs
[2023-03-29T01:16:07.230+0000] {logging_mixin.py:120} INFO - [2023-03-29T01:16:07.230+0000] {dag.py:3340} INFO - Setting next_dagrun for example_external_task_marker_child to None, run_after=None
[2023-03-29T01:16:07.233+0000] {logging_mixin.py:120} INFO - [2023-03-29T01:16:07.233+0000] {dag.py:3340} INFO - Setting next_dagrun for example_external_task_marker_parent to None, run_after=None
[2023-03-29T01:16:07.244+0000] {processor.py:176} INFO - Processing /home/airflow/.local/lib/python3.7/site-packages/airflow/example_dags/example_external_task_marker_dag.py took 0.135 seconds
[2023-03-29T01:16:37.280+0000] {processor.py:154} INFO - Started process (PID=376) to work on /home/airflow/.local/lib/python3.7/site-packages/airflow/example_dags/example_external_task_marker_dag.py
[2023-03-29T01:16:37.281+0000] {processor.py:756} INFO - Processing file /home/airflow/.local/lib/python3.7/site-packages/airflow/example_dags/example_external_task_marker_dag.py for tasks to queue
[2023-03-29T01:16:37.282+0000] {logging_mixin.py:120} INFO - [2023-03-29T01:16:37.282+0000] {dagbag.py:537} INFO - Filling up the DagBag from /home/airflow/.local/lib/python3.7/site-packages/airflow/example_dags/example_external_task_marker_dag.py
[2023-03-29T01:16:37.292+0000] {processor.py:766} INFO - DAG(s) dict_keys(['example_external_task_marker_child', 'example_external_task_marker_parent']) retrieved from /home/airflow/.local/lib/python3.7/site-packages/airflow/example_dags/example_external_task_marker_dag.py
[2023-03-29T01:16:37.439+0000] {logging_mixin.py:120} INFO - [2023-03-29T01:16:37.439+0000] {dag.py:2585} INFO - Sync 2 DAGs
[2023-03-29T01:16:37.460+0000] {logging_mixin.py:120} INFO - [2023-03-29T01:16:37.460+0000] {dag.py:3340} INFO - Setting next_dagrun for example_external_task_marker_child to None, run_after=None
[2023-03-29T01:16:37.464+0000] {logging_mixin.py:120} INFO - [2023-03-29T01:16:37.464+0000] {dag.py:3340} INFO - Setting next_dagrun for example_external_task_marker_parent to None, run_after=None
[2023-03-29T01:16:37.480+0000] {processor.py:176} INFO - Processing /home/airflow/.local/lib/python3.7/site-packages/airflow/example_dags/example_external_task_marker_dag.py took 0.203 seconds
[2023-03-29T01:17:07.787+0000] {processor.py:154} INFO - Started process (PID=430) to work on /home/airflow/.local/lib/python3.7/site-packages/airflow/example_dags/example_external_task_marker_dag.py
[2023-03-29T01:17:07.788+0000] {processor.py:756} INFO - Processing file /home/airflow/.local/lib/python3.7/site-packages/airflow/example_dags/example_external_task_marker_dag.py for tasks to queue
[2023-03-29T01:17:07.790+0000] {logging_mixin.py:120} INFO - [2023-03-29T01:17:07.790+0000] {dagbag.py:537} INFO - Filling up the DagBag from /home/airflow/.local/lib/python3.7/site-packages/airflow/example_dags/example_external_task_marker_dag.py
[2023-03-29T01:17:07.804+0000] {processor.py:766} INFO - DAG(s) dict_keys(['example_external_task_marker_child', 'example_external_task_marker_parent']) retrieved from /home/airflow/.local/lib/python3.7/site-packages/airflow/example_dags/example_external_task_marker_dag.py
[2023-03-29T01:17:07.918+0000] {logging_mixin.py:120} INFO - [2023-03-29T01:17:07.918+0000] {dag.py:2585} INFO - Sync 2 DAGs
[2023-03-29T01:17:07.935+0000] {logging_mixin.py:120} INFO - [2023-03-29T01:17:07.935+0000] {dag.py:3340} INFO - Setting next_dagrun for example_external_task_marker_child to None, run_after=None
[2023-03-29T01:17:07.938+0000] {logging_mixin.py:120} INFO - [2023-03-29T01:17:07.938+0000] {dag.py:3340} INFO - Setting next_dagrun for example_external_task_marker_parent to None, run_after=None
[2023-03-29T01:17:07.950+0000] {processor.py:176} INFO - Processing /home/airflow/.local/lib/python3.7/site-packages/airflow/example_dags/example_external_task_marker_dag.py took 0.165 seconds
[2023-03-29T01:17:38.163+0000] {processor.py:154} INFO - Started process (PID=493) to work on /home/airflow/.local/lib/python3.7/site-packages/airflow/example_dags/example_external_task_marker_dag.py
[2023-03-29T01:17:38.164+0000] {processor.py:756} INFO - Processing file /home/airflow/.local/lib/python3.7/site-packages/airflow/example_dags/example_external_task_marker_dag.py for tasks to queue
[2023-03-29T01:17:38.165+0000] {logging_mixin.py:120} INFO - [2023-03-29T01:17:38.165+0000] {dagbag.py:537} INFO - Filling up the DagBag from /home/airflow/.local/lib/python3.7/site-packages/airflow/example_dags/example_external_task_marker_dag.py
[2023-03-29T01:17:38.175+0000] {processor.py:766} INFO - DAG(s) dict_keys(['example_external_task_marker_child', 'example_external_task_marker_parent']) retrieved from /home/airflow/.local/lib/python3.7/site-packages/airflow/example_dags/example_external_task_marker_dag.py
[2023-03-29T01:17:38.265+0000] {logging_mixin.py:120} INFO - [2023-03-29T01:17:38.265+0000] {dag.py:2585} INFO - Sync 2 DAGs
[2023-03-29T01:17:38.279+0000] {logging_mixin.py:120} INFO - [2023-03-29T01:17:38.279+0000] {dag.py:3340} INFO - Setting next_dagrun for example_external_task_marker_child to None, run_after=None
[2023-03-29T01:17:38.282+0000] {logging_mixin.py:120} INFO - [2023-03-29T01:17:38.281+0000] {dag.py:3340} INFO - Setting next_dagrun for example_external_task_marker_parent to None, run_after=None
[2023-03-29T01:17:38.291+0000] {processor.py:176} INFO - Processing /home/airflow/.local/lib/python3.7/site-packages/airflow/example_dags/example_external_task_marker_dag.py took 0.131 seconds
[2023-03-29T01:18:08.480+0000] {processor.py:154} INFO - Started process (PID=557) to work on /home/airflow/.local/lib/python3.7/site-packages/airflow/example_dags/example_external_task_marker_dag.py
[2023-03-29T01:18:08.482+0000] {processor.py:756} INFO - Processing file /home/airflow/.local/lib/python3.7/site-packages/airflow/example_dags/example_external_task_marker_dag.py for tasks to queue
[2023-03-29T01:18:08.484+0000] {logging_mixin.py:120} INFO - [2023-03-29T01:18:08.483+0000] {dagbag.py:537} INFO - Filling up the DagBag from /home/airflow/.local/lib/python3.7/site-packages/airflow/example_dags/example_external_task_marker_dag.py
[2023-03-29T01:18:08.493+0000] {processor.py:766} INFO - DAG(s) dict_keys(['example_external_task_marker_child', 'example_external_task_marker_parent']) retrieved from /home/airflow/.local/lib/python3.7/site-packages/airflow/example_dags/example_external_task_marker_dag.py
[2023-03-29T01:18:08.584+0000] {logging_mixin.py:120} INFO - [2023-03-29T01:18:08.584+0000] {dag.py:2585} INFO - Sync 2 DAGs
[2023-03-29T01:18:08.597+0000] {logging_mixin.py:120} INFO - [2023-03-29T01:18:08.597+0000] {dag.py:3340} INFO - Setting next_dagrun for example_external_task_marker_child to None, run_after=None
[2023-03-29T01:18:08.600+0000] {logging_mixin.py:120} INFO - [2023-03-29T01:18:08.600+0000] {dag.py:3340} INFO - Setting next_dagrun for example_external_task_marker_parent to None, run_after=None
[2023-03-29T01:18:08.610+0000] {processor.py:176} INFO - Processing /home/airflow/.local/lib/python3.7/site-packages/airflow/example_dags/example_external_task_marker_dag.py took 0.132 seconds
[2023-03-29T01:18:38.945+0000] {processor.py:154} INFO - Started process (PID=620) to work on /home/airflow/.local/lib/python3.7/site-packages/airflow/example_dags/example_external_task_marker_dag.py
[2023-03-29T01:18:38.946+0000] {processor.py:756} INFO - Processing file /home/airflow/.local/lib/python3.7/site-packages/airflow/example_dags/example_external_task_marker_dag.py for tasks to queue
[2023-03-29T01:18:38.948+0000] {logging_mixin.py:120} INFO - [2023-03-29T01:18:38.948+0000] {dagbag.py:537} INFO - Filling up the DagBag from /home/airflow/.local/lib/python3.7/site-packages/airflow/example_dags/example_external_task_marker_dag.py
[2023-03-29T01:18:38.957+0000] {processor.py:766} INFO - DAG(s) dict_keys(['example_external_task_marker_parent', 'example_external_task_marker_child']) retrieved from /home/airflow/.local/lib/python3.7/site-packages/airflow/example_dags/example_external_task_marker_dag.py
[2023-03-29T01:18:39.047+0000] {logging_mixin.py:120} INFO - [2023-03-29T01:18:39.047+0000] {dag.py:2585} INFO - Sync 2 DAGs
[2023-03-29T01:18:39.061+0000] {logging_mixin.py:120} INFO - [2023-03-29T01:18:39.061+0000] {dag.py:3340} INFO - Setting next_dagrun for example_external_task_marker_child to None, run_after=None
[2023-03-29T01:18:39.064+0000] {logging_mixin.py:120} INFO - [2023-03-29T01:18:39.064+0000] {dag.py:3340} INFO - Setting next_dagrun for example_external_task_marker_parent to None, run_after=None
[2023-03-29T01:18:39.073+0000] {processor.py:176} INFO - Processing /home/airflow/.local/lib/python3.7/site-packages/airflow/example_dags/example_external_task_marker_dag.py took 0.130 seconds
[2023-03-29T01:19:09.287+0000] {processor.py:154} INFO - Started process (PID=682) to work on /home/airflow/.local/lib/python3.7/site-packages/airflow/example_dags/example_external_task_marker_dag.py
[2023-03-29T01:19:09.288+0000] {processor.py:756} INFO - Processing file /home/airflow/.local/lib/python3.7/site-packages/airflow/example_dags/example_external_task_marker_dag.py for tasks to queue
[2023-03-29T01:19:09.290+0000] {logging_mixin.py:120} INFO - [2023-03-29T01:19:09.289+0000] {dagbag.py:537} INFO - Filling up the DagBag from /home/airflow/.local/lib/python3.7/site-packages/airflow/example_dags/example_external_task_marker_dag.py
[2023-03-29T01:19:09.298+0000] {processor.py:766} INFO - DAG(s) dict_keys(['example_external_task_marker_parent', 'example_external_task_marker_child']) retrieved from /home/airflow/.local/lib/python3.7/site-packages/airflow/example_dags/example_external_task_marker_dag.py
[2023-03-29T01:19:09.390+0000] {logging_mixin.py:120} INFO - [2023-03-29T01:19:09.390+0000] {dag.py:2585} INFO - Sync 2 DAGs
[2023-03-29T01:19:09.404+0000] {logging_mixin.py:120} INFO - [2023-03-29T01:19:09.404+0000] {dag.py:3340} INFO - Setting next_dagrun for example_external_task_marker_child to None, run_after=None
[2023-03-29T01:19:09.407+0000] {logging_mixin.py:120} INFO - [2023-03-29T01:19:09.407+0000] {dag.py:3340} INFO - Setting next_dagrun for example_external_task_marker_parent to None, run_after=None
[2023-03-29T01:19:09.416+0000] {processor.py:176} INFO - Processing /home/airflow/.local/lib/python3.7/site-packages/airflow/example_dags/example_external_task_marker_dag.py took 0.131 seconds
[2023-03-29T01:19:39.621+0000] {processor.py:154} INFO - Started process (PID=736) to work on /home/airflow/.local/lib/python3.7/site-packages/airflow/example_dags/example_external_task_marker_dag.py
[2023-03-29T01:19:39.623+0000] {processor.py:756} INFO - Processing file /home/airflow/.local/lib/python3.7/site-packages/airflow/example_dags/example_external_task_marker_dag.py for tasks to queue
[2023-03-29T01:19:39.624+0000] {logging_mixin.py:120} INFO - [2023-03-29T01:19:39.624+0000] {dagbag.py:537} INFO - Filling up the DagBag from /home/airflow/.local/lib/python3.7/site-packages/airflow/example_dags/example_external_task_marker_dag.py
[2023-03-29T01:19:39.633+0000] {processor.py:766} INFO - DAG(s) dict_keys(['example_external_task_marker_parent', 'example_external_task_marker_child']) retrieved from /home/airflow/.local/lib/python3.7/site-packages/airflow/example_dags/example_external_task_marker_dag.py
[2023-03-29T01:19:39.729+0000] {logging_mixin.py:120} INFO - [2023-03-29T01:19:39.729+0000] {dag.py:2585} INFO - Sync 2 DAGs
[2023-03-29T01:19:39.746+0000] {logging_mixin.py:120} INFO - [2023-03-29T01:19:39.746+0000] {dag.py:3340} INFO - Setting next_dagrun for example_external_task_marker_child to None, run_after=None
[2023-03-29T01:19:39.749+0000] {logging_mixin.py:120} INFO - [2023-03-29T01:19:39.749+0000] {dag.py:3340} INFO - Setting next_dagrun for example_external_task_marker_parent to None, run_after=None
[2023-03-29T01:19:39.760+0000] {processor.py:176} INFO - Processing /home/airflow/.local/lib/python3.7/site-packages/airflow/example_dags/example_external_task_marker_dag.py took 0.142 seconds
[2023-03-29T01:20:09.994+0000] {processor.py:154} INFO - Started process (PID=799) to work on /home/airflow/.local/lib/python3.7/site-packages/airflow/example_dags/example_external_task_marker_dag.py
[2023-03-29T01:20:09.996+0000] {processor.py:756} INFO - Processing file /home/airflow/.local/lib/python3.7/site-packages/airflow/example_dags/example_external_task_marker_dag.py for tasks to queue
[2023-03-29T01:20:09.997+0000] {logging_mixin.py:120} INFO - [2023-03-29T01:20:09.997+0000] {dagbag.py:537} INFO - Filling up the DagBag from /home/airflow/.local/lib/python3.7/site-packages/airflow/example_dags/example_external_task_marker_dag.py
[2023-03-29T01:20:10.008+0000] {processor.py:766} INFO - DAG(s) dict_keys(['example_external_task_marker_parent', 'example_external_task_marker_child']) retrieved from /home/airflow/.local/lib/python3.7/site-packages/airflow/example_dags/example_external_task_marker_dag.py
[2023-03-29T01:20:10.119+0000] {logging_mixin.py:120} INFO - [2023-03-29T01:20:10.119+0000] {dag.py:2585} INFO - Sync 2 DAGs
[2023-03-29T01:20:10.136+0000] {logging_mixin.py:120} INFO - [2023-03-29T01:20:10.136+0000] {dag.py:3340} INFO - Setting next_dagrun for example_external_task_marker_child to None, run_after=None
[2023-03-29T01:20:10.141+0000] {logging_mixin.py:120} INFO - [2023-03-29T01:20:10.141+0000] {dag.py:3340} INFO - Setting next_dagrun for example_external_task_marker_parent to None, run_after=None
[2023-03-29T01:20:10.157+0000] {processor.py:176} INFO - Processing /home/airflow/.local/lib/python3.7/site-packages/airflow/example_dags/example_external_task_marker_dag.py took 0.165 seconds
[2023-03-29T01:20:40.407+0000] {processor.py:154} INFO - Started process (PID=862) to work on /home/airflow/.local/lib/python3.7/site-packages/airflow/example_dags/example_external_task_marker_dag.py
[2023-03-29T01:20:40.408+0000] {processor.py:756} INFO - Processing file /home/airflow/.local/lib/python3.7/site-packages/airflow/example_dags/example_external_task_marker_dag.py for tasks to queue
[2023-03-29T01:20:40.410+0000] {logging_mixin.py:120} INFO - [2023-03-29T01:20:40.410+0000] {dagbag.py:537} INFO - Filling up the DagBag from /home/airflow/.local/lib/python3.7/site-packages/airflow/example_dags/example_external_task_marker_dag.py
[2023-03-29T01:20:40.419+0000] {processor.py:766} INFO - DAG(s) dict_keys(['example_external_task_marker_parent', 'example_external_task_marker_child']) retrieved from /home/airflow/.local/lib/python3.7/site-packages/airflow/example_dags/example_external_task_marker_dag.py
[2023-03-29T01:20:40.521+0000] {logging_mixin.py:120} INFO - [2023-03-29T01:20:40.520+0000] {dag.py:2585} INFO - Sync 2 DAGs
[2023-03-29T01:20:40.537+0000] {logging_mixin.py:120} INFO - [2023-03-29T01:20:40.537+0000] {dag.py:3340} INFO - Setting next_dagrun for example_external_task_marker_child to None, run_after=None
[2023-03-29T01:20:40.539+0000] {logging_mixin.py:120} INFO - [2023-03-29T01:20:40.539+0000] {dag.py:3340} INFO - Setting next_dagrun for example_external_task_marker_parent to None, run_after=None
[2023-03-29T01:20:40.549+0000] {processor.py:176} INFO - Processing /home/airflow/.local/lib/python3.7/site-packages/airflow/example_dags/example_external_task_marker_dag.py took 0.145 seconds
[2023-03-29T01:21:10.785+0000] {processor.py:154} INFO - Started process (PID=925) to work on /home/airflow/.local/lib/python3.7/site-packages/airflow/example_dags/example_external_task_marker_dag.py
[2023-03-29T01:21:10.787+0000] {processor.py:756} INFO - Processing file /home/airflow/.local/lib/python3.7/site-packages/airflow/example_dags/example_external_task_marker_dag.py for tasks to queue
[2023-03-29T01:21:10.790+0000] {logging_mixin.py:120} INFO - [2023-03-29T01:21:10.790+0000] {dagbag.py:537} INFO - Filling up the DagBag from /home/airflow/.local/lib/python3.7/site-packages/airflow/example_dags/example_external_task_marker_dag.py
[2023-03-29T01:21:10.800+0000] {processor.py:766} INFO - DAG(s) dict_keys(['example_external_task_marker_parent', 'example_external_task_marker_child']) retrieved from /home/airflow/.local/lib/python3.7/site-packages/airflow/example_dags/example_external_task_marker_dag.py
[2023-03-29T01:21:10.904+0000] {logging_mixin.py:120} INFO - [2023-03-29T01:21:10.904+0000] {dag.py:2585} INFO - Sync 2 DAGs
[2023-03-29T01:21:10.919+0000] {logging_mixin.py:120} INFO - [2023-03-29T01:21:10.919+0000] {dag.py:3340} INFO - Setting next_dagrun for example_external_task_marker_child to None, run_after=None
[2023-03-29T01:21:10.922+0000] {logging_mixin.py:120} INFO - [2023-03-29T01:21:10.922+0000] {dag.py:3340} INFO - Setting next_dagrun for example_external_task_marker_parent to None, run_after=None
[2023-03-29T01:21:10.933+0000] {processor.py:176} INFO - Processing /home/airflow/.local/lib/python3.7/site-packages/airflow/example_dags/example_external_task_marker_dag.py took 0.150 seconds
[2023-03-29T01:21:41.183+0000] {processor.py:154} INFO - Started process (PID=988) to work on /home/airflow/.local/lib/python3.7/site-packages/airflow/example_dags/example_external_task_marker_dag.py
[2023-03-29T01:21:41.185+0000] {processor.py:756} INFO - Processing file /home/airflow/.local/lib/python3.7/site-packages/airflow/example_dags/example_external_task_marker_dag.py for tasks to queue
[2023-03-29T01:21:41.186+0000] {logging_mixin.py:120} INFO - [2023-03-29T01:21:41.186+0000] {dagbag.py:537} INFO - Filling up the DagBag from /home/airflow/.local/lib/python3.7/site-packages/airflow/example_dags/example_external_task_marker_dag.py
[2023-03-29T01:21:41.195+0000] {processor.py:766} INFO - DAG(s) dict_keys(['example_external_task_marker_child', 'example_external_task_marker_parent']) retrieved from /home/airflow/.local/lib/python3.7/site-packages/airflow/example_dags/example_external_task_marker_dag.py
[2023-03-29T01:21:41.319+0000] {logging_mixin.py:120} INFO - [2023-03-29T01:21:41.319+0000] {dag.py:2585} INFO - Sync 2 DAGs
[2023-03-29T01:21:41.334+0000] {logging_mixin.py:120} INFO - [2023-03-29T01:21:41.334+0000] {dag.py:3340} INFO - Setting next_dagrun for example_external_task_marker_child to None, run_after=None
[2023-03-29T01:21:41.337+0000] {logging_mixin.py:120} INFO - [2023-03-29T01:21:41.337+0000] {dag.py:3340} INFO - Setting next_dagrun for example_external_task_marker_parent to None, run_after=None
[2023-03-29T01:21:41.348+0000] {processor.py:176} INFO - Processing /home/airflow/.local/lib/python3.7/site-packages/airflow/example_dags/example_external_task_marker_dag.py took 0.167 seconds
[2023-03-29T01:22:11.569+0000] {processor.py:154} INFO - Started process (PID=1051) to work on /home/airflow/.local/lib/python3.7/site-packages/airflow/example_dags/example_external_task_marker_dag.py
[2023-03-29T01:22:11.572+0000] {processor.py:756} INFO - Processing file /home/airflow/.local/lib/python3.7/site-packages/airflow/example_dags/example_external_task_marker_dag.py for tasks to queue
[2023-03-29T01:22:11.574+0000] {logging_mixin.py:120} INFO - [2023-03-29T01:22:11.574+0000] {dagbag.py:537} INFO - Filling up the DagBag from /home/airflow/.local/lib/python3.7/site-packages/airflow/example_dags/example_external_task_marker_dag.py
[2023-03-29T01:22:11.584+0000] {processor.py:766} INFO - DAG(s) dict_keys(['example_external_task_marker_child', 'example_external_task_marker_parent']) retrieved from /home/airflow/.local/lib/python3.7/site-packages/airflow/example_dags/example_external_task_marker_dag.py
[2023-03-29T01:22:11.695+0000] {logging_mixin.py:120} INFO - [2023-03-29T01:22:11.695+0000] {dag.py:2585} INFO - Sync 2 DAGs
[2023-03-29T01:22:11.711+0000] {logging_mixin.py:120} INFO - [2023-03-29T01:22:11.710+0000] {dag.py:3340} INFO - Setting next_dagrun for example_external_task_marker_child to None, run_after=None
[2023-03-29T01:22:11.715+0000] {logging_mixin.py:120} INFO - [2023-03-29T01:22:11.715+0000] {dag.py:3340} INFO - Setting next_dagrun for example_external_task_marker_parent to None, run_after=None
[2023-03-29T01:22:11.727+0000] {processor.py:176} INFO - Processing /home/airflow/.local/lib/python3.7/site-packages/airflow/example_dags/example_external_task_marker_dag.py took 0.161 seconds
[2023-03-29T01:22:41.920+0000] {processor.py:154} INFO - Started process (PID=1105) to work on /home/airflow/.local/lib/python3.7/site-packages/airflow/example_dags/example_external_task_marker_dag.py
[2023-03-29T01:22:41.922+0000] {processor.py:756} INFO - Processing file /home/airflow/.local/lib/python3.7/site-packages/airflow/example_dags/example_external_task_marker_dag.py for tasks to queue
[2023-03-29T01:22:41.923+0000] {logging_mixin.py:120} INFO - [2023-03-29T01:22:41.923+0000] {dagbag.py:537} INFO - Filling up the DagBag from /home/airflow/.local/lib/python3.7/site-packages/airflow/example_dags/example_external_task_marker_dag.py
[2023-03-29T01:22:41.931+0000] {processor.py:766} INFO - DAG(s) dict_keys(['example_external_task_marker_child', 'example_external_task_marker_parent']) retrieved from /home/airflow/.local/lib/python3.7/site-packages/airflow/example_dags/example_external_task_marker_dag.py
[2023-03-29T01:22:42.019+0000] {logging_mixin.py:120} INFO - [2023-03-29T01:22:42.019+0000] {dag.py:2585} INFO - Sync 2 DAGs
[2023-03-29T01:22:42.033+0000] {logging_mixin.py:120} INFO - [2023-03-29T01:22:42.032+0000] {dag.py:3340} INFO - Setting next_dagrun for example_external_task_marker_child to None, run_after=None
[2023-03-29T01:22:42.035+0000] {logging_mixin.py:120} INFO - [2023-03-29T01:22:42.035+0000] {dag.py:3340} INFO - Setting next_dagrun for example_external_task_marker_parent to None, run_after=None
[2023-03-29T01:22:42.045+0000] {processor.py:176} INFO - Processing /home/airflow/.local/lib/python3.7/site-packages/airflow/example_dags/example_external_task_marker_dag.py took 0.127 seconds
[2023-03-29T01:23:12.207+0000] {processor.py:154} INFO - Started process (PID=1168) to work on /home/airflow/.local/lib/python3.7/site-packages/airflow/example_dags/example_external_task_marker_dag.py
[2023-03-29T01:23:12.208+0000] {processor.py:756} INFO - Processing file /home/airflow/.local/lib/python3.7/site-packages/airflow/example_dags/example_external_task_marker_dag.py for tasks to queue
[2023-03-29T01:23:12.209+0000] {logging_mixin.py:120} INFO - [2023-03-29T01:23:12.209+0000] {dagbag.py:537} INFO - Filling up the DagBag from /home/airflow/.local/lib/python3.7/site-packages/airflow/example_dags/example_external_task_marker_dag.py
[2023-03-29T01:23:12.218+0000] {processor.py:766} INFO - DAG(s) dict_keys(['example_external_task_marker_child', 'example_external_task_marker_parent']) retrieved from /home/airflow/.local/lib/python3.7/site-packages/airflow/example_dags/example_external_task_marker_dag.py
[2023-03-29T01:23:12.321+0000] {logging_mixin.py:120} INFO - [2023-03-29T01:23:12.321+0000] {dag.py:2585} INFO - Sync 2 DAGs
[2023-03-29T01:23:12.337+0000] {logging_mixin.py:120} INFO - [2023-03-29T01:23:12.337+0000] {dag.py:3340} INFO - Setting next_dagrun for example_external_task_marker_child to None, run_after=None
[2023-03-29T01:23:12.340+0000] {logging_mixin.py:120} INFO - [2023-03-29T01:23:12.339+0000] {dag.py:3340} INFO - Setting next_dagrun for example_external_task_marker_parent to None, run_after=None
[2023-03-29T01:23:12.350+0000] {processor.py:176} INFO - Processing /home/airflow/.local/lib/python3.7/site-packages/airflow/example_dags/example_external_task_marker_dag.py took 0.145 seconds
[2023-03-29T01:23:42.698+0000] {processor.py:154} INFO - Started process (PID=1230) to work on /home/airflow/.local/lib/python3.7/site-packages/airflow/example_dags/example_external_task_marker_dag.py
[2023-03-29T01:23:42.700+0000] {processor.py:756} INFO - Processing file /home/airflow/.local/lib/python3.7/site-packages/airflow/example_dags/example_external_task_marker_dag.py for tasks to queue
[2023-03-29T01:23:42.703+0000] {logging_mixin.py:120} INFO - [2023-03-29T01:23:42.703+0000] {dagbag.py:537} INFO - Filling up the DagBag from /home/airflow/.local/lib/python3.7/site-packages/airflow/example_dags/example_external_task_marker_dag.py
[2023-03-29T01:23:42.712+0000] {processor.py:766} INFO - DAG(s) dict_keys(['example_external_task_marker_child', 'example_external_task_marker_parent']) retrieved from /home/airflow/.local/lib/python3.7/site-packages/airflow/example_dags/example_external_task_marker_dag.py
[2023-03-29T01:23:42.820+0000] {logging_mixin.py:120} INFO - [2023-03-29T01:23:42.820+0000] {dag.py:2585} INFO - Sync 2 DAGs
[2023-03-29T01:23:42.835+0000] {logging_mixin.py:120} INFO - [2023-03-29T01:23:42.835+0000] {dag.py:3340} INFO - Setting next_dagrun for example_external_task_marker_child to None, run_after=None
[2023-03-29T01:23:42.838+0000] {logging_mixin.py:120} INFO - [2023-03-29T01:23:42.838+0000] {dag.py:3340} INFO - Setting next_dagrun for example_external_task_marker_parent to None, run_after=None
[2023-03-29T01:23:42.850+0000] {processor.py:176} INFO - Processing /home/airflow/.local/lib/python3.7/site-packages/airflow/example_dags/example_external_task_marker_dag.py took 0.154 seconds
