[2023-03-29T01:14:06.767+0000] {processor.py:154} INFO - Started process (PID=74) to work on /home/airflow/.local/lib/python3.7/site-packages/airflow/example_dags/example_short_circuit_decorator.py
[2023-03-29T01:14:06.769+0000] {processor.py:756} INFO - Processing file /home/airflow/.local/lib/python3.7/site-packages/airflow/example_dags/example_short_circuit_decorator.py for tasks to queue
[2023-03-29T01:14:06.770+0000] {logging_mixin.py:120} INFO - [2023-03-29T01:14:06.770+0000] {dagbag.py:537} INFO - Filling up the DagBag from /home/airflow/.local/lib/python3.7/site-packages/airflow/example_dags/example_short_circuit_decorator.py
[2023-03-29T01:14:06.817+0000] {processor.py:766} INFO - DAG(s) dict_keys(['example_short_circuit_decorator']) retrieved from /home/airflow/.local/lib/python3.7/site-packages/airflow/example_dags/example_short_circuit_decorator.py
[2023-03-29T01:14:06.972+0000] {logging_mixin.py:120} INFO - [2023-03-29T01:14:06.972+0000] {manager.py:507} INFO - Created Permission View: can delete on DAG:example_short_circuit_decorator
[2023-03-29T01:14:06.986+0000] {logging_mixin.py:120} INFO - [2023-03-29T01:14:06.985+0000] {manager.py:507} INFO - Created Permission View: can edit on DAG:example_short_circuit_decorator
[2023-03-29T01:14:07.003+0000] {logging_mixin.py:120} INFO - [2023-03-29T01:14:07.003+0000] {manager.py:507} INFO - Created Permission View: can read on DAG:example_short_circuit_decorator
[2023-03-29T01:14:07.005+0000] {logging_mixin.py:120} INFO - [2023-03-29T01:14:07.005+0000] {dag.py:2585} INFO - Sync 1 DAGs
[2023-03-29T01:14:07.021+0000] {logging_mixin.py:120} INFO - [2023-03-29T01:14:07.021+0000] {dag.py:2606} INFO - Creating ORM DAG for example_short_circuit_decorator
[2023-03-29T01:14:07.035+0000] {logging_mixin.py:120} INFO - [2023-03-29T01:14:07.035+0000] {dag.py:3340} INFO - Setting next_dagrun for example_short_circuit_decorator to 2023-03-28T01:14:07.035519+00:00, run_after=2023-03-29T01:14:07.035519+00:00
[2023-03-29T01:14:07.072+0000] {processor.py:176} INFO - Processing /home/airflow/.local/lib/python3.7/site-packages/airflow/example_dags/example_short_circuit_decorator.py took 0.317 seconds
[2023-03-29T01:14:37.546+0000] {processor.py:154} INFO - Started process (PID=128) to work on /home/airflow/.local/lib/python3.7/site-packages/airflow/example_dags/example_short_circuit_decorator.py
[2023-03-29T01:14:37.547+0000] {processor.py:756} INFO - Processing file /home/airflow/.local/lib/python3.7/site-packages/airflow/example_dags/example_short_circuit_decorator.py for tasks to queue
[2023-03-29T01:14:37.548+0000] {logging_mixin.py:120} INFO - [2023-03-29T01:14:37.548+0000] {dagbag.py:537} INFO - Filling up the DagBag from /home/airflow/.local/lib/python3.7/site-packages/airflow/example_dags/example_short_circuit_decorator.py
[2023-03-29T01:14:37.566+0000] {processor.py:766} INFO - DAG(s) dict_keys(['example_short_circuit_decorator']) retrieved from /home/airflow/.local/lib/python3.7/site-packages/airflow/example_dags/example_short_circuit_decorator.py
[2023-03-29T01:14:37.593+0000] {logging_mixin.py:120} INFO - [2023-03-29T01:14:37.593+0000] {dag.py:2585} INFO - Sync 1 DAGs
[2023-03-29T01:14:37.611+0000] {logging_mixin.py:120} INFO - [2023-03-29T01:14:37.611+0000] {dag.py:3340} INFO - Setting next_dagrun for example_short_circuit_decorator to 2023-03-28T01:14:37.611060+00:00, run_after=2023-03-29T01:14:37.611060+00:00
[2023-03-29T01:14:37.624+0000] {processor.py:176} INFO - Processing /home/airflow/.local/lib/python3.7/site-packages/airflow/example_dags/example_short_circuit_decorator.py took 0.081 seconds
[2023-03-29T01:15:07.854+0000] {processor.py:154} INFO - Started process (PID=192) to work on /home/airflow/.local/lib/python3.7/site-packages/airflow/example_dags/example_short_circuit_decorator.py
[2023-03-29T01:15:07.856+0000] {processor.py:756} INFO - Processing file /home/airflow/.local/lib/python3.7/site-packages/airflow/example_dags/example_short_circuit_decorator.py for tasks to queue
[2023-03-29T01:15:07.858+0000] {logging_mixin.py:120} INFO - [2023-03-29T01:15:07.858+0000] {dagbag.py:537} INFO - Filling up the DagBag from /home/airflow/.local/lib/python3.7/site-packages/airflow/example_dags/example_short_circuit_decorator.py
[2023-03-29T01:15:07.875+0000] {processor.py:766} INFO - DAG(s) dict_keys(['example_short_circuit_decorator']) retrieved from /home/airflow/.local/lib/python3.7/site-packages/airflow/example_dags/example_short_circuit_decorator.py
[2023-03-29T01:15:07.902+0000] {logging_mixin.py:120} INFO - [2023-03-29T01:15:07.902+0000] {dag.py:2585} INFO - Sync 1 DAGs
[2023-03-29T01:15:07.918+0000] {logging_mixin.py:120} INFO - [2023-03-29T01:15:07.918+0000] {dag.py:3340} INFO - Setting next_dagrun for example_short_circuit_decorator to 2023-03-28T01:15:07.918326+00:00, run_after=2023-03-29T01:15:07.918326+00:00
[2023-03-29T01:15:07.930+0000] {processor.py:176} INFO - Processing /home/airflow/.local/lib/python3.7/site-packages/airflow/example_dags/example_short_circuit_decorator.py took 0.078 seconds
[2023-03-29T01:15:38.219+0000] {processor.py:154} INFO - Started process (PID=255) to work on /home/airflow/.local/lib/python3.7/site-packages/airflow/example_dags/example_short_circuit_decorator.py
[2023-03-29T01:15:38.221+0000] {processor.py:756} INFO - Processing file /home/airflow/.local/lib/python3.7/site-packages/airflow/example_dags/example_short_circuit_decorator.py for tasks to queue
[2023-03-29T01:15:38.223+0000] {logging_mixin.py:120} INFO - [2023-03-29T01:15:38.223+0000] {dagbag.py:537} INFO - Filling up the DagBag from /home/airflow/.local/lib/python3.7/site-packages/airflow/example_dags/example_short_circuit_decorator.py
[2023-03-29T01:15:38.238+0000] {processor.py:766} INFO - DAG(s) dict_keys(['example_short_circuit_decorator']) retrieved from /home/airflow/.local/lib/python3.7/site-packages/airflow/example_dags/example_short_circuit_decorator.py
[2023-03-29T01:15:38.262+0000] {logging_mixin.py:120} INFO - [2023-03-29T01:15:38.262+0000] {dag.py:2585} INFO - Sync 1 DAGs
[2023-03-29T01:15:38.275+0000] {logging_mixin.py:120} INFO - [2023-03-29T01:15:38.275+0000] {dag.py:3340} INFO - Setting next_dagrun for example_short_circuit_decorator to 2023-03-28T01:15:38.275738+00:00, run_after=2023-03-29T01:15:38.275738+00:00
[2023-03-29T01:15:38.286+0000] {processor.py:176} INFO - Processing /home/airflow/.local/lib/python3.7/site-packages/airflow/example_dags/example_short_circuit_decorator.py took 0.070 seconds
[2023-03-29T01:16:08.455+0000] {processor.py:154} INFO - Started process (PID=318) to work on /home/airflow/.local/lib/python3.7/site-packages/airflow/example_dags/example_short_circuit_decorator.py
[2023-03-29T01:16:08.457+0000] {processor.py:756} INFO - Processing file /home/airflow/.local/lib/python3.7/site-packages/airflow/example_dags/example_short_circuit_decorator.py for tasks to queue
[2023-03-29T01:16:08.459+0000] {logging_mixin.py:120} INFO - [2023-03-29T01:16:08.459+0000] {dagbag.py:537} INFO - Filling up the DagBag from /home/airflow/.local/lib/python3.7/site-packages/airflow/example_dags/example_short_circuit_decorator.py
[2023-03-29T01:16:08.475+0000] {processor.py:766} INFO - DAG(s) dict_keys(['example_short_circuit_decorator']) retrieved from /home/airflow/.local/lib/python3.7/site-packages/airflow/example_dags/example_short_circuit_decorator.py
[2023-03-29T01:16:08.501+0000] {logging_mixin.py:120} INFO - [2023-03-29T01:16:08.501+0000] {dag.py:2585} INFO - Sync 1 DAGs
[2023-03-29T01:16:08.517+0000] {logging_mixin.py:120} INFO - [2023-03-29T01:16:08.517+0000] {dag.py:3340} INFO - Setting next_dagrun for example_short_circuit_decorator to 2023-03-28T01:16:08.517196+00:00, run_after=2023-03-29T01:16:08.517196+00:00
[2023-03-29T01:16:08.529+0000] {processor.py:176} INFO - Processing /home/airflow/.local/lib/python3.7/site-packages/airflow/example_dags/example_short_circuit_decorator.py took 0.077 seconds
[2023-03-29T01:16:38.685+0000] {processor.py:154} INFO - Started process (PID=381) to work on /home/airflow/.local/lib/python3.7/site-packages/airflow/example_dags/example_short_circuit_decorator.py
[2023-03-29T01:16:38.686+0000] {processor.py:756} INFO - Processing file /home/airflow/.local/lib/python3.7/site-packages/airflow/example_dags/example_short_circuit_decorator.py for tasks to queue
[2023-03-29T01:16:38.689+0000] {logging_mixin.py:120} INFO - [2023-03-29T01:16:38.689+0000] {dagbag.py:537} INFO - Filling up the DagBag from /home/airflow/.local/lib/python3.7/site-packages/airflow/example_dags/example_short_circuit_decorator.py
[2023-03-29T01:16:38.703+0000] {processor.py:766} INFO - DAG(s) dict_keys(['example_short_circuit_decorator']) retrieved from /home/airflow/.local/lib/python3.7/site-packages/airflow/example_dags/example_short_circuit_decorator.py
[2023-03-29T01:16:38.728+0000] {logging_mixin.py:120} INFO - [2023-03-29T01:16:38.728+0000] {dag.py:2585} INFO - Sync 1 DAGs
[2023-03-29T01:16:38.743+0000] {logging_mixin.py:120} INFO - [2023-03-29T01:16:38.743+0000] {dag.py:3340} INFO - Setting next_dagrun for example_short_circuit_decorator to 2023-03-28T01:16:38.743387+00:00, run_after=2023-03-29T01:16:38.743387+00:00
[2023-03-29T01:16:38.754+0000] {processor.py:176} INFO - Processing /home/airflow/.local/lib/python3.7/site-packages/airflow/example_dags/example_short_circuit_decorator.py took 0.072 seconds
[2023-03-29T01:17:09.078+0000] {processor.py:154} INFO - Started process (PID=435) to work on /home/airflow/.local/lib/python3.7/site-packages/airflow/example_dags/example_short_circuit_decorator.py
[2023-03-29T01:17:09.079+0000] {processor.py:756} INFO - Processing file /home/airflow/.local/lib/python3.7/site-packages/airflow/example_dags/example_short_circuit_decorator.py for tasks to queue
[2023-03-29T01:17:09.080+0000] {logging_mixin.py:120} INFO - [2023-03-29T01:17:09.080+0000] {dagbag.py:537} INFO - Filling up the DagBag from /home/airflow/.local/lib/python3.7/site-packages/airflow/example_dags/example_short_circuit_decorator.py
[2023-03-29T01:17:09.098+0000] {processor.py:766} INFO - DAG(s) dict_keys(['example_short_circuit_decorator']) retrieved from /home/airflow/.local/lib/python3.7/site-packages/airflow/example_dags/example_short_circuit_decorator.py
[2023-03-29T01:17:09.131+0000] {logging_mixin.py:120} INFO - [2023-03-29T01:17:09.131+0000] {dag.py:2585} INFO - Sync 1 DAGs
[2023-03-29T01:17:09.149+0000] {logging_mixin.py:120} INFO - [2023-03-29T01:17:09.149+0000] {dag.py:3340} INFO - Setting next_dagrun for example_short_circuit_decorator to 2023-03-28T01:17:09.149138+00:00, run_after=2023-03-29T01:17:09.149138+00:00
[2023-03-29T01:17:09.162+0000] {processor.py:176} INFO - Processing /home/airflow/.local/lib/python3.7/site-packages/airflow/example_dags/example_short_circuit_decorator.py took 0.086 seconds
[2023-03-29T01:17:39.515+0000] {processor.py:154} INFO - Started process (PID=498) to work on /home/airflow/.local/lib/python3.7/site-packages/airflow/example_dags/example_short_circuit_decorator.py
[2023-03-29T01:17:39.517+0000] {processor.py:756} INFO - Processing file /home/airflow/.local/lib/python3.7/site-packages/airflow/example_dags/example_short_circuit_decorator.py for tasks to queue
[2023-03-29T01:17:39.518+0000] {logging_mixin.py:120} INFO - [2023-03-29T01:17:39.518+0000] {dagbag.py:537} INFO - Filling up the DagBag from /home/airflow/.local/lib/python3.7/site-packages/airflow/example_dags/example_short_circuit_decorator.py
[2023-03-29T01:17:39.532+0000] {processor.py:766} INFO - DAG(s) dict_keys(['example_short_circuit_decorator']) retrieved from /home/airflow/.local/lib/python3.7/site-packages/airflow/example_dags/example_short_circuit_decorator.py
[2023-03-29T01:17:39.557+0000] {logging_mixin.py:120} INFO - [2023-03-29T01:17:39.557+0000] {dag.py:2585} INFO - Sync 1 DAGs
[2023-03-29T01:17:39.570+0000] {logging_mixin.py:120} INFO - [2023-03-29T01:17:39.570+0000] {dag.py:3340} INFO - Setting next_dagrun for example_short_circuit_decorator to 2023-03-28T01:17:39.570474+00:00, run_after=2023-03-29T01:17:39.570474+00:00
[2023-03-29T01:17:39.582+0000] {processor.py:176} INFO - Processing /home/airflow/.local/lib/python3.7/site-packages/airflow/example_dags/example_short_circuit_decorator.py took 0.069 seconds
[2023-03-29T01:18:09.836+0000] {processor.py:154} INFO - Started process (PID=562) to work on /home/airflow/.local/lib/python3.7/site-packages/airflow/example_dags/example_short_circuit_decorator.py
[2023-03-29T01:18:09.839+0000] {processor.py:756} INFO - Processing file /home/airflow/.local/lib/python3.7/site-packages/airflow/example_dags/example_short_circuit_decorator.py for tasks to queue
[2023-03-29T01:18:09.840+0000] {logging_mixin.py:120} INFO - [2023-03-29T01:18:09.840+0000] {dagbag.py:537} INFO - Filling up the DagBag from /home/airflow/.local/lib/python3.7/site-packages/airflow/example_dags/example_short_circuit_decorator.py
[2023-03-29T01:18:09.857+0000] {processor.py:766} INFO - DAG(s) dict_keys(['example_short_circuit_decorator']) retrieved from /home/airflow/.local/lib/python3.7/site-packages/airflow/example_dags/example_short_circuit_decorator.py
[2023-03-29T01:18:09.887+0000] {logging_mixin.py:120} INFO - [2023-03-29T01:18:09.887+0000] {dag.py:2585} INFO - Sync 1 DAGs
[2023-03-29T01:18:09.901+0000] {logging_mixin.py:120} INFO - [2023-03-29T01:18:09.901+0000] {dag.py:3340} INFO - Setting next_dagrun for example_short_circuit_decorator to 2023-03-28T01:18:09.901534+00:00, run_after=2023-03-29T01:18:09.901534+00:00
[2023-03-29T01:18:09.912+0000] {processor.py:176} INFO - Processing /home/airflow/.local/lib/python3.7/site-packages/airflow/example_dags/example_short_circuit_decorator.py took 0.079 seconds
[2023-03-29T01:18:40.309+0000] {processor.py:154} INFO - Started process (PID=625) to work on /home/airflow/.local/lib/python3.7/site-packages/airflow/example_dags/example_short_circuit_decorator.py
[2023-03-29T01:18:40.311+0000] {processor.py:756} INFO - Processing file /home/airflow/.local/lib/python3.7/site-packages/airflow/example_dags/example_short_circuit_decorator.py for tasks to queue
[2023-03-29T01:18:40.312+0000] {logging_mixin.py:120} INFO - [2023-03-29T01:18:40.312+0000] {dagbag.py:537} INFO - Filling up the DagBag from /home/airflow/.local/lib/python3.7/site-packages/airflow/example_dags/example_short_circuit_decorator.py
[2023-03-29T01:18:40.325+0000] {processor.py:766} INFO - DAG(s) dict_keys(['example_short_circuit_decorator']) retrieved from /home/airflow/.local/lib/python3.7/site-packages/airflow/example_dags/example_short_circuit_decorator.py
[2023-03-29T01:18:40.349+0000] {logging_mixin.py:120} INFO - [2023-03-29T01:18:40.349+0000] {dag.py:2585} INFO - Sync 1 DAGs
[2023-03-29T01:18:40.363+0000] {logging_mixin.py:120} INFO - [2023-03-29T01:18:40.363+0000] {dag.py:3340} INFO - Setting next_dagrun for example_short_circuit_decorator to 2023-03-28T01:18:40.363754+00:00, run_after=2023-03-29T01:18:40.363754+00:00
[2023-03-29T01:18:40.374+0000] {processor.py:176} INFO - Processing /home/airflow/.local/lib/python3.7/site-packages/airflow/example_dags/example_short_circuit_decorator.py took 0.067 seconds
[2023-03-29T01:19:10.670+0000] {processor.py:154} INFO - Started process (PID=687) to work on /home/airflow/.local/lib/python3.7/site-packages/airflow/example_dags/example_short_circuit_decorator.py
[2023-03-29T01:19:10.672+0000] {processor.py:756} INFO - Processing file /home/airflow/.local/lib/python3.7/site-packages/airflow/example_dags/example_short_circuit_decorator.py for tasks to queue
[2023-03-29T01:19:10.673+0000] {logging_mixin.py:120} INFO - [2023-03-29T01:19:10.673+0000] {dagbag.py:537} INFO - Filling up the DagBag from /home/airflow/.local/lib/python3.7/site-packages/airflow/example_dags/example_short_circuit_decorator.py
[2023-03-29T01:19:10.692+0000] {processor.py:766} INFO - DAG(s) dict_keys(['example_short_circuit_decorator']) retrieved from /home/airflow/.local/lib/python3.7/site-packages/airflow/example_dags/example_short_circuit_decorator.py
[2023-03-29T01:19:10.719+0000] {logging_mixin.py:120} INFO - [2023-03-29T01:19:10.719+0000] {dag.py:2585} INFO - Sync 1 DAGs
[2023-03-29T01:19:10.735+0000] {logging_mixin.py:120} INFO - [2023-03-29T01:19:10.735+0000] {dag.py:3340} INFO - Setting next_dagrun for example_short_circuit_decorator to 2023-03-28T01:19:10.735458+00:00, run_after=2023-03-29T01:19:10.735458+00:00
[2023-03-29T01:19:10.747+0000] {processor.py:176} INFO - Processing /home/airflow/.local/lib/python3.7/site-packages/airflow/example_dags/example_short_circuit_decorator.py took 0.080 seconds
[2023-03-29T01:19:40.983+0000] {processor.py:154} INFO - Started process (PID=750) to work on /home/airflow/.local/lib/python3.7/site-packages/airflow/example_dags/example_short_circuit_decorator.py
[2023-03-29T01:19:40.984+0000] {processor.py:756} INFO - Processing file /home/airflow/.local/lib/python3.7/site-packages/airflow/example_dags/example_short_circuit_decorator.py for tasks to queue
[2023-03-29T01:19:40.985+0000] {logging_mixin.py:120} INFO - [2023-03-29T01:19:40.985+0000] {dagbag.py:537} INFO - Filling up the DagBag from /home/airflow/.local/lib/python3.7/site-packages/airflow/example_dags/example_short_circuit_decorator.py
[2023-03-29T01:19:41.002+0000] {processor.py:766} INFO - DAG(s) dict_keys(['example_short_circuit_decorator']) retrieved from /home/airflow/.local/lib/python3.7/site-packages/airflow/example_dags/example_short_circuit_decorator.py
[2023-03-29T01:19:41.031+0000] {logging_mixin.py:120} INFO - [2023-03-29T01:19:41.031+0000] {dag.py:2585} INFO - Sync 1 DAGs
[2023-03-29T01:19:41.050+0000] {logging_mixin.py:120} INFO - [2023-03-29T01:19:41.050+0000] {dag.py:3340} INFO - Setting next_dagrun for example_short_circuit_decorator to 2023-03-28T01:19:41.049975+00:00, run_after=2023-03-29T01:19:41.049975+00:00
[2023-03-29T01:19:41.067+0000] {processor.py:176} INFO - Processing /home/airflow/.local/lib/python3.7/site-packages/airflow/example_dags/example_short_circuit_decorator.py took 0.087 seconds
[2023-03-29T01:20:11.327+0000] {processor.py:154} INFO - Started process (PID=804) to work on /home/airflow/.local/lib/python3.7/site-packages/airflow/example_dags/example_short_circuit_decorator.py
[2023-03-29T01:20:11.329+0000] {processor.py:756} INFO - Processing file /home/airflow/.local/lib/python3.7/site-packages/airflow/example_dags/example_short_circuit_decorator.py for tasks to queue
[2023-03-29T01:20:11.330+0000] {logging_mixin.py:120} INFO - [2023-03-29T01:20:11.330+0000] {dagbag.py:537} INFO - Filling up the DagBag from /home/airflow/.local/lib/python3.7/site-packages/airflow/example_dags/example_short_circuit_decorator.py
[2023-03-29T01:20:11.344+0000] {processor.py:766} INFO - DAG(s) dict_keys(['example_short_circuit_decorator']) retrieved from /home/airflow/.local/lib/python3.7/site-packages/airflow/example_dags/example_short_circuit_decorator.py
[2023-03-29T01:20:11.369+0000] {logging_mixin.py:120} INFO - [2023-03-29T01:20:11.369+0000] {dag.py:2585} INFO - Sync 1 DAGs
[2023-03-29T01:20:11.382+0000] {logging_mixin.py:120} INFO - [2023-03-29T01:20:11.382+0000] {dag.py:3340} INFO - Setting next_dagrun for example_short_circuit_decorator to 2023-03-28T01:20:11.382465+00:00, run_after=2023-03-29T01:20:11.382465+00:00
[2023-03-29T01:20:11.394+0000] {processor.py:176} INFO - Processing /home/airflow/.local/lib/python3.7/site-packages/airflow/example_dags/example_short_circuit_decorator.py took 0.068 seconds
[2023-03-29T01:20:41.724+0000] {processor.py:154} INFO - Started process (PID=867) to work on /home/airflow/.local/lib/python3.7/site-packages/airflow/example_dags/example_short_circuit_decorator.py
[2023-03-29T01:20:41.726+0000] {processor.py:756} INFO - Processing file /home/airflow/.local/lib/python3.7/site-packages/airflow/example_dags/example_short_circuit_decorator.py for tasks to queue
[2023-03-29T01:20:41.727+0000] {logging_mixin.py:120} INFO - [2023-03-29T01:20:41.727+0000] {dagbag.py:537} INFO - Filling up the DagBag from /home/airflow/.local/lib/python3.7/site-packages/airflow/example_dags/example_short_circuit_decorator.py
[2023-03-29T01:20:41.740+0000] {processor.py:766} INFO - DAG(s) dict_keys(['example_short_circuit_decorator']) retrieved from /home/airflow/.local/lib/python3.7/site-packages/airflow/example_dags/example_short_circuit_decorator.py
[2023-03-29T01:20:41.765+0000] {logging_mixin.py:120} INFO - [2023-03-29T01:20:41.765+0000] {dag.py:2585} INFO - Sync 1 DAGs
[2023-03-29T01:20:41.778+0000] {logging_mixin.py:120} INFO - [2023-03-29T01:20:41.778+0000] {dag.py:3340} INFO - Setting next_dagrun for example_short_circuit_decorator to 2023-03-28T01:20:41.778648+00:00, run_after=2023-03-29T01:20:41.778648+00:00
[2023-03-29T01:20:41.790+0000] {processor.py:176} INFO - Processing /home/airflow/.local/lib/python3.7/site-packages/airflow/example_dags/example_short_circuit_decorator.py took 0.067 seconds
[2023-03-29T01:21:12.099+0000] {processor.py:154} INFO - Started process (PID=930) to work on /home/airflow/.local/lib/python3.7/site-packages/airflow/example_dags/example_short_circuit_decorator.py
[2023-03-29T01:21:12.101+0000] {processor.py:756} INFO - Processing file /home/airflow/.local/lib/python3.7/site-packages/airflow/example_dags/example_short_circuit_decorator.py for tasks to queue
[2023-03-29T01:21:12.102+0000] {logging_mixin.py:120} INFO - [2023-03-29T01:21:12.101+0000] {dagbag.py:537} INFO - Filling up the DagBag from /home/airflow/.local/lib/python3.7/site-packages/airflow/example_dags/example_short_circuit_decorator.py
[2023-03-29T01:21:12.115+0000] {processor.py:766} INFO - DAG(s) dict_keys(['example_short_circuit_decorator']) retrieved from /home/airflow/.local/lib/python3.7/site-packages/airflow/example_dags/example_short_circuit_decorator.py
[2023-03-29T01:21:12.141+0000] {logging_mixin.py:120} INFO - [2023-03-29T01:21:12.141+0000] {dag.py:2585} INFO - Sync 1 DAGs
[2023-03-29T01:21:12.156+0000] {logging_mixin.py:120} INFO - [2023-03-29T01:21:12.156+0000] {dag.py:3340} INFO - Setting next_dagrun for example_short_circuit_decorator to 2023-03-28T01:21:12.155902+00:00, run_after=2023-03-29T01:21:12.155902+00:00
[2023-03-29T01:21:12.167+0000] {processor.py:176} INFO - Processing /home/airflow/.local/lib/python3.7/site-packages/airflow/example_dags/example_short_circuit_decorator.py took 0.070 seconds
[2023-03-29T01:21:42.522+0000] {processor.py:154} INFO - Started process (PID=993) to work on /home/airflow/.local/lib/python3.7/site-packages/airflow/example_dags/example_short_circuit_decorator.py
[2023-03-29T01:21:42.524+0000] {processor.py:756} INFO - Processing file /home/airflow/.local/lib/python3.7/site-packages/airflow/example_dags/example_short_circuit_decorator.py for tasks to queue
[2023-03-29T01:21:42.526+0000] {logging_mixin.py:120} INFO - [2023-03-29T01:21:42.526+0000] {dagbag.py:537} INFO - Filling up the DagBag from /home/airflow/.local/lib/python3.7/site-packages/airflow/example_dags/example_short_circuit_decorator.py
[2023-03-29T01:21:42.542+0000] {processor.py:766} INFO - DAG(s) dict_keys(['example_short_circuit_decorator']) retrieved from /home/airflow/.local/lib/python3.7/site-packages/airflow/example_dags/example_short_circuit_decorator.py
[2023-03-29T01:21:42.568+0000] {logging_mixin.py:120} INFO - [2023-03-29T01:21:42.568+0000] {dag.py:2585} INFO - Sync 1 DAGs
[2023-03-29T01:21:42.582+0000] {logging_mixin.py:120} INFO - [2023-03-29T01:21:42.582+0000] {dag.py:3340} INFO - Setting next_dagrun for example_short_circuit_decorator to 2023-03-28T01:21:42.582553+00:00, run_after=2023-03-29T01:21:42.582553+00:00
[2023-03-29T01:21:42.594+0000] {processor.py:176} INFO - Processing /home/airflow/.local/lib/python3.7/site-packages/airflow/example_dags/example_short_circuit_decorator.py took 0.074 seconds
[2023-03-29T01:22:13.004+0000] {processor.py:154} INFO - Started process (PID=1056) to work on /home/airflow/.local/lib/python3.7/site-packages/airflow/example_dags/example_short_circuit_decorator.py
[2023-03-29T01:22:13.006+0000] {processor.py:756} INFO - Processing file /home/airflow/.local/lib/python3.7/site-packages/airflow/example_dags/example_short_circuit_decorator.py for tasks to queue
[2023-03-29T01:22:13.008+0000] {logging_mixin.py:120} INFO - [2023-03-29T01:22:13.008+0000] {dagbag.py:537} INFO - Filling up the DagBag from /home/airflow/.local/lib/python3.7/site-packages/airflow/example_dags/example_short_circuit_decorator.py
[2023-03-29T01:22:13.024+0000] {processor.py:766} INFO - DAG(s) dict_keys(['example_short_circuit_decorator']) retrieved from /home/airflow/.local/lib/python3.7/site-packages/airflow/example_dags/example_short_circuit_decorator.py
[2023-03-29T01:22:13.057+0000] {logging_mixin.py:120} INFO - [2023-03-29T01:22:13.057+0000] {dag.py:2585} INFO - Sync 1 DAGs
[2023-03-29T01:22:13.073+0000] {logging_mixin.py:120} INFO - [2023-03-29T01:22:13.073+0000] {dag.py:3340} INFO - Setting next_dagrun for example_short_circuit_decorator to 2023-03-28T01:22:13.073080+00:00, run_after=2023-03-29T01:22:13.073080+00:00
[2023-03-29T01:22:13.086+0000] {processor.py:176} INFO - Processing /home/airflow/.local/lib/python3.7/site-packages/airflow/example_dags/example_short_circuit_decorator.py took 0.087 seconds
[2023-03-29T01:22:43.263+0000] {processor.py:154} INFO - Started process (PID=1119) to work on /home/airflow/.local/lib/python3.7/site-packages/airflow/example_dags/example_short_circuit_decorator.py
[2023-03-29T01:22:43.265+0000] {processor.py:756} INFO - Processing file /home/airflow/.local/lib/python3.7/site-packages/airflow/example_dags/example_short_circuit_decorator.py for tasks to queue
[2023-03-29T01:22:43.266+0000] {logging_mixin.py:120} INFO - [2023-03-29T01:22:43.266+0000] {dagbag.py:537} INFO - Filling up the DagBag from /home/airflow/.local/lib/python3.7/site-packages/airflow/example_dags/example_short_circuit_decorator.py
[2023-03-29T01:22:43.283+0000] {processor.py:766} INFO - DAG(s) dict_keys(['example_short_circuit_decorator']) retrieved from /home/airflow/.local/lib/python3.7/site-packages/airflow/example_dags/example_short_circuit_decorator.py
[2023-03-29T01:22:43.310+0000] {logging_mixin.py:120} INFO - [2023-03-29T01:22:43.310+0000] {dag.py:2585} INFO - Sync 1 DAGs
[2023-03-29T01:22:43.326+0000] {logging_mixin.py:120} INFO - [2023-03-29T01:22:43.326+0000] {dag.py:3340} INFO - Setting next_dagrun for example_short_circuit_decorator to 2023-03-28T01:22:43.326325+00:00, run_after=2023-03-29T01:22:43.326325+00:00
[2023-03-29T01:22:43.341+0000] {processor.py:176} INFO - Processing /home/airflow/.local/lib/python3.7/site-packages/airflow/example_dags/example_short_circuit_decorator.py took 0.080 seconds
[2023-03-29T01:23:13.521+0000] {processor.py:154} INFO - Started process (PID=1173) to work on /home/airflow/.local/lib/python3.7/site-packages/airflow/example_dags/example_short_circuit_decorator.py
[2023-03-29T01:23:13.522+0000] {processor.py:756} INFO - Processing file /home/airflow/.local/lib/python3.7/site-packages/airflow/example_dags/example_short_circuit_decorator.py for tasks to queue
[2023-03-29T01:23:13.523+0000] {logging_mixin.py:120} INFO - [2023-03-29T01:23:13.523+0000] {dagbag.py:537} INFO - Filling up the DagBag from /home/airflow/.local/lib/python3.7/site-packages/airflow/example_dags/example_short_circuit_decorator.py
[2023-03-29T01:23:13.536+0000] {processor.py:766} INFO - DAG(s) dict_keys(['example_short_circuit_decorator']) retrieved from /home/airflow/.local/lib/python3.7/site-packages/airflow/example_dags/example_short_circuit_decorator.py
[2023-03-29T01:23:13.560+0000] {logging_mixin.py:120} INFO - [2023-03-29T01:23:13.560+0000] {dag.py:2585} INFO - Sync 1 DAGs
[2023-03-29T01:23:13.574+0000] {logging_mixin.py:120} INFO - [2023-03-29T01:23:13.574+0000] {dag.py:3340} INFO - Setting next_dagrun for example_short_circuit_decorator to 2023-03-28T01:23:13.574211+00:00, run_after=2023-03-29T01:23:13.574211+00:00
[2023-03-29T01:23:13.585+0000] {processor.py:176} INFO - Processing /home/airflow/.local/lib/python3.7/site-packages/airflow/example_dags/example_short_circuit_decorator.py took 0.067 seconds
[2023-03-29T01:23:44.021+0000] {processor.py:154} INFO - Started process (PID=1235) to work on /home/airflow/.local/lib/python3.7/site-packages/airflow/example_dags/example_short_circuit_decorator.py
[2023-03-29T01:23:44.023+0000] {processor.py:756} INFO - Processing file /home/airflow/.local/lib/python3.7/site-packages/airflow/example_dags/example_short_circuit_decorator.py for tasks to queue
[2023-03-29T01:23:44.024+0000] {logging_mixin.py:120} INFO - [2023-03-29T01:23:44.024+0000] {dagbag.py:537} INFO - Filling up the DagBag from /home/airflow/.local/lib/python3.7/site-packages/airflow/example_dags/example_short_circuit_decorator.py
[2023-03-29T01:23:44.039+0000] {processor.py:766} INFO - DAG(s) dict_keys(['example_short_circuit_decorator']) retrieved from /home/airflow/.local/lib/python3.7/site-packages/airflow/example_dags/example_short_circuit_decorator.py
[2023-03-29T01:23:44.063+0000] {logging_mixin.py:120} INFO - [2023-03-29T01:23:44.063+0000] {dag.py:2585} INFO - Sync 1 DAGs
[2023-03-29T01:23:44.077+0000] {logging_mixin.py:120} INFO - [2023-03-29T01:23:44.077+0000] {dag.py:3340} INFO - Setting next_dagrun for example_short_circuit_decorator to 2023-03-28T01:23:44.077344+00:00, run_after=2023-03-29T01:23:44.077344+00:00
[2023-03-29T01:23:44.089+0000] {processor.py:176} INFO - Processing /home/airflow/.local/lib/python3.7/site-packages/airflow/example_dags/example_short_circuit_decorator.py took 0.070 seconds
