[2023-03-29T01:14:03.482+0000] {processor.py:154} INFO - Started process (PID=47) to work on /home/airflow/.local/lib/python3.7/site-packages/airflow/example_dags/example_branch_python_dop_operator_3.py
[2023-03-29T01:14:03.485+0000] {processor.py:756} INFO - Processing file /home/airflow/.local/lib/python3.7/site-packages/airflow/example_dags/example_branch_python_dop_operator_3.py for tasks to queue
[2023-03-29T01:14:03.487+0000] {logging_mixin.py:120} INFO - [2023-03-29T01:14:03.487+0000] {dagbag.py:537} INFO - Filling up the DagBag from /home/airflow/.local/lib/python3.7/site-packages/airflow/example_dags/example_branch_python_dop_operator_3.py
[2023-03-29T01:14:03.539+0000] {processor.py:766} INFO - DAG(s) dict_keys(['example_branch_dop_operator_v3']) retrieved from /home/airflow/.local/lib/python3.7/site-packages/airflow/example_dags/example_branch_python_dop_operator_3.py
[2023-03-29T01:14:03.665+0000] {logging_mixin.py:120} INFO - [2023-03-29T01:14:03.665+0000] {manager.py:507} INFO - Created Permission View: can delete on DAG:example_branch_dop_operator_v3
[2023-03-29T01:14:03.672+0000] {logging_mixin.py:120} INFO - [2023-03-29T01:14:03.672+0000] {manager.py:507} INFO - Created Permission View: can edit on DAG:example_branch_dop_operator_v3
[2023-03-29T01:14:03.678+0000] {logging_mixin.py:120} INFO - [2023-03-29T01:14:03.678+0000] {manager.py:507} INFO - Created Permission View: can read on DAG:example_branch_dop_operator_v3
[2023-03-29T01:14:03.679+0000] {logging_mixin.py:120} INFO - [2023-03-29T01:14:03.679+0000] {dag.py:2585} INFO - Sync 1 DAGs
[2023-03-29T01:14:03.690+0000] {logging_mixin.py:120} INFO - [2023-03-29T01:14:03.690+0000] {dag.py:2606} INFO - Creating ORM DAG for example_branch_dop_operator_v3
[2023-03-29T01:14:03.703+0000] {logging_mixin.py:120} INFO - [2023-03-29T01:14:03.703+0000] {dag.py:3340} INFO - Setting next_dagrun for example_branch_dop_operator_v3 to 2023-03-29T01:13:00+00:00, run_after=2023-03-29T01:14:00+00:00
[2023-03-29T01:14:03.721+0000] {processor.py:176} INFO - Processing /home/airflow/.local/lib/python3.7/site-packages/airflow/example_dags/example_branch_python_dop_operator_3.py took 0.245 seconds
[2023-03-29T01:14:34.418+0000] {processor.py:154} INFO - Started process (PID=110) to work on /home/airflow/.local/lib/python3.7/site-packages/airflow/example_dags/example_branch_python_dop_operator_3.py
[2023-03-29T01:14:34.421+0000] {processor.py:756} INFO - Processing file /home/airflow/.local/lib/python3.7/site-packages/airflow/example_dags/example_branch_python_dop_operator_3.py for tasks to queue
[2023-03-29T01:14:34.423+0000] {logging_mixin.py:120} INFO - [2023-03-29T01:14:34.423+0000] {dagbag.py:537} INFO - Filling up the DagBag from /home/airflow/.local/lib/python3.7/site-packages/airflow/example_dags/example_branch_python_dop_operator_3.py
[2023-03-29T01:14:34.443+0000] {processor.py:766} INFO - DAG(s) dict_keys(['example_branch_dop_operator_v3']) retrieved from /home/airflow/.local/lib/python3.7/site-packages/airflow/example_dags/example_branch_python_dop_operator_3.py
[2023-03-29T01:14:34.472+0000] {logging_mixin.py:120} INFO - [2023-03-29T01:14:34.472+0000] {dag.py:2585} INFO - Sync 1 DAGs
[2023-03-29T01:14:34.490+0000] {logging_mixin.py:120} INFO - [2023-03-29T01:14:34.490+0000] {dag.py:3340} INFO - Setting next_dagrun for example_branch_dop_operator_v3 to 2023-03-29T01:13:00+00:00, run_after=2023-03-29T01:14:00+00:00
[2023-03-29T01:14:34.501+0000] {processor.py:176} INFO - Processing /home/airflow/.local/lib/python3.7/site-packages/airflow/example_dags/example_branch_python_dop_operator_3.py took 0.088 seconds
[2023-03-29T01:15:04.778+0000] {processor.py:154} INFO - Started process (PID=174) to work on /home/airflow/.local/lib/python3.7/site-packages/airflow/example_dags/example_branch_python_dop_operator_3.py
[2023-03-29T01:15:04.781+0000] {processor.py:756} INFO - Processing file /home/airflow/.local/lib/python3.7/site-packages/airflow/example_dags/example_branch_python_dop_operator_3.py for tasks to queue
[2023-03-29T01:15:04.783+0000] {logging_mixin.py:120} INFO - [2023-03-29T01:15:04.783+0000] {dagbag.py:537} INFO - Filling up the DagBag from /home/airflow/.local/lib/python3.7/site-packages/airflow/example_dags/example_branch_python_dop_operator_3.py
[2023-03-29T01:15:04.804+0000] {processor.py:766} INFO - DAG(s) dict_keys(['example_branch_dop_operator_v3']) retrieved from /home/airflow/.local/lib/python3.7/site-packages/airflow/example_dags/example_branch_python_dop_operator_3.py
[2023-03-29T01:15:04.830+0000] {logging_mixin.py:120} INFO - [2023-03-29T01:15:04.830+0000] {dag.py:2585} INFO - Sync 1 DAGs
[2023-03-29T01:15:04.848+0000] {logging_mixin.py:120} INFO - [2023-03-29T01:15:04.848+0000] {dag.py:3340} INFO - Setting next_dagrun for example_branch_dop_operator_v3 to 2023-03-29T01:14:00+00:00, run_after=2023-03-29T01:15:00+00:00
[2023-03-29T01:15:04.860+0000] {processor.py:176} INFO - Processing /home/airflow/.local/lib/python3.7/site-packages/airflow/example_dags/example_branch_python_dop_operator_3.py took 0.086 seconds
[2023-03-29T01:15:35.036+0000] {processor.py:154} INFO - Started process (PID=237) to work on /home/airflow/.local/lib/python3.7/site-packages/airflow/example_dags/example_branch_python_dop_operator_3.py
[2023-03-29T01:15:35.039+0000] {processor.py:756} INFO - Processing file /home/airflow/.local/lib/python3.7/site-packages/airflow/example_dags/example_branch_python_dop_operator_3.py for tasks to queue
[2023-03-29T01:15:35.041+0000] {logging_mixin.py:120} INFO - [2023-03-29T01:15:35.041+0000] {dagbag.py:537} INFO - Filling up the DagBag from /home/airflow/.local/lib/python3.7/site-packages/airflow/example_dags/example_branch_python_dop_operator_3.py
[2023-03-29T01:15:35.062+0000] {processor.py:766} INFO - DAG(s) dict_keys(['example_branch_dop_operator_v3']) retrieved from /home/airflow/.local/lib/python3.7/site-packages/airflow/example_dags/example_branch_python_dop_operator_3.py
[2023-03-29T01:15:35.094+0000] {logging_mixin.py:120} INFO - [2023-03-29T01:15:35.093+0000] {dag.py:2585} INFO - Sync 1 DAGs
[2023-03-29T01:15:35.111+0000] {logging_mixin.py:120} INFO - [2023-03-29T01:15:35.111+0000] {dag.py:3340} INFO - Setting next_dagrun for example_branch_dop_operator_v3 to 2023-03-29T01:14:00+00:00, run_after=2023-03-29T01:15:00+00:00
[2023-03-29T01:15:35.124+0000] {processor.py:176} INFO - Processing /home/airflow/.local/lib/python3.7/site-packages/airflow/example_dags/example_branch_python_dop_operator_3.py took 0.091 seconds
[2023-03-29T01:16:05.324+0000] {processor.py:154} INFO - Started process (PID=300) to work on /home/airflow/.local/lib/python3.7/site-packages/airflow/example_dags/example_branch_python_dop_operator_3.py
[2023-03-29T01:16:05.326+0000] {processor.py:756} INFO - Processing file /home/airflow/.local/lib/python3.7/site-packages/airflow/example_dags/example_branch_python_dop_operator_3.py for tasks to queue
[2023-03-29T01:16:05.328+0000] {logging_mixin.py:120} INFO - [2023-03-29T01:16:05.328+0000] {dagbag.py:537} INFO - Filling up the DagBag from /home/airflow/.local/lib/python3.7/site-packages/airflow/example_dags/example_branch_python_dop_operator_3.py
[2023-03-29T01:16:05.342+0000] {processor.py:766} INFO - DAG(s) dict_keys(['example_branch_dop_operator_v3']) retrieved from /home/airflow/.local/lib/python3.7/site-packages/airflow/example_dags/example_branch_python_dop_operator_3.py
[2023-03-29T01:16:05.369+0000] {logging_mixin.py:120} INFO - [2023-03-29T01:16:05.369+0000] {dag.py:2585} INFO - Sync 1 DAGs
[2023-03-29T01:16:05.388+0000] {logging_mixin.py:120} INFO - [2023-03-29T01:16:05.387+0000] {dag.py:3340} INFO - Setting next_dagrun for example_branch_dop_operator_v3 to 2023-03-29T01:15:00+00:00, run_after=2023-03-29T01:16:00+00:00
[2023-03-29T01:16:05.401+0000] {processor.py:176} INFO - Processing /home/airflow/.local/lib/python3.7/site-packages/airflow/example_dags/example_branch_python_dop_operator_3.py took 0.079 seconds
[2023-03-29T01:16:35.558+0000] {processor.py:154} INFO - Started process (PID=354) to work on /home/airflow/.local/lib/python3.7/site-packages/airflow/example_dags/example_branch_python_dop_operator_3.py
[2023-03-29T01:16:35.560+0000] {processor.py:756} INFO - Processing file /home/airflow/.local/lib/python3.7/site-packages/airflow/example_dags/example_branch_python_dop_operator_3.py for tasks to queue
[2023-03-29T01:16:35.565+0000] {logging_mixin.py:120} INFO - [2023-03-29T01:16:35.565+0000] {dagbag.py:537} INFO - Filling up the DagBag from /home/airflow/.local/lib/python3.7/site-packages/airflow/example_dags/example_branch_python_dop_operator_3.py
[2023-03-29T01:16:35.586+0000] {processor.py:766} INFO - DAG(s) dict_keys(['example_branch_dop_operator_v3']) retrieved from /home/airflow/.local/lib/python3.7/site-packages/airflow/example_dags/example_branch_python_dop_operator_3.py
[2023-03-29T01:16:35.612+0000] {logging_mixin.py:120} INFO - [2023-03-29T01:16:35.612+0000] {dag.py:2585} INFO - Sync 1 DAGs
[2023-03-29T01:16:35.629+0000] {logging_mixin.py:120} INFO - [2023-03-29T01:16:35.629+0000] {dag.py:3340} INFO - Setting next_dagrun for example_branch_dop_operator_v3 to 2023-03-29T01:15:00+00:00, run_after=2023-03-29T01:16:00+00:00
[2023-03-29T01:16:35.643+0000] {processor.py:176} INFO - Processing /home/airflow/.local/lib/python3.7/site-packages/airflow/example_dags/example_branch_python_dop_operator_3.py took 0.090 seconds
[2023-03-29T01:17:05.971+0000] {processor.py:154} INFO - Started process (PID=417) to work on /home/airflow/.local/lib/python3.7/site-packages/airflow/example_dags/example_branch_python_dop_operator_3.py
[2023-03-29T01:17:05.973+0000] {processor.py:756} INFO - Processing file /home/airflow/.local/lib/python3.7/site-packages/airflow/example_dags/example_branch_python_dop_operator_3.py for tasks to queue
[2023-03-29T01:17:05.975+0000] {logging_mixin.py:120} INFO - [2023-03-29T01:17:05.975+0000] {dagbag.py:537} INFO - Filling up the DagBag from /home/airflow/.local/lib/python3.7/site-packages/airflow/example_dags/example_branch_python_dop_operator_3.py
[2023-03-29T01:17:05.994+0000] {processor.py:766} INFO - DAG(s) dict_keys(['example_branch_dop_operator_v3']) retrieved from /home/airflow/.local/lib/python3.7/site-packages/airflow/example_dags/example_branch_python_dop_operator_3.py
[2023-03-29T01:17:06.024+0000] {logging_mixin.py:120} INFO - [2023-03-29T01:17:06.024+0000] {dag.py:2585} INFO - Sync 1 DAGs
[2023-03-29T01:17:06.042+0000] {logging_mixin.py:120} INFO - [2023-03-29T01:17:06.041+0000] {dag.py:3340} INFO - Setting next_dagrun for example_branch_dop_operator_v3 to 2023-03-29T01:16:00+00:00, run_after=2023-03-29T01:17:00+00:00
[2023-03-29T01:17:06.054+0000] {processor.py:176} INFO - Processing /home/airflow/.local/lib/python3.7/site-packages/airflow/example_dags/example_branch_python_dop_operator_3.py took 0.086 seconds
[2023-03-29T01:17:36.395+0000] {processor.py:154} INFO - Started process (PID=480) to work on /home/airflow/.local/lib/python3.7/site-packages/airflow/example_dags/example_branch_python_dop_operator_3.py
[2023-03-29T01:17:36.399+0000] {processor.py:756} INFO - Processing file /home/airflow/.local/lib/python3.7/site-packages/airflow/example_dags/example_branch_python_dop_operator_3.py for tasks to queue
[2023-03-29T01:17:36.402+0000] {logging_mixin.py:120} INFO - [2023-03-29T01:17:36.401+0000] {dagbag.py:537} INFO - Filling up the DagBag from /home/airflow/.local/lib/python3.7/site-packages/airflow/example_dags/example_branch_python_dop_operator_3.py
[2023-03-29T01:17:36.420+0000] {processor.py:766} INFO - DAG(s) dict_keys(['example_branch_dop_operator_v3']) retrieved from /home/airflow/.local/lib/python3.7/site-packages/airflow/example_dags/example_branch_python_dop_operator_3.py
[2023-03-29T01:17:36.447+0000] {logging_mixin.py:120} INFO - [2023-03-29T01:17:36.447+0000] {dag.py:2585} INFO - Sync 1 DAGs
[2023-03-29T01:17:36.464+0000] {logging_mixin.py:120} INFO - [2023-03-29T01:17:36.464+0000] {dag.py:3340} INFO - Setting next_dagrun for example_branch_dop_operator_v3 to 2023-03-29T01:16:00+00:00, run_after=2023-03-29T01:17:00+00:00
[2023-03-29T01:17:36.474+0000] {processor.py:176} INFO - Processing /home/airflow/.local/lib/python3.7/site-packages/airflow/example_dags/example_branch_python_dop_operator_3.py took 0.083 seconds
[2023-03-29T01:18:06.686+0000] {processor.py:154} INFO - Started process (PID=544) to work on /home/airflow/.local/lib/python3.7/site-packages/airflow/example_dags/example_branch_python_dop_operator_3.py
[2023-03-29T01:18:06.689+0000] {processor.py:756} INFO - Processing file /home/airflow/.local/lib/python3.7/site-packages/airflow/example_dags/example_branch_python_dop_operator_3.py for tasks to queue
[2023-03-29T01:18:06.691+0000] {logging_mixin.py:120} INFO - [2023-03-29T01:18:06.691+0000] {dagbag.py:537} INFO - Filling up the DagBag from /home/airflow/.local/lib/python3.7/site-packages/airflow/example_dags/example_branch_python_dop_operator_3.py
[2023-03-29T01:18:06.710+0000] {processor.py:766} INFO - DAG(s) dict_keys(['example_branch_dop_operator_v3']) retrieved from /home/airflow/.local/lib/python3.7/site-packages/airflow/example_dags/example_branch_python_dop_operator_3.py
[2023-03-29T01:18:06.739+0000] {logging_mixin.py:120} INFO - [2023-03-29T01:18:06.739+0000] {dag.py:2585} INFO - Sync 1 DAGs
[2023-03-29T01:18:06.755+0000] {logging_mixin.py:120} INFO - [2023-03-29T01:18:06.754+0000] {dag.py:3340} INFO - Setting next_dagrun for example_branch_dop_operator_v3 to 2023-03-29T01:17:00+00:00, run_after=2023-03-29T01:18:00+00:00
[2023-03-29T01:18:06.767+0000] {processor.py:176} INFO - Processing /home/airflow/.local/lib/python3.7/site-packages/airflow/example_dags/example_branch_python_dop_operator_3.py took 0.084 seconds
[2023-03-29T01:18:37.151+0000] {processor.py:154} INFO - Started process (PID=607) to work on /home/airflow/.local/lib/python3.7/site-packages/airflow/example_dags/example_branch_python_dop_operator_3.py
[2023-03-29T01:18:37.154+0000] {processor.py:756} INFO - Processing file /home/airflow/.local/lib/python3.7/site-packages/airflow/example_dags/example_branch_python_dop_operator_3.py for tasks to queue
[2023-03-29T01:18:37.158+0000] {logging_mixin.py:120} INFO - [2023-03-29T01:18:37.158+0000] {dagbag.py:537} INFO - Filling up the DagBag from /home/airflow/.local/lib/python3.7/site-packages/airflow/example_dags/example_branch_python_dop_operator_3.py
[2023-03-29T01:18:37.175+0000] {processor.py:766} INFO - DAG(s) dict_keys(['example_branch_dop_operator_v3']) retrieved from /home/airflow/.local/lib/python3.7/site-packages/airflow/example_dags/example_branch_python_dop_operator_3.py
[2023-03-29T01:18:37.203+0000] {logging_mixin.py:120} INFO - [2023-03-29T01:18:37.203+0000] {dag.py:2585} INFO - Sync 1 DAGs
[2023-03-29T01:18:37.220+0000] {logging_mixin.py:120} INFO - [2023-03-29T01:18:37.219+0000] {dag.py:3340} INFO - Setting next_dagrun for example_branch_dop_operator_v3 to 2023-03-29T01:17:00+00:00, run_after=2023-03-29T01:18:00+00:00
[2023-03-29T01:18:37.231+0000] {processor.py:176} INFO - Processing /home/airflow/.local/lib/python3.7/site-packages/airflow/example_dags/example_branch_python_dop_operator_3.py took 0.083 seconds
[2023-03-29T01:19:07.590+0000] {processor.py:154} INFO - Started process (PID=661) to work on /home/airflow/.local/lib/python3.7/site-packages/airflow/example_dags/example_branch_python_dop_operator_3.py
[2023-03-29T01:19:07.591+0000] {processor.py:756} INFO - Processing file /home/airflow/.local/lib/python3.7/site-packages/airflow/example_dags/example_branch_python_dop_operator_3.py for tasks to queue
[2023-03-29T01:19:07.593+0000] {logging_mixin.py:120} INFO - [2023-03-29T01:19:07.593+0000] {dagbag.py:537} INFO - Filling up the DagBag from /home/airflow/.local/lib/python3.7/site-packages/airflow/example_dags/example_branch_python_dop_operator_3.py
[2023-03-29T01:19:07.612+0000] {processor.py:766} INFO - DAG(s) dict_keys(['example_branch_dop_operator_v3']) retrieved from /home/airflow/.local/lib/python3.7/site-packages/airflow/example_dags/example_branch_python_dop_operator_3.py
[2023-03-29T01:19:07.639+0000] {logging_mixin.py:120} INFO - [2023-03-29T01:19:07.639+0000] {dag.py:2585} INFO - Sync 1 DAGs
[2023-03-29T01:19:07.657+0000] {logging_mixin.py:120} INFO - [2023-03-29T01:19:07.657+0000] {dag.py:3340} INFO - Setting next_dagrun for example_branch_dop_operator_v3 to 2023-03-29T01:18:00+00:00, run_after=2023-03-29T01:19:00+00:00
[2023-03-29T01:19:07.679+0000] {processor.py:176} INFO - Processing /home/airflow/.local/lib/python3.7/site-packages/airflow/example_dags/example_branch_python_dop_operator_3.py took 0.093 seconds
[2023-03-29T01:19:37.845+0000] {processor.py:154} INFO - Started process (PID=723) to work on /home/airflow/.local/lib/python3.7/site-packages/airflow/example_dags/example_branch_python_dop_operator_3.py
[2023-03-29T01:19:37.847+0000] {processor.py:756} INFO - Processing file /home/airflow/.local/lib/python3.7/site-packages/airflow/example_dags/example_branch_python_dop_operator_3.py for tasks to queue
[2023-03-29T01:19:37.848+0000] {logging_mixin.py:120} INFO - [2023-03-29T01:19:37.848+0000] {dagbag.py:537} INFO - Filling up the DagBag from /home/airflow/.local/lib/python3.7/site-packages/airflow/example_dags/example_branch_python_dop_operator_3.py
[2023-03-29T01:19:37.862+0000] {processor.py:766} INFO - DAG(s) dict_keys(['example_branch_dop_operator_v3']) retrieved from /home/airflow/.local/lib/python3.7/site-packages/airflow/example_dags/example_branch_python_dop_operator_3.py
[2023-03-29T01:19:37.888+0000] {logging_mixin.py:120} INFO - [2023-03-29T01:19:37.888+0000] {dag.py:2585} INFO - Sync 1 DAGs
[2023-03-29T01:19:37.905+0000] {logging_mixin.py:120} INFO - [2023-03-29T01:19:37.905+0000] {dag.py:3340} INFO - Setting next_dagrun for example_branch_dop_operator_v3 to 2023-03-29T01:18:00+00:00, run_after=2023-03-29T01:19:00+00:00
[2023-03-29T01:19:37.917+0000] {processor.py:176} INFO - Processing /home/airflow/.local/lib/python3.7/site-packages/airflow/example_dags/example_branch_python_dop_operator_3.py took 0.075 seconds
[2023-03-29T01:20:08.203+0000] {processor.py:154} INFO - Started process (PID=786) to work on /home/airflow/.local/lib/python3.7/site-packages/airflow/example_dags/example_branch_python_dop_operator_3.py
[2023-03-29T01:20:08.206+0000] {processor.py:756} INFO - Processing file /home/airflow/.local/lib/python3.7/site-packages/airflow/example_dags/example_branch_python_dop_operator_3.py for tasks to queue
[2023-03-29T01:20:08.208+0000] {logging_mixin.py:120} INFO - [2023-03-29T01:20:08.207+0000] {dagbag.py:537} INFO - Filling up the DagBag from /home/airflow/.local/lib/python3.7/site-packages/airflow/example_dags/example_branch_python_dop_operator_3.py
[2023-03-29T01:20:08.224+0000] {processor.py:766} INFO - DAG(s) dict_keys(['example_branch_dop_operator_v3']) retrieved from /home/airflow/.local/lib/python3.7/site-packages/airflow/example_dags/example_branch_python_dop_operator_3.py
[2023-03-29T01:20:08.251+0000] {logging_mixin.py:120} INFO - [2023-03-29T01:20:08.251+0000] {dag.py:2585} INFO - Sync 1 DAGs
[2023-03-29T01:20:08.267+0000] {logging_mixin.py:120} INFO - [2023-03-29T01:20:08.267+0000] {dag.py:3340} INFO - Setting next_dagrun for example_branch_dop_operator_v3 to 2023-03-29T01:19:00+00:00, run_after=2023-03-29T01:20:00+00:00
[2023-03-29T01:20:08.279+0000] {processor.py:176} INFO - Processing /home/airflow/.local/lib/python3.7/site-packages/airflow/example_dags/example_branch_python_dop_operator_3.py took 0.079 seconds
