[2023-03-29T01:14:04.052+0000] {processor.py:154} INFO - Started process (PID=50) to work on /home/airflow/.local/lib/python3.7/site-packages/airflow/example_dags/example_bash_operator.py
[2023-03-29T01:14:04.054+0000] {processor.py:756} INFO - Processing file /home/airflow/.local/lib/python3.7/site-packages/airflow/example_dags/example_bash_operator.py for tasks to queue
[2023-03-29T01:14:04.056+0000] {logging_mixin.py:120} INFO - [2023-03-29T01:14:04.056+0000] {dagbag.py:537} INFO - Filling up the DagBag from /home/airflow/.local/lib/python3.7/site-packages/airflow/example_dags/example_bash_operator.py
[2023-03-29T01:14:04.129+0000] {processor.py:766} INFO - DAG(s) dict_keys(['example_bash_operator']) retrieved from /home/airflow/.local/lib/python3.7/site-packages/airflow/example_dags/example_bash_operator.py
[2023-03-29T01:14:04.282+0000] {logging_mixin.py:120} INFO - [2023-03-29T01:14:04.282+0000] {manager.py:507} INFO - Created Permission View: can delete on DAG:example_bash_operator
[2023-03-29T01:14:04.291+0000] {logging_mixin.py:120} INFO - [2023-03-29T01:14:04.291+0000] {manager.py:507} INFO - Created Permission View: can edit on DAG:example_bash_operator
[2023-03-29T01:14:04.297+0000] {logging_mixin.py:120} INFO - [2023-03-29T01:14:04.296+0000] {manager.py:507} INFO - Created Permission View: can read on DAG:example_bash_operator
[2023-03-29T01:14:04.297+0000] {logging_mixin.py:120} INFO - [2023-03-29T01:14:04.297+0000] {dag.py:2585} INFO - Sync 1 DAGs
[2023-03-29T01:14:04.307+0000] {logging_mixin.py:120} INFO - [2023-03-29T01:14:04.307+0000] {dag.py:2606} INFO - Creating ORM DAG for example_bash_operator
[2023-03-29T01:14:04.326+0000] {logging_mixin.py:120} INFO - [2023-03-29T01:14:04.326+0000] {dag.py:3340} INFO - Setting next_dagrun for example_bash_operator to 2023-03-28T00:00:00+00:00, run_after=2023-03-29T00:00:00+00:00
[2023-03-29T01:14:04.355+0000] {processor.py:176} INFO - Processing /home/airflow/.local/lib/python3.7/site-packages/airflow/example_dags/example_bash_operator.py took 0.344 seconds
[2023-03-29T01:14:34.613+0000] {processor.py:154} INFO - Started process (PID=113) to work on /home/airflow/.local/lib/python3.7/site-packages/airflow/example_dags/example_bash_operator.py
[2023-03-29T01:14:34.614+0000] {processor.py:756} INFO - Processing file /home/airflow/.local/lib/python3.7/site-packages/airflow/example_dags/example_bash_operator.py for tasks to queue
[2023-03-29T01:14:34.615+0000] {logging_mixin.py:120} INFO - [2023-03-29T01:14:34.615+0000] {dagbag.py:537} INFO - Filling up the DagBag from /home/airflow/.local/lib/python3.7/site-packages/airflow/example_dags/example_bash_operator.py
[2023-03-29T01:14:34.629+0000] {processor.py:766} INFO - DAG(s) dict_keys(['example_bash_operator']) retrieved from /home/airflow/.local/lib/python3.7/site-packages/airflow/example_dags/example_bash_operator.py
[2023-03-29T01:14:34.656+0000] {logging_mixin.py:120} INFO - [2023-03-29T01:14:34.656+0000] {dag.py:2585} INFO - Sync 1 DAGs
[2023-03-29T01:14:34.671+0000] {logging_mixin.py:120} INFO - [2023-03-29T01:14:34.671+0000] {dag.py:3340} INFO - Setting next_dagrun for example_bash_operator to 2023-03-28T00:00:00+00:00, run_after=2023-03-29T00:00:00+00:00
[2023-03-29T01:14:34.684+0000] {processor.py:176} INFO - Processing /home/airflow/.local/lib/python3.7/site-packages/airflow/example_dags/example_bash_operator.py took 0.074 seconds
[2023-03-29T01:15:04.973+0000] {processor.py:154} INFO - Started process (PID=177) to work on /home/airflow/.local/lib/python3.7/site-packages/airflow/example_dags/example_bash_operator.py
[2023-03-29T01:15:04.974+0000] {processor.py:756} INFO - Processing file /home/airflow/.local/lib/python3.7/site-packages/airflow/example_dags/example_bash_operator.py for tasks to queue
[2023-03-29T01:15:04.976+0000] {logging_mixin.py:120} INFO - [2023-03-29T01:15:04.976+0000] {dagbag.py:537} INFO - Filling up the DagBag from /home/airflow/.local/lib/python3.7/site-packages/airflow/example_dags/example_bash_operator.py
[2023-03-29T01:15:04.989+0000] {processor.py:766} INFO - DAG(s) dict_keys(['example_bash_operator']) retrieved from /home/airflow/.local/lib/python3.7/site-packages/airflow/example_dags/example_bash_operator.py
[2023-03-29T01:15:05.017+0000] {logging_mixin.py:120} INFO - [2023-03-29T01:15:05.017+0000] {dag.py:2585} INFO - Sync 1 DAGs
[2023-03-29T01:15:05.032+0000] {logging_mixin.py:120} INFO - [2023-03-29T01:15:05.032+0000] {dag.py:3340} INFO - Setting next_dagrun for example_bash_operator to 2023-03-28T00:00:00+00:00, run_after=2023-03-29T00:00:00+00:00
[2023-03-29T01:15:05.045+0000] {processor.py:176} INFO - Processing /home/airflow/.local/lib/python3.7/site-packages/airflow/example_dags/example_bash_operator.py took 0.073 seconds
[2023-03-29T01:15:35.241+0000] {processor.py:154} INFO - Started process (PID=240) to work on /home/airflow/.local/lib/python3.7/site-packages/airflow/example_dags/example_bash_operator.py
[2023-03-29T01:15:35.243+0000] {processor.py:756} INFO - Processing file /home/airflow/.local/lib/python3.7/site-packages/airflow/example_dags/example_bash_operator.py for tasks to queue
[2023-03-29T01:15:35.244+0000] {logging_mixin.py:120} INFO - [2023-03-29T01:15:35.244+0000] {dagbag.py:537} INFO - Filling up the DagBag from /home/airflow/.local/lib/python3.7/site-packages/airflow/example_dags/example_bash_operator.py
[2023-03-29T01:15:35.257+0000] {processor.py:766} INFO - DAG(s) dict_keys(['example_bash_operator']) retrieved from /home/airflow/.local/lib/python3.7/site-packages/airflow/example_dags/example_bash_operator.py
[2023-03-29T01:15:35.286+0000] {logging_mixin.py:120} INFO - [2023-03-29T01:15:35.286+0000] {dag.py:2585} INFO - Sync 1 DAGs
[2023-03-29T01:15:35.301+0000] {logging_mixin.py:120} INFO - [2023-03-29T01:15:35.301+0000] {dag.py:3340} INFO - Setting next_dagrun for example_bash_operator to 2023-03-28T00:00:00+00:00, run_after=2023-03-29T00:00:00+00:00
[2023-03-29T01:15:35.313+0000] {processor.py:176} INFO - Processing /home/airflow/.local/lib/python3.7/site-packages/airflow/example_dags/example_bash_operator.py took 0.075 seconds
[2023-03-29T01:16:05.521+0000] {processor.py:154} INFO - Started process (PID=303) to work on /home/airflow/.local/lib/python3.7/site-packages/airflow/example_dags/example_bash_operator.py
[2023-03-29T01:16:05.523+0000] {processor.py:756} INFO - Processing file /home/airflow/.local/lib/python3.7/site-packages/airflow/example_dags/example_bash_operator.py for tasks to queue
[2023-03-29T01:16:05.524+0000] {logging_mixin.py:120} INFO - [2023-03-29T01:16:05.523+0000] {dagbag.py:537} INFO - Filling up the DagBag from /home/airflow/.local/lib/python3.7/site-packages/airflow/example_dags/example_bash_operator.py
[2023-03-29T01:16:05.539+0000] {processor.py:766} INFO - DAG(s) dict_keys(['example_bash_operator']) retrieved from /home/airflow/.local/lib/python3.7/site-packages/airflow/example_dags/example_bash_operator.py
[2023-03-29T01:16:05.568+0000] {logging_mixin.py:120} INFO - [2023-03-29T01:16:05.568+0000] {dag.py:2585} INFO - Sync 1 DAGs
[2023-03-29T01:16:05.584+0000] {logging_mixin.py:120} INFO - [2023-03-29T01:16:05.583+0000] {dag.py:3340} INFO - Setting next_dagrun for example_bash_operator to 2023-03-28T00:00:00+00:00, run_after=2023-03-29T00:00:00+00:00
[2023-03-29T01:16:05.597+0000] {processor.py:176} INFO - Processing /home/airflow/.local/lib/python3.7/site-packages/airflow/example_dags/example_bash_operator.py took 0.079 seconds
[2023-03-29T01:16:35.758+0000] {processor.py:154} INFO - Started process (PID=357) to work on /home/airflow/.local/lib/python3.7/site-packages/airflow/example_dags/example_bash_operator.py
[2023-03-29T01:16:35.760+0000] {processor.py:756} INFO - Processing file /home/airflow/.local/lib/python3.7/site-packages/airflow/example_dags/example_bash_operator.py for tasks to queue
[2023-03-29T01:16:35.761+0000] {logging_mixin.py:120} INFO - [2023-03-29T01:16:35.761+0000] {dagbag.py:537} INFO - Filling up the DagBag from /home/airflow/.local/lib/python3.7/site-packages/airflow/example_dags/example_bash_operator.py
[2023-03-29T01:16:35.775+0000] {processor.py:766} INFO - DAG(s) dict_keys(['example_bash_operator']) retrieved from /home/airflow/.local/lib/python3.7/site-packages/airflow/example_dags/example_bash_operator.py
[2023-03-29T01:16:35.805+0000] {logging_mixin.py:120} INFO - [2023-03-29T01:16:35.805+0000] {dag.py:2585} INFO - Sync 1 DAGs
[2023-03-29T01:16:35.821+0000] {logging_mixin.py:120} INFO - [2023-03-29T01:16:35.821+0000] {dag.py:3340} INFO - Setting next_dagrun for example_bash_operator to 2023-03-28T00:00:00+00:00, run_after=2023-03-29T00:00:00+00:00
[2023-03-29T01:16:35.834+0000] {processor.py:176} INFO - Processing /home/airflow/.local/lib/python3.7/site-packages/airflow/example_dags/example_bash_operator.py took 0.078 seconds
[2023-03-29T01:17:06.173+0000] {processor.py:154} INFO - Started process (PID=420) to work on /home/airflow/.local/lib/python3.7/site-packages/airflow/example_dags/example_bash_operator.py
[2023-03-29T01:17:06.174+0000] {processor.py:756} INFO - Processing file /home/airflow/.local/lib/python3.7/site-packages/airflow/example_dags/example_bash_operator.py for tasks to queue
[2023-03-29T01:17:06.175+0000] {logging_mixin.py:120} INFO - [2023-03-29T01:17:06.175+0000] {dagbag.py:537} INFO - Filling up the DagBag from /home/airflow/.local/lib/python3.7/site-packages/airflow/example_dags/example_bash_operator.py
[2023-03-29T01:17:06.189+0000] {processor.py:766} INFO - DAG(s) dict_keys(['example_bash_operator']) retrieved from /home/airflow/.local/lib/python3.7/site-packages/airflow/example_dags/example_bash_operator.py
[2023-03-29T01:17:06.218+0000] {logging_mixin.py:120} INFO - [2023-03-29T01:17:06.218+0000] {dag.py:2585} INFO - Sync 1 DAGs
[2023-03-29T01:17:06.233+0000] {logging_mixin.py:120} INFO - [2023-03-29T01:17:06.233+0000] {dag.py:3340} INFO - Setting next_dagrun for example_bash_operator to 2023-03-28T00:00:00+00:00, run_after=2023-03-29T00:00:00+00:00
[2023-03-29T01:17:06.247+0000] {processor.py:176} INFO - Processing /home/airflow/.local/lib/python3.7/site-packages/airflow/example_dags/example_bash_operator.py took 0.077 seconds
[2023-03-29T01:17:36.585+0000] {processor.py:154} INFO - Started process (PID=483) to work on /home/airflow/.local/lib/python3.7/site-packages/airflow/example_dags/example_bash_operator.py
[2023-03-29T01:17:36.586+0000] {processor.py:756} INFO - Processing file /home/airflow/.local/lib/python3.7/site-packages/airflow/example_dags/example_bash_operator.py for tasks to queue
[2023-03-29T01:17:36.588+0000] {logging_mixin.py:120} INFO - [2023-03-29T01:17:36.587+0000] {dagbag.py:537} INFO - Filling up the DagBag from /home/airflow/.local/lib/python3.7/site-packages/airflow/example_dags/example_bash_operator.py
[2023-03-29T01:17:36.600+0000] {processor.py:766} INFO - DAG(s) dict_keys(['example_bash_operator']) retrieved from /home/airflow/.local/lib/python3.7/site-packages/airflow/example_dags/example_bash_operator.py
[2023-03-29T01:17:36.628+0000] {logging_mixin.py:120} INFO - [2023-03-29T01:17:36.628+0000] {dag.py:2585} INFO - Sync 1 DAGs
[2023-03-29T01:17:36.643+0000] {logging_mixin.py:120} INFO - [2023-03-29T01:17:36.643+0000] {dag.py:3340} INFO - Setting next_dagrun for example_bash_operator to 2023-03-28T00:00:00+00:00, run_after=2023-03-29T00:00:00+00:00
[2023-03-29T01:17:36.656+0000] {processor.py:176} INFO - Processing /home/airflow/.local/lib/python3.7/site-packages/airflow/example_dags/example_bash_operator.py took 0.074 seconds
[2023-03-29T01:18:06.879+0000] {processor.py:154} INFO - Started process (PID=547) to work on /home/airflow/.local/lib/python3.7/site-packages/airflow/example_dags/example_bash_operator.py
[2023-03-29T01:18:06.881+0000] {processor.py:756} INFO - Processing file /home/airflow/.local/lib/python3.7/site-packages/airflow/example_dags/example_bash_operator.py for tasks to queue
[2023-03-29T01:18:06.882+0000] {logging_mixin.py:120} INFO - [2023-03-29T01:18:06.882+0000] {dagbag.py:537} INFO - Filling up the DagBag from /home/airflow/.local/lib/python3.7/site-packages/airflow/example_dags/example_bash_operator.py
[2023-03-29T01:18:06.895+0000] {processor.py:766} INFO - DAG(s) dict_keys(['example_bash_operator']) retrieved from /home/airflow/.local/lib/python3.7/site-packages/airflow/example_dags/example_bash_operator.py
[2023-03-29T01:18:06.926+0000] {logging_mixin.py:120} INFO - [2023-03-29T01:18:06.926+0000] {dag.py:2585} INFO - Sync 1 DAGs
[2023-03-29T01:18:06.941+0000] {logging_mixin.py:120} INFO - [2023-03-29T01:18:06.941+0000] {dag.py:3340} INFO - Setting next_dagrun for example_bash_operator to 2023-03-28T00:00:00+00:00, run_after=2023-03-29T00:00:00+00:00
[2023-03-29T01:18:06.953+0000] {processor.py:176} INFO - Processing /home/airflow/.local/lib/python3.7/site-packages/airflow/example_dags/example_bash_operator.py took 0.076 seconds
[2023-03-29T01:18:37.342+0000] {processor.py:154} INFO - Started process (PID=610) to work on /home/airflow/.local/lib/python3.7/site-packages/airflow/example_dags/example_bash_operator.py
[2023-03-29T01:18:37.344+0000] {processor.py:756} INFO - Processing file /home/airflow/.local/lib/python3.7/site-packages/airflow/example_dags/example_bash_operator.py for tasks to queue
[2023-03-29T01:18:37.345+0000] {logging_mixin.py:120} INFO - [2023-03-29T01:18:37.345+0000] {dagbag.py:537} INFO - Filling up the DagBag from /home/airflow/.local/lib/python3.7/site-packages/airflow/example_dags/example_bash_operator.py
[2023-03-29T01:18:37.361+0000] {processor.py:766} INFO - DAG(s) dict_keys(['example_bash_operator']) retrieved from /home/airflow/.local/lib/python3.7/site-packages/airflow/example_dags/example_bash_operator.py
[2023-03-29T01:18:37.391+0000] {logging_mixin.py:120} INFO - [2023-03-29T01:18:37.391+0000] {dag.py:2585} INFO - Sync 1 DAGs
[2023-03-29T01:18:37.405+0000] {logging_mixin.py:120} INFO - [2023-03-29T01:18:37.405+0000] {dag.py:3340} INFO - Setting next_dagrun for example_bash_operator to 2023-03-28T00:00:00+00:00, run_after=2023-03-29T00:00:00+00:00
[2023-03-29T01:18:37.420+0000] {processor.py:176} INFO - Processing /home/airflow/.local/lib/python3.7/site-packages/airflow/example_dags/example_bash_operator.py took 0.079 seconds
[2023-03-29T01:19:07.799+0000] {processor.py:154} INFO - Started process (PID=670) to work on /home/airflow/.local/lib/python3.7/site-packages/airflow/example_dags/example_bash_operator.py
[2023-03-29T01:19:07.801+0000] {processor.py:756} INFO - Processing file /home/airflow/.local/lib/python3.7/site-packages/airflow/example_dags/example_bash_operator.py for tasks to queue
[2023-03-29T01:19:07.802+0000] {logging_mixin.py:120} INFO - [2023-03-29T01:19:07.802+0000] {dagbag.py:537} INFO - Filling up the DagBag from /home/airflow/.local/lib/python3.7/site-packages/airflow/example_dags/example_bash_operator.py
[2023-03-29T01:19:07.818+0000] {processor.py:766} INFO - DAG(s) dict_keys(['example_bash_operator']) retrieved from /home/airflow/.local/lib/python3.7/site-packages/airflow/example_dags/example_bash_operator.py
[2023-03-29T01:19:07.849+0000] {logging_mixin.py:120} INFO - [2023-03-29T01:19:07.849+0000] {dag.py:2585} INFO - Sync 1 DAGs
[2023-03-29T01:19:07.867+0000] {logging_mixin.py:120} INFO - [2023-03-29T01:19:07.867+0000] {dag.py:3340} INFO - Setting next_dagrun for example_bash_operator to 2023-03-28T00:00:00+00:00, run_after=2023-03-29T00:00:00+00:00
[2023-03-29T01:19:07.882+0000] {processor.py:176} INFO - Processing /home/airflow/.local/lib/python3.7/site-packages/airflow/example_dags/example_bash_operator.py took 0.085 seconds
[2023-03-29T01:19:38.113+0000] {processor.py:154} INFO - Started process (PID=726) to work on /home/airflow/.local/lib/python3.7/site-packages/airflow/example_dags/example_bash_operator.py
[2023-03-29T01:19:38.115+0000] {processor.py:756} INFO - Processing file /home/airflow/.local/lib/python3.7/site-packages/airflow/example_dags/example_bash_operator.py for tasks to queue
[2023-03-29T01:19:38.116+0000] {logging_mixin.py:120} INFO - [2023-03-29T01:19:38.116+0000] {dagbag.py:537} INFO - Filling up the DagBag from /home/airflow/.local/lib/python3.7/site-packages/airflow/example_dags/example_bash_operator.py
[2023-03-29T01:19:38.131+0000] {processor.py:766} INFO - DAG(s) dict_keys(['example_bash_operator']) retrieved from /home/airflow/.local/lib/python3.7/site-packages/airflow/example_dags/example_bash_operator.py
[2023-03-29T01:19:38.161+0000] {logging_mixin.py:120} INFO - [2023-03-29T01:19:38.160+0000] {dag.py:2585} INFO - Sync 1 DAGs
[2023-03-29T01:19:38.175+0000] {logging_mixin.py:120} INFO - [2023-03-29T01:19:38.175+0000] {dag.py:3340} INFO - Setting next_dagrun for example_bash_operator to 2023-03-28T00:00:00+00:00, run_after=2023-03-29T00:00:00+00:00
[2023-03-29T01:19:38.186+0000] {processor.py:176} INFO - Processing /home/airflow/.local/lib/python3.7/site-packages/airflow/example_dags/example_bash_operator.py took 0.076 seconds
[2023-03-29T01:20:08.467+0000] {processor.py:154} INFO - Started process (PID=789) to work on /home/airflow/.local/lib/python3.7/site-packages/airflow/example_dags/example_bash_operator.py
[2023-03-29T01:20:08.469+0000] {processor.py:756} INFO - Processing file /home/airflow/.local/lib/python3.7/site-packages/airflow/example_dags/example_bash_operator.py for tasks to queue
[2023-03-29T01:20:08.471+0000] {logging_mixin.py:120} INFO - [2023-03-29T01:20:08.471+0000] {dagbag.py:537} INFO - Filling up the DagBag from /home/airflow/.local/lib/python3.7/site-packages/airflow/example_dags/example_bash_operator.py
[2023-03-29T01:20:08.485+0000] {processor.py:766} INFO - DAG(s) dict_keys(['example_bash_operator']) retrieved from /home/airflow/.local/lib/python3.7/site-packages/airflow/example_dags/example_bash_operator.py
[2023-03-29T01:20:08.515+0000] {logging_mixin.py:120} INFO - [2023-03-29T01:20:08.515+0000] {dag.py:2585} INFO - Sync 1 DAGs
[2023-03-29T01:20:08.529+0000] {logging_mixin.py:120} INFO - [2023-03-29T01:20:08.529+0000] {dag.py:3340} INFO - Setting next_dagrun for example_bash_operator to 2023-03-28T00:00:00+00:00, run_after=2023-03-29T00:00:00+00:00
[2023-03-29T01:20:08.541+0000] {processor.py:176} INFO - Processing /home/airflow/.local/lib/python3.7/site-packages/airflow/example_dags/example_bash_operator.py took 0.077 seconds
