[2023-03-29T01:14:06.848+0000] {processor.py:154} INFO - Started process (PID=75) to work on /home/airflow/.local/lib/python3.7/site-packages/airflow/example_dags/example_latest_only_with_trigger.py
[2023-03-29T01:14:06.851+0000] {processor.py:756} INFO - Processing file /home/airflow/.local/lib/python3.7/site-packages/airflow/example_dags/example_latest_only_with_trigger.py for tasks to queue
[2023-03-29T01:14:06.853+0000] {logging_mixin.py:120} INFO - [2023-03-29T01:14:06.853+0000] {dagbag.py:537} INFO - Filling up the DagBag from /home/airflow/.local/lib/python3.7/site-packages/airflow/example_dags/example_latest_only_with_trigger.py
[2023-03-29T01:14:06.878+0000] {processor.py:766} INFO - DAG(s) dict_keys(['latest_only_with_trigger']) retrieved from /home/airflow/.local/lib/python3.7/site-packages/airflow/example_dags/example_latest_only_with_trigger.py
[2023-03-29T01:14:06.966+0000] {logging_mixin.py:120} INFO - [2023-03-29T01:14:06.966+0000] {manager.py:507} INFO - Created Permission View: can delete on DAG:latest_only_with_trigger
[2023-03-29T01:14:06.975+0000] {logging_mixin.py:120} INFO - [2023-03-29T01:14:06.975+0000] {manager.py:507} INFO - Created Permission View: can edit on DAG:latest_only_with_trigger
[2023-03-29T01:14:06.985+0000] {logging_mixin.py:120} INFO - [2023-03-29T01:14:06.985+0000] {manager.py:507} INFO - Created Permission View: can read on DAG:latest_only_with_trigger
[2023-03-29T01:14:06.987+0000] {logging_mixin.py:120} INFO - [2023-03-29T01:14:06.986+0000] {dag.py:2585} INFO - Sync 1 DAGs
[2023-03-29T01:14:07.002+0000] {logging_mixin.py:120} INFO - [2023-03-29T01:14:07.002+0000] {dag.py:2606} INFO - Creating ORM DAG for latest_only_with_trigger
[2023-03-29T01:14:07.015+0000] {logging_mixin.py:120} INFO - [2023-03-29T01:14:07.015+0000] {dag.py:3340} INFO - Setting next_dagrun for latest_only_with_trigger to 2023-03-28T21:14:07.015663+00:00, run_after=2023-03-29T01:14:07.015663+00:00
[2023-03-29T01:14:07.038+0000] {processor.py:176} INFO - Processing /home/airflow/.local/lib/python3.7/site-packages/airflow/example_dags/example_latest_only_with_trigger.py took 0.197 seconds
[2023-03-29T01:14:37.556+0000] {processor.py:154} INFO - Started process (PID=129) to work on /home/airflow/.local/lib/python3.7/site-packages/airflow/example_dags/example_latest_only_with_trigger.py
[2023-03-29T01:14:37.558+0000] {processor.py:756} INFO - Processing file /home/airflow/.local/lib/python3.7/site-packages/airflow/example_dags/example_latest_only_with_trigger.py for tasks to queue
[2023-03-29T01:14:37.559+0000] {logging_mixin.py:120} INFO - [2023-03-29T01:14:37.559+0000] {dagbag.py:537} INFO - Filling up the DagBag from /home/airflow/.local/lib/python3.7/site-packages/airflow/example_dags/example_latest_only_with_trigger.py
[2023-03-29T01:14:37.569+0000] {processor.py:766} INFO - DAG(s) dict_keys(['latest_only_with_trigger']) retrieved from /home/airflow/.local/lib/python3.7/site-packages/airflow/example_dags/example_latest_only_with_trigger.py
[2023-03-29T01:14:37.594+0000] {logging_mixin.py:120} INFO - [2023-03-29T01:14:37.594+0000] {dag.py:2585} INFO - Sync 1 DAGs
[2023-03-29T01:14:37.611+0000] {logging_mixin.py:120} INFO - [2023-03-29T01:14:37.611+0000] {dag.py:3340} INFO - Setting next_dagrun for latest_only_with_trigger to 2023-03-28T21:14:37.610937+00:00, run_after=2023-03-29T01:14:37.610937+00:00
[2023-03-29T01:14:37.625+0000] {processor.py:176} INFO - Processing /home/airflow/.local/lib/python3.7/site-packages/airflow/example_dags/example_latest_only_with_trigger.py took 0.071 seconds
[2023-03-29T01:15:07.863+0000] {processor.py:154} INFO - Started process (PID=193) to work on /home/airflow/.local/lib/python3.7/site-packages/airflow/example_dags/example_latest_only_with_trigger.py
[2023-03-29T01:15:07.864+0000] {processor.py:756} INFO - Processing file /home/airflow/.local/lib/python3.7/site-packages/airflow/example_dags/example_latest_only_with_trigger.py for tasks to queue
[2023-03-29T01:15:07.865+0000] {logging_mixin.py:120} INFO - [2023-03-29T01:15:07.865+0000] {dagbag.py:537} INFO - Filling up the DagBag from /home/airflow/.local/lib/python3.7/site-packages/airflow/example_dags/example_latest_only_with_trigger.py
[2023-03-29T01:15:07.876+0000] {processor.py:766} INFO - DAG(s) dict_keys(['latest_only_with_trigger']) retrieved from /home/airflow/.local/lib/python3.7/site-packages/airflow/example_dags/example_latest_only_with_trigger.py
[2023-03-29T01:15:07.902+0000] {logging_mixin.py:120} INFO - [2023-03-29T01:15:07.902+0000] {dag.py:2585} INFO - Sync 1 DAGs
[2023-03-29T01:15:07.918+0000] {logging_mixin.py:120} INFO - [2023-03-29T01:15:07.918+0000] {dag.py:3340} INFO - Setting next_dagrun for latest_only_with_trigger to 2023-03-28T21:15:07.918333+00:00, run_after=2023-03-29T01:15:07.918333+00:00
[2023-03-29T01:15:07.930+0000] {processor.py:176} INFO - Processing /home/airflow/.local/lib/python3.7/site-packages/airflow/example_dags/example_latest_only_with_trigger.py took 0.069 seconds
[2023-03-29T01:15:38.307+0000] {processor.py:154} INFO - Started process (PID=256) to work on /home/airflow/.local/lib/python3.7/site-packages/airflow/example_dags/example_latest_only_with_trigger.py
[2023-03-29T01:15:38.309+0000] {processor.py:756} INFO - Processing file /home/airflow/.local/lib/python3.7/site-packages/airflow/example_dags/example_latest_only_with_trigger.py for tasks to queue
[2023-03-29T01:15:38.311+0000] {logging_mixin.py:120} INFO - [2023-03-29T01:15:38.311+0000] {dagbag.py:537} INFO - Filling up the DagBag from /home/airflow/.local/lib/python3.7/site-packages/airflow/example_dags/example_latest_only_with_trigger.py
[2023-03-29T01:15:38.321+0000] {processor.py:766} INFO - DAG(s) dict_keys(['latest_only_with_trigger']) retrieved from /home/airflow/.local/lib/python3.7/site-packages/airflow/example_dags/example_latest_only_with_trigger.py
[2023-03-29T01:15:38.349+0000] {logging_mixin.py:120} INFO - [2023-03-29T01:15:38.349+0000] {dag.py:2585} INFO - Sync 1 DAGs
[2023-03-29T01:15:38.364+0000] {logging_mixin.py:120} INFO - [2023-03-29T01:15:38.364+0000] {dag.py:3340} INFO - Setting next_dagrun for latest_only_with_trigger to 2023-03-28T21:15:38.364182+00:00, run_after=2023-03-29T01:15:38.364182+00:00
[2023-03-29T01:15:38.376+0000] {processor.py:176} INFO - Processing /home/airflow/.local/lib/python3.7/site-packages/airflow/example_dags/example_latest_only_with_trigger.py took 0.071 seconds
[2023-03-29T01:16:08.468+0000] {processor.py:154} INFO - Started process (PID=319) to work on /home/airflow/.local/lib/python3.7/site-packages/airflow/example_dags/example_latest_only_with_trigger.py
[2023-03-29T01:16:08.470+0000] {processor.py:756} INFO - Processing file /home/airflow/.local/lib/python3.7/site-packages/airflow/example_dags/example_latest_only_with_trigger.py for tasks to queue
[2023-03-29T01:16:08.471+0000] {logging_mixin.py:120} INFO - [2023-03-29T01:16:08.471+0000] {dagbag.py:537} INFO - Filling up the DagBag from /home/airflow/.local/lib/python3.7/site-packages/airflow/example_dags/example_latest_only_with_trigger.py
[2023-03-29T01:16:08.480+0000] {processor.py:766} INFO - DAG(s) dict_keys(['latest_only_with_trigger']) retrieved from /home/airflow/.local/lib/python3.7/site-packages/airflow/example_dags/example_latest_only_with_trigger.py
[2023-03-29T01:16:08.506+0000] {logging_mixin.py:120} INFO - [2023-03-29T01:16:08.506+0000] {dag.py:2585} INFO - Sync 1 DAGs
[2023-03-29T01:16:08.522+0000] {logging_mixin.py:120} INFO - [2023-03-29T01:16:08.522+0000] {dag.py:3340} INFO - Setting next_dagrun for latest_only_with_trigger to 2023-03-28T21:16:08.521835+00:00, run_after=2023-03-29T01:16:08.521835+00:00
[2023-03-29T01:16:08.535+0000] {processor.py:176} INFO - Processing /home/airflow/.local/lib/python3.7/site-packages/airflow/example_dags/example_latest_only_with_trigger.py took 0.069 seconds
[2023-03-29T01:16:38.780+0000] {processor.py:154} INFO - Started process (PID=382) to work on /home/airflow/.local/lib/python3.7/site-packages/airflow/example_dags/example_latest_only_with_trigger.py
[2023-03-29T01:16:38.782+0000] {processor.py:756} INFO - Processing file /home/airflow/.local/lib/python3.7/site-packages/airflow/example_dags/example_latest_only_with_trigger.py for tasks to queue
[2023-03-29T01:16:38.784+0000] {logging_mixin.py:120} INFO - [2023-03-29T01:16:38.784+0000] {dagbag.py:537} INFO - Filling up the DagBag from /home/airflow/.local/lib/python3.7/site-packages/airflow/example_dags/example_latest_only_with_trigger.py
[2023-03-29T01:16:38.796+0000] {processor.py:766} INFO - DAG(s) dict_keys(['latest_only_with_trigger']) retrieved from /home/airflow/.local/lib/python3.7/site-packages/airflow/example_dags/example_latest_only_with_trigger.py
[2023-03-29T01:16:38.822+0000] {logging_mixin.py:120} INFO - [2023-03-29T01:16:38.822+0000] {dag.py:2585} INFO - Sync 1 DAGs
[2023-03-29T01:16:38.836+0000] {logging_mixin.py:120} INFO - [2023-03-29T01:16:38.836+0000] {dag.py:3340} INFO - Setting next_dagrun for latest_only_with_trigger to 2023-03-28T21:16:38.836074+00:00, run_after=2023-03-29T01:16:38.836074+00:00
[2023-03-29T01:16:38.847+0000] {processor.py:176} INFO - Processing /home/airflow/.local/lib/python3.7/site-packages/airflow/example_dags/example_latest_only_with_trigger.py took 0.069 seconds
[2023-03-29T01:17:09.185+0000] {processor.py:154} INFO - Started process (PID=443) to work on /home/airflow/.local/lib/python3.7/site-packages/airflow/example_dags/example_latest_only_with_trigger.py
[2023-03-29T01:17:09.187+0000] {processor.py:756} INFO - Processing file /home/airflow/.local/lib/python3.7/site-packages/airflow/example_dags/example_latest_only_with_trigger.py for tasks to queue
[2023-03-29T01:17:09.189+0000] {logging_mixin.py:120} INFO - [2023-03-29T01:17:09.188+0000] {dagbag.py:537} INFO - Filling up the DagBag from /home/airflow/.local/lib/python3.7/site-packages/airflow/example_dags/example_latest_only_with_trigger.py
[2023-03-29T01:17:09.200+0000] {processor.py:766} INFO - DAG(s) dict_keys(['latest_only_with_trigger']) retrieved from /home/airflow/.local/lib/python3.7/site-packages/airflow/example_dags/example_latest_only_with_trigger.py
[2023-03-29T01:17:09.228+0000] {logging_mixin.py:120} INFO - [2023-03-29T01:17:09.228+0000] {dag.py:2585} INFO - Sync 1 DAGs
[2023-03-29T01:17:09.247+0000] {logging_mixin.py:120} INFO - [2023-03-29T01:17:09.247+0000] {dag.py:3340} INFO - Setting next_dagrun for latest_only_with_trigger to 2023-03-28T21:17:09.247177+00:00, run_after=2023-03-29T01:17:09.247177+00:00
[2023-03-29T01:17:09.262+0000] {processor.py:176} INFO - Processing /home/airflow/.local/lib/python3.7/site-packages/airflow/example_dags/example_latest_only_with_trigger.py took 0.080 seconds
[2023-03-29T01:17:39.602+0000] {processor.py:154} INFO - Started process (PID=499) to work on /home/airflow/.local/lib/python3.7/site-packages/airflow/example_dags/example_latest_only_with_trigger.py
[2023-03-29T01:17:39.604+0000] {processor.py:756} INFO - Processing file /home/airflow/.local/lib/python3.7/site-packages/airflow/example_dags/example_latest_only_with_trigger.py for tasks to queue
[2023-03-29T01:17:39.605+0000] {logging_mixin.py:120} INFO - [2023-03-29T01:17:39.605+0000] {dagbag.py:537} INFO - Filling up the DagBag from /home/airflow/.local/lib/python3.7/site-packages/airflow/example_dags/example_latest_only_with_trigger.py
[2023-03-29T01:17:39.615+0000] {processor.py:766} INFO - DAG(s) dict_keys(['latest_only_with_trigger']) retrieved from /home/airflow/.local/lib/python3.7/site-packages/airflow/example_dags/example_latest_only_with_trigger.py
[2023-03-29T01:17:39.642+0000] {logging_mixin.py:120} INFO - [2023-03-29T01:17:39.642+0000] {dag.py:2585} INFO - Sync 1 DAGs
[2023-03-29T01:17:39.656+0000] {logging_mixin.py:120} INFO - [2023-03-29T01:17:39.656+0000] {dag.py:3340} INFO - Setting next_dagrun for latest_only_with_trigger to 2023-03-28T21:17:39.656730+00:00, run_after=2023-03-29T01:17:39.656730+00:00
[2023-03-29T01:17:39.670+0000] {processor.py:176} INFO - Processing /home/airflow/.local/lib/python3.7/site-packages/airflow/example_dags/example_latest_only_with_trigger.py took 0.070 seconds
[2023-03-29T01:18:09.934+0000] {processor.py:154} INFO - Started process (PID=563) to work on /home/airflow/.local/lib/python3.7/site-packages/airflow/example_dags/example_latest_only_with_trigger.py
[2023-03-29T01:18:09.938+0000] {processor.py:756} INFO - Processing file /home/airflow/.local/lib/python3.7/site-packages/airflow/example_dags/example_latest_only_with_trigger.py for tasks to queue
[2023-03-29T01:18:09.939+0000] {logging_mixin.py:120} INFO - [2023-03-29T01:18:09.939+0000] {dagbag.py:537} INFO - Filling up the DagBag from /home/airflow/.local/lib/python3.7/site-packages/airflow/example_dags/example_latest_only_with_trigger.py
[2023-03-29T01:18:09.949+0000] {processor.py:766} INFO - DAG(s) dict_keys(['latest_only_with_trigger']) retrieved from /home/airflow/.local/lib/python3.7/site-packages/airflow/example_dags/example_latest_only_with_trigger.py
[2023-03-29T01:18:09.976+0000] {logging_mixin.py:120} INFO - [2023-03-29T01:18:09.976+0000] {dag.py:2585} INFO - Sync 1 DAGs
[2023-03-29T01:18:09.991+0000] {logging_mixin.py:120} INFO - [2023-03-29T01:18:09.991+0000] {dag.py:3340} INFO - Setting next_dagrun for latest_only_with_trigger to 2023-03-28T21:18:09.991213+00:00, run_after=2023-03-29T01:18:09.991213+00:00
[2023-03-29T01:18:10.006+0000] {processor.py:176} INFO - Processing /home/airflow/.local/lib/python3.7/site-packages/airflow/example_dags/example_latest_only_with_trigger.py took 0.074 seconds
[2023-03-29T01:18:40.395+0000] {processor.py:154} INFO - Started process (PID=626) to work on /home/airflow/.local/lib/python3.7/site-packages/airflow/example_dags/example_latest_only_with_trigger.py
[2023-03-29T01:18:40.397+0000] {processor.py:756} INFO - Processing file /home/airflow/.local/lib/python3.7/site-packages/airflow/example_dags/example_latest_only_with_trigger.py for tasks to queue
[2023-03-29T01:18:40.398+0000] {logging_mixin.py:120} INFO - [2023-03-29T01:18:40.398+0000] {dagbag.py:537} INFO - Filling up the DagBag from /home/airflow/.local/lib/python3.7/site-packages/airflow/example_dags/example_latest_only_with_trigger.py
[2023-03-29T01:18:40.407+0000] {processor.py:766} INFO - DAG(s) dict_keys(['latest_only_with_trigger']) retrieved from /home/airflow/.local/lib/python3.7/site-packages/airflow/example_dags/example_latest_only_with_trigger.py
[2023-03-29T01:18:40.434+0000] {logging_mixin.py:120} INFO - [2023-03-29T01:18:40.434+0000] {dag.py:2585} INFO - Sync 1 DAGs
[2023-03-29T01:18:40.449+0000] {logging_mixin.py:120} INFO - [2023-03-29T01:18:40.449+0000] {dag.py:3340} INFO - Setting next_dagrun for latest_only_with_trigger to 2023-03-28T21:18:40.448974+00:00, run_after=2023-03-29T01:18:40.448974+00:00
[2023-03-29T01:18:40.462+0000] {processor.py:176} INFO - Processing /home/airflow/.local/lib/python3.7/site-packages/airflow/example_dags/example_latest_only_with_trigger.py took 0.070 seconds
[2023-03-29T01:19:10.686+0000] {processor.py:154} INFO - Started process (PID=688) to work on /home/airflow/.local/lib/python3.7/site-packages/airflow/example_dags/example_latest_only_with_trigger.py
[2023-03-29T01:19:10.688+0000] {processor.py:756} INFO - Processing file /home/airflow/.local/lib/python3.7/site-packages/airflow/example_dags/example_latest_only_with_trigger.py for tasks to queue
[2023-03-29T01:19:10.689+0000] {logging_mixin.py:120} INFO - [2023-03-29T01:19:10.689+0000] {dagbag.py:537} INFO - Filling up the DagBag from /home/airflow/.local/lib/python3.7/site-packages/airflow/example_dags/example_latest_only_with_trigger.py
[2023-03-29T01:19:10.699+0000] {processor.py:766} INFO - DAG(s) dict_keys(['latest_only_with_trigger']) retrieved from /home/airflow/.local/lib/python3.7/site-packages/airflow/example_dags/example_latest_only_with_trigger.py
[2023-03-29T01:19:10.725+0000] {logging_mixin.py:120} INFO - [2023-03-29T01:19:10.725+0000] {dag.py:2585} INFO - Sync 1 DAGs
[2023-03-29T01:19:10.740+0000] {logging_mixin.py:120} INFO - [2023-03-29T01:19:10.740+0000] {dag.py:3340} INFO - Setting next_dagrun for latest_only_with_trigger to 2023-03-28T21:19:10.740325+00:00, run_after=2023-03-29T01:19:10.740325+00:00
[2023-03-29T01:19:10.753+0000] {processor.py:176} INFO - Processing /home/airflow/.local/lib/python3.7/site-packages/airflow/example_dags/example_latest_only_with_trigger.py took 0.069 seconds
[2023-03-29T01:19:40.995+0000] {processor.py:154} INFO - Started process (PID=751) to work on /home/airflow/.local/lib/python3.7/site-packages/airflow/example_dags/example_latest_only_with_trigger.py
[2023-03-29T01:19:40.996+0000] {processor.py:756} INFO - Processing file /home/airflow/.local/lib/python3.7/site-packages/airflow/example_dags/example_latest_only_with_trigger.py for tasks to queue
[2023-03-29T01:19:40.997+0000] {logging_mixin.py:120} INFO - [2023-03-29T01:19:40.997+0000] {dagbag.py:537} INFO - Filling up the DagBag from /home/airflow/.local/lib/python3.7/site-packages/airflow/example_dags/example_latest_only_with_trigger.py
[2023-03-29T01:19:41.007+0000] {processor.py:766} INFO - DAG(s) dict_keys(['latest_only_with_trigger']) retrieved from /home/airflow/.local/lib/python3.7/site-packages/airflow/example_dags/example_latest_only_with_trigger.py
[2023-03-29T01:19:41.035+0000] {logging_mixin.py:120} INFO - [2023-03-29T01:19:41.035+0000] {dag.py:2585} INFO - Sync 1 DAGs
[2023-03-29T01:19:41.054+0000] {logging_mixin.py:120} INFO - [2023-03-29T01:19:41.054+0000] {dag.py:3340} INFO - Setting next_dagrun for latest_only_with_trigger to 2023-03-28T21:19:41.054288+00:00, run_after=2023-03-29T01:19:41.054288+00:00
[2023-03-29T01:19:41.069+0000] {processor.py:176} INFO - Processing /home/airflow/.local/lib/python3.7/site-packages/airflow/example_dags/example_latest_only_with_trigger.py took 0.077 seconds
[2023-03-29T01:20:11.414+0000] {processor.py:154} INFO - Started process (PID=805) to work on /home/airflow/.local/lib/python3.7/site-packages/airflow/example_dags/example_latest_only_with_trigger.py
[2023-03-29T01:20:11.416+0000] {processor.py:756} INFO - Processing file /home/airflow/.local/lib/python3.7/site-packages/airflow/example_dags/example_latest_only_with_trigger.py for tasks to queue
[2023-03-29T01:20:11.418+0000] {logging_mixin.py:120} INFO - [2023-03-29T01:20:11.418+0000] {dagbag.py:537} INFO - Filling up the DagBag from /home/airflow/.local/lib/python3.7/site-packages/airflow/example_dags/example_latest_only_with_trigger.py
[2023-03-29T01:20:11.428+0000] {processor.py:766} INFO - DAG(s) dict_keys(['latest_only_with_trigger']) retrieved from /home/airflow/.local/lib/python3.7/site-packages/airflow/example_dags/example_latest_only_with_trigger.py
[2023-03-29T01:20:11.454+0000] {logging_mixin.py:120} INFO - [2023-03-29T01:20:11.453+0000] {dag.py:2585} INFO - Sync 1 DAGs
[2023-03-29T01:20:11.469+0000] {logging_mixin.py:120} INFO - [2023-03-29T01:20:11.469+0000] {dag.py:3340} INFO - Setting next_dagrun for latest_only_with_trigger to 2023-03-28T21:20:11.468996+00:00, run_after=2023-03-29T01:20:11.468996+00:00
[2023-03-29T01:20:11.487+0000] {processor.py:176} INFO - Processing /home/airflow/.local/lib/python3.7/site-packages/airflow/example_dags/example_latest_only_with_trigger.py took 0.074 seconds
[2023-03-29T01:20:41.809+0000] {processor.py:154} INFO - Started process (PID=868) to work on /home/airflow/.local/lib/python3.7/site-packages/airflow/example_dags/example_latest_only_with_trigger.py
[2023-03-29T01:20:41.811+0000] {processor.py:756} INFO - Processing file /home/airflow/.local/lib/python3.7/site-packages/airflow/example_dags/example_latest_only_with_trigger.py for tasks to queue
[2023-03-29T01:20:41.812+0000] {logging_mixin.py:120} INFO - [2023-03-29T01:20:41.812+0000] {dagbag.py:537} INFO - Filling up the DagBag from /home/airflow/.local/lib/python3.7/site-packages/airflow/example_dags/example_latest_only_with_trigger.py
[2023-03-29T01:20:41.821+0000] {processor.py:766} INFO - DAG(s) dict_keys(['latest_only_with_trigger']) retrieved from /home/airflow/.local/lib/python3.7/site-packages/airflow/example_dags/example_latest_only_with_trigger.py
[2023-03-29T01:20:41.845+0000] {logging_mixin.py:120} INFO - [2023-03-29T01:20:41.845+0000] {dag.py:2585} INFO - Sync 1 DAGs
[2023-03-29T01:20:41.859+0000] {logging_mixin.py:120} INFO - [2023-03-29T01:20:41.859+0000] {dag.py:3340} INFO - Setting next_dagrun for latest_only_with_trigger to 2023-03-28T21:20:41.859105+00:00, run_after=2023-03-29T01:20:41.859105+00:00
[2023-03-29T01:20:41.870+0000] {processor.py:176} INFO - Processing /home/airflow/.local/lib/python3.7/site-packages/airflow/example_dags/example_latest_only_with_trigger.py took 0.063 seconds
[2023-03-29T01:21:12.188+0000] {processor.py:154} INFO - Started process (PID=931) to work on /home/airflow/.local/lib/python3.7/site-packages/airflow/example_dags/example_latest_only_with_trigger.py
[2023-03-29T01:21:12.190+0000] {processor.py:756} INFO - Processing file /home/airflow/.local/lib/python3.7/site-packages/airflow/example_dags/example_latest_only_with_trigger.py for tasks to queue
[2023-03-29T01:21:12.191+0000] {logging_mixin.py:120} INFO - [2023-03-29T01:21:12.191+0000] {dagbag.py:537} INFO - Filling up the DagBag from /home/airflow/.local/lib/python3.7/site-packages/airflow/example_dags/example_latest_only_with_trigger.py
[2023-03-29T01:21:12.200+0000] {processor.py:766} INFO - DAG(s) dict_keys(['latest_only_with_trigger']) retrieved from /home/airflow/.local/lib/python3.7/site-packages/airflow/example_dags/example_latest_only_with_trigger.py
[2023-03-29T01:21:12.227+0000] {logging_mixin.py:120} INFO - [2023-03-29T01:21:12.227+0000] {dag.py:2585} INFO - Sync 1 DAGs
[2023-03-29T01:21:12.241+0000] {logging_mixin.py:120} INFO - [2023-03-29T01:21:12.241+0000] {dag.py:3340} INFO - Setting next_dagrun for latest_only_with_trigger to 2023-03-28T21:21:12.241709+00:00, run_after=2023-03-29T01:21:12.241709+00:00
[2023-03-29T01:21:12.252+0000] {processor.py:176} INFO - Processing /home/airflow/.local/lib/python3.7/site-packages/airflow/example_dags/example_latest_only_with_trigger.py took 0.067 seconds
[2023-03-29T01:21:42.530+0000] {processor.py:154} INFO - Started process (PID=994) to work on /home/airflow/.local/lib/python3.7/site-packages/airflow/example_dags/example_latest_only_with_trigger.py
[2023-03-29T01:21:42.531+0000] {processor.py:756} INFO - Processing file /home/airflow/.local/lib/python3.7/site-packages/airflow/example_dags/example_latest_only_with_trigger.py for tasks to queue
[2023-03-29T01:21:42.532+0000] {logging_mixin.py:120} INFO - [2023-03-29T01:21:42.532+0000] {dagbag.py:537} INFO - Filling up the DagBag from /home/airflow/.local/lib/python3.7/site-packages/airflow/example_dags/example_latest_only_with_trigger.py
[2023-03-29T01:21:42.541+0000] {processor.py:766} INFO - DAG(s) dict_keys(['latest_only_with_trigger']) retrieved from /home/airflow/.local/lib/python3.7/site-packages/airflow/example_dags/example_latest_only_with_trigger.py
[2023-03-29T01:21:42.568+0000] {logging_mixin.py:120} INFO - [2023-03-29T01:21:42.568+0000] {dag.py:2585} INFO - Sync 1 DAGs
[2023-03-29T01:21:42.582+0000] {logging_mixin.py:120} INFO - [2023-03-29T01:21:42.582+0000] {dag.py:3340} INFO - Setting next_dagrun for latest_only_with_trigger to 2023-03-28T21:21:42.582553+00:00, run_after=2023-03-29T01:21:42.582553+00:00
[2023-03-29T01:21:42.594+0000] {processor.py:176} INFO - Processing /home/airflow/.local/lib/python3.7/site-packages/airflow/example_dags/example_latest_only_with_trigger.py took 0.066 seconds
[2023-03-29T01:22:13.006+0000] {processor.py:154} INFO - Started process (PID=1057) to work on /home/airflow/.local/lib/python3.7/site-packages/airflow/example_dags/example_latest_only_with_trigger.py
[2023-03-29T01:22:13.008+0000] {processor.py:756} INFO - Processing file /home/airflow/.local/lib/python3.7/site-packages/airflow/example_dags/example_latest_only_with_trigger.py for tasks to queue
[2023-03-29T01:22:13.009+0000] {logging_mixin.py:120} INFO - [2023-03-29T01:22:13.009+0000] {dagbag.py:537} INFO - Filling up the DagBag from /home/airflow/.local/lib/python3.7/site-packages/airflow/example_dags/example_latest_only_with_trigger.py
[2023-03-29T01:22:13.018+0000] {processor.py:766} INFO - DAG(s) dict_keys(['latest_only_with_trigger']) retrieved from /home/airflow/.local/lib/python3.7/site-packages/airflow/example_dags/example_latest_only_with_trigger.py
[2023-03-29T01:22:13.049+0000] {logging_mixin.py:120} INFO - [2023-03-29T01:22:13.049+0000] {dag.py:2585} INFO - Sync 1 DAGs
[2023-03-29T01:22:13.066+0000] {logging_mixin.py:120} INFO - [2023-03-29T01:22:13.066+0000] {dag.py:3340} INFO - Setting next_dagrun for latest_only_with_trigger to 2023-03-28T21:22:13.066026+00:00, run_after=2023-03-29T01:22:13.066026+00:00
[2023-03-29T01:22:13.079+0000] {processor.py:176} INFO - Processing /home/airflow/.local/lib/python3.7/site-packages/airflow/example_dags/example_latest_only_with_trigger.py took 0.075 seconds
[2023-03-29T01:22:43.275+0000] {processor.py:154} INFO - Started process (PID=1120) to work on /home/airflow/.local/lib/python3.7/site-packages/airflow/example_dags/example_latest_only_with_trigger.py
[2023-03-29T01:22:43.277+0000] {processor.py:756} INFO - Processing file /home/airflow/.local/lib/python3.7/site-packages/airflow/example_dags/example_latest_only_with_trigger.py for tasks to queue
[2023-03-29T01:22:43.278+0000] {logging_mixin.py:120} INFO - [2023-03-29T01:22:43.278+0000] {dagbag.py:537} INFO - Filling up the DagBag from /home/airflow/.local/lib/python3.7/site-packages/airflow/example_dags/example_latest_only_with_trigger.py
[2023-03-29T01:22:43.288+0000] {processor.py:766} INFO - DAG(s) dict_keys(['latest_only_with_trigger']) retrieved from /home/airflow/.local/lib/python3.7/site-packages/airflow/example_dags/example_latest_only_with_trigger.py
[2023-03-29T01:22:43.315+0000] {logging_mixin.py:120} INFO - [2023-03-29T01:22:43.315+0000] {dag.py:2585} INFO - Sync 1 DAGs
[2023-03-29T01:22:43.330+0000] {logging_mixin.py:120} INFO - [2023-03-29T01:22:43.330+0000] {dag.py:3340} INFO - Setting next_dagrun for latest_only_with_trigger to 2023-03-28T21:22:43.330711+00:00, run_after=2023-03-29T01:22:43.330711+00:00
[2023-03-29T01:22:43.344+0000] {processor.py:176} INFO - Processing /home/airflow/.local/lib/python3.7/site-packages/airflow/example_dags/example_latest_only_with_trigger.py took 0.071 seconds
[2023-03-29T01:23:13.607+0000] {processor.py:154} INFO - Started process (PID=1174) to work on /home/airflow/.local/lib/python3.7/site-packages/airflow/example_dags/example_latest_only_with_trigger.py
[2023-03-29T01:23:13.608+0000] {processor.py:756} INFO - Processing file /home/airflow/.local/lib/python3.7/site-packages/airflow/example_dags/example_latest_only_with_trigger.py for tasks to queue
[2023-03-29T01:23:13.609+0000] {logging_mixin.py:120} INFO - [2023-03-29T01:23:13.609+0000] {dagbag.py:537} INFO - Filling up the DagBag from /home/airflow/.local/lib/python3.7/site-packages/airflow/example_dags/example_latest_only_with_trigger.py
[2023-03-29T01:23:13.619+0000] {processor.py:766} INFO - DAG(s) dict_keys(['latest_only_with_trigger']) retrieved from /home/airflow/.local/lib/python3.7/site-packages/airflow/example_dags/example_latest_only_with_trigger.py
[2023-03-29T01:23:13.641+0000] {logging_mixin.py:120} INFO - [2023-03-29T01:23:13.641+0000] {dag.py:2585} INFO - Sync 1 DAGs
[2023-03-29T01:23:13.655+0000] {logging_mixin.py:120} INFO - [2023-03-29T01:23:13.655+0000] {dag.py:3340} INFO - Setting next_dagrun for latest_only_with_trigger to 2023-03-28T21:23:13.655327+00:00, run_after=2023-03-29T01:23:13.655327+00:00
[2023-03-29T01:23:13.666+0000] {processor.py:176} INFO - Processing /home/airflow/.local/lib/python3.7/site-packages/airflow/example_dags/example_latest_only_with_trigger.py took 0.062 seconds
[2023-03-29T01:23:44.113+0000] {processor.py:154} INFO - Started process (PID=1236) to work on /home/airflow/.local/lib/python3.7/site-packages/airflow/example_dags/example_latest_only_with_trigger.py
[2023-03-29T01:23:44.116+0000] {processor.py:756} INFO - Processing file /home/airflow/.local/lib/python3.7/site-packages/airflow/example_dags/example_latest_only_with_trigger.py for tasks to queue
[2023-03-29T01:23:44.117+0000] {logging_mixin.py:120} INFO - [2023-03-29T01:23:44.117+0000] {dagbag.py:537} INFO - Filling up the DagBag from /home/airflow/.local/lib/python3.7/site-packages/airflow/example_dags/example_latest_only_with_trigger.py
[2023-03-29T01:23:44.127+0000] {processor.py:766} INFO - DAG(s) dict_keys(['latest_only_with_trigger']) retrieved from /home/airflow/.local/lib/python3.7/site-packages/airflow/example_dags/example_latest_only_with_trigger.py
[2023-03-29T01:23:44.155+0000] {logging_mixin.py:120} INFO - [2023-03-29T01:23:44.155+0000] {dag.py:2585} INFO - Sync 1 DAGs
[2023-03-29T01:23:44.170+0000] {logging_mixin.py:120} INFO - [2023-03-29T01:23:44.170+0000] {dag.py:3340} INFO - Setting next_dagrun for latest_only_with_trigger to 2023-03-28T21:23:44.170755+00:00, run_after=2023-03-29T01:23:44.170755+00:00
[2023-03-29T01:23:44.182+0000] {processor.py:176} INFO - Processing /home/airflow/.local/lib/python3.7/site-packages/airflow/example_dags/example_latest_only_with_trigger.py took 0.071 seconds
