[2023-03-29T01:14:02.030+0000] {processor.py:154} INFO - Started process (PID=38) to work on /home/airflow/.local/lib/python3.7/site-packages/airflow/example_dags/example_kubernetes_executor.py
[2023-03-29T01:14:02.031+0000] {processor.py:756} INFO - Processing file /home/airflow/.local/lib/python3.7/site-packages/airflow/example_dags/example_kubernetes_executor.py for tasks to queue
[2023-03-29T01:14:02.033+0000] {logging_mixin.py:120} INFO - [2023-03-29T01:14:02.033+0000] {dagbag.py:537} INFO - Filling up the DagBag from /home/airflow/.local/lib/python3.7/site-packages/airflow/example_dags/example_kubernetes_executor.py
[2023-03-29T01:14:02.083+0000] {processor.py:766} INFO - DAG(s) dict_keys(['example_kubernetes_executor']) retrieved from /home/airflow/.local/lib/python3.7/site-packages/airflow/example_dags/example_kubernetes_executor.py
[2023-03-29T01:14:02.208+0000] {logging_mixin.py:120} INFO - [2023-03-29T01:14:02.208+0000] {manager.py:507} INFO - Created Permission View: can delete on DAG:example_kubernetes_executor
[2023-03-29T01:14:02.222+0000] {logging_mixin.py:120} INFO - [2023-03-29T01:14:02.222+0000] {manager.py:507} INFO - Created Permission View: can edit on DAG:example_kubernetes_executor
[2023-03-29T01:14:02.227+0000] {logging_mixin.py:120} INFO - [2023-03-29T01:14:02.227+0000] {manager.py:507} INFO - Created Permission View: can read on DAG:example_kubernetes_executor
[2023-03-29T01:14:02.230+0000] {logging_mixin.py:120} INFO - [2023-03-29T01:14:02.230+0000] {dag.py:2585} INFO - Sync 1 DAGs
[2023-03-29T01:14:02.240+0000] {logging_mixin.py:120} INFO - [2023-03-29T01:14:02.240+0000] {dag.py:2606} INFO - Creating ORM DAG for example_kubernetes_executor
[2023-03-29T01:14:02.249+0000] {logging_mixin.py:120} INFO - [2023-03-29T01:14:02.249+0000] {dag.py:3340} INFO - Setting next_dagrun for example_kubernetes_executor to None, run_after=None
[2023-03-29T01:14:02.269+0000] {processor.py:176} INFO - Processing /home/airflow/.local/lib/python3.7/site-packages/airflow/example_dags/example_kubernetes_executor.py took 0.243 seconds
[2023-03-29T01:14:32.888+0000] {processor.py:154} INFO - Started process (PID=101) to work on /home/airflow/.local/lib/python3.7/site-packages/airflow/example_dags/example_kubernetes_executor.py
[2023-03-29T01:14:32.890+0000] {processor.py:756} INFO - Processing file /home/airflow/.local/lib/python3.7/site-packages/airflow/example_dags/example_kubernetes_executor.py for tasks to queue
[2023-03-29T01:14:32.891+0000] {logging_mixin.py:120} INFO - [2023-03-29T01:14:32.891+0000] {dagbag.py:537} INFO - Filling up the DagBag from /home/airflow/.local/lib/python3.7/site-packages/airflow/example_dags/example_kubernetes_executor.py
[2023-03-29T01:14:32.910+0000] {processor.py:766} INFO - DAG(s) dict_keys(['example_kubernetes_executor']) retrieved from /home/airflow/.local/lib/python3.7/site-packages/airflow/example_dags/example_kubernetes_executor.py
[2023-03-29T01:14:32.936+0000] {logging_mixin.py:120} INFO - [2023-03-29T01:14:32.936+0000] {dag.py:2585} INFO - Sync 1 DAGs
[2023-03-29T01:14:32.951+0000] {logging_mixin.py:120} INFO - [2023-03-29T01:14:32.951+0000] {dag.py:3340} INFO - Setting next_dagrun for example_kubernetes_executor to None, run_after=None
[2023-03-29T01:14:32.963+0000] {processor.py:176} INFO - Processing /home/airflow/.local/lib/python3.7/site-packages/airflow/example_dags/example_kubernetes_executor.py took 0.077 seconds
[2023-03-29T01:15:03.246+0000] {processor.py:154} INFO - Started process (PID=165) to work on /home/airflow/.local/lib/python3.7/site-packages/airflow/example_dags/example_kubernetes_executor.py
[2023-03-29T01:15:03.248+0000] {processor.py:756} INFO - Processing file /home/airflow/.local/lib/python3.7/site-packages/airflow/example_dags/example_kubernetes_executor.py for tasks to queue
[2023-03-29T01:15:03.249+0000] {logging_mixin.py:120} INFO - [2023-03-29T01:15:03.249+0000] {dagbag.py:537} INFO - Filling up the DagBag from /home/airflow/.local/lib/python3.7/site-packages/airflow/example_dags/example_kubernetes_executor.py
[2023-03-29T01:15:03.268+0000] {processor.py:766} INFO - DAG(s) dict_keys(['example_kubernetes_executor']) retrieved from /home/airflow/.local/lib/python3.7/site-packages/airflow/example_dags/example_kubernetes_executor.py
[2023-03-29T01:15:03.295+0000] {logging_mixin.py:120} INFO - [2023-03-29T01:15:03.295+0000] {dag.py:2585} INFO - Sync 1 DAGs
[2023-03-29T01:15:03.312+0000] {logging_mixin.py:120} INFO - [2023-03-29T01:15:03.312+0000] {dag.py:3340} INFO - Setting next_dagrun for example_kubernetes_executor to None, run_after=None
[2023-03-29T01:15:03.324+0000] {processor.py:176} INFO - Processing /home/airflow/.local/lib/python3.7/site-packages/airflow/example_dags/example_kubernetes_executor.py took 0.081 seconds
[2023-03-29T01:15:33.483+0000] {processor.py:154} INFO - Started process (PID=227) to work on /home/airflow/.local/lib/python3.7/site-packages/airflow/example_dags/example_kubernetes_executor.py
[2023-03-29T01:15:33.484+0000] {processor.py:756} INFO - Processing file /home/airflow/.local/lib/python3.7/site-packages/airflow/example_dags/example_kubernetes_executor.py for tasks to queue
[2023-03-29T01:15:33.486+0000] {logging_mixin.py:120} INFO - [2023-03-29T01:15:33.486+0000] {dagbag.py:537} INFO - Filling up the DagBag from /home/airflow/.local/lib/python3.7/site-packages/airflow/example_dags/example_kubernetes_executor.py
[2023-03-29T01:15:33.504+0000] {processor.py:766} INFO - DAG(s) dict_keys(['example_kubernetes_executor']) retrieved from /home/airflow/.local/lib/python3.7/site-packages/airflow/example_dags/example_kubernetes_executor.py
[2023-03-29T01:15:33.534+0000] {logging_mixin.py:120} INFO - [2023-03-29T01:15:33.534+0000] {dag.py:2585} INFO - Sync 1 DAGs
[2023-03-29T01:15:33.549+0000] {logging_mixin.py:120} INFO - [2023-03-29T01:15:33.549+0000] {dag.py:3340} INFO - Setting next_dagrun for example_kubernetes_executor to None, run_after=None
[2023-03-29T01:15:33.561+0000] {processor.py:176} INFO - Processing /home/airflow/.local/lib/python3.7/site-packages/airflow/example_dags/example_kubernetes_executor.py took 0.080 seconds
[2023-03-29T01:16:03.837+0000] {processor.py:154} INFO - Started process (PID=282) to work on /home/airflow/.local/lib/python3.7/site-packages/airflow/example_dags/example_kubernetes_executor.py
[2023-03-29T01:16:03.839+0000] {processor.py:756} INFO - Processing file /home/airflow/.local/lib/python3.7/site-packages/airflow/example_dags/example_kubernetes_executor.py for tasks to queue
[2023-03-29T01:16:03.840+0000] {logging_mixin.py:120} INFO - [2023-03-29T01:16:03.840+0000] {dagbag.py:537} INFO - Filling up the DagBag from /home/airflow/.local/lib/python3.7/site-packages/airflow/example_dags/example_kubernetes_executor.py
[2023-03-29T01:16:03.857+0000] {processor.py:766} INFO - DAG(s) dict_keys(['example_kubernetes_executor']) retrieved from /home/airflow/.local/lib/python3.7/site-packages/airflow/example_dags/example_kubernetes_executor.py
[2023-03-29T01:16:03.883+0000] {logging_mixin.py:120} INFO - [2023-03-29T01:16:03.883+0000] {dag.py:2585} INFO - Sync 1 DAGs
[2023-03-29T01:16:03.897+0000] {logging_mixin.py:120} INFO - [2023-03-29T01:16:03.897+0000] {dag.py:3340} INFO - Setting next_dagrun for example_kubernetes_executor to None, run_after=None
[2023-03-29T01:16:03.910+0000] {processor.py:176} INFO - Processing /home/airflow/.local/lib/python3.7/site-packages/airflow/example_dags/example_kubernetes_executor.py took 0.075 seconds
[2023-03-29T01:16:34.017+0000] {processor.py:154} INFO - Started process (PID=345) to work on /home/airflow/.local/lib/python3.7/site-packages/airflow/example_dags/example_kubernetes_executor.py
[2023-03-29T01:16:34.018+0000] {processor.py:756} INFO - Processing file /home/airflow/.local/lib/python3.7/site-packages/airflow/example_dags/example_kubernetes_executor.py for tasks to queue
[2023-03-29T01:16:34.020+0000] {logging_mixin.py:120} INFO - [2023-03-29T01:16:34.020+0000] {dagbag.py:537} INFO - Filling up the DagBag from /home/airflow/.local/lib/python3.7/site-packages/airflow/example_dags/example_kubernetes_executor.py
[2023-03-29T01:16:34.037+0000] {processor.py:766} INFO - DAG(s) dict_keys(['example_kubernetes_executor']) retrieved from /home/airflow/.local/lib/python3.7/site-packages/airflow/example_dags/example_kubernetes_executor.py
[2023-03-29T01:16:34.066+0000] {logging_mixin.py:120} INFO - [2023-03-29T01:16:34.065+0000] {dag.py:2585} INFO - Sync 1 DAGs
[2023-03-29T01:16:34.081+0000] {logging_mixin.py:120} INFO - [2023-03-29T01:16:34.081+0000] {dag.py:3340} INFO - Setting next_dagrun for example_kubernetes_executor to None, run_after=None
[2023-03-29T01:16:34.093+0000] {processor.py:176} INFO - Processing /home/airflow/.local/lib/python3.7/site-packages/airflow/example_dags/example_kubernetes_executor.py took 0.079 seconds
[2023-03-29T01:17:04.431+0000] {processor.py:154} INFO - Started process (PID=408) to work on /home/airflow/.local/lib/python3.7/site-packages/airflow/example_dags/example_kubernetes_executor.py
[2023-03-29T01:17:04.433+0000] {processor.py:756} INFO - Processing file /home/airflow/.local/lib/python3.7/site-packages/airflow/example_dags/example_kubernetes_executor.py for tasks to queue
[2023-03-29T01:17:04.435+0000] {logging_mixin.py:120} INFO - [2023-03-29T01:17:04.435+0000] {dagbag.py:537} INFO - Filling up the DagBag from /home/airflow/.local/lib/python3.7/site-packages/airflow/example_dags/example_kubernetes_executor.py
[2023-03-29T01:17:04.452+0000] {processor.py:766} INFO - DAG(s) dict_keys(['example_kubernetes_executor']) retrieved from /home/airflow/.local/lib/python3.7/site-packages/airflow/example_dags/example_kubernetes_executor.py
[2023-03-29T01:17:04.478+0000] {logging_mixin.py:120} INFO - [2023-03-29T01:17:04.478+0000] {dag.py:2585} INFO - Sync 1 DAGs
[2023-03-29T01:17:04.493+0000] {logging_mixin.py:120} INFO - [2023-03-29T01:17:04.493+0000] {dag.py:3340} INFO - Setting next_dagrun for example_kubernetes_executor to None, run_after=None
[2023-03-29T01:17:04.505+0000] {processor.py:176} INFO - Processing /home/airflow/.local/lib/python3.7/site-packages/airflow/example_dags/example_kubernetes_executor.py took 0.076 seconds
[2023-03-29T01:17:34.871+0000] {processor.py:154} INFO - Started process (PID=471) to work on /home/airflow/.local/lib/python3.7/site-packages/airflow/example_dags/example_kubernetes_executor.py
[2023-03-29T01:17:34.873+0000] {processor.py:756} INFO - Processing file /home/airflow/.local/lib/python3.7/site-packages/airflow/example_dags/example_kubernetes_executor.py for tasks to queue
[2023-03-29T01:17:34.874+0000] {logging_mixin.py:120} INFO - [2023-03-29T01:17:34.874+0000] {dagbag.py:537} INFO - Filling up the DagBag from /home/airflow/.local/lib/python3.7/site-packages/airflow/example_dags/example_kubernetes_executor.py
[2023-03-29T01:17:34.890+0000] {processor.py:766} INFO - DAG(s) dict_keys(['example_kubernetes_executor']) retrieved from /home/airflow/.local/lib/python3.7/site-packages/airflow/example_dags/example_kubernetes_executor.py
[2023-03-29T01:17:34.916+0000] {logging_mixin.py:120} INFO - [2023-03-29T01:17:34.916+0000] {dag.py:2585} INFO - Sync 1 DAGs
[2023-03-29T01:17:34.930+0000] {logging_mixin.py:120} INFO - [2023-03-29T01:17:34.930+0000] {dag.py:3340} INFO - Setting next_dagrun for example_kubernetes_executor to None, run_after=None
[2023-03-29T01:17:34.942+0000] {processor.py:176} INFO - Processing /home/airflow/.local/lib/python3.7/site-packages/airflow/example_dags/example_kubernetes_executor.py took 0.073 seconds
[2023-03-29T01:18:05.174+0000] {processor.py:154} INFO - Started process (PID=535) to work on /home/airflow/.local/lib/python3.7/site-packages/airflow/example_dags/example_kubernetes_executor.py
[2023-03-29T01:18:05.175+0000] {processor.py:756} INFO - Processing file /home/airflow/.local/lib/python3.7/site-packages/airflow/example_dags/example_kubernetes_executor.py for tasks to queue
[2023-03-29T01:18:05.177+0000] {logging_mixin.py:120} INFO - [2023-03-29T01:18:05.177+0000] {dagbag.py:537} INFO - Filling up the DagBag from /home/airflow/.local/lib/python3.7/site-packages/airflow/example_dags/example_kubernetes_executor.py
[2023-03-29T01:18:05.195+0000] {processor.py:766} INFO - DAG(s) dict_keys(['example_kubernetes_executor']) retrieved from /home/airflow/.local/lib/python3.7/site-packages/airflow/example_dags/example_kubernetes_executor.py
[2023-03-29T01:18:05.223+0000] {logging_mixin.py:120} INFO - [2023-03-29T01:18:05.223+0000] {dag.py:2585} INFO - Sync 1 DAGs
[2023-03-29T01:18:05.237+0000] {logging_mixin.py:120} INFO - [2023-03-29T01:18:05.237+0000] {dag.py:3340} INFO - Setting next_dagrun for example_kubernetes_executor to None, run_after=None
[2023-03-29T01:18:05.248+0000] {processor.py:176} INFO - Processing /home/airflow/.local/lib/python3.7/site-packages/airflow/example_dags/example_kubernetes_executor.py took 0.076 seconds
[2023-03-29T01:18:35.516+0000] {processor.py:154} INFO - Started process (PID=598) to work on /home/airflow/.local/lib/python3.7/site-packages/airflow/example_dags/example_kubernetes_executor.py
[2023-03-29T01:18:35.518+0000] {processor.py:756} INFO - Processing file /home/airflow/.local/lib/python3.7/site-packages/airflow/example_dags/example_kubernetes_executor.py for tasks to queue
[2023-03-29T01:18:35.520+0000] {logging_mixin.py:120} INFO - [2023-03-29T01:18:35.519+0000] {dagbag.py:537} INFO - Filling up the DagBag from /home/airflow/.local/lib/python3.7/site-packages/airflow/example_dags/example_kubernetes_executor.py
[2023-03-29T01:18:35.540+0000] {processor.py:766} INFO - DAG(s) dict_keys(['example_kubernetes_executor']) retrieved from /home/airflow/.local/lib/python3.7/site-packages/airflow/example_dags/example_kubernetes_executor.py
[2023-03-29T01:18:35.569+0000] {logging_mixin.py:120} INFO - [2023-03-29T01:18:35.569+0000] {dag.py:2585} INFO - Sync 1 DAGs
[2023-03-29T01:18:35.587+0000] {logging_mixin.py:120} INFO - [2023-03-29T01:18:35.587+0000] {dag.py:3340} INFO - Setting next_dagrun for example_kubernetes_executor to None, run_after=None
[2023-03-29T01:18:35.600+0000] {processor.py:176} INFO - Processing /home/airflow/.local/lib/python3.7/site-packages/airflow/example_dags/example_kubernetes_executor.py took 0.087 seconds
[2023-03-29T01:19:06.057+0000] {processor.py:154} INFO - Started process (PID=652) to work on /home/airflow/.local/lib/python3.7/site-packages/airflow/example_dags/example_kubernetes_executor.py
[2023-03-29T01:19:06.058+0000] {processor.py:756} INFO - Processing file /home/airflow/.local/lib/python3.7/site-packages/airflow/example_dags/example_kubernetes_executor.py for tasks to queue
[2023-03-29T01:19:06.059+0000] {logging_mixin.py:120} INFO - [2023-03-29T01:19:06.059+0000] {dagbag.py:537} INFO - Filling up the DagBag from /home/airflow/.local/lib/python3.7/site-packages/airflow/example_dags/example_kubernetes_executor.py
[2023-03-29T01:19:06.077+0000] {processor.py:766} INFO - DAG(s) dict_keys(['example_kubernetes_executor']) retrieved from /home/airflow/.local/lib/python3.7/site-packages/airflow/example_dags/example_kubernetes_executor.py
[2023-03-29T01:19:06.102+0000] {logging_mixin.py:120} INFO - [2023-03-29T01:19:06.102+0000] {dag.py:2585} INFO - Sync 1 DAGs
[2023-03-29T01:19:06.118+0000] {logging_mixin.py:120} INFO - [2023-03-29T01:19:06.118+0000] {dag.py:3340} INFO - Setting next_dagrun for example_kubernetes_executor to None, run_after=None
[2023-03-29T01:19:06.129+0000] {processor.py:176} INFO - Processing /home/airflow/.local/lib/python3.7/site-packages/airflow/example_dags/example_kubernetes_executor.py took 0.075 seconds
[2023-03-29T01:19:36.254+0000] {processor.py:154} INFO - Started process (PID=713) to work on /home/airflow/.local/lib/python3.7/site-packages/airflow/example_dags/example_kubernetes_executor.py
[2023-03-29T01:19:36.257+0000] {processor.py:756} INFO - Processing file /home/airflow/.local/lib/python3.7/site-packages/airflow/example_dags/example_kubernetes_executor.py for tasks to queue
[2023-03-29T01:19:36.258+0000] {logging_mixin.py:120} INFO - [2023-03-29T01:19:36.258+0000] {dagbag.py:537} INFO - Filling up the DagBag from /home/airflow/.local/lib/python3.7/site-packages/airflow/example_dags/example_kubernetes_executor.py
[2023-03-29T01:19:36.276+0000] {processor.py:766} INFO - DAG(s) dict_keys(['example_kubernetes_executor']) retrieved from /home/airflow/.local/lib/python3.7/site-packages/airflow/example_dags/example_kubernetes_executor.py
[2023-03-29T01:19:36.305+0000] {logging_mixin.py:120} INFO - [2023-03-29T01:19:36.305+0000] {dag.py:2585} INFO - Sync 1 DAGs
[2023-03-29T01:19:36.321+0000] {logging_mixin.py:120} INFO - [2023-03-29T01:19:36.320+0000] {dag.py:3340} INFO - Setting next_dagrun for example_kubernetes_executor to None, run_after=None
[2023-03-29T01:19:36.332+0000] {processor.py:176} INFO - Processing /home/airflow/.local/lib/python3.7/site-packages/airflow/example_dags/example_kubernetes_executor.py took 0.080 seconds
[2023-03-29T01:20:06.692+0000] {processor.py:154} INFO - Started process (PID=777) to work on /home/airflow/.local/lib/python3.7/site-packages/airflow/example_dags/example_kubernetes_executor.py
[2023-03-29T01:20:06.694+0000] {processor.py:756} INFO - Processing file /home/airflow/.local/lib/python3.7/site-packages/airflow/example_dags/example_kubernetes_executor.py for tasks to queue
[2023-03-29T01:20:06.695+0000] {logging_mixin.py:120} INFO - [2023-03-29T01:20:06.695+0000] {dagbag.py:537} INFO - Filling up the DagBag from /home/airflow/.local/lib/python3.7/site-packages/airflow/example_dags/example_kubernetes_executor.py
[2023-03-29T01:20:06.713+0000] {processor.py:766} INFO - DAG(s) dict_keys(['example_kubernetes_executor']) retrieved from /home/airflow/.local/lib/python3.7/site-packages/airflow/example_dags/example_kubernetes_executor.py
[2023-03-29T01:20:06.739+0000] {logging_mixin.py:120} INFO - [2023-03-29T01:20:06.738+0000] {dag.py:2585} INFO - Sync 1 DAGs
[2023-03-29T01:20:06.752+0000] {logging_mixin.py:120} INFO - [2023-03-29T01:20:06.752+0000] {dag.py:3340} INFO - Setting next_dagrun for example_kubernetes_executor to None, run_after=None
[2023-03-29T01:20:06.765+0000] {processor.py:176} INFO - Processing /home/airflow/.local/lib/python3.7/site-packages/airflow/example_dags/example_kubernetes_executor.py took 0.075 seconds
[2023-03-29T01:20:37.064+0000] {processor.py:154} INFO - Started process (PID=840) to work on /home/airflow/.local/lib/python3.7/site-packages/airflow/example_dags/example_kubernetes_executor.py
[2023-03-29T01:20:37.066+0000] {processor.py:756} INFO - Processing file /home/airflow/.local/lib/python3.7/site-packages/airflow/example_dags/example_kubernetes_executor.py for tasks to queue
[2023-03-29T01:20:37.067+0000] {logging_mixin.py:120} INFO - [2023-03-29T01:20:37.067+0000] {dagbag.py:537} INFO - Filling up the DagBag from /home/airflow/.local/lib/python3.7/site-packages/airflow/example_dags/example_kubernetes_executor.py
[2023-03-29T01:20:37.084+0000] {processor.py:766} INFO - DAG(s) dict_keys(['example_kubernetes_executor']) retrieved from /home/airflow/.local/lib/python3.7/site-packages/airflow/example_dags/example_kubernetes_executor.py
[2023-03-29T01:20:37.108+0000] {logging_mixin.py:120} INFO - [2023-03-29T01:20:37.108+0000] {dag.py:2585} INFO - Sync 1 DAGs
[2023-03-29T01:20:37.122+0000] {logging_mixin.py:120} INFO - [2023-03-29T01:20:37.122+0000] {dag.py:3340} INFO - Setting next_dagrun for example_kubernetes_executor to None, run_after=None
[2023-03-29T01:20:37.135+0000] {processor.py:176} INFO - Processing /home/airflow/.local/lib/python3.7/site-packages/airflow/example_dags/example_kubernetes_executor.py took 0.073 seconds
[2023-03-29T01:21:07.433+0000] {processor.py:154} INFO - Started process (PID=903) to work on /home/airflow/.local/lib/python3.7/site-packages/airflow/example_dags/example_kubernetes_executor.py
[2023-03-29T01:21:07.435+0000] {processor.py:756} INFO - Processing file /home/airflow/.local/lib/python3.7/site-packages/airflow/example_dags/example_kubernetes_executor.py for tasks to queue
[2023-03-29T01:21:07.437+0000] {logging_mixin.py:120} INFO - [2023-03-29T01:21:07.437+0000] {dagbag.py:537} INFO - Filling up the DagBag from /home/airflow/.local/lib/python3.7/site-packages/airflow/example_dags/example_kubernetes_executor.py
[2023-03-29T01:21:07.458+0000] {processor.py:766} INFO - DAG(s) dict_keys(['example_kubernetes_executor']) retrieved from /home/airflow/.local/lib/python3.7/site-packages/airflow/example_dags/example_kubernetes_executor.py
[2023-03-29T01:21:07.490+0000] {logging_mixin.py:120} INFO - [2023-03-29T01:21:07.490+0000] {dag.py:2585} INFO - Sync 1 DAGs
[2023-03-29T01:21:07.507+0000] {logging_mixin.py:120} INFO - [2023-03-29T01:21:07.507+0000] {dag.py:3340} INFO - Setting next_dagrun for example_kubernetes_executor to None, run_after=None
[2023-03-29T01:21:07.525+0000] {processor.py:176} INFO - Processing /home/airflow/.local/lib/python3.7/site-packages/airflow/example_dags/example_kubernetes_executor.py took 0.094 seconds
[2023-03-29T01:21:37.824+0000] {processor.py:154} INFO - Started process (PID=957) to work on /home/airflow/.local/lib/python3.7/site-packages/airflow/example_dags/example_kubernetes_executor.py
[2023-03-29T01:21:37.825+0000] {processor.py:756} INFO - Processing file /home/airflow/.local/lib/python3.7/site-packages/airflow/example_dags/example_kubernetes_executor.py for tasks to queue
[2023-03-29T01:21:37.827+0000] {logging_mixin.py:120} INFO - [2023-03-29T01:21:37.826+0000] {dagbag.py:537} INFO - Filling up the DagBag from /home/airflow/.local/lib/python3.7/site-packages/airflow/example_dags/example_kubernetes_executor.py
[2023-03-29T01:21:37.844+0000] {processor.py:766} INFO - DAG(s) dict_keys(['example_kubernetes_executor']) retrieved from /home/airflow/.local/lib/python3.7/site-packages/airflow/example_dags/example_kubernetes_executor.py
[2023-03-29T01:21:37.870+0000] {logging_mixin.py:120} INFO - [2023-03-29T01:21:37.870+0000] {dag.py:2585} INFO - Sync 1 DAGs
[2023-03-29T01:21:37.886+0000] {logging_mixin.py:120} INFO - [2023-03-29T01:21:37.885+0000] {dag.py:3340} INFO - Setting next_dagrun for example_kubernetes_executor to None, run_after=None
[2023-03-29T01:21:37.897+0000] {processor.py:176} INFO - Processing /home/airflow/.local/lib/python3.7/site-packages/airflow/example_dags/example_kubernetes_executor.py took 0.076 seconds
[2023-03-29T01:22:08.236+0000] {processor.py:154} INFO - Started process (PID=1020) to work on /home/airflow/.local/lib/python3.7/site-packages/airflow/example_dags/example_kubernetes_executor.py
[2023-03-29T01:22:08.238+0000] {processor.py:756} INFO - Processing file /home/airflow/.local/lib/python3.7/site-packages/airflow/example_dags/example_kubernetes_executor.py for tasks to queue
[2023-03-29T01:22:08.239+0000] {logging_mixin.py:120} INFO - [2023-03-29T01:22:08.239+0000] {dagbag.py:537} INFO - Filling up the DagBag from /home/airflow/.local/lib/python3.7/site-packages/airflow/example_dags/example_kubernetes_executor.py
[2023-03-29T01:22:08.255+0000] {processor.py:766} INFO - DAG(s) dict_keys(['example_kubernetes_executor']) retrieved from /home/airflow/.local/lib/python3.7/site-packages/airflow/example_dags/example_kubernetes_executor.py
[2023-03-29T01:22:08.284+0000] {logging_mixin.py:120} INFO - [2023-03-29T01:22:08.284+0000] {dag.py:2585} INFO - Sync 1 DAGs
[2023-03-29T01:22:08.297+0000] {logging_mixin.py:120} INFO - [2023-03-29T01:22:08.297+0000] {dag.py:3340} INFO - Setting next_dagrun for example_kubernetes_executor to None, run_after=None
[2023-03-29T01:22:08.308+0000] {processor.py:176} INFO - Processing /home/airflow/.local/lib/python3.7/site-packages/airflow/example_dags/example_kubernetes_executor.py took 0.074 seconds
[2023-03-29T01:22:38.626+0000] {processor.py:154} INFO - Started process (PID=1083) to work on /home/airflow/.local/lib/python3.7/site-packages/airflow/example_dags/example_kubernetes_executor.py
[2023-03-29T01:22:38.627+0000] {processor.py:756} INFO - Processing file /home/airflow/.local/lib/python3.7/site-packages/airflow/example_dags/example_kubernetes_executor.py for tasks to queue
[2023-03-29T01:22:38.628+0000] {logging_mixin.py:120} INFO - [2023-03-29T01:22:38.628+0000] {dagbag.py:537} INFO - Filling up the DagBag from /home/airflow/.local/lib/python3.7/site-packages/airflow/example_dags/example_kubernetes_executor.py
[2023-03-29T01:22:38.645+0000] {processor.py:766} INFO - DAG(s) dict_keys(['example_kubernetes_executor']) retrieved from /home/airflow/.local/lib/python3.7/site-packages/airflow/example_dags/example_kubernetes_executor.py
[2023-03-29T01:22:38.672+0000] {logging_mixin.py:120} INFO - [2023-03-29T01:22:38.672+0000] {dag.py:2585} INFO - Sync 1 DAGs
[2023-03-29T01:22:38.687+0000] {logging_mixin.py:120} INFO - [2023-03-29T01:22:38.687+0000] {dag.py:3340} INFO - Setting next_dagrun for example_kubernetes_executor to None, run_after=None
[2023-03-29T01:22:38.699+0000] {processor.py:176} INFO - Processing /home/airflow/.local/lib/python3.7/site-packages/airflow/example_dags/example_kubernetes_executor.py took 0.076 seconds
[2023-03-29T01:23:08.979+0000] {processor.py:154} INFO - Started process (PID=1146) to work on /home/airflow/.local/lib/python3.7/site-packages/airflow/example_dags/example_kubernetes_executor.py
[2023-03-29T01:23:08.981+0000] {processor.py:756} INFO - Processing file /home/airflow/.local/lib/python3.7/site-packages/airflow/example_dags/example_kubernetes_executor.py for tasks to queue
[2023-03-29T01:23:08.981+0000] {logging_mixin.py:120} INFO - [2023-03-29T01:23:08.981+0000] {dagbag.py:537} INFO - Filling up the DagBag from /home/airflow/.local/lib/python3.7/site-packages/airflow/example_dags/example_kubernetes_executor.py
[2023-03-29T01:23:08.999+0000] {processor.py:766} INFO - DAG(s) dict_keys(['example_kubernetes_executor']) retrieved from /home/airflow/.local/lib/python3.7/site-packages/airflow/example_dags/example_kubernetes_executor.py
[2023-03-29T01:23:09.025+0000] {logging_mixin.py:120} INFO - [2023-03-29T01:23:09.025+0000] {dag.py:2585} INFO - Sync 1 DAGs
[2023-03-29T01:23:09.039+0000] {logging_mixin.py:120} INFO - [2023-03-29T01:23:09.039+0000] {dag.py:3340} INFO - Setting next_dagrun for example_kubernetes_executor to None, run_after=None
[2023-03-29T01:23:09.050+0000] {processor.py:176} INFO - Processing /home/airflow/.local/lib/python3.7/site-packages/airflow/example_dags/example_kubernetes_executor.py took 0.073 seconds
[2023-03-29T01:23:39.248+0000] {processor.py:154} INFO - Started process (PID=1207) to work on /home/airflow/.local/lib/python3.7/site-packages/airflow/example_dags/example_kubernetes_executor.py
[2023-03-29T01:23:39.249+0000] {processor.py:756} INFO - Processing file /home/airflow/.local/lib/python3.7/site-packages/airflow/example_dags/example_kubernetes_executor.py for tasks to queue
[2023-03-29T01:23:39.251+0000] {logging_mixin.py:120} INFO - [2023-03-29T01:23:39.251+0000] {dagbag.py:537} INFO - Filling up the DagBag from /home/airflow/.local/lib/python3.7/site-packages/airflow/example_dags/example_kubernetes_executor.py
[2023-03-29T01:23:39.269+0000] {processor.py:766} INFO - DAG(s) dict_keys(['example_kubernetes_executor']) retrieved from /home/airflow/.local/lib/python3.7/site-packages/airflow/example_dags/example_kubernetes_executor.py
[2023-03-29T01:23:39.299+0000] {logging_mixin.py:120} INFO - [2023-03-29T01:23:39.299+0000] {dag.py:2585} INFO - Sync 1 DAGs
[2023-03-29T01:23:39.315+0000] {logging_mixin.py:120} INFO - [2023-03-29T01:23:39.315+0000] {dag.py:3340} INFO - Setting next_dagrun for example_kubernetes_executor to None, run_after=None
[2023-03-29T01:23:39.327+0000] {processor.py:176} INFO - Processing /home/airflow/.local/lib/python3.7/site-packages/airflow/example_dags/example_kubernetes_executor.py took 0.082 seconds
