[2023-03-29T01:14:06.016+0000] {processor.py:154} INFO - Started process (PID=69) to work on /home/airflow/.local/lib/python3.7/site-packages/airflow/example_dags/example_task_group_decorator.py
[2023-03-29T01:14:06.018+0000] {processor.py:756} INFO - Processing file /home/airflow/.local/lib/python3.7/site-packages/airflow/example_dags/example_task_group_decorator.py for tasks to queue
[2023-03-29T01:14:06.018+0000] {logging_mixin.py:120} INFO - [2023-03-29T01:14:06.018+0000] {dagbag.py:537} INFO - Filling up the DagBag from /home/airflow/.local/lib/python3.7/site-packages/airflow/example_dags/example_task_group_decorator.py
[2023-03-29T01:14:06.051+0000] {processor.py:766} INFO - DAG(s) dict_keys(['example_task_group_decorator']) retrieved from /home/airflow/.local/lib/python3.7/site-packages/airflow/example_dags/example_task_group_decorator.py
[2023-03-29T01:14:06.178+0000] {logging_mixin.py:120} INFO - [2023-03-29T01:14:06.178+0000] {manager.py:507} INFO - Created Permission View: can delete on DAG:example_task_group_decorator
[2023-03-29T01:14:06.192+0000] {logging_mixin.py:120} INFO - [2023-03-29T01:14:06.192+0000] {manager.py:507} INFO - Created Permission View: can edit on DAG:example_task_group_decorator
[2023-03-29T01:14:06.199+0000] {logging_mixin.py:120} INFO - [2023-03-29T01:14:06.199+0000] {manager.py:507} INFO - Created Permission View: can read on DAG:example_task_group_decorator
[2023-03-29T01:14:06.200+0000] {logging_mixin.py:120} INFO - [2023-03-29T01:14:06.200+0000] {dag.py:2585} INFO - Sync 1 DAGs
[2023-03-29T01:14:06.212+0000] {logging_mixin.py:120} INFO - [2023-03-29T01:14:06.211+0000] {dag.py:2606} INFO - Creating ORM DAG for example_task_group_decorator
[2023-03-29T01:14:06.223+0000] {logging_mixin.py:120} INFO - [2023-03-29T01:14:06.223+0000] {dag.py:3340} INFO - Setting next_dagrun for example_task_group_decorator to 2023-03-28T01:14:06.223390+00:00, run_after=2023-03-29T01:14:06.223390+00:00
[2023-03-29T01:14:06.243+0000] {processor.py:176} INFO - Processing /home/airflow/.local/lib/python3.7/site-packages/airflow/example_dags/example_task_group_decorator.py took 0.230 seconds
[2023-03-29T01:14:36.442+0000] {processor.py:154} INFO - Started process (PID=125) to work on /home/airflow/.local/lib/python3.7/site-packages/airflow/example_dags/example_task_group_decorator.py
[2023-03-29T01:14:36.444+0000] {processor.py:756} INFO - Processing file /home/airflow/.local/lib/python3.7/site-packages/airflow/example_dags/example_task_group_decorator.py for tasks to queue
[2023-03-29T01:14:36.445+0000] {logging_mixin.py:120} INFO - [2023-03-29T01:14:36.444+0000] {dagbag.py:537} INFO - Filling up the DagBag from /home/airflow/.local/lib/python3.7/site-packages/airflow/example_dags/example_task_group_decorator.py
[2023-03-29T01:14:36.461+0000] {processor.py:766} INFO - DAG(s) dict_keys(['example_task_group_decorator']) retrieved from /home/airflow/.local/lib/python3.7/site-packages/airflow/example_dags/example_task_group_decorator.py
[2023-03-29T01:14:36.487+0000] {logging_mixin.py:120} INFO - [2023-03-29T01:14:36.487+0000] {dag.py:2585} INFO - Sync 1 DAGs
[2023-03-29T01:14:36.501+0000] {logging_mixin.py:120} INFO - [2023-03-29T01:14:36.500+0000] {dag.py:3340} INFO - Setting next_dagrun for example_task_group_decorator to 2023-03-28T01:14:36.500854+00:00, run_after=2023-03-29T01:14:36.500854+00:00
[2023-03-29T01:14:36.511+0000] {processor.py:176} INFO - Processing /home/airflow/.local/lib/python3.7/site-packages/airflow/example_dags/example_task_group_decorator.py took 0.071 seconds
[2023-03-29T01:15:06.690+0000] {processor.py:154} INFO - Started process (PID=189) to work on /home/airflow/.local/lib/python3.7/site-packages/airflow/example_dags/example_task_group_decorator.py
[2023-03-29T01:15:06.692+0000] {processor.py:756} INFO - Processing file /home/airflow/.local/lib/python3.7/site-packages/airflow/example_dags/example_task_group_decorator.py for tasks to queue
[2023-03-29T01:15:06.693+0000] {logging_mixin.py:120} INFO - [2023-03-29T01:15:06.693+0000] {dagbag.py:537} INFO - Filling up the DagBag from /home/airflow/.local/lib/python3.7/site-packages/airflow/example_dags/example_task_group_decorator.py
[2023-03-29T01:15:06.711+0000] {processor.py:766} INFO - DAG(s) dict_keys(['example_task_group_decorator']) retrieved from /home/airflow/.local/lib/python3.7/site-packages/airflow/example_dags/example_task_group_decorator.py
[2023-03-29T01:15:06.737+0000] {logging_mixin.py:120} INFO - [2023-03-29T01:15:06.737+0000] {dag.py:2585} INFO - Sync 1 DAGs
[2023-03-29T01:15:06.751+0000] {logging_mixin.py:120} INFO - [2023-03-29T01:15:06.751+0000] {dag.py:3340} INFO - Setting next_dagrun for example_task_group_decorator to 2023-03-28T01:15:06.750896+00:00, run_after=2023-03-29T01:15:06.750896+00:00
[2023-03-29T01:15:06.761+0000] {processor.py:176} INFO - Processing /home/airflow/.local/lib/python3.7/site-packages/airflow/example_dags/example_task_group_decorator.py took 0.073 seconds
[2023-03-29T01:15:37.021+0000] {processor.py:154} INFO - Started process (PID=252) to work on /home/airflow/.local/lib/python3.7/site-packages/airflow/example_dags/example_task_group_decorator.py
[2023-03-29T01:15:37.023+0000] {processor.py:756} INFO - Processing file /home/airflow/.local/lib/python3.7/site-packages/airflow/example_dags/example_task_group_decorator.py for tasks to queue
[2023-03-29T01:15:37.024+0000] {logging_mixin.py:120} INFO - [2023-03-29T01:15:37.024+0000] {dagbag.py:537} INFO - Filling up the DagBag from /home/airflow/.local/lib/python3.7/site-packages/airflow/example_dags/example_task_group_decorator.py
[2023-03-29T01:15:37.039+0000] {processor.py:766} INFO - DAG(s) dict_keys(['example_task_group_decorator']) retrieved from /home/airflow/.local/lib/python3.7/site-packages/airflow/example_dags/example_task_group_decorator.py
[2023-03-29T01:15:37.067+0000] {logging_mixin.py:120} INFO - [2023-03-29T01:15:37.067+0000] {dag.py:2585} INFO - Sync 1 DAGs
[2023-03-29T01:15:37.082+0000] {logging_mixin.py:120} INFO - [2023-03-29T01:15:37.082+0000] {dag.py:3340} INFO - Setting next_dagrun for example_task_group_decorator to 2023-03-28T01:15:37.082315+00:00, run_after=2023-03-29T01:15:37.082315+00:00
[2023-03-29T01:15:37.094+0000] {processor.py:176} INFO - Processing /home/airflow/.local/lib/python3.7/site-packages/airflow/example_dags/example_task_group_decorator.py took 0.075 seconds
[2023-03-29T01:16:07.350+0000] {processor.py:154} INFO - Started process (PID=315) to work on /home/airflow/.local/lib/python3.7/site-packages/airflow/example_dags/example_task_group_decorator.py
[2023-03-29T01:16:07.351+0000] {processor.py:756} INFO - Processing file /home/airflow/.local/lib/python3.7/site-packages/airflow/example_dags/example_task_group_decorator.py for tasks to queue
[2023-03-29T01:16:07.354+0000] {logging_mixin.py:120} INFO - [2023-03-29T01:16:07.353+0000] {dagbag.py:537} INFO - Filling up the DagBag from /home/airflow/.local/lib/python3.7/site-packages/airflow/example_dags/example_task_group_decorator.py
[2023-03-29T01:16:07.369+0000] {processor.py:766} INFO - DAG(s) dict_keys(['example_task_group_decorator']) retrieved from /home/airflow/.local/lib/python3.7/site-packages/airflow/example_dags/example_task_group_decorator.py
[2023-03-29T01:16:07.394+0000] {logging_mixin.py:120} INFO - [2023-03-29T01:16:07.394+0000] {dag.py:2585} INFO - Sync 1 DAGs
[2023-03-29T01:16:07.409+0000] {logging_mixin.py:120} INFO - [2023-03-29T01:16:07.409+0000] {dag.py:3340} INFO - Setting next_dagrun for example_task_group_decorator to 2023-03-28T01:16:07.409148+00:00, run_after=2023-03-29T01:16:07.409148+00:00
[2023-03-29T01:16:07.421+0000] {processor.py:176} INFO - Processing /home/airflow/.local/lib/python3.7/site-packages/airflow/example_dags/example_task_group_decorator.py took 0.074 seconds
[2023-03-29T01:16:37.521+0000] {processor.py:154} INFO - Started process (PID=378) to work on /home/airflow/.local/lib/python3.7/site-packages/airflow/example_dags/example_task_group_decorator.py
[2023-03-29T01:16:37.524+0000] {processor.py:756} INFO - Processing file /home/airflow/.local/lib/python3.7/site-packages/airflow/example_dags/example_task_group_decorator.py for tasks to queue
[2023-03-29T01:16:37.526+0000] {logging_mixin.py:120} INFO - [2023-03-29T01:16:37.526+0000] {dagbag.py:537} INFO - Filling up the DagBag from /home/airflow/.local/lib/python3.7/site-packages/airflow/example_dags/example_task_group_decorator.py
[2023-03-29T01:16:37.551+0000] {processor.py:766} INFO - DAG(s) dict_keys(['example_task_group_decorator']) retrieved from /home/airflow/.local/lib/python3.7/site-packages/airflow/example_dags/example_task_group_decorator.py
[2023-03-29T01:16:37.580+0000] {logging_mixin.py:120} INFO - [2023-03-29T01:16:37.580+0000] {dag.py:2585} INFO - Sync 1 DAGs
[2023-03-29T01:16:37.595+0000] {logging_mixin.py:120} INFO - [2023-03-29T01:16:37.595+0000] {dag.py:3340} INFO - Setting next_dagrun for example_task_group_decorator to 2023-03-28T01:16:37.595677+00:00, run_after=2023-03-29T01:16:37.595677+00:00
[2023-03-29T01:16:37.607+0000] {processor.py:176} INFO - Processing /home/airflow/.local/lib/python3.7/site-packages/airflow/example_dags/example_task_group_decorator.py took 0.089 seconds
[2023-03-29T01:17:07.887+0000] {processor.py:154} INFO - Started process (PID=432) to work on /home/airflow/.local/lib/python3.7/site-packages/airflow/example_dags/example_task_group_decorator.py
[2023-03-29T01:17:07.888+0000] {processor.py:756} INFO - Processing file /home/airflow/.local/lib/python3.7/site-packages/airflow/example_dags/example_task_group_decorator.py for tasks to queue
[2023-03-29T01:17:07.889+0000] {logging_mixin.py:120} INFO - [2023-03-29T01:17:07.889+0000] {dagbag.py:537} INFO - Filling up the DagBag from /home/airflow/.local/lib/python3.7/site-packages/airflow/example_dags/example_task_group_decorator.py
[2023-03-29T01:17:07.906+0000] {processor.py:766} INFO - DAG(s) dict_keys(['example_task_group_decorator']) retrieved from /home/airflow/.local/lib/python3.7/site-packages/airflow/example_dags/example_task_group_decorator.py
[2023-03-29T01:17:07.933+0000] {logging_mixin.py:120} INFO - [2023-03-29T01:17:07.933+0000] {dag.py:2585} INFO - Sync 1 DAGs
[2023-03-29T01:17:07.949+0000] {logging_mixin.py:120} INFO - [2023-03-29T01:17:07.949+0000] {dag.py:3340} INFO - Setting next_dagrun for example_task_group_decorator to 2023-03-28T01:17:07.949377+00:00, run_after=2023-03-29T01:17:07.949377+00:00
[2023-03-29T01:17:07.963+0000] {processor.py:176} INFO - Processing /home/airflow/.local/lib/python3.7/site-packages/airflow/example_dags/example_task_group_decorator.py took 0.079 seconds
[2023-03-29T01:17:38.317+0000] {processor.py:154} INFO - Started process (PID=495) to work on /home/airflow/.local/lib/python3.7/site-packages/airflow/example_dags/example_task_group_decorator.py
[2023-03-29T01:17:38.319+0000] {processor.py:756} INFO - Processing file /home/airflow/.local/lib/python3.7/site-packages/airflow/example_dags/example_task_group_decorator.py for tasks to queue
[2023-03-29T01:17:38.319+0000] {logging_mixin.py:120} INFO - [2023-03-29T01:17:38.319+0000] {dagbag.py:537} INFO - Filling up the DagBag from /home/airflow/.local/lib/python3.7/site-packages/airflow/example_dags/example_task_group_decorator.py
[2023-03-29T01:17:38.337+0000] {processor.py:766} INFO - DAG(s) dict_keys(['example_task_group_decorator']) retrieved from /home/airflow/.local/lib/python3.7/site-packages/airflow/example_dags/example_task_group_decorator.py
[2023-03-29T01:17:38.365+0000] {logging_mixin.py:120} INFO - [2023-03-29T01:17:38.365+0000] {dag.py:2585} INFO - Sync 1 DAGs
[2023-03-29T01:17:38.380+0000] {logging_mixin.py:120} INFO - [2023-03-29T01:17:38.380+0000] {dag.py:3340} INFO - Setting next_dagrun for example_task_group_decorator to 2023-03-28T01:17:38.380520+00:00, run_after=2023-03-29T01:17:38.380520+00:00
[2023-03-29T01:17:38.394+0000] {processor.py:176} INFO - Processing /home/airflow/.local/lib/python3.7/site-packages/airflow/example_dags/example_task_group_decorator.py took 0.079 seconds
[2023-03-29T01:18:08.634+0000] {processor.py:154} INFO - Started process (PID=559) to work on /home/airflow/.local/lib/python3.7/site-packages/airflow/example_dags/example_task_group_decorator.py
[2023-03-29T01:18:08.635+0000] {processor.py:756} INFO - Processing file /home/airflow/.local/lib/python3.7/site-packages/airflow/example_dags/example_task_group_decorator.py for tasks to queue
[2023-03-29T01:18:08.637+0000] {logging_mixin.py:120} INFO - [2023-03-29T01:18:08.637+0000] {dagbag.py:537} INFO - Filling up the DagBag from /home/airflow/.local/lib/python3.7/site-packages/airflow/example_dags/example_task_group_decorator.py
[2023-03-29T01:18:08.655+0000] {processor.py:766} INFO - DAG(s) dict_keys(['example_task_group_decorator']) retrieved from /home/airflow/.local/lib/python3.7/site-packages/airflow/example_dags/example_task_group_decorator.py
[2023-03-29T01:18:08.683+0000] {logging_mixin.py:120} INFO - [2023-03-29T01:18:08.683+0000] {dag.py:2585} INFO - Sync 1 DAGs
[2023-03-29T01:18:08.696+0000] {logging_mixin.py:120} INFO - [2023-03-29T01:18:08.696+0000] {dag.py:3340} INFO - Setting next_dagrun for example_task_group_decorator to 2023-03-28T01:18:08.696499+00:00, run_after=2023-03-29T01:18:08.696499+00:00
[2023-03-29T01:18:08.709+0000] {processor.py:176} INFO - Processing /home/airflow/.local/lib/python3.7/site-packages/airflow/example_dags/example_task_group_decorator.py took 0.077 seconds
[2023-03-29T01:18:39.098+0000] {processor.py:154} INFO - Started process (PID=622) to work on /home/airflow/.local/lib/python3.7/site-packages/airflow/example_dags/example_task_group_decorator.py
[2023-03-29T01:18:39.100+0000] {processor.py:756} INFO - Processing file /home/airflow/.local/lib/python3.7/site-packages/airflow/example_dags/example_task_group_decorator.py for tasks to queue
[2023-03-29T01:18:39.101+0000] {logging_mixin.py:120} INFO - [2023-03-29T01:18:39.101+0000] {dagbag.py:537} INFO - Filling up the DagBag from /home/airflow/.local/lib/python3.7/site-packages/airflow/example_dags/example_task_group_decorator.py
[2023-03-29T01:18:39.119+0000] {processor.py:766} INFO - DAG(s) dict_keys(['example_task_group_decorator']) retrieved from /home/airflow/.local/lib/python3.7/site-packages/airflow/example_dags/example_task_group_decorator.py
[2023-03-29T01:18:39.152+0000] {logging_mixin.py:120} INFO - [2023-03-29T01:18:39.152+0000] {dag.py:2585} INFO - Sync 1 DAGs
[2023-03-29T01:18:39.169+0000] {logging_mixin.py:120} INFO - [2023-03-29T01:18:39.169+0000] {dag.py:3340} INFO - Setting next_dagrun for example_task_group_decorator to 2023-03-28T01:18:39.169361+00:00, run_after=2023-03-29T01:18:39.169361+00:00
[2023-03-29T01:18:39.181+0000] {processor.py:176} INFO - Processing /home/airflow/.local/lib/python3.7/site-packages/airflow/example_dags/example_task_group_decorator.py took 0.088 seconds
[2023-03-29T01:19:09.522+0000] {processor.py:154} INFO - Started process (PID=684) to work on /home/airflow/.local/lib/python3.7/site-packages/airflow/example_dags/example_task_group_decorator.py
[2023-03-29T01:19:09.523+0000] {processor.py:756} INFO - Processing file /home/airflow/.local/lib/python3.7/site-packages/airflow/example_dags/example_task_group_decorator.py for tasks to queue
[2023-03-29T01:19:09.524+0000] {logging_mixin.py:120} INFO - [2023-03-29T01:19:09.524+0000] {dagbag.py:537} INFO - Filling up the DagBag from /home/airflow/.local/lib/python3.7/site-packages/airflow/example_dags/example_task_group_decorator.py
[2023-03-29T01:19:09.538+0000] {processor.py:766} INFO - DAG(s) dict_keys(['example_task_group_decorator']) retrieved from /home/airflow/.local/lib/python3.7/site-packages/airflow/example_dags/example_task_group_decorator.py
[2023-03-29T01:19:09.563+0000] {logging_mixin.py:120} INFO - [2023-03-29T01:19:09.563+0000] {dag.py:2585} INFO - Sync 1 DAGs
[2023-03-29T01:19:09.577+0000] {logging_mixin.py:120} INFO - [2023-03-29T01:19:09.577+0000] {dag.py:3340} INFO - Setting next_dagrun for example_task_group_decorator to 2023-03-28T01:19:09.577077+00:00, run_after=2023-03-29T01:19:09.577077+00:00
[2023-03-29T01:19:09.589+0000] {processor.py:176} INFO - Processing /home/airflow/.local/lib/python3.7/site-packages/airflow/example_dags/example_task_group_decorator.py took 0.069 seconds
[2023-03-29T01:19:39.788+0000] {processor.py:154} INFO - Started process (PID=738) to work on /home/airflow/.local/lib/python3.7/site-packages/airflow/example_dags/example_task_group_decorator.py
[2023-03-29T01:19:39.791+0000] {processor.py:756} INFO - Processing file /home/airflow/.local/lib/python3.7/site-packages/airflow/example_dags/example_task_group_decorator.py for tasks to queue
[2023-03-29T01:19:39.792+0000] {logging_mixin.py:120} INFO - [2023-03-29T01:19:39.792+0000] {dagbag.py:537} INFO - Filling up the DagBag from /home/airflow/.local/lib/python3.7/site-packages/airflow/example_dags/example_task_group_decorator.py
[2023-03-29T01:19:39.809+0000] {processor.py:766} INFO - DAG(s) dict_keys(['example_task_group_decorator']) retrieved from /home/airflow/.local/lib/python3.7/site-packages/airflow/example_dags/example_task_group_decorator.py
[2023-03-29T01:19:39.838+0000] {logging_mixin.py:120} INFO - [2023-03-29T01:19:39.838+0000] {dag.py:2585} INFO - Sync 1 DAGs
[2023-03-29T01:19:39.853+0000] {logging_mixin.py:120} INFO - [2023-03-29T01:19:39.853+0000] {dag.py:3340} INFO - Setting next_dagrun for example_task_group_decorator to 2023-03-28T01:19:39.853329+00:00, run_after=2023-03-29T01:19:39.853329+00:00
[2023-03-29T01:19:39.866+0000] {processor.py:176} INFO - Processing /home/airflow/.local/lib/python3.7/site-packages/airflow/example_dags/example_task_group_decorator.py took 0.080 seconds
[2023-03-29T01:20:10.100+0000] {processor.py:154} INFO - Started process (PID=801) to work on /home/airflow/.local/lib/python3.7/site-packages/airflow/example_dags/example_task_group_decorator.py
[2023-03-29T01:20:10.102+0000] {processor.py:756} INFO - Processing file /home/airflow/.local/lib/python3.7/site-packages/airflow/example_dags/example_task_group_decorator.py for tasks to queue
[2023-03-29T01:20:10.103+0000] {logging_mixin.py:120} INFO - [2023-03-29T01:20:10.103+0000] {dagbag.py:537} INFO - Filling up the DagBag from /home/airflow/.local/lib/python3.7/site-packages/airflow/example_dags/example_task_group_decorator.py
[2023-03-29T01:20:10.119+0000] {processor.py:766} INFO - DAG(s) dict_keys(['example_task_group_decorator']) retrieved from /home/airflow/.local/lib/python3.7/site-packages/airflow/example_dags/example_task_group_decorator.py
[2023-03-29T01:20:10.153+0000] {logging_mixin.py:120} INFO - [2023-03-29T01:20:10.153+0000] {dag.py:2585} INFO - Sync 1 DAGs
[2023-03-29T01:20:10.172+0000] {logging_mixin.py:120} INFO - [2023-03-29T01:20:10.172+0000] {dag.py:3340} INFO - Setting next_dagrun for example_task_group_decorator to 2023-03-28T01:20:10.171883+00:00, run_after=2023-03-29T01:20:10.171883+00:00
[2023-03-29T01:20:10.190+0000] {processor.py:176} INFO - Processing /home/airflow/.local/lib/python3.7/site-packages/airflow/example_dags/example_task_group_decorator.py took 0.093 seconds
