[2023-03-29T01:14:04.980+0000] {processor.py:154} INFO - Started process (PID=56) to work on /home/airflow/.local/lib/python3.7/site-packages/airflow/example_dags/tutorial_dag.py
[2023-03-29T01:14:04.982+0000] {processor.py:756} INFO - Processing file /home/airflow/.local/lib/python3.7/site-packages/airflow/example_dags/tutorial_dag.py for tasks to queue
[2023-03-29T01:14:04.984+0000] {logging_mixin.py:120} INFO - [2023-03-29T01:14:04.983+0000] {dagbag.py:537} INFO - Filling up the DagBag from /home/airflow/.local/lib/python3.7/site-packages/airflow/example_dags/tutorial_dag.py
[2023-03-29T01:14:04.995+0000] {processor.py:766} INFO - DAG(s) dict_keys(['tutorial_dag']) retrieved from /home/airflow/.local/lib/python3.7/site-packages/airflow/example_dags/tutorial_dag.py
[2023-03-29T01:14:05.088+0000] {logging_mixin.py:120} INFO - [2023-03-29T01:14:05.088+0000] {manager.py:507} INFO - Created Permission View: can delete on DAG:tutorial_dag
[2023-03-29T01:14:05.096+0000] {logging_mixin.py:120} INFO - [2023-03-29T01:14:05.096+0000] {manager.py:507} INFO - Created Permission View: can edit on DAG:tutorial_dag
[2023-03-29T01:14:05.102+0000] {logging_mixin.py:120} INFO - [2023-03-29T01:14:05.102+0000] {manager.py:507} INFO - Created Permission View: can read on DAG:tutorial_dag
[2023-03-29T01:14:05.105+0000] {logging_mixin.py:120} INFO - [2023-03-29T01:14:05.105+0000] {dag.py:2585} INFO - Sync 1 DAGs
[2023-03-29T01:14:05.115+0000] {logging_mixin.py:120} INFO - [2023-03-29T01:14:05.115+0000] {dag.py:2606} INFO - Creating ORM DAG for tutorial_dag
[2023-03-29T01:14:05.125+0000] {logging_mixin.py:120} INFO - [2023-03-29T01:14:05.125+0000] {dag.py:3340} INFO - Setting next_dagrun for tutorial_dag to None, run_after=None
[2023-03-29T01:14:05.160+0000] {processor.py:176} INFO - Processing /home/airflow/.local/lib/python3.7/site-packages/airflow/example_dags/tutorial_dag.py took 0.182 seconds
[2023-03-29T01:14:35.940+0000] {processor.py:154} INFO - Started process (PID=119) to work on /home/airflow/.local/lib/python3.7/site-packages/airflow/example_dags/tutorial_dag.py
[2023-03-29T01:14:35.942+0000] {processor.py:756} INFO - Processing file /home/airflow/.local/lib/python3.7/site-packages/airflow/example_dags/tutorial_dag.py for tasks to queue
[2023-03-29T01:14:35.943+0000] {logging_mixin.py:120} INFO - [2023-03-29T01:14:35.943+0000] {dagbag.py:537} INFO - Filling up the DagBag from /home/airflow/.local/lib/python3.7/site-packages/airflow/example_dags/tutorial_dag.py
[2023-03-29T01:14:35.954+0000] {processor.py:766} INFO - DAG(s) dict_keys(['tutorial_dag']) retrieved from /home/airflow/.local/lib/python3.7/site-packages/airflow/example_dags/tutorial_dag.py
[2023-03-29T01:14:35.981+0000] {logging_mixin.py:120} INFO - [2023-03-29T01:14:35.981+0000] {dag.py:2585} INFO - Sync 1 DAGs
[2023-03-29T01:14:35.996+0000] {logging_mixin.py:120} INFO - [2023-03-29T01:14:35.996+0000] {dag.py:3340} INFO - Setting next_dagrun for tutorial_dag to None, run_after=None
[2023-03-29T01:14:36.009+0000] {processor.py:176} INFO - Processing /home/airflow/.local/lib/python3.7/site-packages/airflow/example_dags/tutorial_dag.py took 0.071 seconds
[2023-03-29T01:15:06.313+0000] {processor.py:154} INFO - Started process (PID=183) to work on /home/airflow/.local/lib/python3.7/site-packages/airflow/example_dags/tutorial_dag.py
[2023-03-29T01:15:06.314+0000] {processor.py:756} INFO - Processing file /home/airflow/.local/lib/python3.7/site-packages/airflow/example_dags/tutorial_dag.py for tasks to queue
[2023-03-29T01:15:06.315+0000] {logging_mixin.py:120} INFO - [2023-03-29T01:15:06.315+0000] {dagbag.py:537} INFO - Filling up the DagBag from /home/airflow/.local/lib/python3.7/site-packages/airflow/example_dags/tutorial_dag.py
[2023-03-29T01:15:06.324+0000] {processor.py:766} INFO - DAG(s) dict_keys(['tutorial_dag']) retrieved from /home/airflow/.local/lib/python3.7/site-packages/airflow/example_dags/tutorial_dag.py
[2023-03-29T01:15:06.352+0000] {logging_mixin.py:120} INFO - [2023-03-29T01:15:06.352+0000] {dag.py:2585} INFO - Sync 1 DAGs
[2023-03-29T01:15:06.371+0000] {logging_mixin.py:120} INFO - [2023-03-29T01:15:06.371+0000] {dag.py:3340} INFO - Setting next_dagrun for tutorial_dag to None, run_after=None
[2023-03-29T01:15:06.385+0000] {processor.py:176} INFO - Processing /home/airflow/.local/lib/python3.7/site-packages/airflow/example_dags/tutorial_dag.py took 0.075 seconds
[2023-03-29T01:15:36.666+0000] {processor.py:154} INFO - Started process (PID=246) to work on /home/airflow/.local/lib/python3.7/site-packages/airflow/example_dags/tutorial_dag.py
[2023-03-29T01:15:36.668+0000] {processor.py:756} INFO - Processing file /home/airflow/.local/lib/python3.7/site-packages/airflow/example_dags/tutorial_dag.py for tasks to queue
[2023-03-29T01:15:36.669+0000] {logging_mixin.py:120} INFO - [2023-03-29T01:15:36.669+0000] {dagbag.py:537} INFO - Filling up the DagBag from /home/airflow/.local/lib/python3.7/site-packages/airflow/example_dags/tutorial_dag.py
[2023-03-29T01:15:36.678+0000] {processor.py:766} INFO - DAG(s) dict_keys(['tutorial_dag']) retrieved from /home/airflow/.local/lib/python3.7/site-packages/airflow/example_dags/tutorial_dag.py
[2023-03-29T01:15:36.703+0000] {logging_mixin.py:120} INFO - [2023-03-29T01:15:36.703+0000] {dag.py:2585} INFO - Sync 1 DAGs
[2023-03-29T01:15:36.717+0000] {logging_mixin.py:120} INFO - [2023-03-29T01:15:36.717+0000] {dag.py:3340} INFO - Setting next_dagrun for tutorial_dag to None, run_after=None
[2023-03-29T01:15:36.729+0000] {processor.py:176} INFO - Processing /home/airflow/.local/lib/python3.7/site-packages/airflow/example_dags/tutorial_dag.py took 0.065 seconds
[2023-03-29T01:16:06.842+0000] {processor.py:154} INFO - Started process (PID=309) to work on /home/airflow/.local/lib/python3.7/site-packages/airflow/example_dags/tutorial_dag.py
[2023-03-29T01:16:06.844+0000] {processor.py:756} INFO - Processing file /home/airflow/.local/lib/python3.7/site-packages/airflow/example_dags/tutorial_dag.py for tasks to queue
[2023-03-29T01:16:06.846+0000] {logging_mixin.py:120} INFO - [2023-03-29T01:16:06.846+0000] {dagbag.py:537} INFO - Filling up the DagBag from /home/airflow/.local/lib/python3.7/site-packages/airflow/example_dags/tutorial_dag.py
[2023-03-29T01:16:06.855+0000] {processor.py:766} INFO - DAG(s) dict_keys(['tutorial_dag']) retrieved from /home/airflow/.local/lib/python3.7/site-packages/airflow/example_dags/tutorial_dag.py
[2023-03-29T01:16:06.883+0000] {logging_mixin.py:120} INFO - [2023-03-29T01:16:06.883+0000] {dag.py:2585} INFO - Sync 1 DAGs
[2023-03-29T01:16:06.897+0000] {logging_mixin.py:120} INFO - [2023-03-29T01:16:06.897+0000] {dag.py:3340} INFO - Setting next_dagrun for tutorial_dag to None, run_after=None
[2023-03-29T01:16:06.909+0000] {processor.py:176} INFO - Processing /home/airflow/.local/lib/python3.7/site-packages/airflow/example_dags/tutorial_dag.py took 0.069 seconds
[2023-03-29T01:16:37.061+0000] {processor.py:154} INFO - Started process (PID=372) to work on /home/airflow/.local/lib/python3.7/site-packages/airflow/example_dags/tutorial_dag.py
[2023-03-29T01:16:37.064+0000] {processor.py:756} INFO - Processing file /home/airflow/.local/lib/python3.7/site-packages/airflow/example_dags/tutorial_dag.py for tasks to queue
[2023-03-29T01:16:37.066+0000] {logging_mixin.py:120} INFO - [2023-03-29T01:16:37.065+0000] {dagbag.py:537} INFO - Filling up the DagBag from /home/airflow/.local/lib/python3.7/site-packages/airflow/example_dags/tutorial_dag.py
[2023-03-29T01:16:37.076+0000] {processor.py:766} INFO - DAG(s) dict_keys(['tutorial_dag']) retrieved from /home/airflow/.local/lib/python3.7/site-packages/airflow/example_dags/tutorial_dag.py
[2023-03-29T01:16:37.106+0000] {logging_mixin.py:120} INFO - [2023-03-29T01:16:37.106+0000] {dag.py:2585} INFO - Sync 1 DAGs
[2023-03-29T01:16:37.123+0000] {logging_mixin.py:120} INFO - [2023-03-29T01:16:37.123+0000] {dag.py:3340} INFO - Setting next_dagrun for tutorial_dag to None, run_after=None
[2023-03-29T01:16:37.142+0000] {processor.py:176} INFO - Processing /home/airflow/.local/lib/python3.7/site-packages/airflow/example_dags/tutorial_dag.py took 0.084 seconds
[2023-03-29T01:17:07.602+0000] {processor.py:154} INFO - Started process (PID=426) to work on /home/airflow/.local/lib/python3.7/site-packages/airflow/example_dags/tutorial_dag.py
[2023-03-29T01:17:07.605+0000] {processor.py:756} INFO - Processing file /home/airflow/.local/lib/python3.7/site-packages/airflow/example_dags/tutorial_dag.py for tasks to queue
[2023-03-29T01:17:07.606+0000] {logging_mixin.py:120} INFO - [2023-03-29T01:17:07.606+0000] {dagbag.py:537} INFO - Filling up the DagBag from /home/airflow/.local/lib/python3.7/site-packages/airflow/example_dags/tutorial_dag.py
[2023-03-29T01:17:07.616+0000] {processor.py:766} INFO - DAG(s) dict_keys(['tutorial_dag']) retrieved from /home/airflow/.local/lib/python3.7/site-packages/airflow/example_dags/tutorial_dag.py
[2023-03-29T01:17:07.643+0000] {logging_mixin.py:120} INFO - [2023-03-29T01:17:07.643+0000] {dag.py:2585} INFO - Sync 1 DAGs
[2023-03-29T01:17:07.659+0000] {logging_mixin.py:120} INFO - [2023-03-29T01:17:07.659+0000] {dag.py:3340} INFO - Setting next_dagrun for tutorial_dag to None, run_after=None
[2023-03-29T01:17:07.671+0000] {processor.py:176} INFO - Processing /home/airflow/.local/lib/python3.7/site-packages/airflow/example_dags/tutorial_dag.py took 0.072 seconds
[2023-03-29T01:17:37.883+0000] {processor.py:154} INFO - Started process (PID=489) to work on /home/airflow/.local/lib/python3.7/site-packages/airflow/example_dags/tutorial_dag.py
[2023-03-29T01:17:37.885+0000] {processor.py:756} INFO - Processing file /home/airflow/.local/lib/python3.7/site-packages/airflow/example_dags/tutorial_dag.py for tasks to queue
[2023-03-29T01:17:37.886+0000] {logging_mixin.py:120} INFO - [2023-03-29T01:17:37.886+0000] {dagbag.py:537} INFO - Filling up the DagBag from /home/airflow/.local/lib/python3.7/site-packages/airflow/example_dags/tutorial_dag.py
[2023-03-29T01:17:37.895+0000] {processor.py:766} INFO - DAG(s) dict_keys(['tutorial_dag']) retrieved from /home/airflow/.local/lib/python3.7/site-packages/airflow/example_dags/tutorial_dag.py
[2023-03-29T01:17:37.922+0000] {logging_mixin.py:120} INFO - [2023-03-29T01:17:37.922+0000] {dag.py:2585} INFO - Sync 1 DAGs
[2023-03-29T01:17:37.939+0000] {logging_mixin.py:120} INFO - [2023-03-29T01:17:37.939+0000] {dag.py:3340} INFO - Setting next_dagrun for tutorial_dag to None, run_after=None
[2023-03-29T01:17:37.950+0000] {processor.py:176} INFO - Processing /home/airflow/.local/lib/python3.7/site-packages/airflow/example_dags/tutorial_dag.py took 0.068 seconds
[2023-03-29T01:18:08.205+0000] {processor.py:154} INFO - Started process (PID=553) to work on /home/airflow/.local/lib/python3.7/site-packages/airflow/example_dags/tutorial_dag.py
[2023-03-29T01:18:08.207+0000] {processor.py:756} INFO - Processing file /home/airflow/.local/lib/python3.7/site-packages/airflow/example_dags/tutorial_dag.py for tasks to queue
[2023-03-29T01:18:08.208+0000] {logging_mixin.py:120} INFO - [2023-03-29T01:18:08.208+0000] {dagbag.py:537} INFO - Filling up the DagBag from /home/airflow/.local/lib/python3.7/site-packages/airflow/example_dags/tutorial_dag.py
[2023-03-29T01:18:08.217+0000] {processor.py:766} INFO - DAG(s) dict_keys(['tutorial_dag']) retrieved from /home/airflow/.local/lib/python3.7/site-packages/airflow/example_dags/tutorial_dag.py
[2023-03-29T01:18:08.245+0000] {logging_mixin.py:120} INFO - [2023-03-29T01:18:08.245+0000] {dag.py:2585} INFO - Sync 1 DAGs
[2023-03-29T01:18:08.261+0000] {logging_mixin.py:120} INFO - [2023-03-29T01:18:08.260+0000] {dag.py:3340} INFO - Setting next_dagrun for tutorial_dag to None, run_after=None
[2023-03-29T01:18:08.274+0000] {processor.py:176} INFO - Processing /home/airflow/.local/lib/python3.7/site-packages/airflow/example_dags/tutorial_dag.py took 0.071 seconds
[2023-03-29T01:18:38.682+0000] {processor.py:154} INFO - Started process (PID=616) to work on /home/airflow/.local/lib/python3.7/site-packages/airflow/example_dags/tutorial_dag.py
[2023-03-29T01:18:38.684+0000] {processor.py:756} INFO - Processing file /home/airflow/.local/lib/python3.7/site-packages/airflow/example_dags/tutorial_dag.py for tasks to queue
[2023-03-29T01:18:38.686+0000] {logging_mixin.py:120} INFO - [2023-03-29T01:18:38.686+0000] {dagbag.py:537} INFO - Filling up the DagBag from /home/airflow/.local/lib/python3.7/site-packages/airflow/example_dags/tutorial_dag.py
[2023-03-29T01:18:38.697+0000] {processor.py:766} INFO - DAG(s) dict_keys(['tutorial_dag']) retrieved from /home/airflow/.local/lib/python3.7/site-packages/airflow/example_dags/tutorial_dag.py
[2023-03-29T01:18:38.720+0000] {logging_mixin.py:120} INFO - [2023-03-29T01:18:38.720+0000] {dag.py:2585} INFO - Sync 1 DAGs
[2023-03-29T01:18:38.734+0000] {logging_mixin.py:120} INFO - [2023-03-29T01:18:38.734+0000] {dag.py:3340} INFO - Setting next_dagrun for tutorial_dag to None, run_after=None
[2023-03-29T01:18:38.746+0000] {processor.py:176} INFO - Processing /home/airflow/.local/lib/python3.7/site-packages/airflow/example_dags/tutorial_dag.py took 0.066 seconds
[2023-03-29T01:19:09.022+0000] {processor.py:154} INFO - Started process (PID=678) to work on /home/airflow/.local/lib/python3.7/site-packages/airflow/example_dags/tutorial_dag.py
[2023-03-29T01:19:09.023+0000] {processor.py:756} INFO - Processing file /home/airflow/.local/lib/python3.7/site-packages/airflow/example_dags/tutorial_dag.py for tasks to queue
[2023-03-29T01:19:09.024+0000] {logging_mixin.py:120} INFO - [2023-03-29T01:19:09.024+0000] {dagbag.py:537} INFO - Filling up the DagBag from /home/airflow/.local/lib/python3.7/site-packages/airflow/example_dags/tutorial_dag.py
[2023-03-29T01:19:09.033+0000] {processor.py:766} INFO - DAG(s) dict_keys(['tutorial_dag']) retrieved from /home/airflow/.local/lib/python3.7/site-packages/airflow/example_dags/tutorial_dag.py
[2023-03-29T01:19:09.061+0000] {logging_mixin.py:120} INFO - [2023-03-29T01:19:09.061+0000] {dag.py:2585} INFO - Sync 1 DAGs
[2023-03-29T01:19:09.077+0000] {logging_mixin.py:120} INFO - [2023-03-29T01:19:09.077+0000] {dag.py:3340} INFO - Setting next_dagrun for tutorial_dag to None, run_after=None
[2023-03-29T01:19:09.089+0000] {processor.py:176} INFO - Processing /home/airflow/.local/lib/python3.7/site-packages/airflow/example_dags/tutorial_dag.py took 0.069 seconds
[2023-03-29T01:19:39.326+0000] {processor.py:154} INFO - Started process (PID=732) to work on /home/airflow/.local/lib/python3.7/site-packages/airflow/example_dags/tutorial_dag.py
[2023-03-29T01:19:39.328+0000] {processor.py:756} INFO - Processing file /home/airflow/.local/lib/python3.7/site-packages/airflow/example_dags/tutorial_dag.py for tasks to queue
[2023-03-29T01:19:39.329+0000] {logging_mixin.py:120} INFO - [2023-03-29T01:19:39.329+0000] {dagbag.py:537} INFO - Filling up the DagBag from /home/airflow/.local/lib/python3.7/site-packages/airflow/example_dags/tutorial_dag.py
[2023-03-29T01:19:39.339+0000] {processor.py:766} INFO - DAG(s) dict_keys(['tutorial_dag']) retrieved from /home/airflow/.local/lib/python3.7/site-packages/airflow/example_dags/tutorial_dag.py
[2023-03-29T01:19:39.371+0000] {logging_mixin.py:120} INFO - [2023-03-29T01:19:39.370+0000] {dag.py:2585} INFO - Sync 1 DAGs
[2023-03-29T01:19:39.388+0000] {logging_mixin.py:120} INFO - [2023-03-29T01:19:39.387+0000] {dag.py:3340} INFO - Setting next_dagrun for tutorial_dag to None, run_after=None
[2023-03-29T01:19:39.400+0000] {processor.py:176} INFO - Processing /home/airflow/.local/lib/python3.7/site-packages/airflow/example_dags/tutorial_dag.py took 0.076 seconds
[2023-03-29T01:20:09.714+0000] {processor.py:154} INFO - Started process (PID=795) to work on /home/airflow/.local/lib/python3.7/site-packages/airflow/example_dags/tutorial_dag.py
[2023-03-29T01:20:09.715+0000] {processor.py:756} INFO - Processing file /home/airflow/.local/lib/python3.7/site-packages/airflow/example_dags/tutorial_dag.py for tasks to queue
[2023-03-29T01:20:09.716+0000] {logging_mixin.py:120} INFO - [2023-03-29T01:20:09.716+0000] {dagbag.py:537} INFO - Filling up the DagBag from /home/airflow/.local/lib/python3.7/site-packages/airflow/example_dags/tutorial_dag.py
[2023-03-29T01:20:09.726+0000] {processor.py:766} INFO - DAG(s) dict_keys(['tutorial_dag']) retrieved from /home/airflow/.local/lib/python3.7/site-packages/airflow/example_dags/tutorial_dag.py
[2023-03-29T01:20:09.754+0000] {logging_mixin.py:120} INFO - [2023-03-29T01:20:09.754+0000] {dag.py:2585} INFO - Sync 1 DAGs
[2023-03-29T01:20:09.769+0000] {logging_mixin.py:120} INFO - [2023-03-29T01:20:09.769+0000] {dag.py:3340} INFO - Setting next_dagrun for tutorial_dag to None, run_after=None
[2023-03-29T01:20:09.781+0000] {processor.py:176} INFO - Processing /home/airflow/.local/lib/python3.7/site-packages/airflow/example_dags/tutorial_dag.py took 0.069 seconds
[2023-03-29T01:20:40.126+0000] {processor.py:154} INFO - Started process (PID=858) to work on /home/airflow/.local/lib/python3.7/site-packages/airflow/example_dags/tutorial_dag.py
[2023-03-29T01:20:40.128+0000] {processor.py:756} INFO - Processing file /home/airflow/.local/lib/python3.7/site-packages/airflow/example_dags/tutorial_dag.py for tasks to queue
[2023-03-29T01:20:40.129+0000] {logging_mixin.py:120} INFO - [2023-03-29T01:20:40.129+0000] {dagbag.py:537} INFO - Filling up the DagBag from /home/airflow/.local/lib/python3.7/site-packages/airflow/example_dags/tutorial_dag.py
[2023-03-29T01:20:40.139+0000] {processor.py:766} INFO - DAG(s) dict_keys(['tutorial_dag']) retrieved from /home/airflow/.local/lib/python3.7/site-packages/airflow/example_dags/tutorial_dag.py
[2023-03-29T01:20:40.166+0000] {logging_mixin.py:120} INFO - [2023-03-29T01:20:40.166+0000] {dag.py:2585} INFO - Sync 1 DAGs
[2023-03-29T01:20:40.180+0000] {logging_mixin.py:120} INFO - [2023-03-29T01:20:40.180+0000] {dag.py:3340} INFO - Setting next_dagrun for tutorial_dag to None, run_after=None
[2023-03-29T01:20:40.192+0000] {processor.py:176} INFO - Processing /home/airflow/.local/lib/python3.7/site-packages/airflow/example_dags/tutorial_dag.py took 0.067 seconds
[2023-03-29T01:21:10.507+0000] {processor.py:154} INFO - Started process (PID=921) to work on /home/airflow/.local/lib/python3.7/site-packages/airflow/example_dags/tutorial_dag.py
[2023-03-29T01:21:10.508+0000] {processor.py:756} INFO - Processing file /home/airflow/.local/lib/python3.7/site-packages/airflow/example_dags/tutorial_dag.py for tasks to queue
[2023-03-29T01:21:10.509+0000] {logging_mixin.py:120} INFO - [2023-03-29T01:21:10.509+0000] {dagbag.py:537} INFO - Filling up the DagBag from /home/airflow/.local/lib/python3.7/site-packages/airflow/example_dags/tutorial_dag.py
[2023-03-29T01:21:10.518+0000] {processor.py:766} INFO - DAG(s) dict_keys(['tutorial_dag']) retrieved from /home/airflow/.local/lib/python3.7/site-packages/airflow/example_dags/tutorial_dag.py
[2023-03-29T01:21:10.546+0000] {logging_mixin.py:120} INFO - [2023-03-29T01:21:10.546+0000] {dag.py:2585} INFO - Sync 1 DAGs
[2023-03-29T01:21:10.563+0000] {logging_mixin.py:120} INFO - [2023-03-29T01:21:10.563+0000] {dag.py:3340} INFO - Setting next_dagrun for tutorial_dag to None, run_after=None
[2023-03-29T01:21:10.580+0000] {processor.py:176} INFO - Processing /home/airflow/.local/lib/python3.7/site-packages/airflow/example_dags/tutorial_dag.py took 0.076 seconds
[2023-03-29T01:21:40.919+0000] {processor.py:154} INFO - Started process (PID=984) to work on /home/airflow/.local/lib/python3.7/site-packages/airflow/example_dags/tutorial_dag.py
[2023-03-29T01:21:40.921+0000] {processor.py:756} INFO - Processing file /home/airflow/.local/lib/python3.7/site-packages/airflow/example_dags/tutorial_dag.py for tasks to queue
[2023-03-29T01:21:40.923+0000] {logging_mixin.py:120} INFO - [2023-03-29T01:21:40.922+0000] {dagbag.py:537} INFO - Filling up the DagBag from /home/airflow/.local/lib/python3.7/site-packages/airflow/example_dags/tutorial_dag.py
[2023-03-29T01:21:40.932+0000] {processor.py:766} INFO - DAG(s) dict_keys(['tutorial_dag']) retrieved from /home/airflow/.local/lib/python3.7/site-packages/airflow/example_dags/tutorial_dag.py
[2023-03-29T01:21:40.958+0000] {logging_mixin.py:120} INFO - [2023-03-29T01:21:40.958+0000] {dag.py:2585} INFO - Sync 1 DAGs
[2023-03-29T01:21:40.974+0000] {logging_mixin.py:120} INFO - [2023-03-29T01:21:40.974+0000] {dag.py:3340} INFO - Setting next_dagrun for tutorial_dag to None, run_after=None
[2023-03-29T01:21:40.986+0000] {processor.py:176} INFO - Processing /home/airflow/.local/lib/python3.7/site-packages/airflow/example_dags/tutorial_dag.py took 0.068 seconds
[2023-03-29T01:22:11.276+0000] {processor.py:154} INFO - Started process (PID=1047) to work on /home/airflow/.local/lib/python3.7/site-packages/airflow/example_dags/tutorial_dag.py
[2023-03-29T01:22:11.277+0000] {processor.py:756} INFO - Processing file /home/airflow/.local/lib/python3.7/site-packages/airflow/example_dags/tutorial_dag.py for tasks to queue
[2023-03-29T01:22:11.279+0000] {logging_mixin.py:120} INFO - [2023-03-29T01:22:11.279+0000] {dagbag.py:537} INFO - Filling up the DagBag from /home/airflow/.local/lib/python3.7/site-packages/airflow/example_dags/tutorial_dag.py
[2023-03-29T01:22:11.291+0000] {processor.py:766} INFO - DAG(s) dict_keys(['tutorial_dag']) retrieved from /home/airflow/.local/lib/python3.7/site-packages/airflow/example_dags/tutorial_dag.py
[2023-03-29T01:22:11.321+0000] {logging_mixin.py:120} INFO - [2023-03-29T01:22:11.321+0000] {dag.py:2585} INFO - Sync 1 DAGs
[2023-03-29T01:22:11.337+0000] {logging_mixin.py:120} INFO - [2023-03-29T01:22:11.337+0000] {dag.py:3340} INFO - Setting next_dagrun for tutorial_dag to None, run_after=None
[2023-03-29T01:22:11.349+0000] {processor.py:176} INFO - Processing /home/airflow/.local/lib/python3.7/site-packages/airflow/example_dags/tutorial_dag.py took 0.076 seconds
[2023-03-29T01:22:41.657+0000] {processor.py:154} INFO - Started process (PID=1101) to work on /home/airflow/.local/lib/python3.7/site-packages/airflow/example_dags/tutorial_dag.py
[2023-03-29T01:22:41.659+0000] {processor.py:756} INFO - Processing file /home/airflow/.local/lib/python3.7/site-packages/airflow/example_dags/tutorial_dag.py for tasks to queue
[2023-03-29T01:22:41.660+0000] {logging_mixin.py:120} INFO - [2023-03-29T01:22:41.660+0000] {dagbag.py:537} INFO - Filling up the DagBag from /home/airflow/.local/lib/python3.7/site-packages/airflow/example_dags/tutorial_dag.py
[2023-03-29T01:22:41.669+0000] {processor.py:766} INFO - DAG(s) dict_keys(['tutorial_dag']) retrieved from /home/airflow/.local/lib/python3.7/site-packages/airflow/example_dags/tutorial_dag.py
[2023-03-29T01:22:41.697+0000] {logging_mixin.py:120} INFO - [2023-03-29T01:22:41.697+0000] {dag.py:2585} INFO - Sync 1 DAGs
[2023-03-29T01:22:41.711+0000] {logging_mixin.py:120} INFO - [2023-03-29T01:22:41.711+0000] {dag.py:3340} INFO - Setting next_dagrun for tutorial_dag to None, run_after=None
[2023-03-29T01:22:41.723+0000] {processor.py:176} INFO - Processing /home/airflow/.local/lib/python3.7/site-packages/airflow/example_dags/tutorial_dag.py took 0.069 seconds
[2023-03-29T01:23:12.017+0000] {processor.py:154} INFO - Started process (PID=1164) to work on /home/airflow/.local/lib/python3.7/site-packages/airflow/example_dags/tutorial_dag.py
[2023-03-29T01:23:12.018+0000] {processor.py:756} INFO - Processing file /home/airflow/.local/lib/python3.7/site-packages/airflow/example_dags/tutorial_dag.py for tasks to queue
[2023-03-29T01:23:12.019+0000] {logging_mixin.py:120} INFO - [2023-03-29T01:23:12.019+0000] {dagbag.py:537} INFO - Filling up the DagBag from /home/airflow/.local/lib/python3.7/site-packages/airflow/example_dags/tutorial_dag.py
[2023-03-29T01:23:12.028+0000] {processor.py:766} INFO - DAG(s) dict_keys(['tutorial_dag']) retrieved from /home/airflow/.local/lib/python3.7/site-packages/airflow/example_dags/tutorial_dag.py
[2023-03-29T01:23:12.055+0000] {logging_mixin.py:120} INFO - [2023-03-29T01:23:12.055+0000] {dag.py:2585} INFO - Sync 1 DAGs
[2023-03-29T01:23:12.072+0000] {logging_mixin.py:120} INFO - [2023-03-29T01:23:12.072+0000] {dag.py:3340} INFO - Setting next_dagrun for tutorial_dag to None, run_after=None
[2023-03-29T01:23:12.084+0000] {processor.py:176} INFO - Processing /home/airflow/.local/lib/python3.7/site-packages/airflow/example_dags/tutorial_dag.py took 0.069 seconds
[2023-03-29T01:23:42.364+0000] {processor.py:154} INFO - Started process (PID=1226) to work on /home/airflow/.local/lib/python3.7/site-packages/airflow/example_dags/tutorial_dag.py
[2023-03-29T01:23:42.367+0000] {processor.py:756} INFO - Processing file /home/airflow/.local/lib/python3.7/site-packages/airflow/example_dags/tutorial_dag.py for tasks to queue
[2023-03-29T01:23:42.368+0000] {logging_mixin.py:120} INFO - [2023-03-29T01:23:42.368+0000] {dagbag.py:537} INFO - Filling up the DagBag from /home/airflow/.local/lib/python3.7/site-packages/airflow/example_dags/tutorial_dag.py
[2023-03-29T01:23:42.378+0000] {processor.py:766} INFO - DAG(s) dict_keys(['tutorial_dag']) retrieved from /home/airflow/.local/lib/python3.7/site-packages/airflow/example_dags/tutorial_dag.py
[2023-03-29T01:23:42.412+0000] {logging_mixin.py:120} INFO - [2023-03-29T01:23:42.412+0000] {dag.py:2585} INFO - Sync 1 DAGs
[2023-03-29T01:23:42.432+0000] {logging_mixin.py:120} INFO - [2023-03-29T01:23:42.432+0000] {dag.py:3340} INFO - Setting next_dagrun for tutorial_dag to None, run_after=None
[2023-03-29T01:23:42.452+0000] {processor.py:176} INFO - Processing /home/airflow/.local/lib/python3.7/site-packages/airflow/example_dags/tutorial_dag.py took 0.095 seconds
