[2023-03-29T01:14:07.128+0000] {processor.py:154} INFO - Started process (PID=77) to work on /home/airflow/.local/lib/python3.7/site-packages/airflow/example_dags/tutorial.py
[2023-03-29T01:14:07.131+0000] {processor.py:756} INFO - Processing file /home/airflow/.local/lib/python3.7/site-packages/airflow/example_dags/tutorial.py for tasks to queue
[2023-03-29T01:14:07.134+0000] {logging_mixin.py:120} INFO - [2023-03-29T01:14:07.134+0000] {dagbag.py:537} INFO - Filling up the DagBag from /home/airflow/.local/lib/python3.7/site-packages/airflow/example_dags/tutorial.py
[2023-03-29T01:14:07.153+0000] {processor.py:766} INFO - DAG(s) dict_keys(['tutorial']) retrieved from /home/airflow/.local/lib/python3.7/site-packages/airflow/example_dags/tutorial.py
[2023-03-29T01:14:07.290+0000] {logging_mixin.py:120} INFO - [2023-03-29T01:14:07.290+0000] {manager.py:507} INFO - Created Permission View: can delete on DAG:tutorial
[2023-03-29T01:14:07.300+0000] {logging_mixin.py:120} INFO - [2023-03-29T01:14:07.300+0000] {manager.py:507} INFO - Created Permission View: can edit on DAG:tutorial
[2023-03-29T01:14:07.306+0000] {logging_mixin.py:120} INFO - [2023-03-29T01:14:07.306+0000] {manager.py:507} INFO - Created Permission View: can read on DAG:tutorial
[2023-03-29T01:14:07.307+0000] {logging_mixin.py:120} INFO - [2023-03-29T01:14:07.307+0000] {dag.py:2585} INFO - Sync 1 DAGs
[2023-03-29T01:14:07.317+0000] {logging_mixin.py:120} INFO - [2023-03-29T01:14:07.317+0000] {dag.py:2606} INFO - Creating ORM DAG for tutorial
[2023-03-29T01:14:07.326+0000] {logging_mixin.py:120} INFO - [2023-03-29T01:14:07.326+0000] {dag.py:3340} INFO - Setting next_dagrun for tutorial to 2023-03-28T01:14:07.326687+00:00, run_after=2023-03-29T01:14:07.326687+00:00
[2023-03-29T01:14:07.343+0000] {processor.py:176} INFO - Processing /home/airflow/.local/lib/python3.7/site-packages/airflow/example_dags/tutorial.py took 0.219 seconds
[2023-03-29T01:14:37.758+0000] {processor.py:154} INFO - Started process (PID=131) to work on /home/airflow/.local/lib/python3.7/site-packages/airflow/example_dags/tutorial.py
[2023-03-29T01:14:37.760+0000] {processor.py:756} INFO - Processing file /home/airflow/.local/lib/python3.7/site-packages/airflow/example_dags/tutorial.py for tasks to queue
[2023-03-29T01:14:37.761+0000] {logging_mixin.py:120} INFO - [2023-03-29T01:14:37.761+0000] {dagbag.py:537} INFO - Filling up the DagBag from /home/airflow/.local/lib/python3.7/site-packages/airflow/example_dags/tutorial.py
[2023-03-29T01:14:37.772+0000] {processor.py:766} INFO - DAG(s) dict_keys(['tutorial']) retrieved from /home/airflow/.local/lib/python3.7/site-packages/airflow/example_dags/tutorial.py
[2023-03-29T01:14:37.800+0000] {logging_mixin.py:120} INFO - [2023-03-29T01:14:37.800+0000] {dag.py:2585} INFO - Sync 1 DAGs
[2023-03-29T01:14:37.816+0000] {logging_mixin.py:120} INFO - [2023-03-29T01:14:37.816+0000] {dag.py:3340} INFO - Setting next_dagrun for tutorial to 2023-03-28T01:14:37.816321+00:00, run_after=2023-03-29T01:14:37.816321+00:00
[2023-03-29T01:14:37.830+0000] {processor.py:176} INFO - Processing /home/airflow/.local/lib/python3.7/site-packages/airflow/example_dags/tutorial.py took 0.075 seconds
[2023-03-29T01:15:08.047+0000] {processor.py:154} INFO - Started process (PID=195) to work on /home/airflow/.local/lib/python3.7/site-packages/airflow/example_dags/tutorial.py
[2023-03-29T01:15:08.048+0000] {processor.py:756} INFO - Processing file /home/airflow/.local/lib/python3.7/site-packages/airflow/example_dags/tutorial.py for tasks to queue
[2023-03-29T01:15:08.049+0000] {logging_mixin.py:120} INFO - [2023-03-29T01:15:08.049+0000] {dagbag.py:537} INFO - Filling up the DagBag from /home/airflow/.local/lib/python3.7/site-packages/airflow/example_dags/tutorial.py
[2023-03-29T01:15:08.061+0000] {processor.py:766} INFO - DAG(s) dict_keys(['tutorial']) retrieved from /home/airflow/.local/lib/python3.7/site-packages/airflow/example_dags/tutorial.py
[2023-03-29T01:15:08.090+0000] {logging_mixin.py:120} INFO - [2023-03-29T01:15:08.090+0000] {dag.py:2585} INFO - Sync 1 DAGs
[2023-03-29T01:15:08.107+0000] {logging_mixin.py:120} INFO - [2023-03-29T01:15:08.106+0000] {dag.py:3340} INFO - Setting next_dagrun for tutorial to 2023-03-28T01:15:08.106833+00:00, run_after=2023-03-29T01:15:08.106833+00:00
[2023-03-29T01:15:08.121+0000] {processor.py:176} INFO - Processing /home/airflow/.local/lib/python3.7/site-packages/airflow/example_dags/tutorial.py took 0.076 seconds
[2023-03-29T01:15:38.420+0000] {processor.py:154} INFO - Started process (PID=259) to work on /home/airflow/.local/lib/python3.7/site-packages/airflow/example_dags/tutorial.py
[2023-03-29T01:15:38.422+0000] {processor.py:756} INFO - Processing file /home/airflow/.local/lib/python3.7/site-packages/airflow/example_dags/tutorial.py for tasks to queue
[2023-03-29T01:15:38.424+0000] {logging_mixin.py:120} INFO - [2023-03-29T01:15:38.424+0000] {dagbag.py:537} INFO - Filling up the DagBag from /home/airflow/.local/lib/python3.7/site-packages/airflow/example_dags/tutorial.py
[2023-03-29T01:15:38.438+0000] {processor.py:766} INFO - DAG(s) dict_keys(['tutorial']) retrieved from /home/airflow/.local/lib/python3.7/site-packages/airflow/example_dags/tutorial.py
[2023-03-29T01:15:38.470+0000] {logging_mixin.py:120} INFO - [2023-03-29T01:15:38.470+0000] {dag.py:2585} INFO - Sync 1 DAGs
[2023-03-29T01:15:38.484+0000] {logging_mixin.py:120} INFO - [2023-03-29T01:15:38.484+0000] {dag.py:3340} INFO - Setting next_dagrun for tutorial to 2023-03-28T01:15:38.483967+00:00, run_after=2023-03-29T01:15:38.483967+00:00
[2023-03-29T01:15:38.494+0000] {processor.py:176} INFO - Processing /home/airflow/.local/lib/python3.7/site-packages/airflow/example_dags/tutorial.py took 0.076 seconds
[2023-03-29T01:16:08.604+0000] {processor.py:154} INFO - Started process (PID=322) to work on /home/airflow/.local/lib/python3.7/site-packages/airflow/example_dags/tutorial.py
[2023-03-29T01:16:08.606+0000] {processor.py:756} INFO - Processing file /home/airflow/.local/lib/python3.7/site-packages/airflow/example_dags/tutorial.py for tasks to queue
[2023-03-29T01:16:08.608+0000] {logging_mixin.py:120} INFO - [2023-03-29T01:16:08.608+0000] {dagbag.py:537} INFO - Filling up the DagBag from /home/airflow/.local/lib/python3.7/site-packages/airflow/example_dags/tutorial.py
[2023-03-29T01:16:08.619+0000] {processor.py:766} INFO - DAG(s) dict_keys(['tutorial']) retrieved from /home/airflow/.local/lib/python3.7/site-packages/airflow/example_dags/tutorial.py
[2023-03-29T01:16:08.647+0000] {logging_mixin.py:120} INFO - [2023-03-29T01:16:08.647+0000] {dag.py:2585} INFO - Sync 1 DAGs
[2023-03-29T01:16:08.664+0000] {logging_mixin.py:120} INFO - [2023-03-29T01:16:08.664+0000] {dag.py:3340} INFO - Setting next_dagrun for tutorial to 2023-03-28T01:16:08.664277+00:00, run_after=2023-03-29T01:16:08.664277+00:00
[2023-03-29T01:16:08.677+0000] {processor.py:176} INFO - Processing /home/airflow/.local/lib/python3.7/site-packages/airflow/example_dags/tutorial.py took 0.075 seconds
[2023-03-29T01:16:38.875+0000] {processor.py:154} INFO - Started process (PID=384) to work on /home/airflow/.local/lib/python3.7/site-packages/airflow/example_dags/tutorial.py
[2023-03-29T01:16:38.877+0000] {processor.py:756} INFO - Processing file /home/airflow/.local/lib/python3.7/site-packages/airflow/example_dags/tutorial.py for tasks to queue
[2023-03-29T01:16:38.878+0000] {logging_mixin.py:120} INFO - [2023-03-29T01:16:38.878+0000] {dagbag.py:537} INFO - Filling up the DagBag from /home/airflow/.local/lib/python3.7/site-packages/airflow/example_dags/tutorial.py
[2023-03-29T01:16:38.887+0000] {processor.py:766} INFO - DAG(s) dict_keys(['tutorial']) retrieved from /home/airflow/.local/lib/python3.7/site-packages/airflow/example_dags/tutorial.py
[2023-03-29T01:16:38.916+0000] {logging_mixin.py:120} INFO - [2023-03-29T01:16:38.916+0000] {dag.py:2585} INFO - Sync 1 DAGs
[2023-03-29T01:16:38.933+0000] {logging_mixin.py:120} INFO - [2023-03-29T01:16:38.933+0000] {dag.py:3340} INFO - Setting next_dagrun for tutorial to 2023-03-28T01:16:38.932933+00:00, run_after=2023-03-29T01:16:38.932933+00:00
[2023-03-29T01:16:38.951+0000] {processor.py:176} INFO - Processing /home/airflow/.local/lib/python3.7/site-packages/airflow/example_dags/tutorial.py took 0.079 seconds
[2023-03-29T01:17:09.191+0000] {processor.py:154} INFO - Started process (PID=444) to work on /home/airflow/.local/lib/python3.7/site-packages/airflow/example_dags/tutorial.py
[2023-03-29T01:17:09.192+0000] {processor.py:756} INFO - Processing file /home/airflow/.local/lib/python3.7/site-packages/airflow/example_dags/tutorial.py for tasks to queue
[2023-03-29T01:17:09.193+0000] {logging_mixin.py:120} INFO - [2023-03-29T01:17:09.193+0000] {dagbag.py:537} INFO - Filling up the DagBag from /home/airflow/.local/lib/python3.7/site-packages/airflow/example_dags/tutorial.py
[2023-03-29T01:17:09.204+0000] {processor.py:766} INFO - DAG(s) dict_keys(['tutorial']) retrieved from /home/airflow/.local/lib/python3.7/site-packages/airflow/example_dags/tutorial.py
[2023-03-29T01:17:09.231+0000] {logging_mixin.py:120} INFO - [2023-03-29T01:17:09.231+0000] {dag.py:2585} INFO - Sync 1 DAGs
[2023-03-29T01:17:09.248+0000] {logging_mixin.py:120} INFO - [2023-03-29T01:17:09.248+0000] {dag.py:3340} INFO - Setting next_dagrun for tutorial to 2023-03-28T01:17:09.247977+00:00, run_after=2023-03-29T01:17:09.247977+00:00
[2023-03-29T01:17:09.262+0000] {processor.py:176} INFO - Processing /home/airflow/.local/lib/python3.7/site-packages/airflow/example_dags/tutorial.py took 0.074 seconds
[2023-03-29T01:17:39.692+0000] {processor.py:154} INFO - Started process (PID=501) to work on /home/airflow/.local/lib/python3.7/site-packages/airflow/example_dags/tutorial.py
[2023-03-29T01:17:39.693+0000] {processor.py:756} INFO - Processing file /home/airflow/.local/lib/python3.7/site-packages/airflow/example_dags/tutorial.py for tasks to queue
[2023-03-29T01:17:39.695+0000] {logging_mixin.py:120} INFO - [2023-03-29T01:17:39.695+0000] {dagbag.py:537} INFO - Filling up the DagBag from /home/airflow/.local/lib/python3.7/site-packages/airflow/example_dags/tutorial.py
[2023-03-29T01:17:39.706+0000] {processor.py:766} INFO - DAG(s) dict_keys(['tutorial']) retrieved from /home/airflow/.local/lib/python3.7/site-packages/airflow/example_dags/tutorial.py
[2023-03-29T01:17:39.740+0000] {logging_mixin.py:120} INFO - [2023-03-29T01:17:39.740+0000] {dag.py:2585} INFO - Sync 1 DAGs
[2023-03-29T01:17:39.758+0000] {logging_mixin.py:120} INFO - [2023-03-29T01:17:39.758+0000] {dag.py:3340} INFO - Setting next_dagrun for tutorial to 2023-03-28T01:17:39.758186+00:00, run_after=2023-03-29T01:17:39.758186+00:00
[2023-03-29T01:17:39.774+0000] {processor.py:176} INFO - Processing /home/airflow/.local/lib/python3.7/site-packages/airflow/example_dags/tutorial.py took 0.084 seconds
[2023-03-29T01:18:10.029+0000] {processor.py:154} INFO - Started process (PID=565) to work on /home/airflow/.local/lib/python3.7/site-packages/airflow/example_dags/tutorial.py
[2023-03-29T01:18:10.030+0000] {processor.py:756} INFO - Processing file /home/airflow/.local/lib/python3.7/site-packages/airflow/example_dags/tutorial.py for tasks to queue
[2023-03-29T01:18:10.031+0000] {logging_mixin.py:120} INFO - [2023-03-29T01:18:10.031+0000] {dagbag.py:537} INFO - Filling up the DagBag from /home/airflow/.local/lib/python3.7/site-packages/airflow/example_dags/tutorial.py
[2023-03-29T01:18:10.047+0000] {processor.py:766} INFO - DAG(s) dict_keys(['tutorial']) retrieved from /home/airflow/.local/lib/python3.7/site-packages/airflow/example_dags/tutorial.py
[2023-03-29T01:18:10.077+0000] {logging_mixin.py:120} INFO - [2023-03-29T01:18:10.077+0000] {dag.py:2585} INFO - Sync 1 DAGs
[2023-03-29T01:18:10.093+0000] {logging_mixin.py:120} INFO - [2023-03-29T01:18:10.093+0000] {dag.py:3340} INFO - Setting next_dagrun for tutorial to 2023-03-28T01:18:10.093386+00:00, run_after=2023-03-29T01:18:10.093386+00:00
[2023-03-29T01:18:10.106+0000] {processor.py:176} INFO - Processing /home/airflow/.local/lib/python3.7/site-packages/airflow/example_dags/tutorial.py took 0.079 seconds
[2023-03-29T01:18:40.484+0000] {processor.py:154} INFO - Started process (PID=628) to work on /home/airflow/.local/lib/python3.7/site-packages/airflow/example_dags/tutorial.py
[2023-03-29T01:18:40.487+0000] {processor.py:756} INFO - Processing file /home/airflow/.local/lib/python3.7/site-packages/airflow/example_dags/tutorial.py for tasks to queue
[2023-03-29T01:18:40.488+0000] {logging_mixin.py:120} INFO - [2023-03-29T01:18:40.488+0000] {dagbag.py:537} INFO - Filling up the DagBag from /home/airflow/.local/lib/python3.7/site-packages/airflow/example_dags/tutorial.py
[2023-03-29T01:18:40.499+0000] {processor.py:766} INFO - DAG(s) dict_keys(['tutorial']) retrieved from /home/airflow/.local/lib/python3.7/site-packages/airflow/example_dags/tutorial.py
[2023-03-29T01:18:40.525+0000] {logging_mixin.py:120} INFO - [2023-03-29T01:18:40.525+0000] {dag.py:2585} INFO - Sync 1 DAGs
[2023-03-29T01:18:40.544+0000] {logging_mixin.py:120} INFO - [2023-03-29T01:18:40.544+0000] {dag.py:3340} INFO - Setting next_dagrun for tutorial to 2023-03-28T01:18:40.544012+00:00, run_after=2023-03-29T01:18:40.544012+00:00
[2023-03-29T01:18:40.560+0000] {processor.py:176} INFO - Processing /home/airflow/.local/lib/python3.7/site-packages/airflow/example_dags/tutorial.py took 0.078 seconds
[2023-03-29T01:19:10.818+0000] {processor.py:154} INFO - Started process (PID=691) to work on /home/airflow/.local/lib/python3.7/site-packages/airflow/example_dags/tutorial.py
[2023-03-29T01:19:10.820+0000] {processor.py:756} INFO - Processing file /home/airflow/.local/lib/python3.7/site-packages/airflow/example_dags/tutorial.py for tasks to queue
[2023-03-29T01:19:10.821+0000] {logging_mixin.py:120} INFO - [2023-03-29T01:19:10.821+0000] {dagbag.py:537} INFO - Filling up the DagBag from /home/airflow/.local/lib/python3.7/site-packages/airflow/example_dags/tutorial.py
[2023-03-29T01:19:10.830+0000] {processor.py:766} INFO - DAG(s) dict_keys(['tutorial']) retrieved from /home/airflow/.local/lib/python3.7/site-packages/airflow/example_dags/tutorial.py
[2023-03-29T01:19:10.857+0000] {logging_mixin.py:120} INFO - [2023-03-29T01:19:10.857+0000] {dag.py:2585} INFO - Sync 1 DAGs
[2023-03-29T01:19:10.876+0000] {logging_mixin.py:120} INFO - [2023-03-29T01:19:10.876+0000] {dag.py:3340} INFO - Setting next_dagrun for tutorial to 2023-03-28T01:19:10.876583+00:00, run_after=2023-03-29T01:19:10.876583+00:00
[2023-03-29T01:19:10.893+0000] {processor.py:176} INFO - Processing /home/airflow/.local/lib/python3.7/site-packages/airflow/example_dags/tutorial.py took 0.077 seconds
[2023-03-29T01:19:41.242+0000] {processor.py:154} INFO - Started process (PID=754) to work on /home/airflow/.local/lib/python3.7/site-packages/airflow/example_dags/tutorial.py
[2023-03-29T01:19:41.243+0000] {processor.py:756} INFO - Processing file /home/airflow/.local/lib/python3.7/site-packages/airflow/example_dags/tutorial.py for tasks to queue
[2023-03-29T01:19:41.245+0000] {logging_mixin.py:120} INFO - [2023-03-29T01:19:41.245+0000] {dagbag.py:537} INFO - Filling up the DagBag from /home/airflow/.local/lib/python3.7/site-packages/airflow/example_dags/tutorial.py
[2023-03-29T01:19:41.255+0000] {processor.py:766} INFO - DAG(s) dict_keys(['tutorial']) retrieved from /home/airflow/.local/lib/python3.7/site-packages/airflow/example_dags/tutorial.py
[2023-03-29T01:19:41.284+0000] {logging_mixin.py:120} INFO - [2023-03-29T01:19:41.284+0000] {dag.py:2585} INFO - Sync 1 DAGs
[2023-03-29T01:19:41.298+0000] {logging_mixin.py:120} INFO - [2023-03-29T01:19:41.298+0000] {dag.py:3340} INFO - Setting next_dagrun for tutorial to 2023-03-28T01:19:41.298118+00:00, run_after=2023-03-29T01:19:41.298118+00:00
[2023-03-29T01:19:41.311+0000] {processor.py:176} INFO - Processing /home/airflow/.local/lib/python3.7/site-packages/airflow/example_dags/tutorial.py took 0.072 seconds
[2023-03-29T01:20:11.527+0000] {processor.py:154} INFO - Started process (PID=807) to work on /home/airflow/.local/lib/python3.7/site-packages/airflow/example_dags/tutorial.py
[2023-03-29T01:20:11.529+0000] {processor.py:756} INFO - Processing file /home/airflow/.local/lib/python3.7/site-packages/airflow/example_dags/tutorial.py for tasks to queue
[2023-03-29T01:20:11.530+0000] {logging_mixin.py:120} INFO - [2023-03-29T01:20:11.530+0000] {dagbag.py:537} INFO - Filling up the DagBag from /home/airflow/.local/lib/python3.7/site-packages/airflow/example_dags/tutorial.py
[2023-03-29T01:20:11.542+0000] {processor.py:766} INFO - DAG(s) dict_keys(['tutorial']) retrieved from /home/airflow/.local/lib/python3.7/site-packages/airflow/example_dags/tutorial.py
[2023-03-29T01:20:11.570+0000] {logging_mixin.py:120} INFO - [2023-03-29T01:20:11.570+0000] {dag.py:2585} INFO - Sync 1 DAGs
[2023-03-29T01:20:11.586+0000] {logging_mixin.py:120} INFO - [2023-03-29T01:20:11.586+0000] {dag.py:3340} INFO - Setting next_dagrun for tutorial to 2023-03-28T01:20:11.586014+00:00, run_after=2023-03-29T01:20:11.586014+00:00
[2023-03-29T01:20:11.602+0000] {processor.py:176} INFO - Processing /home/airflow/.local/lib/python3.7/site-packages/airflow/example_dags/tutorial.py took 0.077 seconds
[2023-03-29T01:20:41.894+0000] {processor.py:154} INFO - Started process (PID=870) to work on /home/airflow/.local/lib/python3.7/site-packages/airflow/example_dags/tutorial.py
[2023-03-29T01:20:41.895+0000] {processor.py:756} INFO - Processing file /home/airflow/.local/lib/python3.7/site-packages/airflow/example_dags/tutorial.py for tasks to queue
[2023-03-29T01:20:41.896+0000] {logging_mixin.py:120} INFO - [2023-03-29T01:20:41.896+0000] {dagbag.py:537} INFO - Filling up the DagBag from /home/airflow/.local/lib/python3.7/site-packages/airflow/example_dags/tutorial.py
[2023-03-29T01:20:41.906+0000] {processor.py:766} INFO - DAG(s) dict_keys(['tutorial']) retrieved from /home/airflow/.local/lib/python3.7/site-packages/airflow/example_dags/tutorial.py
[2023-03-29T01:20:41.932+0000] {logging_mixin.py:120} INFO - [2023-03-29T01:20:41.932+0000] {dag.py:2585} INFO - Sync 1 DAGs
[2023-03-29T01:20:41.950+0000] {logging_mixin.py:120} INFO - [2023-03-29T01:20:41.949+0000] {dag.py:3340} INFO - Setting next_dagrun for tutorial to 2023-03-28T01:20:41.949665+00:00, run_after=2023-03-29T01:20:41.949665+00:00
[2023-03-29T01:20:41.966+0000] {processor.py:176} INFO - Processing /home/airflow/.local/lib/python3.7/site-packages/airflow/example_dags/tutorial.py took 0.074 seconds
[2023-03-29T01:21:12.280+0000] {processor.py:154} INFO - Started process (PID=933) to work on /home/airflow/.local/lib/python3.7/site-packages/airflow/example_dags/tutorial.py
[2023-03-29T01:21:12.281+0000] {processor.py:756} INFO - Processing file /home/airflow/.local/lib/python3.7/site-packages/airflow/example_dags/tutorial.py for tasks to queue
[2023-03-29T01:21:12.283+0000] {logging_mixin.py:120} INFO - [2023-03-29T01:21:12.282+0000] {dagbag.py:537} INFO - Filling up the DagBag from /home/airflow/.local/lib/python3.7/site-packages/airflow/example_dags/tutorial.py
[2023-03-29T01:21:12.291+0000] {processor.py:766} INFO - DAG(s) dict_keys(['tutorial']) retrieved from /home/airflow/.local/lib/python3.7/site-packages/airflow/example_dags/tutorial.py
[2023-03-29T01:21:12.317+0000] {logging_mixin.py:120} INFO - [2023-03-29T01:21:12.317+0000] {dag.py:2585} INFO - Sync 1 DAGs
[2023-03-29T01:21:12.333+0000] {logging_mixin.py:120} INFO - [2023-03-29T01:21:12.333+0000] {dag.py:3340} INFO - Setting next_dagrun for tutorial to 2023-03-28T01:21:12.332929+00:00, run_after=2023-03-29T01:21:12.332929+00:00
[2023-03-29T01:21:12.350+0000] {processor.py:176} INFO - Processing /home/airflow/.local/lib/python3.7/site-packages/airflow/example_dags/tutorial.py took 0.072 seconds
[2023-03-29T01:21:42.713+0000] {processor.py:154} INFO - Started process (PID=996) to work on /home/airflow/.local/lib/python3.7/site-packages/airflow/example_dags/tutorial.py
[2023-03-29T01:21:42.714+0000] {processor.py:756} INFO - Processing file /home/airflow/.local/lib/python3.7/site-packages/airflow/example_dags/tutorial.py for tasks to queue
[2023-03-29T01:21:42.715+0000] {logging_mixin.py:120} INFO - [2023-03-29T01:21:42.715+0000] {dagbag.py:537} INFO - Filling up the DagBag from /home/airflow/.local/lib/python3.7/site-packages/airflow/example_dags/tutorial.py
[2023-03-29T01:21:42.724+0000] {processor.py:766} INFO - DAG(s) dict_keys(['tutorial']) retrieved from /home/airflow/.local/lib/python3.7/site-packages/airflow/example_dags/tutorial.py
[2023-03-29T01:21:42.755+0000] {logging_mixin.py:120} INFO - [2023-03-29T01:21:42.755+0000] {dag.py:2585} INFO - Sync 1 DAGs
[2023-03-29T01:21:42.773+0000] {logging_mixin.py:120} INFO - [2023-03-29T01:21:42.773+0000] {dag.py:3340} INFO - Setting next_dagrun for tutorial to 2023-03-28T01:21:42.773043+00:00, run_after=2023-03-29T01:21:42.773043+00:00
[2023-03-29T01:21:42.785+0000] {processor.py:176} INFO - Processing /home/airflow/.local/lib/python3.7/site-packages/airflow/example_dags/tutorial.py took 0.074 seconds
[2023-03-29T01:22:13.113+0000] {processor.py:154} INFO - Started process (PID=1059) to work on /home/airflow/.local/lib/python3.7/site-packages/airflow/example_dags/tutorial.py
[2023-03-29T01:22:13.115+0000] {processor.py:756} INFO - Processing file /home/airflow/.local/lib/python3.7/site-packages/airflow/example_dags/tutorial.py for tasks to queue
[2023-03-29T01:22:13.116+0000] {logging_mixin.py:120} INFO - [2023-03-29T01:22:13.116+0000] {dagbag.py:537} INFO - Filling up the DagBag from /home/airflow/.local/lib/python3.7/site-packages/airflow/example_dags/tutorial.py
[2023-03-29T01:22:13.126+0000] {processor.py:766} INFO - DAG(s) dict_keys(['tutorial']) retrieved from /home/airflow/.local/lib/python3.7/site-packages/airflow/example_dags/tutorial.py
[2023-03-29T01:22:13.158+0000] {logging_mixin.py:120} INFO - [2023-03-29T01:22:13.158+0000] {dag.py:2585} INFO - Sync 1 DAGs
[2023-03-29T01:22:13.179+0000] {logging_mixin.py:120} INFO - [2023-03-29T01:22:13.179+0000] {dag.py:3340} INFO - Setting next_dagrun for tutorial to 2023-03-28T01:22:13.179561+00:00, run_after=2023-03-29T01:22:13.179561+00:00
[2023-03-29T01:22:13.193+0000] {processor.py:176} INFO - Processing /home/airflow/.local/lib/python3.7/site-packages/airflow/example_dags/tutorial.py took 0.082 seconds
[2023-03-29T01:22:43.465+0000] {processor.py:154} INFO - Started process (PID=1122) to work on /home/airflow/.local/lib/python3.7/site-packages/airflow/example_dags/tutorial.py
[2023-03-29T01:22:43.467+0000] {processor.py:756} INFO - Processing file /home/airflow/.local/lib/python3.7/site-packages/airflow/example_dags/tutorial.py for tasks to queue
[2023-03-29T01:22:43.468+0000] {logging_mixin.py:120} INFO - [2023-03-29T01:22:43.468+0000] {dagbag.py:537} INFO - Filling up the DagBag from /home/airflow/.local/lib/python3.7/site-packages/airflow/example_dags/tutorial.py
[2023-03-29T01:22:43.481+0000] {processor.py:766} INFO - DAG(s) dict_keys(['tutorial']) retrieved from /home/airflow/.local/lib/python3.7/site-packages/airflow/example_dags/tutorial.py
[2023-03-29T01:22:43.514+0000] {logging_mixin.py:120} INFO - [2023-03-29T01:22:43.514+0000] {dag.py:2585} INFO - Sync 1 DAGs
[2023-03-29T01:22:43.541+0000] {logging_mixin.py:120} INFO - [2023-03-29T01:22:43.541+0000] {dag.py:3340} INFO - Setting next_dagrun for tutorial to 2023-03-28T01:22:43.541389+00:00, run_after=2023-03-29T01:22:43.541389+00:00
[2023-03-29T01:22:43.569+0000] {processor.py:176} INFO - Processing /home/airflow/.local/lib/python3.7/site-packages/airflow/example_dags/tutorial.py took 0.106 seconds
[2023-03-29T01:23:13.693+0000] {processor.py:154} INFO - Started process (PID=1176) to work on /home/airflow/.local/lib/python3.7/site-packages/airflow/example_dags/tutorial.py
[2023-03-29T01:23:13.694+0000] {processor.py:756} INFO - Processing file /home/airflow/.local/lib/python3.7/site-packages/airflow/example_dags/tutorial.py for tasks to queue
[2023-03-29T01:23:13.696+0000] {logging_mixin.py:120} INFO - [2023-03-29T01:23:13.695+0000] {dagbag.py:537} INFO - Filling up the DagBag from /home/airflow/.local/lib/python3.7/site-packages/airflow/example_dags/tutorial.py
[2023-03-29T01:23:13.704+0000] {processor.py:766} INFO - DAG(s) dict_keys(['tutorial']) retrieved from /home/airflow/.local/lib/python3.7/site-packages/airflow/example_dags/tutorial.py
[2023-03-29T01:23:13.730+0000] {logging_mixin.py:120} INFO - [2023-03-29T01:23:13.730+0000] {dag.py:2585} INFO - Sync 1 DAGs
[2023-03-29T01:23:13.745+0000] {logging_mixin.py:120} INFO - [2023-03-29T01:23:13.745+0000] {dag.py:3340} INFO - Setting next_dagrun for tutorial to 2023-03-28T01:23:13.745520+00:00, run_after=2023-03-29T01:23:13.745520+00:00
[2023-03-29T01:23:13.759+0000] {processor.py:176} INFO - Processing /home/airflow/.local/lib/python3.7/site-packages/airflow/example_dags/tutorial.py took 0.068 seconds
[2023-03-29T01:23:44.206+0000] {processor.py:154} INFO - Started process (PID=1238) to work on /home/airflow/.local/lib/python3.7/site-packages/airflow/example_dags/tutorial.py
[2023-03-29T01:23:44.208+0000] {processor.py:756} INFO - Processing file /home/airflow/.local/lib/python3.7/site-packages/airflow/example_dags/tutorial.py for tasks to queue
[2023-03-29T01:23:44.209+0000] {logging_mixin.py:120} INFO - [2023-03-29T01:23:44.209+0000] {dagbag.py:537} INFO - Filling up the DagBag from /home/airflow/.local/lib/python3.7/site-packages/airflow/example_dags/tutorial.py
[2023-03-29T01:23:44.221+0000] {processor.py:766} INFO - DAG(s) dict_keys(['tutorial']) retrieved from /home/airflow/.local/lib/python3.7/site-packages/airflow/example_dags/tutorial.py
[2023-03-29T01:23:44.250+0000] {logging_mixin.py:120} INFO - [2023-03-29T01:23:44.250+0000] {dag.py:2585} INFO - Sync 1 DAGs
[2023-03-29T01:23:44.266+0000] {logging_mixin.py:120} INFO - [2023-03-29T01:23:44.266+0000] {dag.py:3340} INFO - Setting next_dagrun for tutorial to 2023-03-28T01:23:44.266584+00:00, run_after=2023-03-29T01:23:44.266584+00:00
[2023-03-29T01:23:44.280+0000] {processor.py:176} INFO - Processing /home/airflow/.local/lib/python3.7/site-packages/airflow/example_dags/tutorial.py took 0.077 seconds
