[2023-03-29T01:14:04.014+0000] {processor.py:154} INFO - Started process (PID=51) to work on /home/airflow/.local/lib/python3.7/site-packages/airflow/example_dags/tutorial_taskflow_api.py
[2023-03-29T01:14:04.020+0000] {processor.py:756} INFO - Processing file /home/airflow/.local/lib/python3.7/site-packages/airflow/example_dags/tutorial_taskflow_api.py for tasks to queue
[2023-03-29T01:14:04.070+0000] {logging_mixin.py:120} INFO - [2023-03-29T01:14:04.069+0000] {dagbag.py:537} INFO - Filling up the DagBag from /home/airflow/.local/lib/python3.7/site-packages/airflow/example_dags/tutorial_taskflow_api.py
[2023-03-29T01:14:04.130+0000] {processor.py:766} INFO - DAG(s) dict_keys(['tutorial_taskflow_api']) retrieved from /home/airflow/.local/lib/python3.7/site-packages/airflow/example_dags/tutorial_taskflow_api.py
[2023-03-29T01:14:04.288+0000] {logging_mixin.py:120} INFO - [2023-03-29T01:14:04.288+0000] {manager.py:507} INFO - Created Permission View: can delete on DAG:tutorial_taskflow_api
[2023-03-29T01:14:04.297+0000] {logging_mixin.py:120} INFO - [2023-03-29T01:14:04.297+0000] {manager.py:507} INFO - Created Permission View: can edit on DAG:tutorial_taskflow_api
[2023-03-29T01:14:04.302+0000] {logging_mixin.py:120} INFO - [2023-03-29T01:14:04.302+0000] {manager.py:507} INFO - Created Permission View: can read on DAG:tutorial_taskflow_api
[2023-03-29T01:14:04.303+0000] {logging_mixin.py:120} INFO - [2023-03-29T01:14:04.303+0000] {dag.py:2585} INFO - Sync 1 DAGs
[2023-03-29T01:14:04.316+0000] {logging_mixin.py:120} INFO - [2023-03-29T01:14:04.315+0000] {dag.py:2606} INFO - Creating ORM DAG for tutorial_taskflow_api
[2023-03-29T01:14:04.333+0000] {logging_mixin.py:120} INFO - [2023-03-29T01:14:04.333+0000] {dag.py:3340} INFO - Setting next_dagrun for tutorial_taskflow_api to None, run_after=None
[2023-03-29T01:14:04.356+0000] {processor.py:176} INFO - Processing /home/airflow/.local/lib/python3.7/site-packages/airflow/example_dags/tutorial_taskflow_api.py took 0.360 seconds
[2023-03-29T01:14:34.702+0000] {processor.py:154} INFO - Started process (PID=114) to work on /home/airflow/.local/lib/python3.7/site-packages/airflow/example_dags/tutorial_taskflow_api.py
[2023-03-29T01:14:34.703+0000] {processor.py:756} INFO - Processing file /home/airflow/.local/lib/python3.7/site-packages/airflow/example_dags/tutorial_taskflow_api.py for tasks to queue
[2023-03-29T01:14:34.705+0000] {logging_mixin.py:120} INFO - [2023-03-29T01:14:34.704+0000] {dagbag.py:537} INFO - Filling up the DagBag from /home/airflow/.local/lib/python3.7/site-packages/airflow/example_dags/tutorial_taskflow_api.py
[2023-03-29T01:14:34.717+0000] {processor.py:766} INFO - DAG(s) dict_keys(['tutorial_taskflow_api']) retrieved from /home/airflow/.local/lib/python3.7/site-packages/airflow/example_dags/tutorial_taskflow_api.py
[2023-03-29T01:14:34.741+0000] {logging_mixin.py:120} INFO - [2023-03-29T01:14:34.741+0000] {dag.py:2585} INFO - Sync 1 DAGs
[2023-03-29T01:14:34.754+0000] {logging_mixin.py:120} INFO - [2023-03-29T01:14:34.754+0000] {dag.py:3340} INFO - Setting next_dagrun for tutorial_taskflow_api to None, run_after=None
[2023-03-29T01:14:34.765+0000] {processor.py:176} INFO - Processing /home/airflow/.local/lib/python3.7/site-packages/airflow/example_dags/tutorial_taskflow_api.py took 0.065 seconds
[2023-03-29T01:15:05.065+0000] {processor.py:154} INFO - Started process (PID=178) to work on /home/airflow/.local/lib/python3.7/site-packages/airflow/example_dags/tutorial_taskflow_api.py
[2023-03-29T01:15:05.067+0000] {processor.py:756} INFO - Processing file /home/airflow/.local/lib/python3.7/site-packages/airflow/example_dags/tutorial_taskflow_api.py for tasks to queue
[2023-03-29T01:15:05.069+0000] {logging_mixin.py:120} INFO - [2023-03-29T01:15:05.068+0000] {dagbag.py:537} INFO - Filling up the DagBag from /home/airflow/.local/lib/python3.7/site-packages/airflow/example_dags/tutorial_taskflow_api.py
[2023-03-29T01:15:05.082+0000] {processor.py:766} INFO - DAG(s) dict_keys(['tutorial_taskflow_api']) retrieved from /home/airflow/.local/lib/python3.7/site-packages/airflow/example_dags/tutorial_taskflow_api.py
[2023-03-29T01:15:05.108+0000] {logging_mixin.py:120} INFO - [2023-03-29T01:15:05.108+0000] {dag.py:2585} INFO - Sync 1 DAGs
[2023-03-29T01:15:05.122+0000] {logging_mixin.py:120} INFO - [2023-03-29T01:15:05.122+0000] {dag.py:3340} INFO - Setting next_dagrun for tutorial_taskflow_api to None, run_after=None
[2023-03-29T01:15:05.133+0000] {processor.py:176} INFO - Processing /home/airflow/.local/lib/python3.7/site-packages/airflow/example_dags/tutorial_taskflow_api.py took 0.069 seconds
[2023-03-29T01:15:35.330+0000] {processor.py:154} INFO - Started process (PID=241) to work on /home/airflow/.local/lib/python3.7/site-packages/airflow/example_dags/tutorial_taskflow_api.py
[2023-03-29T01:15:35.331+0000] {processor.py:756} INFO - Processing file /home/airflow/.local/lib/python3.7/site-packages/airflow/example_dags/tutorial_taskflow_api.py for tasks to queue
[2023-03-29T01:15:35.333+0000] {logging_mixin.py:120} INFO - [2023-03-29T01:15:35.332+0000] {dagbag.py:537} INFO - Filling up the DagBag from /home/airflow/.local/lib/python3.7/site-packages/airflow/example_dags/tutorial_taskflow_api.py
[2023-03-29T01:15:35.344+0000] {processor.py:766} INFO - DAG(s) dict_keys(['tutorial_taskflow_api']) retrieved from /home/airflow/.local/lib/python3.7/site-packages/airflow/example_dags/tutorial_taskflow_api.py
[2023-03-29T01:15:35.372+0000] {logging_mixin.py:120} INFO - [2023-03-29T01:15:35.371+0000] {dag.py:2585} INFO - Sync 1 DAGs
[2023-03-29T01:15:35.386+0000] {logging_mixin.py:120} INFO - [2023-03-29T01:15:35.385+0000] {dag.py:3340} INFO - Setting next_dagrun for tutorial_taskflow_api to None, run_after=None
[2023-03-29T01:15:35.398+0000] {processor.py:176} INFO - Processing /home/airflow/.local/lib/python3.7/site-packages/airflow/example_dags/tutorial_taskflow_api.py took 0.070 seconds
[2023-03-29T01:16:05.614+0000] {processor.py:154} INFO - Started process (PID=304) to work on /home/airflow/.local/lib/python3.7/site-packages/airflow/example_dags/tutorial_taskflow_api.py
[2023-03-29T01:16:05.616+0000] {processor.py:756} INFO - Processing file /home/airflow/.local/lib/python3.7/site-packages/airflow/example_dags/tutorial_taskflow_api.py for tasks to queue
[2023-03-29T01:16:05.617+0000] {logging_mixin.py:120} INFO - [2023-03-29T01:16:05.617+0000] {dagbag.py:537} INFO - Filling up the DagBag from /home/airflow/.local/lib/python3.7/site-packages/airflow/example_dags/tutorial_taskflow_api.py
[2023-03-29T01:16:05.631+0000] {processor.py:766} INFO - DAG(s) dict_keys(['tutorial_taskflow_api']) retrieved from /home/airflow/.local/lib/python3.7/site-packages/airflow/example_dags/tutorial_taskflow_api.py
[2023-03-29T01:16:05.657+0000] {logging_mixin.py:120} INFO - [2023-03-29T01:16:05.657+0000] {dag.py:2585} INFO - Sync 1 DAGs
[2023-03-29T01:16:05.671+0000] {logging_mixin.py:120} INFO - [2023-03-29T01:16:05.671+0000] {dag.py:3340} INFO - Setting next_dagrun for tutorial_taskflow_api to None, run_after=None
[2023-03-29T01:16:05.685+0000] {processor.py:176} INFO - Processing /home/airflow/.local/lib/python3.7/site-packages/airflow/example_dags/tutorial_taskflow_api.py took 0.073 seconds
[2023-03-29T01:16:35.850+0000] {processor.py:154} INFO - Started process (PID=358) to work on /home/airflow/.local/lib/python3.7/site-packages/airflow/example_dags/tutorial_taskflow_api.py
[2023-03-29T01:16:35.851+0000] {processor.py:756} INFO - Processing file /home/airflow/.local/lib/python3.7/site-packages/airflow/example_dags/tutorial_taskflow_api.py for tasks to queue
[2023-03-29T01:16:35.852+0000] {logging_mixin.py:120} INFO - [2023-03-29T01:16:35.852+0000] {dagbag.py:537} INFO - Filling up the DagBag from /home/airflow/.local/lib/python3.7/site-packages/airflow/example_dags/tutorial_taskflow_api.py
[2023-03-29T01:16:35.867+0000] {processor.py:766} INFO - DAG(s) dict_keys(['tutorial_taskflow_api']) retrieved from /home/airflow/.local/lib/python3.7/site-packages/airflow/example_dags/tutorial_taskflow_api.py
[2023-03-29T01:16:35.893+0000] {logging_mixin.py:120} INFO - [2023-03-29T01:16:35.892+0000] {dag.py:2585} INFO - Sync 1 DAGs
[2023-03-29T01:16:35.909+0000] {logging_mixin.py:120} INFO - [2023-03-29T01:16:35.909+0000] {dag.py:3340} INFO - Setting next_dagrun for tutorial_taskflow_api to None, run_after=None
[2023-03-29T01:16:35.922+0000] {processor.py:176} INFO - Processing /home/airflow/.local/lib/python3.7/site-packages/airflow/example_dags/tutorial_taskflow_api.py took 0.075 seconds
[2023-03-29T01:17:06.263+0000] {processor.py:154} INFO - Started process (PID=421) to work on /home/airflow/.local/lib/python3.7/site-packages/airflow/example_dags/tutorial_taskflow_api.py
[2023-03-29T01:17:06.265+0000] {processor.py:756} INFO - Processing file /home/airflow/.local/lib/python3.7/site-packages/airflow/example_dags/tutorial_taskflow_api.py for tasks to queue
[2023-03-29T01:17:06.266+0000] {logging_mixin.py:120} INFO - [2023-03-29T01:17:06.266+0000] {dagbag.py:537} INFO - Filling up the DagBag from /home/airflow/.local/lib/python3.7/site-packages/airflow/example_dags/tutorial_taskflow_api.py
[2023-03-29T01:17:06.284+0000] {processor.py:766} INFO - DAG(s) dict_keys(['tutorial_taskflow_api']) retrieved from /home/airflow/.local/lib/python3.7/site-packages/airflow/example_dags/tutorial_taskflow_api.py
[2023-03-29T01:17:06.310+0000] {logging_mixin.py:120} INFO - [2023-03-29T01:17:06.310+0000] {dag.py:2585} INFO - Sync 1 DAGs
[2023-03-29T01:17:06.326+0000] {logging_mixin.py:120} INFO - [2023-03-29T01:17:06.326+0000] {dag.py:3340} INFO - Setting next_dagrun for tutorial_taskflow_api to None, run_after=None
[2023-03-29T01:17:06.338+0000] {processor.py:176} INFO - Processing /home/airflow/.local/lib/python3.7/site-packages/airflow/example_dags/tutorial_taskflow_api.py took 0.077 seconds
[2023-03-29T01:17:36.679+0000] {processor.py:154} INFO - Started process (PID=484) to work on /home/airflow/.local/lib/python3.7/site-packages/airflow/example_dags/tutorial_taskflow_api.py
[2023-03-29T01:17:36.681+0000] {processor.py:756} INFO - Processing file /home/airflow/.local/lib/python3.7/site-packages/airflow/example_dags/tutorial_taskflow_api.py for tasks to queue
[2023-03-29T01:17:36.682+0000] {logging_mixin.py:120} INFO - [2023-03-29T01:17:36.682+0000] {dagbag.py:537} INFO - Filling up the DagBag from /home/airflow/.local/lib/python3.7/site-packages/airflow/example_dags/tutorial_taskflow_api.py
[2023-03-29T01:17:36.695+0000] {processor.py:766} INFO - DAG(s) dict_keys(['tutorial_taskflow_api']) retrieved from /home/airflow/.local/lib/python3.7/site-packages/airflow/example_dags/tutorial_taskflow_api.py
[2023-03-29T01:17:36.719+0000] {logging_mixin.py:120} INFO - [2023-03-29T01:17:36.719+0000] {dag.py:2585} INFO - Sync 1 DAGs
[2023-03-29T01:17:36.732+0000] {logging_mixin.py:120} INFO - [2023-03-29T01:17:36.732+0000] {dag.py:3340} INFO - Setting next_dagrun for tutorial_taskflow_api to None, run_after=None
[2023-03-29T01:17:36.743+0000] {processor.py:176} INFO - Processing /home/airflow/.local/lib/python3.7/site-packages/airflow/example_dags/tutorial_taskflow_api.py took 0.066 seconds
[2023-03-29T01:18:06.969+0000] {processor.py:154} INFO - Started process (PID=548) to work on /home/airflow/.local/lib/python3.7/site-packages/airflow/example_dags/tutorial_taskflow_api.py
[2023-03-29T01:18:06.971+0000] {processor.py:756} INFO - Processing file /home/airflow/.local/lib/python3.7/site-packages/airflow/example_dags/tutorial_taskflow_api.py for tasks to queue
[2023-03-29T01:18:06.973+0000] {logging_mixin.py:120} INFO - [2023-03-29T01:18:06.973+0000] {dagbag.py:537} INFO - Filling up the DagBag from /home/airflow/.local/lib/python3.7/site-packages/airflow/example_dags/tutorial_taskflow_api.py
[2023-03-29T01:18:06.989+0000] {processor.py:766} INFO - DAG(s) dict_keys(['tutorial_taskflow_api']) retrieved from /home/airflow/.local/lib/python3.7/site-packages/airflow/example_dags/tutorial_taskflow_api.py
[2023-03-29T01:18:07.016+0000] {logging_mixin.py:120} INFO - [2023-03-29T01:18:07.016+0000] {dag.py:2585} INFO - Sync 1 DAGs
[2023-03-29T01:18:07.030+0000] {logging_mixin.py:120} INFO - [2023-03-29T01:18:07.030+0000] {dag.py:3340} INFO - Setting next_dagrun for tutorial_taskflow_api to None, run_after=None
[2023-03-29T01:18:07.045+0000] {processor.py:176} INFO - Processing /home/airflow/.local/lib/python3.7/site-packages/airflow/example_dags/tutorial_taskflow_api.py took 0.077 seconds
[2023-03-29T01:18:37.428+0000] {processor.py:154} INFO - Started process (PID=611) to work on /home/airflow/.local/lib/python3.7/site-packages/airflow/example_dags/tutorial_taskflow_api.py
[2023-03-29T01:18:37.429+0000] {processor.py:756} INFO - Processing file /home/airflow/.local/lib/python3.7/site-packages/airflow/example_dags/tutorial_taskflow_api.py for tasks to queue
[2023-03-29T01:18:37.431+0000] {logging_mixin.py:120} INFO - [2023-03-29T01:18:37.431+0000] {dagbag.py:537} INFO - Filling up the DagBag from /home/airflow/.local/lib/python3.7/site-packages/airflow/example_dags/tutorial_taskflow_api.py
[2023-03-29T01:18:37.450+0000] {processor.py:766} INFO - DAG(s) dict_keys(['tutorial_taskflow_api']) retrieved from /home/airflow/.local/lib/python3.7/site-packages/airflow/example_dags/tutorial_taskflow_api.py
[2023-03-29T01:18:37.477+0000] {logging_mixin.py:120} INFO - [2023-03-29T01:18:37.477+0000] {dag.py:2585} INFO - Sync 1 DAGs
[2023-03-29T01:18:37.491+0000] {logging_mixin.py:120} INFO - [2023-03-29T01:18:37.491+0000] {dag.py:3340} INFO - Setting next_dagrun for tutorial_taskflow_api to None, run_after=None
[2023-03-29T01:18:37.506+0000] {processor.py:176} INFO - Processing /home/airflow/.local/lib/python3.7/site-packages/airflow/example_dags/tutorial_taskflow_api.py took 0.080 seconds
[2023-03-29T01:19:07.809+0000] {processor.py:154} INFO - Started process (PID=671) to work on /home/airflow/.local/lib/python3.7/site-packages/airflow/example_dags/tutorial_taskflow_api.py
[2023-03-29T01:19:07.810+0000] {processor.py:756} INFO - Processing file /home/airflow/.local/lib/python3.7/site-packages/airflow/example_dags/tutorial_taskflow_api.py for tasks to queue
[2023-03-29T01:19:07.811+0000] {logging_mixin.py:120} INFO - [2023-03-29T01:19:07.811+0000] {dagbag.py:537} INFO - Filling up the DagBag from /home/airflow/.local/lib/python3.7/site-packages/airflow/example_dags/tutorial_taskflow_api.py
[2023-03-29T01:19:07.828+0000] {processor.py:766} INFO - DAG(s) dict_keys(['tutorial_taskflow_api']) retrieved from /home/airflow/.local/lib/python3.7/site-packages/airflow/example_dags/tutorial_taskflow_api.py
[2023-03-29T01:19:07.855+0000] {logging_mixin.py:120} INFO - [2023-03-29T01:19:07.855+0000] {dag.py:2585} INFO - Sync 1 DAGs
[2023-03-29T01:19:07.873+0000] {logging_mixin.py:120} INFO - [2023-03-29T01:19:07.873+0000] {dag.py:3340} INFO - Setting next_dagrun for tutorial_taskflow_api to None, run_after=None
[2023-03-29T01:19:07.887+0000] {processor.py:176} INFO - Processing /home/airflow/.local/lib/python3.7/site-packages/airflow/example_dags/tutorial_taskflow_api.py took 0.081 seconds
[2023-03-29T01:19:38.115+0000] {processor.py:154} INFO - Started process (PID=727) to work on /home/airflow/.local/lib/python3.7/site-packages/airflow/example_dags/tutorial_taskflow_api.py
[2023-03-29T01:19:38.116+0000] {processor.py:756} INFO - Processing file /home/airflow/.local/lib/python3.7/site-packages/airflow/example_dags/tutorial_taskflow_api.py for tasks to queue
[2023-03-29T01:19:38.118+0000] {logging_mixin.py:120} INFO - [2023-03-29T01:19:38.118+0000] {dagbag.py:537} INFO - Filling up the DagBag from /home/airflow/.local/lib/python3.7/site-packages/airflow/example_dags/tutorial_taskflow_api.py
[2023-03-29T01:19:38.130+0000] {processor.py:766} INFO - DAG(s) dict_keys(['tutorial_taskflow_api']) retrieved from /home/airflow/.local/lib/python3.7/site-packages/airflow/example_dags/tutorial_taskflow_api.py
[2023-03-29T01:19:38.158+0000] {logging_mixin.py:120} INFO - [2023-03-29T01:19:38.158+0000] {dag.py:2585} INFO - Sync 1 DAGs
[2023-03-29T01:19:38.173+0000] {logging_mixin.py:120} INFO - [2023-03-29T01:19:38.173+0000] {dag.py:3340} INFO - Setting next_dagrun for tutorial_taskflow_api to None, run_after=None
[2023-03-29T01:19:38.186+0000] {processor.py:176} INFO - Processing /home/airflow/.local/lib/python3.7/site-packages/airflow/example_dags/tutorial_taskflow_api.py took 0.074 seconds
[2023-03-29T01:20:08.469+0000] {processor.py:154} INFO - Started process (PID=790) to work on /home/airflow/.local/lib/python3.7/site-packages/airflow/example_dags/tutorial_taskflow_api.py
[2023-03-29T01:20:08.470+0000] {processor.py:756} INFO - Processing file /home/airflow/.local/lib/python3.7/site-packages/airflow/example_dags/tutorial_taskflow_api.py for tasks to queue
[2023-03-29T01:20:08.472+0000] {logging_mixin.py:120} INFO - [2023-03-29T01:20:08.472+0000] {dagbag.py:537} INFO - Filling up the DagBag from /home/airflow/.local/lib/python3.7/site-packages/airflow/example_dags/tutorial_taskflow_api.py
[2023-03-29T01:20:08.485+0000] {processor.py:766} INFO - DAG(s) dict_keys(['tutorial_taskflow_api']) retrieved from /home/airflow/.local/lib/python3.7/site-packages/airflow/example_dags/tutorial_taskflow_api.py
[2023-03-29T01:20:08.512+0000] {logging_mixin.py:120} INFO - [2023-03-29T01:20:08.512+0000] {dag.py:2585} INFO - Sync 1 DAGs
[2023-03-29T01:20:08.527+0000] {logging_mixin.py:120} INFO - [2023-03-29T01:20:08.527+0000] {dag.py:3340} INFO - Setting next_dagrun for tutorial_taskflow_api to None, run_after=None
[2023-03-29T01:20:08.541+0000] {processor.py:176} INFO - Processing /home/airflow/.local/lib/python3.7/site-packages/airflow/example_dags/tutorial_taskflow_api.py took 0.075 seconds
[2023-03-29T01:20:38.882+0000] {processor.py:154} INFO - Started process (PID=853) to work on /home/airflow/.local/lib/python3.7/site-packages/airflow/example_dags/tutorial_taskflow_api.py
[2023-03-29T01:20:38.884+0000] {processor.py:756} INFO - Processing file /home/airflow/.local/lib/python3.7/site-packages/airflow/example_dags/tutorial_taskflow_api.py for tasks to queue
[2023-03-29T01:20:38.886+0000] {logging_mixin.py:120} INFO - [2023-03-29T01:20:38.885+0000] {dagbag.py:537} INFO - Filling up the DagBag from /home/airflow/.local/lib/python3.7/site-packages/airflow/example_dags/tutorial_taskflow_api.py
[2023-03-29T01:20:38.903+0000] {processor.py:766} INFO - DAG(s) dict_keys(['tutorial_taskflow_api']) retrieved from /home/airflow/.local/lib/python3.7/site-packages/airflow/example_dags/tutorial_taskflow_api.py
[2023-03-29T01:20:38.930+0000] {logging_mixin.py:120} INFO - [2023-03-29T01:20:38.929+0000] {dag.py:2585} INFO - Sync 1 DAGs
[2023-03-29T01:20:38.944+0000] {logging_mixin.py:120} INFO - [2023-03-29T01:20:38.944+0000] {dag.py:3340} INFO - Setting next_dagrun for tutorial_taskflow_api to None, run_after=None
[2023-03-29T01:20:38.957+0000] {processor.py:176} INFO - Processing /home/airflow/.local/lib/python3.7/site-packages/airflow/example_dags/tutorial_taskflow_api.py took 0.077 seconds
[2023-03-29T01:21:09.263+0000] {processor.py:154} INFO - Started process (PID=916) to work on /home/airflow/.local/lib/python3.7/site-packages/airflow/example_dags/tutorial_taskflow_api.py
[2023-03-29T01:21:09.264+0000] {processor.py:756} INFO - Processing file /home/airflow/.local/lib/python3.7/site-packages/airflow/example_dags/tutorial_taskflow_api.py for tasks to queue
[2023-03-29T01:21:09.265+0000] {logging_mixin.py:120} INFO - [2023-03-29T01:21:09.265+0000] {dagbag.py:537} INFO - Filling up the DagBag from /home/airflow/.local/lib/python3.7/site-packages/airflow/example_dags/tutorial_taskflow_api.py
[2023-03-29T01:21:09.278+0000] {processor.py:766} INFO - DAG(s) dict_keys(['tutorial_taskflow_api']) retrieved from /home/airflow/.local/lib/python3.7/site-packages/airflow/example_dags/tutorial_taskflow_api.py
[2023-03-29T01:21:09.308+0000] {logging_mixin.py:120} INFO - [2023-03-29T01:21:09.308+0000] {dag.py:2585} INFO - Sync 1 DAGs
[2023-03-29T01:21:09.324+0000] {logging_mixin.py:120} INFO - [2023-03-29T01:21:09.323+0000] {dag.py:3340} INFO - Setting next_dagrun for tutorial_taskflow_api to None, run_after=None
[2023-03-29T01:21:09.335+0000] {processor.py:176} INFO - Processing /home/airflow/.local/lib/python3.7/site-packages/airflow/example_dags/tutorial_taskflow_api.py took 0.075 seconds
[2023-03-29T01:21:39.659+0000] {processor.py:154} INFO - Started process (PID=979) to work on /home/airflow/.local/lib/python3.7/site-packages/airflow/example_dags/tutorial_taskflow_api.py
[2023-03-29T01:21:39.661+0000] {processor.py:756} INFO - Processing file /home/airflow/.local/lib/python3.7/site-packages/airflow/example_dags/tutorial_taskflow_api.py for tasks to queue
[2023-03-29T01:21:39.662+0000] {logging_mixin.py:120} INFO - [2023-03-29T01:21:39.662+0000] {dagbag.py:537} INFO - Filling up the DagBag from /home/airflow/.local/lib/python3.7/site-packages/airflow/example_dags/tutorial_taskflow_api.py
[2023-03-29T01:21:39.678+0000] {processor.py:766} INFO - DAG(s) dict_keys(['tutorial_taskflow_api']) retrieved from /home/airflow/.local/lib/python3.7/site-packages/airflow/example_dags/tutorial_taskflow_api.py
[2023-03-29T01:21:39.705+0000] {logging_mixin.py:120} INFO - [2023-03-29T01:21:39.705+0000] {dag.py:2585} INFO - Sync 1 DAGs
[2023-03-29T01:21:39.721+0000] {logging_mixin.py:120} INFO - [2023-03-29T01:21:39.721+0000] {dag.py:3340} INFO - Setting next_dagrun for tutorial_taskflow_api to None, run_after=None
[2023-03-29T01:21:39.734+0000] {processor.py:176} INFO - Processing /home/airflow/.local/lib/python3.7/site-packages/airflow/example_dags/tutorial_taskflow_api.py took 0.079 seconds
[2023-03-29T01:22:10.055+0000] {processor.py:154} INFO - Started process (PID=1033) to work on /home/airflow/.local/lib/python3.7/site-packages/airflow/example_dags/tutorial_taskflow_api.py
[2023-03-29T01:22:10.056+0000] {processor.py:756} INFO - Processing file /home/airflow/.local/lib/python3.7/site-packages/airflow/example_dags/tutorial_taskflow_api.py for tasks to queue
[2023-03-29T01:22:10.057+0000] {logging_mixin.py:120} INFO - [2023-03-29T01:22:10.057+0000] {dagbag.py:537} INFO - Filling up the DagBag from /home/airflow/.local/lib/python3.7/site-packages/airflow/example_dags/tutorial_taskflow_api.py
[2023-03-29T01:22:10.070+0000] {processor.py:766} INFO - DAG(s) dict_keys(['tutorial_taskflow_api']) retrieved from /home/airflow/.local/lib/python3.7/site-packages/airflow/example_dags/tutorial_taskflow_api.py
[2023-03-29T01:22:10.093+0000] {logging_mixin.py:120} INFO - [2023-03-29T01:22:10.093+0000] {dag.py:2585} INFO - Sync 1 DAGs
[2023-03-29T01:22:10.106+0000] {logging_mixin.py:120} INFO - [2023-03-29T01:22:10.106+0000] {dag.py:3340} INFO - Setting next_dagrun for tutorial_taskflow_api to None, run_after=None
[2023-03-29T01:22:10.116+0000] {processor.py:176} INFO - Processing /home/airflow/.local/lib/python3.7/site-packages/airflow/example_dags/tutorial_taskflow_api.py took 0.063 seconds
[2023-03-29T01:22:40.439+0000] {processor.py:154} INFO - Started process (PID=1096) to work on /home/airflow/.local/lib/python3.7/site-packages/airflow/example_dags/tutorial_taskflow_api.py
[2023-03-29T01:22:40.441+0000] {processor.py:756} INFO - Processing file /home/airflow/.local/lib/python3.7/site-packages/airflow/example_dags/tutorial_taskflow_api.py for tasks to queue
[2023-03-29T01:22:40.442+0000] {logging_mixin.py:120} INFO - [2023-03-29T01:22:40.442+0000] {dagbag.py:537} INFO - Filling up the DagBag from /home/airflow/.local/lib/python3.7/site-packages/airflow/example_dags/tutorial_taskflow_api.py
[2023-03-29T01:22:40.456+0000] {processor.py:766} INFO - DAG(s) dict_keys(['tutorial_taskflow_api']) retrieved from /home/airflow/.local/lib/python3.7/site-packages/airflow/example_dags/tutorial_taskflow_api.py
[2023-03-29T01:22:40.483+0000] {logging_mixin.py:120} INFO - [2023-03-29T01:22:40.483+0000] {dag.py:2585} INFO - Sync 1 DAGs
[2023-03-29T01:22:40.497+0000] {logging_mixin.py:120} INFO - [2023-03-29T01:22:40.497+0000] {dag.py:3340} INFO - Setting next_dagrun for tutorial_taskflow_api to None, run_after=None
[2023-03-29T01:22:40.510+0000] {processor.py:176} INFO - Processing /home/airflow/.local/lib/python3.7/site-packages/airflow/example_dags/tutorial_taskflow_api.py took 0.073 seconds
[2023-03-29T01:23:10.799+0000] {processor.py:154} INFO - Started process (PID=1159) to work on /home/airflow/.local/lib/python3.7/site-packages/airflow/example_dags/tutorial_taskflow_api.py
[2023-03-29T01:23:10.801+0000] {processor.py:756} INFO - Processing file /home/airflow/.local/lib/python3.7/site-packages/airflow/example_dags/tutorial_taskflow_api.py for tasks to queue
[2023-03-29T01:23:10.803+0000] {logging_mixin.py:120} INFO - [2023-03-29T01:23:10.803+0000] {dagbag.py:537} INFO - Filling up the DagBag from /home/airflow/.local/lib/python3.7/site-packages/airflow/example_dags/tutorial_taskflow_api.py
[2023-03-29T01:23:10.819+0000] {processor.py:766} INFO - DAG(s) dict_keys(['tutorial_taskflow_api']) retrieved from /home/airflow/.local/lib/python3.7/site-packages/airflow/example_dags/tutorial_taskflow_api.py
[2023-03-29T01:23:10.847+0000] {logging_mixin.py:120} INFO - [2023-03-29T01:23:10.847+0000] {dag.py:2585} INFO - Sync 1 DAGs
[2023-03-29T01:23:10.865+0000] {logging_mixin.py:120} INFO - [2023-03-29T01:23:10.865+0000] {dag.py:3340} INFO - Setting next_dagrun for tutorial_taskflow_api to None, run_after=None
[2023-03-29T01:23:10.879+0000] {processor.py:176} INFO - Processing /home/airflow/.local/lib/python3.7/site-packages/airflow/example_dags/tutorial_taskflow_api.py took 0.082 seconds
[2023-03-29T01:23:41.104+0000] {processor.py:154} INFO - Started process (PID=1221) to work on /home/airflow/.local/lib/python3.7/site-packages/airflow/example_dags/tutorial_taskflow_api.py
[2023-03-29T01:23:41.106+0000] {processor.py:756} INFO - Processing file /home/airflow/.local/lib/python3.7/site-packages/airflow/example_dags/tutorial_taskflow_api.py for tasks to queue
[2023-03-29T01:23:41.108+0000] {logging_mixin.py:120} INFO - [2023-03-29T01:23:41.107+0000] {dagbag.py:537} INFO - Filling up the DagBag from /home/airflow/.local/lib/python3.7/site-packages/airflow/example_dags/tutorial_taskflow_api.py
[2023-03-29T01:23:41.121+0000] {processor.py:766} INFO - DAG(s) dict_keys(['tutorial_taskflow_api']) retrieved from /home/airflow/.local/lib/python3.7/site-packages/airflow/example_dags/tutorial_taskflow_api.py
[2023-03-29T01:23:41.146+0000] {logging_mixin.py:120} INFO - [2023-03-29T01:23:41.146+0000] {dag.py:2585} INFO - Sync 1 DAGs
[2023-03-29T01:23:41.159+0000] {logging_mixin.py:120} INFO - [2023-03-29T01:23:41.159+0000] {dag.py:3340} INFO - Setting next_dagrun for tutorial_taskflow_api to None, run_after=None
[2023-03-29T01:23:41.171+0000] {processor.py:176} INFO - Processing /home/airflow/.local/lib/python3.7/site-packages/airflow/example_dags/tutorial_taskflow_api.py took 0.069 seconds
