[2023-03-29T02:07:33.672+0000] {taskinstance.py:1165} INFO - Dependencies all met for <TaskInstance: example_bash_operator.run_after_loop scheduled__2023-03-28T00:00:00+00:00 [queued]>
[2023-03-29T02:07:33.679+0000] {taskinstance.py:1165} INFO - Dependencies all met for <TaskInstance: example_bash_operator.run_after_loop scheduled__2023-03-28T00:00:00+00:00 [queued]>
[2023-03-29T02:07:33.680+0000] {taskinstance.py:1362} INFO - 
--------------------------------------------------------------------------------
[2023-03-29T02:07:33.681+0000] {taskinstance.py:1363} INFO - Starting attempt 1 of 1
[2023-03-29T02:07:33.681+0000] {taskinstance.py:1364} INFO - 
--------------------------------------------------------------------------------
[2023-03-29T02:07:33.689+0000] {taskinstance.py:1383} INFO - Executing <Task(BashOperator): run_after_loop> on 2023-03-28 00:00:00+00:00
[2023-03-29T02:07:33.694+0000] {standard_task_runner.py:55} INFO - Started process 1742 to run task
[2023-03-29T02:07:33.697+0000] {standard_task_runner.py:82} INFO - Running: ['***', 'tasks', 'run', 'example_bash_operator', 'run_after_loop', 'scheduled__2023-03-28T00:00:00+00:00', '--job-id', '10', '--raw', '--subdir', '/home/***/.local/lib/python3.7/site-packages/***/example_dags/example_bash_operator.py', '--cfg-path', '/tmp/tmp1igobsdj']
[2023-03-29T02:07:33.698+0000] {standard_task_runner.py:83} INFO - Job 10: Subtask run_after_loop
[2023-03-29T02:07:33.742+0000] {task_command.py:376} INFO - Running <TaskInstance: example_bash_operator.run_after_loop scheduled__2023-03-28T00:00:00+00:00 [running]> on host 9dcb783b1f3a
[2023-03-29T02:07:33.781+0000] {taskinstance.py:1592} INFO - Exporting the following env vars:
AIRFLOW_CTX_DAG_OWNER=***
AIRFLOW_CTX_DAG_ID=example_bash_operator
AIRFLOW_CTX_TASK_ID=run_after_loop
AIRFLOW_CTX_EXECUTION_DATE=2023-03-28T00:00:00+00:00
AIRFLOW_CTX_TRY_NUMBER=1
AIRFLOW_CTX_DAG_RUN_ID=scheduled__2023-03-28T00:00:00+00:00
[2023-03-29T02:07:33.782+0000] {subprocess.py:63} INFO - Tmp dir root location: 
 /tmp
[2023-03-29T02:07:33.784+0000] {subprocess.py:75} INFO - Running command: ['/bin/bash', '-c', 'echo 1']
[2023-03-29T02:07:33.792+0000] {subprocess.py:86} INFO - Output:
[2023-03-29T02:07:33.794+0000] {subprocess.py:93} INFO - 1
[2023-03-29T02:07:33.795+0000] {subprocess.py:97} INFO - Command exited with return code 0
[2023-03-29T02:07:33.812+0000] {taskinstance.py:1406} INFO - Marking task as SUCCESS. dag_id=example_bash_operator, task_id=run_after_loop, execution_date=20230328T000000, start_date=20230329T020733, end_date=20230329T020733
[2023-03-29T02:07:33.829+0000] {local_task_job.py:164} INFO - Task exited with return code 0
[2023-03-29T02:07:33.844+0000] {local_task_job.py:273} INFO - 0 downstream tasks scheduled from follow-on schedule check
