[2023-03-30T02:31:31.832+0000] {taskinstance.py:1165} INFO - Dependencies all met for <TaskInstance: consumer.read_dataset dataset_triggered__2023-03-30T02:31:31.031149+00:00 [queued]>
[2023-03-30T02:31:31.839+0000] {taskinstance.py:1165} INFO - Dependencies all met for <TaskInstance: consumer.read_dataset dataset_triggered__2023-03-30T02:31:31.031149+00:00 [queued]>
[2023-03-30T02:31:31.840+0000] {taskinstance.py:1362} INFO - 
--------------------------------------------------------------------------------
[2023-03-30T02:31:31.842+0000] {taskinstance.py:1363} INFO - Starting attempt 1 of 1
[2023-03-30T02:31:31.843+0000] {taskinstance.py:1364} INFO - 
--------------------------------------------------------------------------------
[2023-03-30T02:31:31.853+0000] {taskinstance.py:1383} INFO - Executing <Task(_PythonDecoratedOperator): read_dataset> on 2023-03-30 02:31:31.031149+00:00
[2023-03-30T02:31:31.859+0000] {standard_task_runner.py:55} INFO - Started process 35909 to run task
[2023-03-30T02:31:31.862+0000] {standard_task_runner.py:82} INFO - Running: ['***', 'tasks', 'run', 'consumer', 'read_dataset', 'dataset_triggered__2023-03-30T02:31:31.031149+00:00', '--job-id', '27', '--raw', '--subdir', 'DAGS_FOLDER/consumer.py', '--cfg-path', '/tmp/tmp65s3n9vs']
[2023-03-30T02:31:31.863+0000] {standard_task_runner.py:83} INFO - Job 27: Subtask read_dataset
[2023-03-30T02:31:31.914+0000] {task_command.py:376} INFO - Running <TaskInstance: consumer.read_dataset dataset_triggered__2023-03-30T02:31:31.031149+00:00 [running]> on host 9dcb783b1f3a
[2023-03-30T02:31:31.969+0000] {taskinstance.py:1592} INFO - Exporting the following env vars:
AIRFLOW_CTX_DAG_OWNER=***
AIRFLOW_CTX_DAG_ID=consumer
AIRFLOW_CTX_TASK_ID=read_dataset
AIRFLOW_CTX_EXECUTION_DATE=2023-03-30T02:31:31.031149+00:00
AIRFLOW_CTX_TRY_NUMBER=1
AIRFLOW_CTX_DAG_RUN_ID=dataset_triggered__2023-03-30T02:31:31.031149+00:00
[2023-03-30T02:31:31.971+0000] {logging_mixin.py:120} INFO - producer update
[2023-03-30T02:31:31.972+0000] {python.py:177} INFO - Done. Returned value was: None
[2023-03-30T02:31:31.980+0000] {taskinstance.py:1406} INFO - Marking task as SUCCESS. dag_id=consumer, task_id=read_dataset, execution_date=20230330T023131, start_date=20230330T023131, end_date=20230330T023131
[2023-03-30T02:31:32.035+0000] {local_task_job.py:164} INFO - Task exited with return code 0
[2023-03-30T02:31:32.061+0000] {local_task_job.py:273} INFO - 0 downstream tasks scheduled from follow-on schedule check
