[2023-03-29T01:34:21.365+0000] {processor.py:154} INFO - Started process (PID=54) to work on /home/airflow/.local/lib/python3.7/site-packages/airflow/example_dags/example_python_operator.py
[2023-03-29T01:34:21.368+0000] {processor.py:756} INFO - Processing file /home/airflow/.local/lib/python3.7/site-packages/airflow/example_dags/example_python_operator.py for tasks to queue
[2023-03-29T01:34:21.369+0000] {logging_mixin.py:120} INFO - [2023-03-29T01:34:21.369+0000] {dagbag.py:537} INFO - Filling up the DagBag from /home/airflow/.local/lib/python3.7/site-packages/airflow/example_dags/example_python_operator.py
[2023-03-29T01:34:21.397+0000] {logging_mixin.py:120} INFO - [2023-03-29T01:34:21.397+0000] {taskmixin.py:205} WARNING - Dependency <Task(_PythonDecoratedOperator): print_the_context>, log_sql_query already registered for DAG: example_python_operator
[2023-03-29T01:34:21.398+0000] {logging_mixin.py:120} INFO - [2023-03-29T01:34:21.398+0000] {taskmixin.py:205} WARNING - Dependency <Task(_PythonDecoratedOperator): log_sql_query>, print_the_context already registered for DAG: example_python_operator
[2023-03-29T01:34:21.399+0000] {logging_mixin.py:120} INFO - [2023-03-29T01:34:21.399+0000] {taskmixin.py:205} WARNING - Dependency <Task(_PythonDecoratedOperator): print_the_context>, log_sql_query already registered for DAG: example_python_operator
[2023-03-29T01:34:21.400+0000] {logging_mixin.py:120} INFO - [2023-03-29T01:34:21.400+0000] {taskmixin.py:205} WARNING - Dependency <Task(_PythonDecoratedOperator): log_sql_query>, print_the_context already registered for DAG: example_python_operator
[2023-03-29T01:34:21.402+0000] {logging_mixin.py:120} INFO - [2023-03-29T01:34:21.402+0000] {taskmixin.py:205} WARNING - Dependency <Task(_PythonDecoratedOperator): print_the_context>, log_sql_query already registered for DAG: example_python_operator
[2023-03-29T01:34:21.403+0000] {logging_mixin.py:120} INFO - [2023-03-29T01:34:21.403+0000] {taskmixin.py:205} WARNING - Dependency <Task(_PythonDecoratedOperator): log_sql_query>, print_the_context already registered for DAG: example_python_operator
[2023-03-29T01:34:21.405+0000] {logging_mixin.py:120} INFO - [2023-03-29T01:34:21.404+0000] {taskmixin.py:205} WARNING - Dependency <Task(_PythonDecoratedOperator): print_the_context>, log_sql_query already registered for DAG: example_python_operator
[2023-03-29T01:34:21.407+0000] {logging_mixin.py:120} INFO - [2023-03-29T01:34:21.407+0000] {taskmixin.py:205} WARNING - Dependency <Task(_PythonDecoratedOperator): log_sql_query>, print_the_context already registered for DAG: example_python_operator
[2023-03-29T01:34:21.418+0000] {processor.py:766} INFO - DAG(s) dict_keys(['example_python_operator']) retrieved from /home/airflow/.local/lib/python3.7/site-packages/airflow/example_dags/example_python_operator.py
[2023-03-29T01:34:21.444+0000] {logging_mixin.py:120} INFO - [2023-03-29T01:34:21.443+0000] {dag.py:2585} INFO - Sync 1 DAGs
[2023-03-29T01:34:21.463+0000] {logging_mixin.py:120} INFO - [2023-03-29T01:34:21.463+0000] {dag.py:3340} INFO - Setting next_dagrun for example_python_operator to None, run_after=None
[2023-03-29T01:34:21.478+0000] {processor.py:176} INFO - Processing /home/airflow/.local/lib/python3.7/site-packages/airflow/example_dags/example_python_operator.py took 0.115 seconds
[2023-03-29T01:34:51.646+0000] {processor.py:154} INFO - Started process (PID=116) to work on /home/airflow/.local/lib/python3.7/site-packages/airflow/example_dags/example_python_operator.py
[2023-03-29T01:34:51.648+0000] {processor.py:756} INFO - Processing file /home/airflow/.local/lib/python3.7/site-packages/airflow/example_dags/example_python_operator.py for tasks to queue
[2023-03-29T01:34:51.649+0000] {logging_mixin.py:120} INFO - [2023-03-29T01:34:51.649+0000] {dagbag.py:537} INFO - Filling up the DagBag from /home/airflow/.local/lib/python3.7/site-packages/airflow/example_dags/example_python_operator.py
[2023-03-29T01:34:51.659+0000] {logging_mixin.py:120} INFO - [2023-03-29T01:34:51.659+0000] {taskmixin.py:205} WARNING - Dependency <Task(_PythonDecoratedOperator): print_the_context>, log_sql_query already registered for DAG: example_python_operator
[2023-03-29T01:34:51.662+0000] {logging_mixin.py:120} INFO - [2023-03-29T01:34:51.662+0000] {taskmixin.py:205} WARNING - Dependency <Task(_PythonDecoratedOperator): log_sql_query>, print_the_context already registered for DAG: example_python_operator
[2023-03-29T01:34:51.663+0000] {logging_mixin.py:120} INFO - [2023-03-29T01:34:51.663+0000] {taskmixin.py:205} WARNING - Dependency <Task(_PythonDecoratedOperator): print_the_context>, log_sql_query already registered for DAG: example_python_operator
[2023-03-29T01:34:51.664+0000] {logging_mixin.py:120} INFO - [2023-03-29T01:34:51.664+0000] {taskmixin.py:205} WARNING - Dependency <Task(_PythonDecoratedOperator): log_sql_query>, print_the_context already registered for DAG: example_python_operator
[2023-03-29T01:34:51.665+0000] {logging_mixin.py:120} INFO - [2023-03-29T01:34:51.665+0000] {taskmixin.py:205} WARNING - Dependency <Task(_PythonDecoratedOperator): print_the_context>, log_sql_query already registered for DAG: example_python_operator
[2023-03-29T01:34:51.667+0000] {logging_mixin.py:120} INFO - [2023-03-29T01:34:51.667+0000] {taskmixin.py:205} WARNING - Dependency <Task(_PythonDecoratedOperator): log_sql_query>, print_the_context already registered for DAG: example_python_operator
[2023-03-29T01:34:51.668+0000] {logging_mixin.py:120} INFO - [2023-03-29T01:34:51.668+0000] {taskmixin.py:205} WARNING - Dependency <Task(_PythonDecoratedOperator): print_the_context>, log_sql_query already registered for DAG: example_python_operator
[2023-03-29T01:34:51.669+0000] {logging_mixin.py:120} INFO - [2023-03-29T01:34:51.669+0000] {taskmixin.py:205} WARNING - Dependency <Task(_PythonDecoratedOperator): log_sql_query>, print_the_context already registered for DAG: example_python_operator
[2023-03-29T01:34:51.675+0000] {processor.py:766} INFO - DAG(s) dict_keys(['example_python_operator']) retrieved from /home/airflow/.local/lib/python3.7/site-packages/airflow/example_dags/example_python_operator.py
[2023-03-29T01:34:51.701+0000] {logging_mixin.py:120} INFO - [2023-03-29T01:34:51.701+0000] {dag.py:2585} INFO - Sync 1 DAGs
[2023-03-29T01:34:51.717+0000] {logging_mixin.py:120} INFO - [2023-03-29T01:34:51.717+0000] {dag.py:3340} INFO - Setting next_dagrun for example_python_operator to None, run_after=None
[2023-03-29T01:34:51.732+0000] {processor.py:176} INFO - Processing /home/airflow/.local/lib/python3.7/site-packages/airflow/example_dags/example_python_operator.py took 0.088 seconds
