[2023-03-29T01:34:21.509+0000] {processor.py:154} INFO - Started process (PID=56) to work on /home/airflow/.local/lib/python3.7/site-packages/airflow/example_dags/example_xcom.py
[2023-03-29T01:34:21.511+0000] {processor.py:756} INFO - Processing file /home/airflow/.local/lib/python3.7/site-packages/airflow/example_dags/example_xcom.py for tasks to queue
[2023-03-29T01:34:21.512+0000] {logging_mixin.py:120} INFO - [2023-03-29T01:34:21.512+0000] {dagbag.py:537} INFO - Filling up the DagBag from /home/airflow/.local/lib/python3.7/site-packages/airflow/example_dags/example_xcom.py
[2023-03-29T01:34:21.529+0000] {processor.py:766} INFO - DAG(s) dict_keys(['example_xcom']) retrieved from /home/airflow/.local/lib/python3.7/site-packages/airflow/example_dags/example_xcom.py
[2023-03-29T01:34:21.554+0000] {logging_mixin.py:120} INFO - [2023-03-29T01:34:21.554+0000] {dag.py:2585} INFO - Sync 1 DAGs
[2023-03-29T01:34:21.573+0000] {logging_mixin.py:120} INFO - [2023-03-29T01:34:21.573+0000] {dag.py:3340} INFO - Setting next_dagrun for example_xcom to 2021-01-01T00:00:00+00:00, run_after=2021-01-01T00:00:00+00:00
[2023-03-29T01:34:21.608+0000] {processor.py:176} INFO - Processing /home/airflow/.local/lib/python3.7/site-packages/airflow/example_dags/example_xcom.py took 0.102 seconds
[2023-03-29T01:34:51.754+0000] {processor.py:154} INFO - Started process (PID=118) to work on /home/airflow/.local/lib/python3.7/site-packages/airflow/example_dags/example_xcom.py
[2023-03-29T01:34:51.756+0000] {processor.py:756} INFO - Processing file /home/airflow/.local/lib/python3.7/site-packages/airflow/example_dags/example_xcom.py for tasks to queue
[2023-03-29T01:34:51.758+0000] {logging_mixin.py:120} INFO - [2023-03-29T01:34:51.758+0000] {dagbag.py:537} INFO - Filling up the DagBag from /home/airflow/.local/lib/python3.7/site-packages/airflow/example_dags/example_xcom.py
[2023-03-29T01:34:51.773+0000] {processor.py:766} INFO - DAG(s) dict_keys(['example_xcom']) retrieved from /home/airflow/.local/lib/python3.7/site-packages/airflow/example_dags/example_xcom.py
[2023-03-29T01:34:51.800+0000] {logging_mixin.py:120} INFO - [2023-03-29T01:34:51.800+0000] {dag.py:2585} INFO - Sync 1 DAGs
[2023-03-29T01:34:51.815+0000] {logging_mixin.py:120} INFO - [2023-03-29T01:34:51.815+0000] {dag.py:3340} INFO - Setting next_dagrun for example_xcom to 2021-01-01T00:00:00+00:00, run_after=2021-01-01T00:00:00+00:00
[2023-03-29T01:34:51.832+0000] {processor.py:176} INFO - Processing /home/airflow/.local/lib/python3.7/site-packages/airflow/example_dags/example_xcom.py took 0.080 seconds
[2023-03-29T01:35:22.052+0000] {processor.py:154} INFO - Started process (PID=181) to work on /home/airflow/.local/lib/python3.7/site-packages/airflow/example_dags/example_xcom.py
[2023-03-29T01:35:22.054+0000] {processor.py:756} INFO - Processing file /home/airflow/.local/lib/python3.7/site-packages/airflow/example_dags/example_xcom.py for tasks to queue
[2023-03-29T01:35:22.055+0000] {logging_mixin.py:120} INFO - [2023-03-29T01:35:22.055+0000] {dagbag.py:537} INFO - Filling up the DagBag from /home/airflow/.local/lib/python3.7/site-packages/airflow/example_dags/example_xcom.py
[2023-03-29T01:35:22.071+0000] {processor.py:766} INFO - DAG(s) dict_keys(['example_xcom']) retrieved from /home/airflow/.local/lib/python3.7/site-packages/airflow/example_dags/example_xcom.py
[2023-03-29T01:35:22.103+0000] {logging_mixin.py:120} INFO - [2023-03-29T01:35:22.103+0000] {dag.py:2585} INFO - Sync 1 DAGs
[2023-03-29T01:35:22.118+0000] {logging_mixin.py:120} INFO - [2023-03-29T01:35:22.118+0000] {dag.py:3340} INFO - Setting next_dagrun for example_xcom to 2021-01-01T00:00:00+00:00, run_after=2021-01-01T00:00:00+00:00
[2023-03-29T01:35:22.130+0000] {processor.py:176} INFO - Processing /home/airflow/.local/lib/python3.7/site-packages/airflow/example_dags/example_xcom.py took 0.080 seconds
[2023-03-29T01:35:52.434+0000] {processor.py:154} INFO - Started process (PID=243) to work on /home/airflow/.local/lib/python3.7/site-packages/airflow/example_dags/example_xcom.py
[2023-03-29T01:35:52.436+0000] {processor.py:756} INFO - Processing file /home/airflow/.local/lib/python3.7/site-packages/airflow/example_dags/example_xcom.py for tasks to queue
[2023-03-29T01:35:52.438+0000] {logging_mixin.py:120} INFO - [2023-03-29T01:35:52.438+0000] {dagbag.py:537} INFO - Filling up the DagBag from /home/airflow/.local/lib/python3.7/site-packages/airflow/example_dags/example_xcom.py
[2023-03-29T01:35:52.452+0000] {processor.py:766} INFO - DAG(s) dict_keys(['example_xcom']) retrieved from /home/airflow/.local/lib/python3.7/site-packages/airflow/example_dags/example_xcom.py
[2023-03-29T01:35:52.483+0000] {logging_mixin.py:120} INFO - [2023-03-29T01:35:52.483+0000] {dag.py:2585} INFO - Sync 1 DAGs
[2023-03-29T01:35:52.500+0000] {logging_mixin.py:120} INFO - [2023-03-29T01:35:52.500+0000] {dag.py:3340} INFO - Setting next_dagrun for example_xcom to 2021-01-01T00:00:00+00:00, run_after=2021-01-01T00:00:00+00:00
[2023-03-29T01:35:52.514+0000] {processor.py:176} INFO - Processing /home/airflow/.local/lib/python3.7/site-packages/airflow/example_dags/example_xcom.py took 0.082 seconds
[2023-03-29T01:36:22.760+0000] {processor.py:154} INFO - Started process (PID=306) to work on /home/airflow/.local/lib/python3.7/site-packages/airflow/example_dags/example_xcom.py
[2023-03-29T01:36:22.762+0000] {processor.py:756} INFO - Processing file /home/airflow/.local/lib/python3.7/site-packages/airflow/example_dags/example_xcom.py for tasks to queue
[2023-03-29T01:36:22.764+0000] {logging_mixin.py:120} INFO - [2023-03-29T01:36:22.763+0000] {dagbag.py:537} INFO - Filling up the DagBag from /home/airflow/.local/lib/python3.7/site-packages/airflow/example_dags/example_xcom.py
[2023-03-29T01:36:22.780+0000] {processor.py:766} INFO - DAG(s) dict_keys(['example_xcom']) retrieved from /home/airflow/.local/lib/python3.7/site-packages/airflow/example_dags/example_xcom.py
[2023-03-29T01:36:22.810+0000] {logging_mixin.py:120} INFO - [2023-03-29T01:36:22.810+0000] {dag.py:2585} INFO - Sync 1 DAGs
[2023-03-29T01:36:22.826+0000] {logging_mixin.py:120} INFO - [2023-03-29T01:36:22.826+0000] {dag.py:3340} INFO - Setting next_dagrun for example_xcom to 2021-01-01T00:00:00+00:00, run_after=2021-01-01T00:00:00+00:00
[2023-03-29T01:36:22.841+0000] {processor.py:176} INFO - Processing /home/airflow/.local/lib/python3.7/site-packages/airflow/example_dags/example_xcom.py took 0.083 seconds
[2023-03-29T01:36:53.077+0000] {processor.py:154} INFO - Started process (PID=360) to work on /home/airflow/.local/lib/python3.7/site-packages/airflow/example_dags/example_xcom.py
[2023-03-29T01:36:53.078+0000] {processor.py:756} INFO - Processing file /home/airflow/.local/lib/python3.7/site-packages/airflow/example_dags/example_xcom.py for tasks to queue
[2023-03-29T01:36:53.080+0000] {logging_mixin.py:120} INFO - [2023-03-29T01:36:53.080+0000] {dagbag.py:537} INFO - Filling up the DagBag from /home/airflow/.local/lib/python3.7/site-packages/airflow/example_dags/example_xcom.py
[2023-03-29T01:36:53.095+0000] {processor.py:766} INFO - DAG(s) dict_keys(['example_xcom']) retrieved from /home/airflow/.local/lib/python3.7/site-packages/airflow/example_dags/example_xcom.py
[2023-03-29T01:36:53.123+0000] {logging_mixin.py:120} INFO - [2023-03-29T01:36:53.123+0000] {dag.py:2585} INFO - Sync 1 DAGs
[2023-03-29T01:36:53.138+0000] {logging_mixin.py:120} INFO - [2023-03-29T01:36:53.138+0000] {dag.py:3340} INFO - Setting next_dagrun for example_xcom to 2021-01-01T00:00:00+00:00, run_after=2021-01-01T00:00:00+00:00
[2023-03-29T01:36:53.151+0000] {processor.py:176} INFO - Processing /home/airflow/.local/lib/python3.7/site-packages/airflow/example_dags/example_xcom.py took 0.076 seconds
[2023-03-29T01:37:23.601+0000] {processor.py:154} INFO - Started process (PID=423) to work on /home/airflow/.local/lib/python3.7/site-packages/airflow/example_dags/example_xcom.py
[2023-03-29T01:37:23.603+0000] {processor.py:756} INFO - Processing file /home/airflow/.local/lib/python3.7/site-packages/airflow/example_dags/example_xcom.py for tasks to queue
[2023-03-29T01:37:23.605+0000] {logging_mixin.py:120} INFO - [2023-03-29T01:37:23.605+0000] {dagbag.py:537} INFO - Filling up the DagBag from /home/airflow/.local/lib/python3.7/site-packages/airflow/example_dags/example_xcom.py
[2023-03-29T01:37:23.620+0000] {processor.py:766} INFO - DAG(s) dict_keys(['example_xcom']) retrieved from /home/airflow/.local/lib/python3.7/site-packages/airflow/example_dags/example_xcom.py
[2023-03-29T01:37:23.647+0000] {logging_mixin.py:120} INFO - [2023-03-29T01:37:23.647+0000] {dag.py:2585} INFO - Sync 1 DAGs
[2023-03-29T01:37:23.662+0000] {logging_mixin.py:120} INFO - [2023-03-29T01:37:23.662+0000] {dag.py:3340} INFO - Setting next_dagrun for example_xcom to 2021-01-01T00:00:00+00:00, run_after=2021-01-01T00:00:00+00:00
[2023-03-29T01:37:23.674+0000] {processor.py:176} INFO - Processing /home/airflow/.local/lib/python3.7/site-packages/airflow/example_dags/example_xcom.py took 0.076 seconds
[2023-03-29T01:37:53.794+0000] {processor.py:154} INFO - Started process (PID=486) to work on /home/airflow/.local/lib/python3.7/site-packages/airflow/example_dags/example_xcom.py
[2023-03-29T01:37:53.796+0000] {processor.py:756} INFO - Processing file /home/airflow/.local/lib/python3.7/site-packages/airflow/example_dags/example_xcom.py for tasks to queue
[2023-03-29T01:37:53.797+0000] {logging_mixin.py:120} INFO - [2023-03-29T01:37:53.797+0000] {dagbag.py:537} INFO - Filling up the DagBag from /home/airflow/.local/lib/python3.7/site-packages/airflow/example_dags/example_xcom.py
[2023-03-29T01:37:53.812+0000] {processor.py:766} INFO - DAG(s) dict_keys(['example_xcom']) retrieved from /home/airflow/.local/lib/python3.7/site-packages/airflow/example_dags/example_xcom.py
[2023-03-29T01:37:53.842+0000] {logging_mixin.py:120} INFO - [2023-03-29T01:37:53.841+0000] {dag.py:2585} INFO - Sync 1 DAGs
[2023-03-29T01:37:53.857+0000] {logging_mixin.py:120} INFO - [2023-03-29T01:37:53.857+0000] {dag.py:3340} INFO - Setting next_dagrun for example_xcom to 2021-01-01T00:00:00+00:00, run_after=2021-01-01T00:00:00+00:00
[2023-03-29T01:37:53.871+0000] {processor.py:176} INFO - Processing /home/airflow/.local/lib/python3.7/site-packages/airflow/example_dags/example_xcom.py took 0.079 seconds
[2023-03-29T01:38:24.247+0000] {processor.py:154} INFO - Started process (PID=549) to work on /home/airflow/.local/lib/python3.7/site-packages/airflow/example_dags/example_xcom.py
[2023-03-29T01:38:24.248+0000] {processor.py:756} INFO - Processing file /home/airflow/.local/lib/python3.7/site-packages/airflow/example_dags/example_xcom.py for tasks to queue
[2023-03-29T01:38:24.250+0000] {logging_mixin.py:120} INFO - [2023-03-29T01:38:24.249+0000] {dagbag.py:537} INFO - Filling up the DagBag from /home/airflow/.local/lib/python3.7/site-packages/airflow/example_dags/example_xcom.py
[2023-03-29T01:38:24.263+0000] {processor.py:766} INFO - DAG(s) dict_keys(['example_xcom']) retrieved from /home/airflow/.local/lib/python3.7/site-packages/airflow/example_dags/example_xcom.py
[2023-03-29T01:38:24.289+0000] {logging_mixin.py:120} INFO - [2023-03-29T01:38:24.289+0000] {dag.py:2585} INFO - Sync 1 DAGs
[2023-03-29T01:38:24.302+0000] {logging_mixin.py:120} INFO - [2023-03-29T01:38:24.302+0000] {dag.py:3340} INFO - Setting next_dagrun for example_xcom to 2021-01-01T00:00:00+00:00, run_after=2021-01-01T00:00:00+00:00
[2023-03-29T01:38:24.313+0000] {processor.py:176} INFO - Processing /home/airflow/.local/lib/python3.7/site-packages/airflow/example_dags/example_xcom.py took 0.068 seconds
