[2023-03-29T01:34:20.727+0000] {processor.py:154} INFO - Started process (PID=42) to work on /home/airflow/.local/lib/python3.7/site-packages/airflow/example_dags/example_dag_decorator.py
[2023-03-29T01:34:20.729+0000] {processor.py:756} INFO - Processing file /home/airflow/.local/lib/python3.7/site-packages/airflow/example_dags/example_dag_decorator.py for tasks to queue
[2023-03-29T01:34:20.730+0000] {logging_mixin.py:120} INFO - [2023-03-29T01:34:20.730+0000] {dagbag.py:537} INFO - Filling up the DagBag from /home/airflow/.local/lib/python3.7/site-packages/airflow/example_dags/example_dag_decorator.py
[2023-03-29T01:34:20.743+0000] {logging_mixin.py:120} INFO - [2023-03-29T01:34:20.743+0000] {taskmixin.py:205} WARNING - Dependency <Task(_PythonDecoratedOperator): prepare_email>, send_email already registered for DAG: example_dag_decorator
[2023-03-29T01:34:20.744+0000] {logging_mixin.py:120} INFO - [2023-03-29T01:34:20.744+0000] {taskmixin.py:205} WARNING - Dependency <Task(EmailOperator): send_email>, prepare_email already registered for DAG: example_dag_decorator
[2023-03-29T01:34:20.756+0000] {processor.py:766} INFO - DAG(s) dict_keys(['example_dag_decorator']) retrieved from /home/airflow/.local/lib/python3.7/site-packages/airflow/example_dags/example_dag_decorator.py
[2023-03-29T01:34:20.775+0000] {logging_mixin.py:120} INFO - [2023-03-29T01:34:20.775+0000] {dag.py:2585} INFO - Sync 1 DAGs
[2023-03-29T01:34:20.792+0000] {logging_mixin.py:120} INFO - [2023-03-29T01:34:20.792+0000] {dag.py:3340} INFO - Setting next_dagrun for example_dag_decorator to None, run_after=None
[2023-03-29T01:34:20.806+0000] {processor.py:176} INFO - Processing /home/airflow/.local/lib/python3.7/site-packages/airflow/example_dags/example_dag_decorator.py took 0.082 seconds
[2023-03-29T01:34:51.027+0000] {processor.py:154} INFO - Started process (PID=104) to work on /home/airflow/.local/lib/python3.7/site-packages/airflow/example_dags/example_dag_decorator.py
[2023-03-29T01:34:51.028+0000] {processor.py:756} INFO - Processing file /home/airflow/.local/lib/python3.7/site-packages/airflow/example_dags/example_dag_decorator.py for tasks to queue
[2023-03-29T01:34:51.030+0000] {logging_mixin.py:120} INFO - [2023-03-29T01:34:51.030+0000] {dagbag.py:537} INFO - Filling up the DagBag from /home/airflow/.local/lib/python3.7/site-packages/airflow/example_dags/example_dag_decorator.py
[2023-03-29T01:34:51.040+0000] {logging_mixin.py:120} INFO - [2023-03-29T01:34:51.039+0000] {taskmixin.py:205} WARNING - Dependency <Task(_PythonDecoratedOperator): prepare_email>, send_email already registered for DAG: example_dag_decorator
[2023-03-29T01:34:51.041+0000] {logging_mixin.py:120} INFO - [2023-03-29T01:34:51.041+0000] {taskmixin.py:205} WARNING - Dependency <Task(EmailOperator): send_email>, prepare_email already registered for DAG: example_dag_decorator
[2023-03-29T01:34:51.051+0000] {processor.py:766} INFO - DAG(s) dict_keys(['example_dag_decorator']) retrieved from /home/airflow/.local/lib/python3.7/site-packages/airflow/example_dags/example_dag_decorator.py
[2023-03-29T01:34:51.102+0000] {logging_mixin.py:120} INFO - [2023-03-29T01:34:51.102+0000] {dag.py:2585} INFO - Sync 1 DAGs
[2023-03-29T01:34:51.116+0000] {logging_mixin.py:120} INFO - [2023-03-29T01:34:51.116+0000] {dag.py:3340} INFO - Setting next_dagrun for example_dag_decorator to None, run_after=None
[2023-03-29T01:34:51.128+0000] {processor.py:176} INFO - Processing /home/airflow/.local/lib/python3.7/site-packages/airflow/example_dags/example_dag_decorator.py took 0.103 seconds
[2023-03-29T01:35:21.270+0000] {processor.py:154} INFO - Started process (PID=167) to work on /home/airflow/.local/lib/python3.7/site-packages/airflow/example_dags/example_dag_decorator.py
[2023-03-29T01:35:21.272+0000] {processor.py:756} INFO - Processing file /home/airflow/.local/lib/python3.7/site-packages/airflow/example_dags/example_dag_decorator.py for tasks to queue
[2023-03-29T01:35:21.273+0000] {logging_mixin.py:120} INFO - [2023-03-29T01:35:21.273+0000] {dagbag.py:537} INFO - Filling up the DagBag from /home/airflow/.local/lib/python3.7/site-packages/airflow/example_dags/example_dag_decorator.py
[2023-03-29T01:35:21.284+0000] {logging_mixin.py:120} INFO - [2023-03-29T01:35:21.284+0000] {taskmixin.py:205} WARNING - Dependency <Task(_PythonDecoratedOperator): prepare_email>, send_email already registered for DAG: example_dag_decorator
[2023-03-29T01:35:21.286+0000] {logging_mixin.py:120} INFO - [2023-03-29T01:35:21.286+0000] {taskmixin.py:205} WARNING - Dependency <Task(EmailOperator): send_email>, prepare_email already registered for DAG: example_dag_decorator
[2023-03-29T01:35:21.295+0000] {processor.py:766} INFO - DAG(s) dict_keys(['example_dag_decorator']) retrieved from /home/airflow/.local/lib/python3.7/site-packages/airflow/example_dags/example_dag_decorator.py
[2023-03-29T01:35:21.346+0000] {logging_mixin.py:120} INFO - [2023-03-29T01:35:21.346+0000] {dag.py:2585} INFO - Sync 1 DAGs
[2023-03-29T01:35:21.361+0000] {logging_mixin.py:120} INFO - [2023-03-29T01:35:21.361+0000] {dag.py:3340} INFO - Setting next_dagrun for example_dag_decorator to None, run_after=None
[2023-03-29T01:35:21.376+0000] {processor.py:176} INFO - Processing /home/airflow/.local/lib/python3.7/site-packages/airflow/example_dags/example_dag_decorator.py took 0.109 seconds
[2023-03-29T01:35:51.608+0000] {processor.py:154} INFO - Started process (PID=229) to work on /home/airflow/.local/lib/python3.7/site-packages/airflow/example_dags/example_dag_decorator.py
[2023-03-29T01:35:51.610+0000] {processor.py:756} INFO - Processing file /home/airflow/.local/lib/python3.7/site-packages/airflow/example_dags/example_dag_decorator.py for tasks to queue
[2023-03-29T01:35:51.611+0000] {logging_mixin.py:120} INFO - [2023-03-29T01:35:51.611+0000] {dagbag.py:537} INFO - Filling up the DagBag from /home/airflow/.local/lib/python3.7/site-packages/airflow/example_dags/example_dag_decorator.py
[2023-03-29T01:35:51.620+0000] {logging_mixin.py:120} INFO - [2023-03-29T01:35:51.620+0000] {taskmixin.py:205} WARNING - Dependency <Task(_PythonDecoratedOperator): prepare_email>, send_email already registered for DAG: example_dag_decorator
[2023-03-29T01:35:51.621+0000] {logging_mixin.py:120} INFO - [2023-03-29T01:35:51.621+0000] {taskmixin.py:205} WARNING - Dependency <Task(EmailOperator): send_email>, prepare_email already registered for DAG: example_dag_decorator
[2023-03-29T01:35:51.629+0000] {processor.py:766} INFO - DAG(s) dict_keys(['example_dag_decorator']) retrieved from /home/airflow/.local/lib/python3.7/site-packages/airflow/example_dags/example_dag_decorator.py
[2023-03-29T01:35:51.673+0000] {logging_mixin.py:120} INFO - [2023-03-29T01:35:51.673+0000] {dag.py:2585} INFO - Sync 1 DAGs
[2023-03-29T01:35:51.685+0000] {logging_mixin.py:120} INFO - [2023-03-29T01:35:51.685+0000] {dag.py:3340} INFO - Setting next_dagrun for example_dag_decorator to None, run_after=None
[2023-03-29T01:35:51.696+0000] {processor.py:176} INFO - Processing /home/airflow/.local/lib/python3.7/site-packages/airflow/example_dags/example_dag_decorator.py took 0.091 seconds
[2023-03-29T01:36:22.026+0000] {processor.py:154} INFO - Started process (PID=283) to work on /home/airflow/.local/lib/python3.7/site-packages/airflow/example_dags/example_dag_decorator.py
[2023-03-29T01:36:22.027+0000] {processor.py:756} INFO - Processing file /home/airflow/.local/lib/python3.7/site-packages/airflow/example_dags/example_dag_decorator.py for tasks to queue
[2023-03-29T01:36:22.028+0000] {logging_mixin.py:120} INFO - [2023-03-29T01:36:22.028+0000] {dagbag.py:537} INFO - Filling up the DagBag from /home/airflow/.local/lib/python3.7/site-packages/airflow/example_dags/example_dag_decorator.py
[2023-03-29T01:36:22.038+0000] {logging_mixin.py:120} INFO - [2023-03-29T01:36:22.037+0000] {taskmixin.py:205} WARNING - Dependency <Task(_PythonDecoratedOperator): prepare_email>, send_email already registered for DAG: example_dag_decorator
[2023-03-29T01:36:22.039+0000] {logging_mixin.py:120} INFO - [2023-03-29T01:36:22.039+0000] {taskmixin.py:205} WARNING - Dependency <Task(EmailOperator): send_email>, prepare_email already registered for DAG: example_dag_decorator
[2023-03-29T01:36:22.048+0000] {processor.py:766} INFO - DAG(s) dict_keys(['example_dag_decorator']) retrieved from /home/airflow/.local/lib/python3.7/site-packages/airflow/example_dags/example_dag_decorator.py
[2023-03-29T01:36:22.101+0000] {logging_mixin.py:120} INFO - [2023-03-29T01:36:22.100+0000] {dag.py:2585} INFO - Sync 1 DAGs
[2023-03-29T01:36:22.115+0000] {logging_mixin.py:120} INFO - [2023-03-29T01:36:22.114+0000] {dag.py:3340} INFO - Setting next_dagrun for example_dag_decorator to None, run_after=None
[2023-03-29T01:36:22.126+0000] {processor.py:176} INFO - Processing /home/airflow/.local/lib/python3.7/site-packages/airflow/example_dags/example_dag_decorator.py took 0.103 seconds
[2023-03-29T01:36:52.382+0000] {processor.py:154} INFO - Started process (PID=346) to work on /home/airflow/.local/lib/python3.7/site-packages/airflow/example_dags/example_dag_decorator.py
[2023-03-29T01:36:52.384+0000] {processor.py:756} INFO - Processing file /home/airflow/.local/lib/python3.7/site-packages/airflow/example_dags/example_dag_decorator.py for tasks to queue
[2023-03-29T01:36:52.385+0000] {logging_mixin.py:120} INFO - [2023-03-29T01:36:52.385+0000] {dagbag.py:537} INFO - Filling up the DagBag from /home/airflow/.local/lib/python3.7/site-packages/airflow/example_dags/example_dag_decorator.py
[2023-03-29T01:36:52.395+0000] {logging_mixin.py:120} INFO - [2023-03-29T01:36:52.394+0000] {taskmixin.py:205} WARNING - Dependency <Task(_PythonDecoratedOperator): prepare_email>, send_email already registered for DAG: example_dag_decorator
[2023-03-29T01:36:52.395+0000] {logging_mixin.py:120} INFO - [2023-03-29T01:36:52.395+0000] {taskmixin.py:205} WARNING - Dependency <Task(EmailOperator): send_email>, prepare_email already registered for DAG: example_dag_decorator
[2023-03-29T01:36:52.405+0000] {processor.py:766} INFO - DAG(s) dict_keys(['example_dag_decorator']) retrieved from /home/airflow/.local/lib/python3.7/site-packages/airflow/example_dags/example_dag_decorator.py
[2023-03-29T01:36:52.454+0000] {logging_mixin.py:120} INFO - [2023-03-29T01:36:52.454+0000] {dag.py:2585} INFO - Sync 1 DAGs
[2023-03-29T01:36:52.467+0000] {logging_mixin.py:120} INFO - [2023-03-29T01:36:52.467+0000] {dag.py:3340} INFO - Setting next_dagrun for example_dag_decorator to None, run_after=None
[2023-03-29T01:36:52.482+0000] {processor.py:176} INFO - Processing /home/airflow/.local/lib/python3.7/site-packages/airflow/example_dags/example_dag_decorator.py took 0.102 seconds
[2023-03-29T01:37:22.643+0000] {processor.py:154} INFO - Started process (PID=409) to work on /home/airflow/.local/lib/python3.7/site-packages/airflow/example_dags/example_dag_decorator.py
[2023-03-29T01:37:22.645+0000] {processor.py:756} INFO - Processing file /home/airflow/.local/lib/python3.7/site-packages/airflow/example_dags/example_dag_decorator.py for tasks to queue
[2023-03-29T01:37:22.646+0000] {logging_mixin.py:120} INFO - [2023-03-29T01:37:22.646+0000] {dagbag.py:537} INFO - Filling up the DagBag from /home/airflow/.local/lib/python3.7/site-packages/airflow/example_dags/example_dag_decorator.py
[2023-03-29T01:37:22.656+0000] {logging_mixin.py:120} INFO - [2023-03-29T01:37:22.656+0000] {taskmixin.py:205} WARNING - Dependency <Task(_PythonDecoratedOperator): prepare_email>, send_email already registered for DAG: example_dag_decorator
[2023-03-29T01:37:22.657+0000] {logging_mixin.py:120} INFO - [2023-03-29T01:37:22.657+0000] {taskmixin.py:205} WARNING - Dependency <Task(EmailOperator): send_email>, prepare_email already registered for DAG: example_dag_decorator
[2023-03-29T01:37:22.665+0000] {processor.py:766} INFO - DAG(s) dict_keys(['example_dag_decorator']) retrieved from /home/airflow/.local/lib/python3.7/site-packages/airflow/example_dags/example_dag_decorator.py
[2023-03-29T01:37:22.710+0000] {logging_mixin.py:120} INFO - [2023-03-29T01:37:22.709+0000] {dag.py:2585} INFO - Sync 1 DAGs
[2023-03-29T01:37:22.722+0000] {logging_mixin.py:120} INFO - [2023-03-29T01:37:22.722+0000] {dag.py:3340} INFO - Setting next_dagrun for example_dag_decorator to None, run_after=None
[2023-03-29T01:37:22.733+0000] {processor.py:176} INFO - Processing /home/airflow/.local/lib/python3.7/site-packages/airflow/example_dags/example_dag_decorator.py took 0.092 seconds
[2023-03-29T01:37:53.069+0000] {processor.py:154} INFO - Started process (PID=472) to work on /home/airflow/.local/lib/python3.7/site-packages/airflow/example_dags/example_dag_decorator.py
[2023-03-29T01:37:53.070+0000] {processor.py:756} INFO - Processing file /home/airflow/.local/lib/python3.7/site-packages/airflow/example_dags/example_dag_decorator.py for tasks to queue
[2023-03-29T01:37:53.072+0000] {logging_mixin.py:120} INFO - [2023-03-29T01:37:53.072+0000] {dagbag.py:537} INFO - Filling up the DagBag from /home/airflow/.local/lib/python3.7/site-packages/airflow/example_dags/example_dag_decorator.py
[2023-03-29T01:37:53.081+0000] {logging_mixin.py:120} INFO - [2023-03-29T01:37:53.081+0000] {taskmixin.py:205} WARNING - Dependency <Task(_PythonDecoratedOperator): prepare_email>, send_email already registered for DAG: example_dag_decorator
[2023-03-29T01:37:53.082+0000] {logging_mixin.py:120} INFO - [2023-03-29T01:37:53.082+0000] {taskmixin.py:205} WARNING - Dependency <Task(EmailOperator): send_email>, prepare_email already registered for DAG: example_dag_decorator
[2023-03-29T01:37:53.092+0000] {processor.py:766} INFO - DAG(s) dict_keys(['example_dag_decorator']) retrieved from /home/airflow/.local/lib/python3.7/site-packages/airflow/example_dags/example_dag_decorator.py
[2023-03-29T01:37:53.144+0000] {logging_mixin.py:120} INFO - [2023-03-29T01:37:53.144+0000] {dag.py:2585} INFO - Sync 1 DAGs
[2023-03-29T01:37:53.159+0000] {logging_mixin.py:120} INFO - [2023-03-29T01:37:53.158+0000] {dag.py:3340} INFO - Setting next_dagrun for example_dag_decorator to None, run_after=None
[2023-03-29T01:37:53.171+0000] {processor.py:176} INFO - Processing /home/airflow/.local/lib/python3.7/site-packages/airflow/example_dags/example_dag_decorator.py took 0.106 seconds
[2023-03-29T01:38:23.299+0000] {processor.py:154} INFO - Started process (PID=535) to work on /home/airflow/.local/lib/python3.7/site-packages/airflow/example_dags/example_dag_decorator.py
[2023-03-29T01:38:23.301+0000] {processor.py:756} INFO - Processing file /home/airflow/.local/lib/python3.7/site-packages/airflow/example_dags/example_dag_decorator.py for tasks to queue
[2023-03-29T01:38:23.302+0000] {logging_mixin.py:120} INFO - [2023-03-29T01:38:23.302+0000] {dagbag.py:537} INFO - Filling up the DagBag from /home/airflow/.local/lib/python3.7/site-packages/airflow/example_dags/example_dag_decorator.py
[2023-03-29T01:38:23.313+0000] {logging_mixin.py:120} INFO - [2023-03-29T01:38:23.313+0000] {taskmixin.py:205} WARNING - Dependency <Task(_PythonDecoratedOperator): prepare_email>, send_email already registered for DAG: example_dag_decorator
[2023-03-29T01:38:23.314+0000] {logging_mixin.py:120} INFO - [2023-03-29T01:38:23.314+0000] {taskmixin.py:205} WARNING - Dependency <Task(EmailOperator): send_email>, prepare_email already registered for DAG: example_dag_decorator
[2023-03-29T01:38:23.325+0000] {processor.py:766} INFO - DAG(s) dict_keys(['example_dag_decorator']) retrieved from /home/airflow/.local/lib/python3.7/site-packages/airflow/example_dags/example_dag_decorator.py
[2023-03-29T01:38:23.378+0000] {logging_mixin.py:120} INFO - [2023-03-29T01:38:23.378+0000] {dag.py:2585} INFO - Sync 1 DAGs
[2023-03-29T01:38:23.393+0000] {logging_mixin.py:120} INFO - [2023-03-29T01:38:23.393+0000] {dag.py:3340} INFO - Setting next_dagrun for example_dag_decorator to None, run_after=None
[2023-03-29T01:38:23.407+0000] {processor.py:176} INFO - Processing /home/airflow/.local/lib/python3.7/site-packages/airflow/example_dags/example_dag_decorator.py took 0.111 seconds
