[2023-03-29T01:34:21.658+0000] {processor.py:154} INFO - Started process (PID=59) to work on /home/airflow/.local/lib/python3.7/site-packages/airflow/example_dags/example_external_task_marker_dag.py
[2023-03-29T01:34:21.660+0000] {processor.py:756} INFO - Processing file /home/airflow/.local/lib/python3.7/site-packages/airflow/example_dags/example_external_task_marker_dag.py for tasks to queue
[2023-03-29T01:34:21.665+0000] {logging_mixin.py:120} INFO - [2023-03-29T01:34:21.665+0000] {dagbag.py:537} INFO - Filling up the DagBag from /home/airflow/.local/lib/python3.7/site-packages/airflow/example_dags/example_external_task_marker_dag.py
[2023-03-29T01:34:21.677+0000] {processor.py:766} INFO - DAG(s) dict_keys(['example_external_task_marker_parent', 'example_external_task_marker_child']) retrieved from /home/airflow/.local/lib/python3.7/site-packages/airflow/example_dags/example_external_task_marker_dag.py
[2023-03-29T01:34:21.699+0000] {logging_mixin.py:120} INFO - [2023-03-29T01:34:21.699+0000] {dag.py:2585} INFO - Sync 2 DAGs
[2023-03-29T01:34:21.719+0000] {logging_mixin.py:120} INFO - [2023-03-29T01:34:21.718+0000] {dag.py:3340} INFO - Setting next_dagrun for example_external_task_marker_child to None, run_after=None
[2023-03-29T01:34:21.722+0000] {logging_mixin.py:120} INFO - [2023-03-29T01:34:21.722+0000] {dag.py:3340} INFO - Setting next_dagrun for example_external_task_marker_parent to None, run_after=None
[2023-03-29T01:34:21.736+0000] {processor.py:176} INFO - Processing /home/airflow/.local/lib/python3.7/site-packages/airflow/example_dags/example_external_task_marker_dag.py took 0.080 seconds
[2023-03-29T01:34:51.918+0000] {processor.py:154} INFO - Started process (PID=121) to work on /home/airflow/.local/lib/python3.7/site-packages/airflow/example_dags/example_external_task_marker_dag.py
[2023-03-29T01:34:51.920+0000] {processor.py:756} INFO - Processing file /home/airflow/.local/lib/python3.7/site-packages/airflow/example_dags/example_external_task_marker_dag.py for tasks to queue
[2023-03-29T01:34:51.921+0000] {logging_mixin.py:120} INFO - [2023-03-29T01:34:51.921+0000] {dagbag.py:537} INFO - Filling up the DagBag from /home/airflow/.local/lib/python3.7/site-packages/airflow/example_dags/example_external_task_marker_dag.py
[2023-03-29T01:34:51.931+0000] {processor.py:766} INFO - DAG(s) dict_keys(['example_external_task_marker_parent', 'example_external_task_marker_child']) retrieved from /home/airflow/.local/lib/python3.7/site-packages/airflow/example_dags/example_external_task_marker_dag.py
[2023-03-29T01:34:52.042+0000] {logging_mixin.py:120} INFO - [2023-03-29T01:34:52.042+0000] {dag.py:2585} INFO - Sync 2 DAGs
[2023-03-29T01:34:52.060+0000] {logging_mixin.py:120} INFO - [2023-03-29T01:34:52.060+0000] {dag.py:3340} INFO - Setting next_dagrun for example_external_task_marker_child to None, run_after=None
[2023-03-29T01:34:52.063+0000] {logging_mixin.py:120} INFO - [2023-03-29T01:34:52.063+0000] {dag.py:3340} INFO - Setting next_dagrun for example_external_task_marker_parent to None, run_after=None
[2023-03-29T01:34:52.076+0000] {processor.py:176} INFO - Processing /home/airflow/.local/lib/python3.7/site-packages/airflow/example_dags/example_external_task_marker_dag.py took 0.160 seconds
[2023-03-29T01:35:22.174+0000] {processor.py:154} INFO - Started process (PID=184) to work on /home/airflow/.local/lib/python3.7/site-packages/airflow/example_dags/example_external_task_marker_dag.py
[2023-03-29T01:35:22.175+0000] {processor.py:756} INFO - Processing file /home/airflow/.local/lib/python3.7/site-packages/airflow/example_dags/example_external_task_marker_dag.py for tasks to queue
[2023-03-29T01:35:22.177+0000] {logging_mixin.py:120} INFO - [2023-03-29T01:35:22.176+0000] {dagbag.py:537} INFO - Filling up the DagBag from /home/airflow/.local/lib/python3.7/site-packages/airflow/example_dags/example_external_task_marker_dag.py
[2023-03-29T01:35:22.187+0000] {processor.py:766} INFO - DAG(s) dict_keys(['example_external_task_marker_child', 'example_external_task_marker_parent']) retrieved from /home/airflow/.local/lib/python3.7/site-packages/airflow/example_dags/example_external_task_marker_dag.py
[2023-03-29T01:35:22.305+0000] {logging_mixin.py:120} INFO - [2023-03-29T01:35:22.304+0000] {dag.py:2585} INFO - Sync 2 DAGs
[2023-03-29T01:35:22.320+0000] {logging_mixin.py:120} INFO - [2023-03-29T01:35:22.320+0000] {dag.py:3340} INFO - Setting next_dagrun for example_external_task_marker_child to None, run_after=None
[2023-03-29T01:35:22.323+0000] {logging_mixin.py:120} INFO - [2023-03-29T01:35:22.323+0000] {dag.py:3340} INFO - Setting next_dagrun for example_external_task_marker_parent to None, run_after=None
[2023-03-29T01:35:22.336+0000] {processor.py:176} INFO - Processing /home/airflow/.local/lib/python3.7/site-packages/airflow/example_dags/example_external_task_marker_dag.py took 0.165 seconds
[2023-03-29T01:35:52.652+0000] {processor.py:154} INFO - Started process (PID=246) to work on /home/airflow/.local/lib/python3.7/site-packages/airflow/example_dags/example_external_task_marker_dag.py
[2023-03-29T01:35:52.654+0000] {processor.py:756} INFO - Processing file /home/airflow/.local/lib/python3.7/site-packages/airflow/example_dags/example_external_task_marker_dag.py for tasks to queue
[2023-03-29T01:35:52.655+0000] {logging_mixin.py:120} INFO - [2023-03-29T01:35:52.655+0000] {dagbag.py:537} INFO - Filling up the DagBag from /home/airflow/.local/lib/python3.7/site-packages/airflow/example_dags/example_external_task_marker_dag.py
[2023-03-29T01:35:52.666+0000] {processor.py:766} INFO - DAG(s) dict_keys(['example_external_task_marker_parent', 'example_external_task_marker_child']) retrieved from /home/airflow/.local/lib/python3.7/site-packages/airflow/example_dags/example_external_task_marker_dag.py
[2023-03-29T01:35:52.773+0000] {logging_mixin.py:120} INFO - [2023-03-29T01:35:52.773+0000] {dag.py:2585} INFO - Sync 2 DAGs
[2023-03-29T01:35:52.787+0000] {logging_mixin.py:120} INFO - [2023-03-29T01:35:52.787+0000] {dag.py:3340} INFO - Setting next_dagrun for example_external_task_marker_child to None, run_after=None
[2023-03-29T01:35:52.791+0000] {logging_mixin.py:120} INFO - [2023-03-29T01:35:52.790+0000] {dag.py:3340} INFO - Setting next_dagrun for example_external_task_marker_parent to None, run_after=None
[2023-03-29T01:35:52.800+0000] {processor.py:176} INFO - Processing /home/airflow/.local/lib/python3.7/site-packages/airflow/example_dags/example_external_task_marker_dag.py took 0.153 seconds
[2023-03-29T01:36:22.975+0000] {processor.py:154} INFO - Started process (PID=310) to work on /home/airflow/.local/lib/python3.7/site-packages/airflow/example_dags/example_external_task_marker_dag.py
[2023-03-29T01:36:22.977+0000] {processor.py:756} INFO - Processing file /home/airflow/.local/lib/python3.7/site-packages/airflow/example_dags/example_external_task_marker_dag.py for tasks to queue
[2023-03-29T01:36:22.978+0000] {logging_mixin.py:120} INFO - [2023-03-29T01:36:22.978+0000] {dagbag.py:537} INFO - Filling up the DagBag from /home/airflow/.local/lib/python3.7/site-packages/airflow/example_dags/example_external_task_marker_dag.py
[2023-03-29T01:36:22.989+0000] {processor.py:766} INFO - DAG(s) dict_keys(['example_external_task_marker_parent', 'example_external_task_marker_child']) retrieved from /home/airflow/.local/lib/python3.7/site-packages/airflow/example_dags/example_external_task_marker_dag.py
[2023-03-29T01:36:23.114+0000] {logging_mixin.py:120} INFO - [2023-03-29T01:36:23.114+0000] {dag.py:2585} INFO - Sync 2 DAGs
[2023-03-29T01:36:23.131+0000] {logging_mixin.py:120} INFO - [2023-03-29T01:36:23.131+0000] {dag.py:3340} INFO - Setting next_dagrun for example_external_task_marker_child to None, run_after=None
[2023-03-29T01:36:23.134+0000] {logging_mixin.py:120} INFO - [2023-03-29T01:36:23.134+0000] {dag.py:3340} INFO - Setting next_dagrun for example_external_task_marker_parent to None, run_after=None
[2023-03-29T01:36:23.147+0000] {processor.py:176} INFO - Processing /home/airflow/.local/lib/python3.7/site-packages/airflow/example_dags/example_external_task_marker_dag.py took 0.174 seconds
[2023-03-29T01:36:53.200+0000] {processor.py:154} INFO - Started process (PID=363) to work on /home/airflow/.local/lib/python3.7/site-packages/airflow/example_dags/example_external_task_marker_dag.py
[2023-03-29T01:36:53.202+0000] {processor.py:756} INFO - Processing file /home/airflow/.local/lib/python3.7/site-packages/airflow/example_dags/example_external_task_marker_dag.py for tasks to queue
[2023-03-29T01:36:53.203+0000] {logging_mixin.py:120} INFO - [2023-03-29T01:36:53.203+0000] {dagbag.py:537} INFO - Filling up the DagBag from /home/airflow/.local/lib/python3.7/site-packages/airflow/example_dags/example_external_task_marker_dag.py
[2023-03-29T01:36:53.213+0000] {processor.py:766} INFO - DAG(s) dict_keys(['example_external_task_marker_child', 'example_external_task_marker_parent']) retrieved from /home/airflow/.local/lib/python3.7/site-packages/airflow/example_dags/example_external_task_marker_dag.py
[2023-03-29T01:36:53.319+0000] {logging_mixin.py:120} INFO - [2023-03-29T01:36:53.319+0000] {dag.py:2585} INFO - Sync 2 DAGs
[2023-03-29T01:36:53.334+0000] {logging_mixin.py:120} INFO - [2023-03-29T01:36:53.334+0000] {dag.py:3340} INFO - Setting next_dagrun for example_external_task_marker_child to None, run_after=None
[2023-03-29T01:36:53.337+0000] {logging_mixin.py:120} INFO - [2023-03-29T01:36:53.336+0000] {dag.py:3340} INFO - Setting next_dagrun for example_external_task_marker_parent to None, run_after=None
[2023-03-29T01:36:53.350+0000] {processor.py:176} INFO - Processing /home/airflow/.local/lib/python3.7/site-packages/airflow/example_dags/example_external_task_marker_dag.py took 0.152 seconds
[2023-03-29T01:37:23.786+0000] {processor.py:154} INFO - Started process (PID=426) to work on /home/airflow/.local/lib/python3.7/site-packages/airflow/example_dags/example_external_task_marker_dag.py
[2023-03-29T01:37:23.788+0000] {processor.py:756} INFO - Processing file /home/airflow/.local/lib/python3.7/site-packages/airflow/example_dags/example_external_task_marker_dag.py for tasks to queue
[2023-03-29T01:37:23.790+0000] {logging_mixin.py:120} INFO - [2023-03-29T01:37:23.790+0000] {dagbag.py:537} INFO - Filling up the DagBag from /home/airflow/.local/lib/python3.7/site-packages/airflow/example_dags/example_external_task_marker_dag.py
[2023-03-29T01:37:23.801+0000] {processor.py:766} INFO - DAG(s) dict_keys(['example_external_task_marker_parent', 'example_external_task_marker_child']) retrieved from /home/airflow/.local/lib/python3.7/site-packages/airflow/example_dags/example_external_task_marker_dag.py
[2023-03-29T01:37:23.910+0000] {logging_mixin.py:120} INFO - [2023-03-29T01:37:23.910+0000] {dag.py:2585} INFO - Sync 2 DAGs
[2023-03-29T01:37:23.925+0000] {logging_mixin.py:120} INFO - [2023-03-29T01:37:23.925+0000] {dag.py:3340} INFO - Setting next_dagrun for example_external_task_marker_child to None, run_after=None
[2023-03-29T01:37:23.928+0000] {logging_mixin.py:120} INFO - [2023-03-29T01:37:23.928+0000] {dag.py:3340} INFO - Setting next_dagrun for example_external_task_marker_parent to None, run_after=None
[2023-03-29T01:37:23.939+0000] {processor.py:176} INFO - Processing /home/airflow/.local/lib/python3.7/site-packages/airflow/example_dags/example_external_task_marker_dag.py took 0.155 seconds
[2023-03-29T01:37:53.993+0000] {processor.py:154} INFO - Started process (PID=490) to work on /home/airflow/.local/lib/python3.7/site-packages/airflow/example_dags/example_external_task_marker_dag.py
[2023-03-29T01:37:53.995+0000] {processor.py:756} INFO - Processing file /home/airflow/.local/lib/python3.7/site-packages/airflow/example_dags/example_external_task_marker_dag.py for tasks to queue
[2023-03-29T01:37:53.996+0000] {logging_mixin.py:120} INFO - [2023-03-29T01:37:53.996+0000] {dagbag.py:537} INFO - Filling up the DagBag from /home/airflow/.local/lib/python3.7/site-packages/airflow/example_dags/example_external_task_marker_dag.py
[2023-03-29T01:37:54.008+0000] {processor.py:766} INFO - DAG(s) dict_keys(['example_external_task_marker_parent', 'example_external_task_marker_child']) retrieved from /home/airflow/.local/lib/python3.7/site-packages/airflow/example_dags/example_external_task_marker_dag.py
[2023-03-29T01:37:54.119+0000] {logging_mixin.py:120} INFO - [2023-03-29T01:37:54.119+0000] {dag.py:2585} INFO - Sync 2 DAGs
[2023-03-29T01:37:54.134+0000] {logging_mixin.py:120} INFO - [2023-03-29T01:37:54.133+0000] {dag.py:3340} INFO - Setting next_dagrun for example_external_task_marker_child to None, run_after=None
[2023-03-29T01:37:54.136+0000] {logging_mixin.py:120} INFO - [2023-03-29T01:37:54.136+0000] {dag.py:3340} INFO - Setting next_dagrun for example_external_task_marker_parent to None, run_after=None
[2023-03-29T01:37:54.148+0000] {processor.py:176} INFO - Processing /home/airflow/.local/lib/python3.7/site-packages/airflow/example_dags/example_external_task_marker_dag.py took 0.157 seconds
[2023-03-29T01:38:24.438+0000] {processor.py:154} INFO - Started process (PID=553) to work on /home/airflow/.local/lib/python3.7/site-packages/airflow/example_dags/example_external_task_marker_dag.py
[2023-03-29T01:38:24.440+0000] {processor.py:756} INFO - Processing file /home/airflow/.local/lib/python3.7/site-packages/airflow/example_dags/example_external_task_marker_dag.py for tasks to queue
[2023-03-29T01:38:24.442+0000] {logging_mixin.py:120} INFO - [2023-03-29T01:38:24.442+0000] {dagbag.py:537} INFO - Filling up the DagBag from /home/airflow/.local/lib/python3.7/site-packages/airflow/example_dags/example_external_task_marker_dag.py
[2023-03-29T01:38:24.451+0000] {processor.py:766} INFO - DAG(s) dict_keys(['example_external_task_marker_child', 'example_external_task_marker_parent']) retrieved from /home/airflow/.local/lib/python3.7/site-packages/airflow/example_dags/example_external_task_marker_dag.py
[2023-03-29T01:38:24.555+0000] {logging_mixin.py:120} INFO - [2023-03-29T01:38:24.555+0000] {dag.py:2585} INFO - Sync 2 DAGs
[2023-03-29T01:38:24.571+0000] {logging_mixin.py:120} INFO - [2023-03-29T01:38:24.571+0000] {dag.py:3340} INFO - Setting next_dagrun for example_external_task_marker_child to None, run_after=None
[2023-03-29T01:38:24.574+0000] {logging_mixin.py:120} INFO - [2023-03-29T01:38:24.574+0000] {dag.py:3340} INFO - Setting next_dagrun for example_external_task_marker_parent to None, run_after=None
[2023-03-29T01:38:24.585+0000] {processor.py:176} INFO - Processing /home/airflow/.local/lib/python3.7/site-packages/airflow/example_dags/example_external_task_marker_dag.py took 0.148 seconds
