[2023-03-29T01:34:21.074+0000] {processor.py:154} INFO - Started process (PID=49) to work on /home/airflow/.local/lib/python3.7/site-packages/airflow/example_dags/example_bash_operator.py
[2023-03-29T01:34:21.076+0000] {processor.py:756} INFO - Processing file /home/airflow/.local/lib/python3.7/site-packages/airflow/example_dags/example_bash_operator.py for tasks to queue
[2023-03-29T01:34:21.077+0000] {logging_mixin.py:120} INFO - [2023-03-29T01:34:21.077+0000] {dagbag.py:537} INFO - Filling up the DagBag from /home/airflow/.local/lib/python3.7/site-packages/airflow/example_dags/example_bash_operator.py
[2023-03-29T01:34:21.092+0000] {processor.py:766} INFO - DAG(s) dict_keys(['example_bash_operator']) retrieved from /home/airflow/.local/lib/python3.7/site-packages/airflow/example_dags/example_bash_operator.py
[2023-03-29T01:34:21.110+0000] {logging_mixin.py:120} INFO - [2023-03-29T01:34:21.110+0000] {dag.py:2585} INFO - Sync 1 DAGs
[2023-03-29T01:34:21.133+0000] {logging_mixin.py:120} INFO - [2023-03-29T01:34:21.132+0000] {dag.py:3340} INFO - Setting next_dagrun for example_bash_operator to 2023-03-28T00:00:00+00:00, run_after=2023-03-29T00:00:00+00:00
[2023-03-29T01:34:21.146+0000] {processor.py:176} INFO - Processing /home/airflow/.local/lib/python3.7/site-packages/airflow/example_dags/example_bash_operator.py took 0.074 seconds
[2023-03-29T01:34:51.423+0000] {processor.py:154} INFO - Started process (PID=111) to work on /home/airflow/.local/lib/python3.7/site-packages/airflow/example_dags/example_bash_operator.py
[2023-03-29T01:34:51.425+0000] {processor.py:756} INFO - Processing file /home/airflow/.local/lib/python3.7/site-packages/airflow/example_dags/example_bash_operator.py for tasks to queue
[2023-03-29T01:34:51.426+0000] {logging_mixin.py:120} INFO - [2023-03-29T01:34:51.426+0000] {dagbag.py:537} INFO - Filling up the DagBag from /home/airflow/.local/lib/python3.7/site-packages/airflow/example_dags/example_bash_operator.py
[2023-03-29T01:34:51.441+0000] {processor.py:766} INFO - DAG(s) dict_keys(['example_bash_operator']) retrieved from /home/airflow/.local/lib/python3.7/site-packages/airflow/example_dags/example_bash_operator.py
[2023-03-29T01:34:51.471+0000] {logging_mixin.py:120} INFO - [2023-03-29T01:34:51.471+0000] {dag.py:2585} INFO - Sync 1 DAGs
[2023-03-29T01:34:51.487+0000] {logging_mixin.py:120} INFO - [2023-03-29T01:34:51.487+0000] {dag.py:3340} INFO - Setting next_dagrun for example_bash_operator to 2023-03-28T00:00:00+00:00, run_after=2023-03-29T00:00:00+00:00
[2023-03-29T01:34:51.501+0000] {processor.py:176} INFO - Processing /home/airflow/.local/lib/python3.7/site-packages/airflow/example_dags/example_bash_operator.py took 0.080 seconds
[2023-03-29T01:35:21.642+0000] {processor.py:154} INFO - Started process (PID=174) to work on /home/airflow/.local/lib/python3.7/site-packages/airflow/example_dags/example_bash_operator.py
[2023-03-29T01:35:21.644+0000] {processor.py:756} INFO - Processing file /home/airflow/.local/lib/python3.7/site-packages/airflow/example_dags/example_bash_operator.py for tasks to queue
[2023-03-29T01:35:21.645+0000] {logging_mixin.py:120} INFO - [2023-03-29T01:35:21.645+0000] {dagbag.py:537} INFO - Filling up the DagBag from /home/airflow/.local/lib/python3.7/site-packages/airflow/example_dags/example_bash_operator.py
[2023-03-29T01:35:21.659+0000] {processor.py:766} INFO - DAG(s) dict_keys(['example_bash_operator']) retrieved from /home/airflow/.local/lib/python3.7/site-packages/airflow/example_dags/example_bash_operator.py
[2023-03-29T01:35:21.691+0000] {logging_mixin.py:120} INFO - [2023-03-29T01:35:21.691+0000] {dag.py:2585} INFO - Sync 1 DAGs
[2023-03-29T01:35:21.714+0000] {logging_mixin.py:120} INFO - [2023-03-29T01:35:21.714+0000] {dag.py:3340} INFO - Setting next_dagrun for example_bash_operator to 2023-03-28T00:00:00+00:00, run_after=2023-03-29T00:00:00+00:00
[2023-03-29T01:35:21.728+0000] {processor.py:176} INFO - Processing /home/airflow/.local/lib/python3.7/site-packages/airflow/example_dags/example_bash_operator.py took 0.088 seconds
[2023-03-29T01:35:52.026+0000] {processor.py:154} INFO - Started process (PID=236) to work on /home/airflow/.local/lib/python3.7/site-packages/airflow/example_dags/example_bash_operator.py
[2023-03-29T01:35:52.029+0000] {processor.py:756} INFO - Processing file /home/airflow/.local/lib/python3.7/site-packages/airflow/example_dags/example_bash_operator.py for tasks to queue
[2023-03-29T01:35:52.030+0000] {logging_mixin.py:120} INFO - [2023-03-29T01:35:52.030+0000] {dagbag.py:537} INFO - Filling up the DagBag from /home/airflow/.local/lib/python3.7/site-packages/airflow/example_dags/example_bash_operator.py
[2023-03-29T01:35:52.045+0000] {processor.py:766} INFO - DAG(s) dict_keys(['example_bash_operator']) retrieved from /home/airflow/.local/lib/python3.7/site-packages/airflow/example_dags/example_bash_operator.py
[2023-03-29T01:35:52.075+0000] {logging_mixin.py:120} INFO - [2023-03-29T01:35:52.075+0000] {dag.py:2585} INFO - Sync 1 DAGs
[2023-03-29T01:35:52.092+0000] {logging_mixin.py:120} INFO - [2023-03-29T01:35:52.092+0000] {dag.py:3340} INFO - Setting next_dagrun for example_bash_operator to 2023-03-28T00:00:00+00:00, run_after=2023-03-29T00:00:00+00:00
[2023-03-29T01:35:52.105+0000] {processor.py:176} INFO - Processing /home/airflow/.local/lib/python3.7/site-packages/airflow/example_dags/example_bash_operator.py took 0.081 seconds
[2023-03-29T01:36:22.368+0000] {processor.py:154} INFO - Started process (PID=290) to work on /home/airflow/.local/lib/python3.7/site-packages/airflow/example_dags/example_bash_operator.py
[2023-03-29T01:36:22.369+0000] {processor.py:756} INFO - Processing file /home/airflow/.local/lib/python3.7/site-packages/airflow/example_dags/example_bash_operator.py for tasks to queue
[2023-03-29T01:36:22.371+0000] {logging_mixin.py:120} INFO - [2023-03-29T01:36:22.371+0000] {dagbag.py:537} INFO - Filling up the DagBag from /home/airflow/.local/lib/python3.7/site-packages/airflow/example_dags/example_bash_operator.py
[2023-03-29T01:36:22.384+0000] {processor.py:766} INFO - DAG(s) dict_keys(['example_bash_operator']) retrieved from /home/airflow/.local/lib/python3.7/site-packages/airflow/example_dags/example_bash_operator.py
[2023-03-29T01:36:22.413+0000] {logging_mixin.py:120} INFO - [2023-03-29T01:36:22.413+0000] {dag.py:2585} INFO - Sync 1 DAGs
[2023-03-29T01:36:22.430+0000] {logging_mixin.py:120} INFO - [2023-03-29T01:36:22.430+0000] {dag.py:3340} INFO - Setting next_dagrun for example_bash_operator to 2023-03-28T00:00:00+00:00, run_after=2023-03-29T00:00:00+00:00
[2023-03-29T01:36:22.443+0000] {processor.py:176} INFO - Processing /home/airflow/.local/lib/python3.7/site-packages/airflow/example_dags/example_bash_operator.py took 0.077 seconds
[2023-03-29T01:36:52.705+0000] {processor.py:154} INFO - Started process (PID=353) to work on /home/airflow/.local/lib/python3.7/site-packages/airflow/example_dags/example_bash_operator.py
[2023-03-29T01:36:52.707+0000] {processor.py:756} INFO - Processing file /home/airflow/.local/lib/python3.7/site-packages/airflow/example_dags/example_bash_operator.py for tasks to queue
[2023-03-29T01:36:52.708+0000] {logging_mixin.py:120} INFO - [2023-03-29T01:36:52.708+0000] {dagbag.py:537} INFO - Filling up the DagBag from /home/airflow/.local/lib/python3.7/site-packages/airflow/example_dags/example_bash_operator.py
[2023-03-29T01:36:52.722+0000] {processor.py:766} INFO - DAG(s) dict_keys(['example_bash_operator']) retrieved from /home/airflow/.local/lib/python3.7/site-packages/airflow/example_dags/example_bash_operator.py
[2023-03-29T01:36:52.751+0000] {logging_mixin.py:120} INFO - [2023-03-29T01:36:52.751+0000] {dag.py:2585} INFO - Sync 1 DAGs
[2023-03-29T01:36:52.771+0000] {logging_mixin.py:120} INFO - [2023-03-29T01:36:52.771+0000] {dag.py:3340} INFO - Setting next_dagrun for example_bash_operator to 2023-03-28T00:00:00+00:00, run_after=2023-03-29T00:00:00+00:00
[2023-03-29T01:36:52.785+0000] {processor.py:176} INFO - Processing /home/airflow/.local/lib/python3.7/site-packages/airflow/example_dags/example_bash_operator.py took 0.082 seconds
[2023-03-29T01:37:23.131+0000] {processor.py:154} INFO - Started process (PID=416) to work on /home/airflow/.local/lib/python3.7/site-packages/airflow/example_dags/example_bash_operator.py
[2023-03-29T01:37:23.134+0000] {processor.py:756} INFO - Processing file /home/airflow/.local/lib/python3.7/site-packages/airflow/example_dags/example_bash_operator.py for tasks to queue
[2023-03-29T01:37:23.135+0000] {logging_mixin.py:120} INFO - [2023-03-29T01:37:23.135+0000] {dagbag.py:537} INFO - Filling up the DagBag from /home/airflow/.local/lib/python3.7/site-packages/airflow/example_dags/example_bash_operator.py
[2023-03-29T01:37:23.148+0000] {processor.py:766} INFO - DAG(s) dict_keys(['example_bash_operator']) retrieved from /home/airflow/.local/lib/python3.7/site-packages/airflow/example_dags/example_bash_operator.py
[2023-03-29T01:37:23.175+0000] {logging_mixin.py:120} INFO - [2023-03-29T01:37:23.175+0000] {dag.py:2585} INFO - Sync 1 DAGs
[2023-03-29T01:37:23.190+0000] {logging_mixin.py:120} INFO - [2023-03-29T01:37:23.190+0000] {dag.py:3340} INFO - Setting next_dagrun for example_bash_operator to 2023-03-28T00:00:00+00:00, run_after=2023-03-29T00:00:00+00:00
[2023-03-29T01:37:23.201+0000] {processor.py:176} INFO - Processing /home/airflow/.local/lib/python3.7/site-packages/airflow/example_dags/example_bash_operator.py took 0.072 seconds
[2023-03-29T01:37:53.425+0000] {processor.py:154} INFO - Started process (PID=479) to work on /home/airflow/.local/lib/python3.7/site-packages/airflow/example_dags/example_bash_operator.py
[2023-03-29T01:37:53.427+0000] {processor.py:756} INFO - Processing file /home/airflow/.local/lib/python3.7/site-packages/airflow/example_dags/example_bash_operator.py for tasks to queue
[2023-03-29T01:37:53.428+0000] {logging_mixin.py:120} INFO - [2023-03-29T01:37:53.428+0000] {dagbag.py:537} INFO - Filling up the DagBag from /home/airflow/.local/lib/python3.7/site-packages/airflow/example_dags/example_bash_operator.py
[2023-03-29T01:37:53.442+0000] {processor.py:766} INFO - DAG(s) dict_keys(['example_bash_operator']) retrieved from /home/airflow/.local/lib/python3.7/site-packages/airflow/example_dags/example_bash_operator.py
[2023-03-29T01:37:53.472+0000] {logging_mixin.py:120} INFO - [2023-03-29T01:37:53.472+0000] {dag.py:2585} INFO - Sync 1 DAGs
[2023-03-29T01:37:53.491+0000] {logging_mixin.py:120} INFO - [2023-03-29T01:37:53.491+0000] {dag.py:3340} INFO - Setting next_dagrun for example_bash_operator to 2023-03-28T00:00:00+00:00, run_after=2023-03-29T00:00:00+00:00
[2023-03-29T01:37:53.502+0000] {processor.py:176} INFO - Processing /home/airflow/.local/lib/python3.7/site-packages/airflow/example_dags/example_bash_operator.py took 0.079 seconds
[2023-03-29T01:38:23.856+0000] {processor.py:154} INFO - Started process (PID=542) to work on /home/airflow/.local/lib/python3.7/site-packages/airflow/example_dags/example_bash_operator.py
[2023-03-29T01:38:23.858+0000] {processor.py:756} INFO - Processing file /home/airflow/.local/lib/python3.7/site-packages/airflow/example_dags/example_bash_operator.py for tasks to queue
[2023-03-29T01:38:23.860+0000] {logging_mixin.py:120} INFO - [2023-03-29T01:38:23.859+0000] {dagbag.py:537} INFO - Filling up the DagBag from /home/airflow/.local/lib/python3.7/site-packages/airflow/example_dags/example_bash_operator.py
[2023-03-29T01:38:23.874+0000] {processor.py:766} INFO - DAG(s) dict_keys(['example_bash_operator']) retrieved from /home/airflow/.local/lib/python3.7/site-packages/airflow/example_dags/example_bash_operator.py
[2023-03-29T01:38:23.902+0000] {logging_mixin.py:120} INFO - [2023-03-29T01:38:23.902+0000] {dag.py:2585} INFO - Sync 1 DAGs
[2023-03-29T01:38:23.918+0000] {logging_mixin.py:120} INFO - [2023-03-29T01:38:23.918+0000] {dag.py:3340} INFO - Setting next_dagrun for example_bash_operator to 2023-03-28T00:00:00+00:00, run_after=2023-03-29T00:00:00+00:00
[2023-03-29T01:38:23.928+0000] {processor.py:176} INFO - Processing /home/airflow/.local/lib/python3.7/site-packages/airflow/example_dags/example_bash_operator.py took 0.074 seconds
