[2023-03-29T01:34:20.745+0000] {processor.py:154} INFO - Started process (PID=43) to work on /home/airflow/.local/lib/python3.7/site-packages/airflow/example_dags/example_complex.py
[2023-03-29T01:34:20.747+0000] {processor.py:756} INFO - Processing file /home/airflow/.local/lib/python3.7/site-packages/airflow/example_dags/example_complex.py for tasks to queue
[2023-03-29T01:34:20.748+0000] {logging_mixin.py:120} INFO - [2023-03-29T01:34:20.748+0000] {dagbag.py:537} INFO - Filling up the DagBag from /home/airflow/.local/lib/python3.7/site-packages/airflow/example_dags/example_complex.py
[2023-03-29T01:34:20.757+0000] {logging_mixin.py:120} INFO - [2023-03-29T01:34:20.756+0000] {taskmixin.py:205} WARNING - Dependency <Task(BashOperator): create_entry_group>, delete_entry_group already registered for DAG: example_complex
[2023-03-29T01:34:20.758+0000] {logging_mixin.py:120} INFO - [2023-03-29T01:34:20.758+0000] {taskmixin.py:205} WARNING - Dependency <Task(BashOperator): delete_entry_group>, create_entry_group already registered for DAG: example_complex
[2023-03-29T01:34:20.759+0000] {logging_mixin.py:120} INFO - [2023-03-29T01:34:20.759+0000] {taskmixin.py:205} WARNING - Dependency <Task(BashOperator): create_entry_gcs>, delete_entry already registered for DAG: example_complex
[2023-03-29T01:34:20.760+0000] {logging_mixin.py:120} INFO - [2023-03-29T01:34:20.760+0000] {taskmixin.py:205} WARNING - Dependency <Task(BashOperator): delete_entry>, create_entry_gcs already registered for DAG: example_complex
[2023-03-29T01:34:20.761+0000] {logging_mixin.py:120} INFO - [2023-03-29T01:34:20.761+0000] {taskmixin.py:205} WARNING - Dependency <Task(BashOperator): create_tag>, delete_tag already registered for DAG: example_complex
[2023-03-29T01:34:20.762+0000] {logging_mixin.py:120} INFO - [2023-03-29T01:34:20.762+0000] {taskmixin.py:205} WARNING - Dependency <Task(BashOperator): delete_tag>, create_tag already registered for DAG: example_complex
[2023-03-29T01:34:20.768+0000] {processor.py:766} INFO - DAG(s) dict_keys(['example_complex']) retrieved from /home/airflow/.local/lib/python3.7/site-packages/airflow/example_dags/example_complex.py
[2023-03-29T01:34:20.788+0000] {logging_mixin.py:120} INFO - [2023-03-29T01:34:20.787+0000] {dag.py:2585} INFO - Sync 1 DAGs
[2023-03-29T01:34:20.804+0000] {logging_mixin.py:120} INFO - [2023-03-29T01:34:20.804+0000] {dag.py:3340} INFO - Setting next_dagrun for example_complex to None, run_after=None
[2023-03-29T01:34:20.820+0000] {processor.py:176} INFO - Processing /home/airflow/.local/lib/python3.7/site-packages/airflow/example_dags/example_complex.py took 0.077 seconds
[2023-03-29T01:34:51.096+0000] {processor.py:154} INFO - Started process (PID=105) to work on /home/airflow/.local/lib/python3.7/site-packages/airflow/example_dags/example_complex.py
[2023-03-29T01:34:51.097+0000] {processor.py:756} INFO - Processing file /home/airflow/.local/lib/python3.7/site-packages/airflow/example_dags/example_complex.py for tasks to queue
[2023-03-29T01:34:51.098+0000] {logging_mixin.py:120} INFO - [2023-03-29T01:34:51.098+0000] {dagbag.py:537} INFO - Filling up the DagBag from /home/airflow/.local/lib/python3.7/site-packages/airflow/example_dags/example_complex.py
[2023-03-29T01:34:51.106+0000] {logging_mixin.py:120} INFO - [2023-03-29T01:34:51.106+0000] {taskmixin.py:205} WARNING - Dependency <Task(BashOperator): create_entry_group>, delete_entry_group already registered for DAG: example_complex
[2023-03-29T01:34:51.107+0000] {logging_mixin.py:120} INFO - [2023-03-29T01:34:51.107+0000] {taskmixin.py:205} WARNING - Dependency <Task(BashOperator): delete_entry_group>, create_entry_group already registered for DAG: example_complex
[2023-03-29T01:34:51.108+0000] {logging_mixin.py:120} INFO - [2023-03-29T01:34:51.108+0000] {taskmixin.py:205} WARNING - Dependency <Task(BashOperator): create_entry_gcs>, delete_entry already registered for DAG: example_complex
[2023-03-29T01:34:51.109+0000] {logging_mixin.py:120} INFO - [2023-03-29T01:34:51.109+0000] {taskmixin.py:205} WARNING - Dependency <Task(BashOperator): delete_entry>, create_entry_gcs already registered for DAG: example_complex
[2023-03-29T01:34:51.112+0000] {logging_mixin.py:120} INFO - [2023-03-29T01:34:51.112+0000] {taskmixin.py:205} WARNING - Dependency <Task(BashOperator): create_tag>, delete_tag already registered for DAG: example_complex
[2023-03-29T01:34:51.113+0000] {logging_mixin.py:120} INFO - [2023-03-29T01:34:51.113+0000] {taskmixin.py:205} WARNING - Dependency <Task(BashOperator): delete_tag>, create_tag already registered for DAG: example_complex
[2023-03-29T01:34:51.118+0000] {processor.py:766} INFO - DAG(s) dict_keys(['example_complex']) retrieved from /home/airflow/.local/lib/python3.7/site-packages/airflow/example_dags/example_complex.py
[2023-03-29T01:34:51.158+0000] {logging_mixin.py:120} INFO - [2023-03-29T01:34:51.158+0000] {dag.py:2585} INFO - Sync 1 DAGs
[2023-03-29T01:34:51.173+0000] {logging_mixin.py:120} INFO - [2023-03-29T01:34:51.173+0000] {dag.py:3340} INFO - Setting next_dagrun for example_complex to None, run_after=None
[2023-03-29T01:34:51.193+0000] {processor.py:176} INFO - Processing /home/airflow/.local/lib/python3.7/site-packages/airflow/example_dags/example_complex.py took 0.099 seconds
[2023-03-29T01:35:21.323+0000] {processor.py:154} INFO - Started process (PID=168) to work on /home/airflow/.local/lib/python3.7/site-packages/airflow/example_dags/example_complex.py
[2023-03-29T01:35:21.325+0000] {processor.py:756} INFO - Processing file /home/airflow/.local/lib/python3.7/site-packages/airflow/example_dags/example_complex.py for tasks to queue
[2023-03-29T01:35:21.326+0000] {logging_mixin.py:120} INFO - [2023-03-29T01:35:21.326+0000] {dagbag.py:537} INFO - Filling up the DagBag from /home/airflow/.local/lib/python3.7/site-packages/airflow/example_dags/example_complex.py
[2023-03-29T01:35:21.334+0000] {logging_mixin.py:120} INFO - [2023-03-29T01:35:21.334+0000] {taskmixin.py:205} WARNING - Dependency <Task(BashOperator): create_entry_group>, delete_entry_group already registered for DAG: example_complex
[2023-03-29T01:35:21.335+0000] {logging_mixin.py:120} INFO - [2023-03-29T01:35:21.335+0000] {taskmixin.py:205} WARNING - Dependency <Task(BashOperator): delete_entry_group>, create_entry_group already registered for DAG: example_complex
[2023-03-29T01:35:21.336+0000] {logging_mixin.py:120} INFO - [2023-03-29T01:35:21.336+0000] {taskmixin.py:205} WARNING - Dependency <Task(BashOperator): create_entry_gcs>, delete_entry already registered for DAG: example_complex
[2023-03-29T01:35:21.337+0000] {logging_mixin.py:120} INFO - [2023-03-29T01:35:21.337+0000] {taskmixin.py:205} WARNING - Dependency <Task(BashOperator): delete_entry>, create_entry_gcs already registered for DAG: example_complex
[2023-03-29T01:35:21.338+0000] {logging_mixin.py:120} INFO - [2023-03-29T01:35:21.338+0000] {taskmixin.py:205} WARNING - Dependency <Task(BashOperator): create_tag>, delete_tag already registered for DAG: example_complex
[2023-03-29T01:35:21.339+0000] {logging_mixin.py:120} INFO - [2023-03-29T01:35:21.339+0000] {taskmixin.py:205} WARNING - Dependency <Task(BashOperator): delete_tag>, create_tag already registered for DAG: example_complex
[2023-03-29T01:35:21.345+0000] {processor.py:766} INFO - DAG(s) dict_keys(['example_complex']) retrieved from /home/airflow/.local/lib/python3.7/site-packages/airflow/example_dags/example_complex.py
[2023-03-29T01:35:21.379+0000] {logging_mixin.py:120} INFO - [2023-03-29T01:35:21.379+0000] {dag.py:2585} INFO - Sync 1 DAGs
[2023-03-29T01:35:21.397+0000] {logging_mixin.py:120} INFO - [2023-03-29T01:35:21.397+0000] {dag.py:3340} INFO - Setting next_dagrun for example_complex to None, run_after=None
[2023-03-29T01:35:21.412+0000] {processor.py:176} INFO - Processing /home/airflow/.local/lib/python3.7/site-packages/airflow/example_dags/example_complex.py took 0.092 seconds
[2023-03-29T01:35:51.722+0000] {processor.py:154} INFO - Started process (PID=230) to work on /home/airflow/.local/lib/python3.7/site-packages/airflow/example_dags/example_complex.py
[2023-03-29T01:35:51.723+0000] {processor.py:756} INFO - Processing file /home/airflow/.local/lib/python3.7/site-packages/airflow/example_dags/example_complex.py for tasks to queue
[2023-03-29T01:35:51.726+0000] {logging_mixin.py:120} INFO - [2023-03-29T01:35:51.725+0000] {dagbag.py:537} INFO - Filling up the DagBag from /home/airflow/.local/lib/python3.7/site-packages/airflow/example_dags/example_complex.py
[2023-03-29T01:35:51.733+0000] {logging_mixin.py:120} INFO - [2023-03-29T01:35:51.733+0000] {taskmixin.py:205} WARNING - Dependency <Task(BashOperator): create_entry_group>, delete_entry_group already registered for DAG: example_complex
[2023-03-29T01:35:51.735+0000] {logging_mixin.py:120} INFO - [2023-03-29T01:35:51.735+0000] {taskmixin.py:205} WARNING - Dependency <Task(BashOperator): delete_entry_group>, create_entry_group already registered for DAG: example_complex
[2023-03-29T01:35:51.736+0000] {logging_mixin.py:120} INFO - [2023-03-29T01:35:51.736+0000] {taskmixin.py:205} WARNING - Dependency <Task(BashOperator): create_entry_gcs>, delete_entry already registered for DAG: example_complex
[2023-03-29T01:35:51.737+0000] {logging_mixin.py:120} INFO - [2023-03-29T01:35:51.737+0000] {taskmixin.py:205} WARNING - Dependency <Task(BashOperator): delete_entry>, create_entry_gcs already registered for DAG: example_complex
[2023-03-29T01:35:51.738+0000] {logging_mixin.py:120} INFO - [2023-03-29T01:35:51.738+0000] {taskmixin.py:205} WARNING - Dependency <Task(BashOperator): create_tag>, delete_tag already registered for DAG: example_complex
[2023-03-29T01:35:51.739+0000] {logging_mixin.py:120} INFO - [2023-03-29T01:35:51.739+0000] {taskmixin.py:205} WARNING - Dependency <Task(BashOperator): delete_tag>, create_tag already registered for DAG: example_complex
[2023-03-29T01:35:51.745+0000] {processor.py:766} INFO - DAG(s) dict_keys(['example_complex']) retrieved from /home/airflow/.local/lib/python3.7/site-packages/airflow/example_dags/example_complex.py
[2023-03-29T01:35:51.778+0000] {logging_mixin.py:120} INFO - [2023-03-29T01:35:51.778+0000] {dag.py:2585} INFO - Sync 1 DAGs
[2023-03-29T01:35:51.792+0000] {logging_mixin.py:120} INFO - [2023-03-29T01:35:51.792+0000] {dag.py:3340} INFO - Setting next_dagrun for example_complex to None, run_after=None
[2023-03-29T01:35:51.806+0000] {processor.py:176} INFO - Processing /home/airflow/.local/lib/python3.7/site-packages/airflow/example_dags/example_complex.py took 0.087 seconds
[2023-03-29T01:36:22.060+0000] {processor.py:154} INFO - Started process (PID=284) to work on /home/airflow/.local/lib/python3.7/site-packages/airflow/example_dags/example_complex.py
[2023-03-29T01:36:22.062+0000] {processor.py:756} INFO - Processing file /home/airflow/.local/lib/python3.7/site-packages/airflow/example_dags/example_complex.py for tasks to queue
[2023-03-29T01:36:22.063+0000] {logging_mixin.py:120} INFO - [2023-03-29T01:36:22.063+0000] {dagbag.py:537} INFO - Filling up the DagBag from /home/airflow/.local/lib/python3.7/site-packages/airflow/example_dags/example_complex.py
[2023-03-29T01:36:22.071+0000] {logging_mixin.py:120} INFO - [2023-03-29T01:36:22.071+0000] {taskmixin.py:205} WARNING - Dependency <Task(BashOperator): create_entry_group>, delete_entry_group already registered for DAG: example_complex
[2023-03-29T01:36:22.073+0000] {logging_mixin.py:120} INFO - [2023-03-29T01:36:22.072+0000] {taskmixin.py:205} WARNING - Dependency <Task(BashOperator): delete_entry_group>, create_entry_group already registered for DAG: example_complex
[2023-03-29T01:36:22.073+0000] {logging_mixin.py:120} INFO - [2023-03-29T01:36:22.073+0000] {taskmixin.py:205} WARNING - Dependency <Task(BashOperator): create_entry_gcs>, delete_entry already registered for DAG: example_complex
[2023-03-29T01:36:22.074+0000] {logging_mixin.py:120} INFO - [2023-03-29T01:36:22.074+0000] {taskmixin.py:205} WARNING - Dependency <Task(BashOperator): delete_entry>, create_entry_gcs already registered for DAG: example_complex
[2023-03-29T01:36:22.076+0000] {logging_mixin.py:120} INFO - [2023-03-29T01:36:22.076+0000] {taskmixin.py:205} WARNING - Dependency <Task(BashOperator): create_tag>, delete_tag already registered for DAG: example_complex
[2023-03-29T01:36:22.077+0000] {logging_mixin.py:120} INFO - [2023-03-29T01:36:22.077+0000] {taskmixin.py:205} WARNING - Dependency <Task(BashOperator): delete_tag>, create_tag already registered for DAG: example_complex
[2023-03-29T01:36:22.083+0000] {processor.py:766} INFO - DAG(s) dict_keys(['example_complex']) retrieved from /home/airflow/.local/lib/python3.7/site-packages/airflow/example_dags/example_complex.py
[2023-03-29T01:36:22.112+0000] {logging_mixin.py:120} INFO - [2023-03-29T01:36:22.112+0000] {dag.py:2585} INFO - Sync 1 DAGs
[2023-03-29T01:36:22.126+0000] {logging_mixin.py:120} INFO - [2023-03-29T01:36:22.126+0000] {dag.py:3340} INFO - Setting next_dagrun for example_complex to None, run_after=None
[2023-03-29T01:36:22.140+0000] {processor.py:176} INFO - Processing /home/airflow/.local/lib/python3.7/site-packages/airflow/example_dags/example_complex.py took 0.083 seconds
[2023-03-29T01:36:52.386+0000] {processor.py:154} INFO - Started process (PID=347) to work on /home/airflow/.local/lib/python3.7/site-packages/airflow/example_dags/example_complex.py
[2023-03-29T01:36:52.388+0000] {processor.py:756} INFO - Processing file /home/airflow/.local/lib/python3.7/site-packages/airflow/example_dags/example_complex.py for tasks to queue
[2023-03-29T01:36:52.389+0000] {logging_mixin.py:120} INFO - [2023-03-29T01:36:52.389+0000] {dagbag.py:537} INFO - Filling up the DagBag from /home/airflow/.local/lib/python3.7/site-packages/airflow/example_dags/example_complex.py
[2023-03-29T01:36:52.397+0000] {logging_mixin.py:120} INFO - [2023-03-29T01:36:52.397+0000] {taskmixin.py:205} WARNING - Dependency <Task(BashOperator): create_entry_group>, delete_entry_group already registered for DAG: example_complex
[2023-03-29T01:36:52.398+0000] {logging_mixin.py:120} INFO - [2023-03-29T01:36:52.398+0000] {taskmixin.py:205} WARNING - Dependency <Task(BashOperator): delete_entry_group>, create_entry_group already registered for DAG: example_complex
[2023-03-29T01:36:52.399+0000] {logging_mixin.py:120} INFO - [2023-03-29T01:36:52.399+0000] {taskmixin.py:205} WARNING - Dependency <Task(BashOperator): create_entry_gcs>, delete_entry already registered for DAG: example_complex
[2023-03-29T01:36:52.400+0000] {logging_mixin.py:120} INFO - [2023-03-29T01:36:52.400+0000] {taskmixin.py:205} WARNING - Dependency <Task(BashOperator): delete_entry>, create_entry_gcs already registered for DAG: example_complex
[2023-03-29T01:36:52.402+0000] {logging_mixin.py:120} INFO - [2023-03-29T01:36:52.401+0000] {taskmixin.py:205} WARNING - Dependency <Task(BashOperator): create_tag>, delete_tag already registered for DAG: example_complex
[2023-03-29T01:36:52.402+0000] {logging_mixin.py:120} INFO - [2023-03-29T01:36:52.402+0000] {taskmixin.py:205} WARNING - Dependency <Task(BashOperator): delete_tag>, create_tag already registered for DAG: example_complex
[2023-03-29T01:36:52.407+0000] {processor.py:766} INFO - DAG(s) dict_keys(['example_complex']) retrieved from /home/airflow/.local/lib/python3.7/site-packages/airflow/example_dags/example_complex.py
[2023-03-29T01:36:52.436+0000] {logging_mixin.py:120} INFO - [2023-03-29T01:36:52.436+0000] {dag.py:2585} INFO - Sync 1 DAGs
[2023-03-29T01:36:52.450+0000] {logging_mixin.py:120} INFO - [2023-03-29T01:36:52.450+0000] {dag.py:3340} INFO - Setting next_dagrun for example_complex to None, run_after=None
[2023-03-29T01:36:52.463+0000] {processor.py:176} INFO - Processing /home/airflow/.local/lib/python3.7/site-packages/airflow/example_dags/example_complex.py took 0.079 seconds
[2023-03-29T01:37:22.758+0000] {processor.py:154} INFO - Started process (PID=410) to work on /home/airflow/.local/lib/python3.7/site-packages/airflow/example_dags/example_complex.py
[2023-03-29T01:37:22.759+0000] {processor.py:756} INFO - Processing file /home/airflow/.local/lib/python3.7/site-packages/airflow/example_dags/example_complex.py for tasks to queue
[2023-03-29T01:37:22.761+0000] {logging_mixin.py:120} INFO - [2023-03-29T01:37:22.761+0000] {dagbag.py:537} INFO - Filling up the DagBag from /home/airflow/.local/lib/python3.7/site-packages/airflow/example_dags/example_complex.py
[2023-03-29T01:37:22.769+0000] {logging_mixin.py:120} INFO - [2023-03-29T01:37:22.768+0000] {taskmixin.py:205} WARNING - Dependency <Task(BashOperator): create_entry_group>, delete_entry_group already registered for DAG: example_complex
[2023-03-29T01:37:22.770+0000] {logging_mixin.py:120} INFO - [2023-03-29T01:37:22.770+0000] {taskmixin.py:205} WARNING - Dependency <Task(BashOperator): delete_entry_group>, create_entry_group already registered for DAG: example_complex
[2023-03-29T01:37:22.771+0000] {logging_mixin.py:120} INFO - [2023-03-29T01:37:22.771+0000] {taskmixin.py:205} WARNING - Dependency <Task(BashOperator): create_entry_gcs>, delete_entry already registered for DAG: example_complex
[2023-03-29T01:37:22.772+0000] {logging_mixin.py:120} INFO - [2023-03-29T01:37:22.772+0000] {taskmixin.py:205} WARNING - Dependency <Task(BashOperator): delete_entry>, create_entry_gcs already registered for DAG: example_complex
[2023-03-29T01:37:22.773+0000] {logging_mixin.py:120} INFO - [2023-03-29T01:37:22.773+0000] {taskmixin.py:205} WARNING - Dependency <Task(BashOperator): create_tag>, delete_tag already registered for DAG: example_complex
[2023-03-29T01:37:22.773+0000] {logging_mixin.py:120} INFO - [2023-03-29T01:37:22.773+0000] {taskmixin.py:205} WARNING - Dependency <Task(BashOperator): delete_tag>, create_tag already registered for DAG: example_complex
[2023-03-29T01:37:22.778+0000] {processor.py:766} INFO - DAG(s) dict_keys(['example_complex']) retrieved from /home/airflow/.local/lib/python3.7/site-packages/airflow/example_dags/example_complex.py
[2023-03-29T01:37:22.806+0000] {logging_mixin.py:120} INFO - [2023-03-29T01:37:22.805+0000] {dag.py:2585} INFO - Sync 1 DAGs
[2023-03-29T01:37:22.821+0000] {logging_mixin.py:120} INFO - [2023-03-29T01:37:22.821+0000] {dag.py:3340} INFO - Setting next_dagrun for example_complex to None, run_after=None
[2023-03-29T01:37:22.831+0000] {processor.py:176} INFO - Processing /home/airflow/.local/lib/python3.7/site-packages/airflow/example_dags/example_complex.py took 0.076 seconds
[2023-03-29T01:37:53.116+0000] {processor.py:154} INFO - Started process (PID=473) to work on /home/airflow/.local/lib/python3.7/site-packages/airflow/example_dags/example_complex.py
[2023-03-29T01:37:53.118+0000] {processor.py:756} INFO - Processing file /home/airflow/.local/lib/python3.7/site-packages/airflow/example_dags/example_complex.py for tasks to queue
[2023-03-29T01:37:53.119+0000] {logging_mixin.py:120} INFO - [2023-03-29T01:37:53.119+0000] {dagbag.py:537} INFO - Filling up the DagBag from /home/airflow/.local/lib/python3.7/site-packages/airflow/example_dags/example_complex.py
[2023-03-29T01:37:53.126+0000] {logging_mixin.py:120} INFO - [2023-03-29T01:37:53.126+0000] {taskmixin.py:205} WARNING - Dependency <Task(BashOperator): create_entry_group>, delete_entry_group already registered for DAG: example_complex
[2023-03-29T01:37:53.127+0000] {logging_mixin.py:120} INFO - [2023-03-29T01:37:53.127+0000] {taskmixin.py:205} WARNING - Dependency <Task(BashOperator): delete_entry_group>, create_entry_group already registered for DAG: example_complex
[2023-03-29T01:37:53.128+0000] {logging_mixin.py:120} INFO - [2023-03-29T01:37:53.128+0000] {taskmixin.py:205} WARNING - Dependency <Task(BashOperator): create_entry_gcs>, delete_entry already registered for DAG: example_complex
[2023-03-29T01:37:53.129+0000] {logging_mixin.py:120} INFO - [2023-03-29T01:37:53.129+0000] {taskmixin.py:205} WARNING - Dependency <Task(BashOperator): delete_entry>, create_entry_gcs already registered for DAG: example_complex
[2023-03-29T01:37:53.131+0000] {logging_mixin.py:120} INFO - [2023-03-29T01:37:53.131+0000] {taskmixin.py:205} WARNING - Dependency <Task(BashOperator): create_tag>, delete_tag already registered for DAG: example_complex
[2023-03-29T01:37:53.131+0000] {logging_mixin.py:120} INFO - [2023-03-29T01:37:53.131+0000] {taskmixin.py:205} WARNING - Dependency <Task(BashOperator): delete_tag>, create_tag already registered for DAG: example_complex
[2023-03-29T01:37:53.137+0000] {processor.py:766} INFO - DAG(s) dict_keys(['example_complex']) retrieved from /home/airflow/.local/lib/python3.7/site-packages/airflow/example_dags/example_complex.py
[2023-03-29T01:37:53.167+0000] {logging_mixin.py:120} INFO - [2023-03-29T01:37:53.167+0000] {dag.py:2585} INFO - Sync 1 DAGs
[2023-03-29T01:37:53.182+0000] {logging_mixin.py:120} INFO - [2023-03-29T01:37:53.182+0000] {dag.py:3340} INFO - Setting next_dagrun for example_complex to None, run_after=None
[2023-03-29T01:37:53.197+0000] {processor.py:176} INFO - Processing /home/airflow/.local/lib/python3.7/site-packages/airflow/example_dags/example_complex.py took 0.083 seconds
[2023-03-29T01:38:23.320+0000] {processor.py:154} INFO - Started process (PID=536) to work on /home/airflow/.local/lib/python3.7/site-packages/airflow/example_dags/example_complex.py
[2023-03-29T01:38:23.322+0000] {processor.py:756} INFO - Processing file /home/airflow/.local/lib/python3.7/site-packages/airflow/example_dags/example_complex.py for tasks to queue
[2023-03-29T01:38:23.323+0000] {logging_mixin.py:120} INFO - [2023-03-29T01:38:23.323+0000] {dagbag.py:537} INFO - Filling up the DagBag from /home/airflow/.local/lib/python3.7/site-packages/airflow/example_dags/example_complex.py
[2023-03-29T01:38:23.330+0000] {logging_mixin.py:120} INFO - [2023-03-29T01:38:23.330+0000] {taskmixin.py:205} WARNING - Dependency <Task(BashOperator): create_entry_group>, delete_entry_group already registered for DAG: example_complex
[2023-03-29T01:38:23.331+0000] {logging_mixin.py:120} INFO - [2023-03-29T01:38:23.331+0000] {taskmixin.py:205} WARNING - Dependency <Task(BashOperator): delete_entry_group>, create_entry_group already registered for DAG: example_complex
[2023-03-29T01:38:23.333+0000] {logging_mixin.py:120} INFO - [2023-03-29T01:38:23.332+0000] {taskmixin.py:205} WARNING - Dependency <Task(BashOperator): create_entry_gcs>, delete_entry already registered for DAG: example_complex
[2023-03-29T01:38:23.334+0000] {logging_mixin.py:120} INFO - [2023-03-29T01:38:23.333+0000] {taskmixin.py:205} WARNING - Dependency <Task(BashOperator): delete_entry>, create_entry_gcs already registered for DAG: example_complex
[2023-03-29T01:38:23.335+0000] {logging_mixin.py:120} INFO - [2023-03-29T01:38:23.335+0000] {taskmixin.py:205} WARNING - Dependency <Task(BashOperator): create_tag>, delete_tag already registered for DAG: example_complex
[2023-03-29T01:38:23.336+0000] {logging_mixin.py:120} INFO - [2023-03-29T01:38:23.336+0000] {taskmixin.py:205} WARNING - Dependency <Task(BashOperator): delete_tag>, create_tag already registered for DAG: example_complex
[2023-03-29T01:38:23.343+0000] {processor.py:766} INFO - DAG(s) dict_keys(['example_complex']) retrieved from /home/airflow/.local/lib/python3.7/site-packages/airflow/example_dags/example_complex.py
[2023-03-29T01:38:23.375+0000] {logging_mixin.py:120} INFO - [2023-03-29T01:38:23.375+0000] {dag.py:2585} INFO - Sync 1 DAGs
[2023-03-29T01:38:23.390+0000] {logging_mixin.py:120} INFO - [2023-03-29T01:38:23.390+0000] {dag.py:3340} INFO - Setting next_dagrun for example_complex to None, run_after=None
[2023-03-29T01:38:23.403+0000] {processor.py:176} INFO - Processing /home/airflow/.local/lib/python3.7/site-packages/airflow/example_dags/example_complex.py took 0.086 seconds
