[2023-03-29T01:34:21.963+0000] {processor.py:154} INFO - Started process (PID=64) to work on /home/airflow/.local/lib/python3.7/site-packages/airflow/example_dags/example_short_circuit_decorator.py
[2023-03-29T01:34:21.966+0000] {processor.py:756} INFO - Processing file /home/airflow/.local/lib/python3.7/site-packages/airflow/example_dags/example_short_circuit_decorator.py for tasks to queue
[2023-03-29T01:34:21.967+0000] {logging_mixin.py:120} INFO - [2023-03-29T01:34:21.967+0000] {dagbag.py:537} INFO - Filling up the DagBag from /home/airflow/.local/lib/python3.7/site-packages/airflow/example_dags/example_short_circuit_decorator.py
[2023-03-29T01:34:21.990+0000] {processor.py:766} INFO - DAG(s) dict_keys(['example_short_circuit_decorator']) retrieved from /home/airflow/.local/lib/python3.7/site-packages/airflow/example_dags/example_short_circuit_decorator.py
[2023-03-29T01:34:22.021+0000] {logging_mixin.py:120} INFO - [2023-03-29T01:34:22.021+0000] {dag.py:2585} INFO - Sync 1 DAGs
[2023-03-29T01:34:22.041+0000] {logging_mixin.py:120} INFO - [2023-03-29T01:34:22.041+0000] {dag.py:3340} INFO - Setting next_dagrun for example_short_circuit_decorator to 2023-03-28T01:34:22.041147+00:00, run_after=2023-03-29T01:34:22.041147+00:00
[2023-03-29T01:34:22.056+0000] {processor.py:176} INFO - Processing /home/airflow/.local/lib/python3.7/site-packages/airflow/example_dags/example_short_circuit_decorator.py took 0.095 seconds
[2023-03-29T01:34:52.201+0000] {processor.py:154} INFO - Started process (PID=126) to work on /home/airflow/.local/lib/python3.7/site-packages/airflow/example_dags/example_short_circuit_decorator.py
[2023-03-29T01:34:52.203+0000] {processor.py:756} INFO - Processing file /home/airflow/.local/lib/python3.7/site-packages/airflow/example_dags/example_short_circuit_decorator.py for tasks to queue
[2023-03-29T01:34:52.204+0000] {logging_mixin.py:120} INFO - [2023-03-29T01:34:52.204+0000] {dagbag.py:537} INFO - Filling up the DagBag from /home/airflow/.local/lib/python3.7/site-packages/airflow/example_dags/example_short_circuit_decorator.py
[2023-03-29T01:34:52.220+0000] {processor.py:766} INFO - DAG(s) dict_keys(['example_short_circuit_decorator']) retrieved from /home/airflow/.local/lib/python3.7/site-packages/airflow/example_dags/example_short_circuit_decorator.py
[2023-03-29T01:34:52.246+0000] {logging_mixin.py:120} INFO - [2023-03-29T01:34:52.246+0000] {dag.py:2585} INFO - Sync 1 DAGs
[2023-03-29T01:34:52.264+0000] {logging_mixin.py:120} INFO - [2023-03-29T01:34:52.264+0000] {dag.py:3340} INFO - Setting next_dagrun for example_short_circuit_decorator to 2023-03-28T01:34:52.263881+00:00, run_after=2023-03-29T01:34:52.263881+00:00
[2023-03-29T01:34:52.275+0000] {processor.py:176} INFO - Processing /home/airflow/.local/lib/python3.7/site-packages/airflow/example_dags/example_short_circuit_decorator.py took 0.077 seconds
[2023-03-29T01:35:22.464+0000] {processor.py:154} INFO - Started process (PID=189) to work on /home/airflow/.local/lib/python3.7/site-packages/airflow/example_dags/example_short_circuit_decorator.py
[2023-03-29T01:35:22.465+0000] {processor.py:756} INFO - Processing file /home/airflow/.local/lib/python3.7/site-packages/airflow/example_dags/example_short_circuit_decorator.py for tasks to queue
[2023-03-29T01:35:22.466+0000] {logging_mixin.py:120} INFO - [2023-03-29T01:35:22.466+0000] {dagbag.py:537} INFO - Filling up the DagBag from /home/airflow/.local/lib/python3.7/site-packages/airflow/example_dags/example_short_circuit_decorator.py
[2023-03-29T01:35:22.483+0000] {processor.py:766} INFO - DAG(s) dict_keys(['example_short_circuit_decorator']) retrieved from /home/airflow/.local/lib/python3.7/site-packages/airflow/example_dags/example_short_circuit_decorator.py
[2023-03-29T01:35:22.511+0000] {logging_mixin.py:120} INFO - [2023-03-29T01:35:22.511+0000] {dag.py:2585} INFO - Sync 1 DAGs
[2023-03-29T01:35:22.530+0000] {logging_mixin.py:120} INFO - [2023-03-29T01:35:22.529+0000] {dag.py:3340} INFO - Setting next_dagrun for example_short_circuit_decorator to 2023-03-28T01:35:22.529149+00:00, run_after=2023-03-29T01:35:22.529149+00:00
[2023-03-29T01:35:22.543+0000] {processor.py:176} INFO - Processing /home/airflow/.local/lib/python3.7/site-packages/airflow/example_dags/example_short_circuit_decorator.py took 0.082 seconds
[2023-03-29T01:35:52.930+0000] {processor.py:154} INFO - Started process (PID=251) to work on /home/airflow/.local/lib/python3.7/site-packages/airflow/example_dags/example_short_circuit_decorator.py
[2023-03-29T01:35:52.932+0000] {processor.py:756} INFO - Processing file /home/airflow/.local/lib/python3.7/site-packages/airflow/example_dags/example_short_circuit_decorator.py for tasks to queue
[2023-03-29T01:35:52.933+0000] {logging_mixin.py:120} INFO - [2023-03-29T01:35:52.933+0000] {dagbag.py:537} INFO - Filling up the DagBag from /home/airflow/.local/lib/python3.7/site-packages/airflow/example_dags/example_short_circuit_decorator.py
[2023-03-29T01:35:52.956+0000] {processor.py:766} INFO - DAG(s) dict_keys(['example_short_circuit_decorator']) retrieved from /home/airflow/.local/lib/python3.7/site-packages/airflow/example_dags/example_short_circuit_decorator.py
[2023-03-29T01:35:52.984+0000] {logging_mixin.py:120} INFO - [2023-03-29T01:35:52.984+0000] {dag.py:2585} INFO - Sync 1 DAGs
[2023-03-29T01:35:52.999+0000] {logging_mixin.py:120} INFO - [2023-03-29T01:35:52.999+0000] {dag.py:3340} INFO - Setting next_dagrun for example_short_circuit_decorator to 2023-03-28T01:35:52.999102+00:00, run_after=2023-03-29T01:35:52.999102+00:00
[2023-03-29T01:35:53.011+0000] {processor.py:176} INFO - Processing /home/airflow/.local/lib/python3.7/site-packages/airflow/example_dags/example_short_circuit_decorator.py took 0.083 seconds
[2023-03-29T01:36:23.219+0000] {processor.py:154} INFO - Started process (PID=314) to work on /home/airflow/.local/lib/python3.7/site-packages/airflow/example_dags/example_short_circuit_decorator.py
[2023-03-29T01:36:23.221+0000] {processor.py:756} INFO - Processing file /home/airflow/.local/lib/python3.7/site-packages/airflow/example_dags/example_short_circuit_decorator.py for tasks to queue
[2023-03-29T01:36:23.222+0000] {logging_mixin.py:120} INFO - [2023-03-29T01:36:23.222+0000] {dagbag.py:537} INFO - Filling up the DagBag from /home/airflow/.local/lib/python3.7/site-packages/airflow/example_dags/example_short_circuit_decorator.py
[2023-03-29T01:36:23.241+0000] {processor.py:766} INFO - DAG(s) dict_keys(['example_short_circuit_decorator']) retrieved from /home/airflow/.local/lib/python3.7/site-packages/airflow/example_dags/example_short_circuit_decorator.py
[2023-03-29T01:36:23.277+0000] {logging_mixin.py:120} INFO - [2023-03-29T01:36:23.277+0000] {dag.py:2585} INFO - Sync 1 DAGs
[2023-03-29T01:36:23.298+0000] {logging_mixin.py:120} INFO - [2023-03-29T01:36:23.298+0000] {dag.py:3340} INFO - Setting next_dagrun for example_short_circuit_decorator to 2023-03-28T01:36:23.298142+00:00, run_after=2023-03-29T01:36:23.298142+00:00
[2023-03-29T01:36:23.315+0000] {processor.py:176} INFO - Processing /home/airflow/.local/lib/python3.7/site-packages/airflow/example_dags/example_short_circuit_decorator.py took 0.099 seconds
[2023-03-29T01:36:53.478+0000] {processor.py:154} INFO - Started process (PID=368) to work on /home/airflow/.local/lib/python3.7/site-packages/airflow/example_dags/example_short_circuit_decorator.py
[2023-03-29T01:36:53.480+0000] {processor.py:756} INFO - Processing file /home/airflow/.local/lib/python3.7/site-packages/airflow/example_dags/example_short_circuit_decorator.py for tasks to queue
[2023-03-29T01:36:53.481+0000] {logging_mixin.py:120} INFO - [2023-03-29T01:36:53.481+0000] {dagbag.py:537} INFO - Filling up the DagBag from /home/airflow/.local/lib/python3.7/site-packages/airflow/example_dags/example_short_circuit_decorator.py
[2023-03-29T01:36:53.496+0000] {processor.py:766} INFO - DAG(s) dict_keys(['example_short_circuit_decorator']) retrieved from /home/airflow/.local/lib/python3.7/site-packages/airflow/example_dags/example_short_circuit_decorator.py
[2023-03-29T01:36:53.523+0000] {logging_mixin.py:120} INFO - [2023-03-29T01:36:53.523+0000] {dag.py:2585} INFO - Sync 1 DAGs
[2023-03-29T01:36:53.540+0000] {logging_mixin.py:120} INFO - [2023-03-29T01:36:53.540+0000] {dag.py:3340} INFO - Setting next_dagrun for example_short_circuit_decorator to 2023-03-28T01:36:53.540502+00:00, run_after=2023-03-29T01:36:53.540502+00:00
[2023-03-29T01:36:53.554+0000] {processor.py:176} INFO - Processing /home/airflow/.local/lib/python3.7/site-packages/airflow/example_dags/example_short_circuit_decorator.py took 0.077 seconds
[2023-03-29T01:37:24.066+0000] {processor.py:154} INFO - Started process (PID=431) to work on /home/airflow/.local/lib/python3.7/site-packages/airflow/example_dags/example_short_circuit_decorator.py
[2023-03-29T01:37:24.068+0000] {processor.py:756} INFO - Processing file /home/airflow/.local/lib/python3.7/site-packages/airflow/example_dags/example_short_circuit_decorator.py for tasks to queue
[2023-03-29T01:37:24.070+0000] {logging_mixin.py:120} INFO - [2023-03-29T01:37:24.070+0000] {dagbag.py:537} INFO - Filling up the DagBag from /home/airflow/.local/lib/python3.7/site-packages/airflow/example_dags/example_short_circuit_decorator.py
[2023-03-29T01:37:24.086+0000] {processor.py:766} INFO - DAG(s) dict_keys(['example_short_circuit_decorator']) retrieved from /home/airflow/.local/lib/python3.7/site-packages/airflow/example_dags/example_short_circuit_decorator.py
[2023-03-29T01:37:24.114+0000] {logging_mixin.py:120} INFO - [2023-03-29T01:37:24.114+0000] {dag.py:2585} INFO - Sync 1 DAGs
[2023-03-29T01:37:24.130+0000] {logging_mixin.py:120} INFO - [2023-03-29T01:37:24.130+0000] {dag.py:3340} INFO - Setting next_dagrun for example_short_circuit_decorator to 2023-03-28T01:37:24.130439+00:00, run_after=2023-03-29T01:37:24.130439+00:00
[2023-03-29T01:37:24.141+0000] {processor.py:176} INFO - Processing /home/airflow/.local/lib/python3.7/site-packages/airflow/example_dags/example_short_circuit_decorator.py took 0.077 seconds
[2023-03-29T01:37:54.219+0000] {processor.py:154} INFO - Started process (PID=494) to work on /home/airflow/.local/lib/python3.7/site-packages/airflow/example_dags/example_short_circuit_decorator.py
[2023-03-29T01:37:54.221+0000] {processor.py:756} INFO - Processing file /home/airflow/.local/lib/python3.7/site-packages/airflow/example_dags/example_short_circuit_decorator.py for tasks to queue
[2023-03-29T01:37:54.222+0000] {logging_mixin.py:120} INFO - [2023-03-29T01:37:54.222+0000] {dagbag.py:537} INFO - Filling up the DagBag from /home/airflow/.local/lib/python3.7/site-packages/airflow/example_dags/example_short_circuit_decorator.py
[2023-03-29T01:37:54.238+0000] {processor.py:766} INFO - DAG(s) dict_keys(['example_short_circuit_decorator']) retrieved from /home/airflow/.local/lib/python3.7/site-packages/airflow/example_dags/example_short_circuit_decorator.py
[2023-03-29T01:37:54.273+0000] {logging_mixin.py:120} INFO - [2023-03-29T01:37:54.273+0000] {dag.py:2585} INFO - Sync 1 DAGs
[2023-03-29T01:37:54.289+0000] {logging_mixin.py:120} INFO - [2023-03-29T01:37:54.288+0000] {dag.py:3340} INFO - Setting next_dagrun for example_short_circuit_decorator to 2023-03-28T01:37:54.288825+00:00, run_after=2023-03-29T01:37:54.288825+00:00
[2023-03-29T01:37:54.301+0000] {processor.py:176} INFO - Processing /home/airflow/.local/lib/python3.7/site-packages/airflow/example_dags/example_short_circuit_decorator.py took 0.084 seconds
[2023-03-29T01:38:24.717+0000] {processor.py:154} INFO - Started process (PID=557) to work on /home/airflow/.local/lib/python3.7/site-packages/airflow/example_dags/example_short_circuit_decorator.py
[2023-03-29T01:38:24.719+0000] {processor.py:756} INFO - Processing file /home/airflow/.local/lib/python3.7/site-packages/airflow/example_dags/example_short_circuit_decorator.py for tasks to queue
[2023-03-29T01:38:24.720+0000] {logging_mixin.py:120} INFO - [2023-03-29T01:38:24.720+0000] {dagbag.py:537} INFO - Filling up the DagBag from /home/airflow/.local/lib/python3.7/site-packages/airflow/example_dags/example_short_circuit_decorator.py
[2023-03-29T01:38:24.734+0000] {processor.py:766} INFO - DAG(s) dict_keys(['example_short_circuit_decorator']) retrieved from /home/airflow/.local/lib/python3.7/site-packages/airflow/example_dags/example_short_circuit_decorator.py
[2023-03-29T01:38:24.762+0000] {logging_mixin.py:120} INFO - [2023-03-29T01:38:24.762+0000] {dag.py:2585} INFO - Sync 1 DAGs
[2023-03-29T01:38:24.775+0000] {logging_mixin.py:120} INFO - [2023-03-29T01:38:24.775+0000] {dag.py:3340} INFO - Setting next_dagrun for example_short_circuit_decorator to 2023-03-28T01:38:24.775441+00:00, run_after=2023-03-29T01:38:24.775441+00:00
[2023-03-29T01:38:24.785+0000] {processor.py:176} INFO - Processing /home/airflow/.local/lib/python3.7/site-packages/airflow/example_dags/example_short_circuit_decorator.py took 0.070 seconds
