[2023-03-29T01:34:21.742+0000] {processor.py:154} INFO - Started process (PID=60) to work on /home/airflow/.local/lib/python3.7/site-packages/airflow/example_dags/example_task_group.py
[2023-03-29T01:34:21.743+0000] {processor.py:756} INFO - Processing file /home/airflow/.local/lib/python3.7/site-packages/airflow/example_dags/example_task_group.py for tasks to queue
[2023-03-29T01:34:21.745+0000] {logging_mixin.py:120} INFO - [2023-03-29T01:34:21.745+0000] {dagbag.py:537} INFO - Filling up the DagBag from /home/airflow/.local/lib/python3.7/site-packages/airflow/example_dags/example_task_group.py
[2023-03-29T01:34:21.758+0000] {processor.py:766} INFO - DAG(s) dict_keys(['example_task_group']) retrieved from /home/airflow/.local/lib/python3.7/site-packages/airflow/example_dags/example_task_group.py
[2023-03-29T01:34:21.778+0000] {logging_mixin.py:120} INFO - [2023-03-29T01:34:21.778+0000] {dag.py:2585} INFO - Sync 1 DAGs
[2023-03-29T01:34:21.803+0000] {logging_mixin.py:120} INFO - [2023-03-29T01:34:21.803+0000] {dag.py:3340} INFO - Setting next_dagrun for example_task_group to 2023-03-28T01:34:21.803306+00:00, run_after=2023-03-29T01:34:21.803306+00:00
[2023-03-29T01:34:21.817+0000] {processor.py:176} INFO - Processing /home/airflow/.local/lib/python3.7/site-packages/airflow/example_dags/example_task_group.py took 0.077 seconds
[2023-03-29T01:34:51.958+0000] {processor.py:154} INFO - Started process (PID=122) to work on /home/airflow/.local/lib/python3.7/site-packages/airflow/example_dags/example_task_group.py
[2023-03-29T01:34:51.960+0000] {processor.py:756} INFO - Processing file /home/airflow/.local/lib/python3.7/site-packages/airflow/example_dags/example_task_group.py for tasks to queue
[2023-03-29T01:34:51.961+0000] {logging_mixin.py:120} INFO - [2023-03-29T01:34:51.961+0000] {dagbag.py:537} INFO - Filling up the DagBag from /home/airflow/.local/lib/python3.7/site-packages/airflow/example_dags/example_task_group.py
[2023-03-29T01:34:51.972+0000] {processor.py:766} INFO - DAG(s) dict_keys(['example_task_group']) retrieved from /home/airflow/.local/lib/python3.7/site-packages/airflow/example_dags/example_task_group.py
[2023-03-29T01:34:51.998+0000] {logging_mixin.py:120} INFO - [2023-03-29T01:34:51.997+0000] {dag.py:2585} INFO - Sync 1 DAGs
[2023-03-29T01:34:52.012+0000] {logging_mixin.py:120} INFO - [2023-03-29T01:34:52.012+0000] {dag.py:3340} INFO - Setting next_dagrun for example_task_group to 2023-03-28T01:34:52.012045+00:00, run_after=2023-03-29T01:34:52.012045+00:00
[2023-03-29T01:34:52.024+0000] {processor.py:176} INFO - Processing /home/airflow/.local/lib/python3.7/site-packages/airflow/example_dags/example_task_group.py took 0.069 seconds
[2023-03-29T01:35:22.249+0000] {processor.py:154} INFO - Started process (PID=185) to work on /home/airflow/.local/lib/python3.7/site-packages/airflow/example_dags/example_task_group.py
[2023-03-29T01:35:22.250+0000] {processor.py:756} INFO - Processing file /home/airflow/.local/lib/python3.7/site-packages/airflow/example_dags/example_task_group.py for tasks to queue
[2023-03-29T01:35:22.252+0000] {logging_mixin.py:120} INFO - [2023-03-29T01:35:22.252+0000] {dagbag.py:537} INFO - Filling up the DagBag from /home/airflow/.local/lib/python3.7/site-packages/airflow/example_dags/example_task_group.py
[2023-03-29T01:35:22.262+0000] {processor.py:766} INFO - DAG(s) dict_keys(['example_task_group']) retrieved from /home/airflow/.local/lib/python3.7/site-packages/airflow/example_dags/example_task_group.py
[2023-03-29T01:35:22.287+0000] {logging_mixin.py:120} INFO - [2023-03-29T01:35:22.287+0000] {dag.py:2585} INFO - Sync 1 DAGs
[2023-03-29T01:35:22.302+0000] {logging_mixin.py:120} INFO - [2023-03-29T01:35:22.302+0000] {dag.py:3340} INFO - Setting next_dagrun for example_task_group to 2023-03-28T01:35:22.302450+00:00, run_after=2023-03-29T01:35:22.302450+00:00
[2023-03-29T01:35:22.314+0000] {processor.py:176} INFO - Processing /home/airflow/.local/lib/python3.7/site-packages/airflow/example_dags/example_task_group.py took 0.068 seconds
[2023-03-29T01:35:52.661+0000] {processor.py:154} INFO - Started process (PID=247) to work on /home/airflow/.local/lib/python3.7/site-packages/airflow/example_dags/example_task_group.py
[2023-03-29T01:35:52.663+0000] {processor.py:756} INFO - Processing file /home/airflow/.local/lib/python3.7/site-packages/airflow/example_dags/example_task_group.py for tasks to queue
[2023-03-29T01:35:52.664+0000] {logging_mixin.py:120} INFO - [2023-03-29T01:35:52.664+0000] {dagbag.py:537} INFO - Filling up the DagBag from /home/airflow/.local/lib/python3.7/site-packages/airflow/example_dags/example_task_group.py
[2023-03-29T01:35:52.675+0000] {processor.py:766} INFO - DAG(s) dict_keys(['example_task_group']) retrieved from /home/airflow/.local/lib/python3.7/site-packages/airflow/example_dags/example_task_group.py
[2023-03-29T01:35:52.702+0000] {logging_mixin.py:120} INFO - [2023-03-29T01:35:52.702+0000] {dag.py:2585} INFO - Sync 1 DAGs
[2023-03-29T01:35:52.717+0000] {logging_mixin.py:120} INFO - [2023-03-29T01:35:52.717+0000] {dag.py:3340} INFO - Setting next_dagrun for example_task_group to 2023-03-28T01:35:52.717588+00:00, run_after=2023-03-29T01:35:52.717588+00:00
[2023-03-29T01:35:52.730+0000] {processor.py:176} INFO - Processing /home/airflow/.local/lib/python3.7/site-packages/airflow/example_dags/example_task_group.py took 0.072 seconds
[2023-03-29T01:36:22.892+0000] {processor.py:154} INFO - Started process (PID=309) to work on /home/airflow/.local/lib/python3.7/site-packages/airflow/example_dags/example_task_group.py
[2023-03-29T01:36:22.893+0000] {processor.py:756} INFO - Processing file /home/airflow/.local/lib/python3.7/site-packages/airflow/example_dags/example_task_group.py for tasks to queue
[2023-03-29T01:36:22.894+0000] {logging_mixin.py:120} INFO - [2023-03-29T01:36:22.894+0000] {dagbag.py:537} INFO - Filling up the DagBag from /home/airflow/.local/lib/python3.7/site-packages/airflow/example_dags/example_task_group.py
[2023-03-29T01:36:22.906+0000] {processor.py:766} INFO - DAG(s) dict_keys(['example_task_group']) retrieved from /home/airflow/.local/lib/python3.7/site-packages/airflow/example_dags/example_task_group.py
[2023-03-29T01:36:22.935+0000] {logging_mixin.py:120} INFO - [2023-03-29T01:36:22.935+0000] {dag.py:2585} INFO - Sync 1 DAGs
[2023-03-29T01:36:22.953+0000] {logging_mixin.py:120} INFO - [2023-03-29T01:36:22.953+0000] {dag.py:3340} INFO - Setting next_dagrun for example_task_group to 2023-03-28T01:36:22.953708+00:00, run_after=2023-03-29T01:36:22.953708+00:00
[2023-03-29T01:36:22.971+0000] {processor.py:176} INFO - Processing /home/airflow/.local/lib/python3.7/site-packages/airflow/example_dags/example_task_group.py took 0.081 seconds
[2023-03-29T01:36:53.273+0000] {processor.py:154} INFO - Started process (PID=364) to work on /home/airflow/.local/lib/python3.7/site-packages/airflow/example_dags/example_task_group.py
[2023-03-29T01:36:53.274+0000] {processor.py:756} INFO - Processing file /home/airflow/.local/lib/python3.7/site-packages/airflow/example_dags/example_task_group.py for tasks to queue
[2023-03-29T01:36:53.276+0000] {logging_mixin.py:120} INFO - [2023-03-29T01:36:53.276+0000] {dagbag.py:537} INFO - Filling up the DagBag from /home/airflow/.local/lib/python3.7/site-packages/airflow/example_dags/example_task_group.py
[2023-03-29T01:36:53.287+0000] {processor.py:766} INFO - DAG(s) dict_keys(['example_task_group']) retrieved from /home/airflow/.local/lib/python3.7/site-packages/airflow/example_dags/example_task_group.py
[2023-03-29T01:36:53.312+0000] {logging_mixin.py:120} INFO - [2023-03-29T01:36:53.312+0000] {dag.py:2585} INFO - Sync 1 DAGs
[2023-03-29T01:36:53.326+0000] {logging_mixin.py:120} INFO - [2023-03-29T01:36:53.326+0000] {dag.py:3340} INFO - Setting next_dagrun for example_task_group to 2023-03-28T01:36:53.326636+00:00, run_after=2023-03-29T01:36:53.326636+00:00
[2023-03-29T01:36:53.341+0000] {processor.py:176} INFO - Processing /home/airflow/.local/lib/python3.7/site-packages/airflow/example_dags/example_task_group.py took 0.070 seconds
[2023-03-29T01:37:23.790+0000] {processor.py:154} INFO - Started process (PID=427) to work on /home/airflow/.local/lib/python3.7/site-packages/airflow/example_dags/example_task_group.py
[2023-03-29T01:37:23.792+0000] {processor.py:756} INFO - Processing file /home/airflow/.local/lib/python3.7/site-packages/airflow/example_dags/example_task_group.py for tasks to queue
[2023-03-29T01:37:23.793+0000] {logging_mixin.py:120} INFO - [2023-03-29T01:37:23.793+0000] {dagbag.py:537} INFO - Filling up the DagBag from /home/airflow/.local/lib/python3.7/site-packages/airflow/example_dags/example_task_group.py
[2023-03-29T01:37:23.804+0000] {processor.py:766} INFO - DAG(s) dict_keys(['example_task_group']) retrieved from /home/airflow/.local/lib/python3.7/site-packages/airflow/example_dags/example_task_group.py
[2023-03-29T01:37:23.830+0000] {logging_mixin.py:120} INFO - [2023-03-29T01:37:23.830+0000] {dag.py:2585} INFO - Sync 1 DAGs
[2023-03-29T01:37:23.846+0000] {logging_mixin.py:120} INFO - [2023-03-29T01:37:23.846+0000] {dag.py:3340} INFO - Setting next_dagrun for example_task_group to 2023-03-28T01:37:23.846662+00:00, run_after=2023-03-29T01:37:23.846662+00:00
[2023-03-29T01:37:23.858+0000] {processor.py:176} INFO - Processing /home/airflow/.local/lib/python3.7/site-packages/airflow/example_dags/example_task_group.py took 0.070 seconds
[2023-03-29T01:37:53.926+0000] {processor.py:154} INFO - Started process (PID=489) to work on /home/airflow/.local/lib/python3.7/site-packages/airflow/example_dags/example_task_group.py
[2023-03-29T01:37:53.927+0000] {processor.py:756} INFO - Processing file /home/airflow/.local/lib/python3.7/site-packages/airflow/example_dags/example_task_group.py for tasks to queue
[2023-03-29T01:37:53.929+0000] {logging_mixin.py:120} INFO - [2023-03-29T01:37:53.929+0000] {dagbag.py:537} INFO - Filling up the DagBag from /home/airflow/.local/lib/python3.7/site-packages/airflow/example_dags/example_task_group.py
[2023-03-29T01:37:53.940+0000] {processor.py:766} INFO - DAG(s) dict_keys(['example_task_group']) retrieved from /home/airflow/.local/lib/python3.7/site-packages/airflow/example_dags/example_task_group.py
[2023-03-29T01:37:53.967+0000] {logging_mixin.py:120} INFO - [2023-03-29T01:37:53.966+0000] {dag.py:2585} INFO - Sync 1 DAGs
[2023-03-29T01:37:53.982+0000] {logging_mixin.py:120} INFO - [2023-03-29T01:37:53.982+0000] {dag.py:3340} INFO - Setting next_dagrun for example_task_group to 2023-03-28T01:37:53.982357+00:00, run_after=2023-03-29T01:37:53.982357+00:00
[2023-03-29T01:37:53.996+0000] {processor.py:176} INFO - Processing /home/airflow/.local/lib/python3.7/site-packages/airflow/example_dags/example_task_group.py took 0.073 seconds
[2023-03-29T01:38:24.428+0000] {processor.py:154} INFO - Started process (PID=552) to work on /home/airflow/.local/lib/python3.7/site-packages/airflow/example_dags/example_task_group.py
[2023-03-29T01:38:24.431+0000] {processor.py:756} INFO - Processing file /home/airflow/.local/lib/python3.7/site-packages/airflow/example_dags/example_task_group.py for tasks to queue
[2023-03-29T01:38:24.434+0000] {logging_mixin.py:120} INFO - [2023-03-29T01:38:24.433+0000] {dagbag.py:537} INFO - Filling up the DagBag from /home/airflow/.local/lib/python3.7/site-packages/airflow/example_dags/example_task_group.py
[2023-03-29T01:38:24.446+0000] {processor.py:766} INFO - DAG(s) dict_keys(['example_task_group']) retrieved from /home/airflow/.local/lib/python3.7/site-packages/airflow/example_dags/example_task_group.py
[2023-03-29T01:38:24.474+0000] {logging_mixin.py:120} INFO - [2023-03-29T01:38:24.474+0000] {dag.py:2585} INFO - Sync 1 DAGs
[2023-03-29T01:38:24.490+0000] {logging_mixin.py:120} INFO - [2023-03-29T01:38:24.490+0000] {dag.py:3340} INFO - Setting next_dagrun for example_task_group to 2023-03-28T01:38:24.490279+00:00, run_after=2023-03-29T01:38:24.490279+00:00
[2023-03-29T01:38:24.502+0000] {processor.py:176} INFO - Processing /home/airflow/.local/lib/python3.7/site-packages/airflow/example_dags/example_task_group.py took 0.076 seconds
