[2023-03-29T01:34:20.510+0000] {processor.py:154} INFO - Started process (PID=38) to work on /home/airflow/.local/lib/python3.7/site-packages/airflow/example_dags/example_subdag_operator.py
[2023-03-29T01:34:20.512+0000] {processor.py:756} INFO - Processing file /home/airflow/.local/lib/python3.7/site-packages/airflow/example_dags/example_subdag_operator.py for tasks to queue
[2023-03-29T01:34:20.513+0000] {logging_mixin.py:120} INFO - [2023-03-29T01:34:20.513+0000] {dagbag.py:537} INFO - Filling up the DagBag from /home/airflow/.local/lib/python3.7/site-packages/airflow/example_dags/example_subdag_operator.py
[2023-03-29T01:34:20.538+0000] {processor.py:766} INFO - DAG(s) dict_keys(['example_subdag_operator.section-1', 'example_subdag_operator.section-2', 'example_subdag_operator']) retrieved from /home/airflow/.local/lib/python3.7/site-packages/airflow/example_dags/example_subdag_operator.py
[2023-03-29T01:34:20.551+0000] {logging_mixin.py:120} INFO - [2023-03-29T01:34:20.551+0000] {dag.py:2585} INFO - Sync 3 DAGs
[2023-03-29T01:34:20.568+0000] {logging_mixin.py:120} INFO - [2023-03-29T01:34:20.568+0000] {dag.py:3340} INFO - Setting next_dagrun for example_subdag_operator to 2022-01-01T00:00:00+00:00, run_after=2022-01-01T00:00:00+00:00
[2023-03-29T01:34:20.572+0000] {logging_mixin.py:120} INFO - [2023-03-29T01:34:20.572+0000] {dag.py:3340} INFO - Setting next_dagrun for example_subdag_operator.section-1 to None, run_after=None
[2023-03-29T01:34:20.574+0000] {logging_mixin.py:120} INFO - [2023-03-29T01:34:20.574+0000] {dag.py:3340} INFO - Setting next_dagrun for example_subdag_operator.section-2 to None, run_after=None
[2023-03-29T01:34:20.580+0000] {logging_mixin.py:120} INFO - [2023-03-29T01:34:20.580+0000] {dag.py:2585} INFO - Sync 2 DAGs
[2023-03-29T01:34:20.584+0000] {logging_mixin.py:120} INFO - [2023-03-29T01:34:20.584+0000] {dag.py:3340} INFO - Setting next_dagrun for example_subdag_operator.section-1 to None, run_after=None
[2023-03-29T01:34:20.585+0000] {logging_mixin.py:120} INFO - [2023-03-29T01:34:20.585+0000] {dag.py:3340} INFO - Setting next_dagrun for example_subdag_operator.section-2 to None, run_after=None
[2023-03-29T01:34:20.593+0000] {processor.py:176} INFO - Processing /home/airflow/.local/lib/python3.7/site-packages/airflow/example_dags/example_subdag_operator.py took 0.085 seconds
[2023-03-29T01:34:50.808+0000] {processor.py:154} INFO - Started process (PID=100) to work on /home/airflow/.local/lib/python3.7/site-packages/airflow/example_dags/example_subdag_operator.py
[2023-03-29T01:34:50.810+0000] {processor.py:756} INFO - Processing file /home/airflow/.local/lib/python3.7/site-packages/airflow/example_dags/example_subdag_operator.py for tasks to queue
[2023-03-29T01:34:50.812+0000] {logging_mixin.py:120} INFO - [2023-03-29T01:34:50.812+0000] {dagbag.py:537} INFO - Filling up the DagBag from /home/airflow/.local/lib/python3.7/site-packages/airflow/example_dags/example_subdag_operator.py
[2023-03-29T01:34:50.836+0000] {processor.py:766} INFO - DAG(s) dict_keys(['example_subdag_operator.section-1', 'example_subdag_operator.section-2', 'example_subdag_operator']) retrieved from /home/airflow/.local/lib/python3.7/site-packages/airflow/example_dags/example_subdag_operator.py
[2023-03-29T01:34:50.933+0000] {logging_mixin.py:120} INFO - [2023-03-29T01:34:50.933+0000] {dag.py:2585} INFO - Sync 3 DAGs
[2023-03-29T01:34:50.948+0000] {logging_mixin.py:120} INFO - [2023-03-29T01:34:50.947+0000] {dag.py:3340} INFO - Setting next_dagrun for example_subdag_operator to 2022-01-01T00:00:00+00:00, run_after=2022-01-01T00:00:00+00:00
[2023-03-29T01:34:50.950+0000] {logging_mixin.py:120} INFO - [2023-03-29T01:34:50.950+0000] {dag.py:3340} INFO - Setting next_dagrun for example_subdag_operator.section-1 to None, run_after=None
[2023-03-29T01:34:50.952+0000] {logging_mixin.py:120} INFO - [2023-03-29T01:34:50.952+0000] {dag.py:3340} INFO - Setting next_dagrun for example_subdag_operator.section-2 to None, run_after=None
[2023-03-29T01:34:50.958+0000] {logging_mixin.py:120} INFO - [2023-03-29T01:34:50.958+0000] {dag.py:2585} INFO - Sync 2 DAGs
[2023-03-29T01:34:50.964+0000] {logging_mixin.py:120} INFO - [2023-03-29T01:34:50.964+0000] {dag.py:3340} INFO - Setting next_dagrun for example_subdag_operator.section-1 to None, run_after=None
[2023-03-29T01:34:50.965+0000] {logging_mixin.py:120} INFO - [2023-03-29T01:34:50.965+0000] {dag.py:3340} INFO - Setting next_dagrun for example_subdag_operator.section-2 to None, run_after=None
[2023-03-29T01:34:50.973+0000] {processor.py:176} INFO - Processing /home/airflow/.local/lib/python3.7/site-packages/airflow/example_dags/example_subdag_operator.py took 0.167 seconds
[2023-03-29T01:35:21.014+0000] {processor.py:154} INFO - Started process (PID=163) to work on /home/airflow/.local/lib/python3.7/site-packages/airflow/example_dags/example_subdag_operator.py
[2023-03-29T01:35:21.016+0000] {processor.py:756} INFO - Processing file /home/airflow/.local/lib/python3.7/site-packages/airflow/example_dags/example_subdag_operator.py for tasks to queue
[2023-03-29T01:35:21.017+0000] {logging_mixin.py:120} INFO - [2023-03-29T01:35:21.017+0000] {dagbag.py:537} INFO - Filling up the DagBag from /home/airflow/.local/lib/python3.7/site-packages/airflow/example_dags/example_subdag_operator.py
[2023-03-29T01:35:21.041+0000] {processor.py:766} INFO - DAG(s) dict_keys(['example_subdag_operator.section-1', 'example_subdag_operator.section-2', 'example_subdag_operator']) retrieved from /home/airflow/.local/lib/python3.7/site-packages/airflow/example_dags/example_subdag_operator.py
[2023-03-29T01:35:21.150+0000] {logging_mixin.py:120} INFO - [2023-03-29T01:35:21.150+0000] {dag.py:2585} INFO - Sync 3 DAGs
[2023-03-29T01:35:21.170+0000] {logging_mixin.py:120} INFO - [2023-03-29T01:35:21.170+0000] {dag.py:3340} INFO - Setting next_dagrun for example_subdag_operator to 2022-01-01T00:00:00+00:00, run_after=2022-01-01T00:00:00+00:00
[2023-03-29T01:35:21.173+0000] {logging_mixin.py:120} INFO - [2023-03-29T01:35:21.173+0000] {dag.py:3340} INFO - Setting next_dagrun for example_subdag_operator.section-1 to None, run_after=None
[2023-03-29T01:35:21.174+0000] {logging_mixin.py:120} INFO - [2023-03-29T01:35:21.174+0000] {dag.py:3340} INFO - Setting next_dagrun for example_subdag_operator.section-2 to None, run_after=None
[2023-03-29T01:35:21.179+0000] {logging_mixin.py:120} INFO - [2023-03-29T01:35:21.179+0000] {dag.py:2585} INFO - Sync 2 DAGs
[2023-03-29T01:35:21.184+0000] {logging_mixin.py:120} INFO - [2023-03-29T01:35:21.184+0000] {dag.py:3340} INFO - Setting next_dagrun for example_subdag_operator.section-1 to None, run_after=None
[2023-03-29T01:35:21.186+0000] {logging_mixin.py:120} INFO - [2023-03-29T01:35:21.186+0000] {dag.py:3340} INFO - Setting next_dagrun for example_subdag_operator.section-2 to None, run_after=None
[2023-03-29T01:35:21.194+0000] {processor.py:176} INFO - Processing /home/airflow/.local/lib/python3.7/site-packages/airflow/example_dags/example_subdag_operator.py took 0.182 seconds
[2023-03-29T01:35:51.344+0000] {processor.py:154} INFO - Started process (PID=226) to work on /home/airflow/.local/lib/python3.7/site-packages/airflow/example_dags/example_subdag_operator.py
[2023-03-29T01:35:51.346+0000] {processor.py:756} INFO - Processing file /home/airflow/.local/lib/python3.7/site-packages/airflow/example_dags/example_subdag_operator.py for tasks to queue
[2023-03-29T01:35:51.347+0000] {logging_mixin.py:120} INFO - [2023-03-29T01:35:51.347+0000] {dagbag.py:537} INFO - Filling up the DagBag from /home/airflow/.local/lib/python3.7/site-packages/airflow/example_dags/example_subdag_operator.py
[2023-03-29T01:35:51.368+0000] {processor.py:766} INFO - DAG(s) dict_keys(['example_subdag_operator.section-1', 'example_subdag_operator.section-2', 'example_subdag_operator']) retrieved from /home/airflow/.local/lib/python3.7/site-packages/airflow/example_dags/example_subdag_operator.py
[2023-03-29T01:35:51.453+0000] {logging_mixin.py:120} INFO - [2023-03-29T01:35:51.453+0000] {dag.py:2585} INFO - Sync 3 DAGs
[2023-03-29T01:35:51.467+0000] {logging_mixin.py:120} INFO - [2023-03-29T01:35:51.467+0000] {dag.py:3340} INFO - Setting next_dagrun for example_subdag_operator to 2022-01-01T00:00:00+00:00, run_after=2022-01-01T00:00:00+00:00
[2023-03-29T01:35:51.470+0000] {logging_mixin.py:120} INFO - [2023-03-29T01:35:51.470+0000] {dag.py:3340} INFO - Setting next_dagrun for example_subdag_operator.section-1 to None, run_after=None
[2023-03-29T01:35:51.472+0000] {logging_mixin.py:120} INFO - [2023-03-29T01:35:51.472+0000] {dag.py:3340} INFO - Setting next_dagrun for example_subdag_operator.section-2 to None, run_after=None
[2023-03-29T01:35:51.477+0000] {logging_mixin.py:120} INFO - [2023-03-29T01:35:51.477+0000] {dag.py:2585} INFO - Sync 2 DAGs
[2023-03-29T01:35:51.481+0000] {logging_mixin.py:120} INFO - [2023-03-29T01:35:51.481+0000] {dag.py:3340} INFO - Setting next_dagrun for example_subdag_operator.section-1 to None, run_after=None
[2023-03-29T01:35:51.482+0000] {logging_mixin.py:120} INFO - [2023-03-29T01:35:51.482+0000] {dag.py:3340} INFO - Setting next_dagrun for example_subdag_operator.section-2 to None, run_after=None
[2023-03-29T01:35:51.488+0000] {processor.py:176} INFO - Processing /home/airflow/.local/lib/python3.7/site-packages/airflow/example_dags/example_subdag_operator.py took 0.146 seconds
[2023-03-29T01:36:21.780+0000] {processor.py:154} INFO - Started process (PID=279) to work on /home/airflow/.local/lib/python3.7/site-packages/airflow/example_dags/example_subdag_operator.py
[2023-03-29T01:36:21.782+0000] {processor.py:756} INFO - Processing file /home/airflow/.local/lib/python3.7/site-packages/airflow/example_dags/example_subdag_operator.py for tasks to queue
[2023-03-29T01:36:21.783+0000] {logging_mixin.py:120} INFO - [2023-03-29T01:36:21.783+0000] {dagbag.py:537} INFO - Filling up the DagBag from /home/airflow/.local/lib/python3.7/site-packages/airflow/example_dags/example_subdag_operator.py
[2023-03-29T01:36:21.804+0000] {processor.py:766} INFO - DAG(s) dict_keys(['example_subdag_operator.section-1', 'example_subdag_operator.section-2', 'example_subdag_operator']) retrieved from /home/airflow/.local/lib/python3.7/site-packages/airflow/example_dags/example_subdag_operator.py
[2023-03-29T01:36:21.902+0000] {logging_mixin.py:120} INFO - [2023-03-29T01:36:21.902+0000] {dag.py:2585} INFO - Sync 3 DAGs
[2023-03-29T01:36:21.918+0000] {logging_mixin.py:120} INFO - [2023-03-29T01:36:21.918+0000] {dag.py:3340} INFO - Setting next_dagrun for example_subdag_operator to 2022-01-01T00:00:00+00:00, run_after=2022-01-01T00:00:00+00:00
[2023-03-29T01:36:21.921+0000] {logging_mixin.py:120} INFO - [2023-03-29T01:36:21.921+0000] {dag.py:3340} INFO - Setting next_dagrun for example_subdag_operator.section-1 to None, run_after=None
[2023-03-29T01:36:21.923+0000] {logging_mixin.py:120} INFO - [2023-03-29T01:36:21.923+0000] {dag.py:3340} INFO - Setting next_dagrun for example_subdag_operator.section-2 to None, run_after=None
[2023-03-29T01:36:21.929+0000] {logging_mixin.py:120} INFO - [2023-03-29T01:36:21.929+0000] {dag.py:2585} INFO - Sync 2 DAGs
[2023-03-29T01:36:21.934+0000] {logging_mixin.py:120} INFO - [2023-03-29T01:36:21.934+0000] {dag.py:3340} INFO - Setting next_dagrun for example_subdag_operator.section-1 to None, run_after=None
[2023-03-29T01:36:21.935+0000] {logging_mixin.py:120} INFO - [2023-03-29T01:36:21.935+0000] {dag.py:3340} INFO - Setting next_dagrun for example_subdag_operator.section-2 to None, run_after=None
[2023-03-29T01:36:21.942+0000] {processor.py:176} INFO - Processing /home/airflow/.local/lib/python3.7/site-packages/airflow/example_dags/example_subdag_operator.py took 0.164 seconds
[2023-03-29T01:36:52.117+0000] {processor.py:154} INFO - Started process (PID=343) to work on /home/airflow/.local/lib/python3.7/site-packages/airflow/example_dags/example_subdag_operator.py
[2023-03-29T01:36:52.119+0000] {processor.py:756} INFO - Processing file /home/airflow/.local/lib/python3.7/site-packages/airflow/example_dags/example_subdag_operator.py for tasks to queue
[2023-03-29T01:36:52.120+0000] {logging_mixin.py:120} INFO - [2023-03-29T01:36:52.120+0000] {dagbag.py:537} INFO - Filling up the DagBag from /home/airflow/.local/lib/python3.7/site-packages/airflow/example_dags/example_subdag_operator.py
[2023-03-29T01:36:52.139+0000] {processor.py:766} INFO - DAG(s) dict_keys(['example_subdag_operator.section-1', 'example_subdag_operator.section-2', 'example_subdag_operator']) retrieved from /home/airflow/.local/lib/python3.7/site-packages/airflow/example_dags/example_subdag_operator.py
[2023-03-29T01:36:52.223+0000] {logging_mixin.py:120} INFO - [2023-03-29T01:36:52.222+0000] {dag.py:2585} INFO - Sync 3 DAGs
[2023-03-29T01:36:52.236+0000] {logging_mixin.py:120} INFO - [2023-03-29T01:36:52.236+0000] {dag.py:3340} INFO - Setting next_dagrun for example_subdag_operator to 2022-01-01T00:00:00+00:00, run_after=2022-01-01T00:00:00+00:00
[2023-03-29T01:36:52.238+0000] {logging_mixin.py:120} INFO - [2023-03-29T01:36:52.238+0000] {dag.py:3340} INFO - Setting next_dagrun for example_subdag_operator.section-1 to None, run_after=None
[2023-03-29T01:36:52.240+0000] {logging_mixin.py:120} INFO - [2023-03-29T01:36:52.240+0000] {dag.py:3340} INFO - Setting next_dagrun for example_subdag_operator.section-2 to None, run_after=None
[2023-03-29T01:36:52.244+0000] {logging_mixin.py:120} INFO - [2023-03-29T01:36:52.244+0000] {dag.py:2585} INFO - Sync 2 DAGs
[2023-03-29T01:36:52.248+0000] {logging_mixin.py:120} INFO - [2023-03-29T01:36:52.248+0000] {dag.py:3340} INFO - Setting next_dagrun for example_subdag_operator.section-1 to None, run_after=None
[2023-03-29T01:36:52.249+0000] {logging_mixin.py:120} INFO - [2023-03-29T01:36:52.249+0000] {dag.py:3340} INFO - Setting next_dagrun for example_subdag_operator.section-2 to None, run_after=None
[2023-03-29T01:36:52.256+0000] {processor.py:176} INFO - Processing /home/airflow/.local/lib/python3.7/site-packages/airflow/example_dags/example_subdag_operator.py took 0.141 seconds
[2023-03-29T01:37:22.374+0000] {processor.py:154} INFO - Started process (PID=406) to work on /home/airflow/.local/lib/python3.7/site-packages/airflow/example_dags/example_subdag_operator.py
[2023-03-29T01:37:22.375+0000] {processor.py:756} INFO - Processing file /home/airflow/.local/lib/python3.7/site-packages/airflow/example_dags/example_subdag_operator.py for tasks to queue
[2023-03-29T01:37:22.376+0000] {logging_mixin.py:120} INFO - [2023-03-29T01:37:22.376+0000] {dagbag.py:537} INFO - Filling up the DagBag from /home/airflow/.local/lib/python3.7/site-packages/airflow/example_dags/example_subdag_operator.py
[2023-03-29T01:37:22.396+0000] {processor.py:766} INFO - DAG(s) dict_keys(['example_subdag_operator.section-1', 'example_subdag_operator.section-2', 'example_subdag_operator']) retrieved from /home/airflow/.local/lib/python3.7/site-packages/airflow/example_dags/example_subdag_operator.py
[2023-03-29T01:37:22.485+0000] {logging_mixin.py:120} INFO - [2023-03-29T01:37:22.485+0000] {dag.py:2585} INFO - Sync 3 DAGs
[2023-03-29T01:37:22.498+0000] {logging_mixin.py:120} INFO - [2023-03-29T01:37:22.498+0000] {dag.py:3340} INFO - Setting next_dagrun for example_subdag_operator to 2022-01-01T00:00:00+00:00, run_after=2022-01-01T00:00:00+00:00
[2023-03-29T01:37:22.502+0000] {logging_mixin.py:120} INFO - [2023-03-29T01:37:22.501+0000] {dag.py:3340} INFO - Setting next_dagrun for example_subdag_operator.section-1 to None, run_after=None
[2023-03-29T01:37:22.503+0000] {logging_mixin.py:120} INFO - [2023-03-29T01:37:22.503+0000] {dag.py:3340} INFO - Setting next_dagrun for example_subdag_operator.section-2 to None, run_after=None
[2023-03-29T01:37:22.508+0000] {logging_mixin.py:120} INFO - [2023-03-29T01:37:22.508+0000] {dag.py:2585} INFO - Sync 2 DAGs
[2023-03-29T01:37:22.512+0000] {logging_mixin.py:120} INFO - [2023-03-29T01:37:22.512+0000] {dag.py:3340} INFO - Setting next_dagrun for example_subdag_operator.section-1 to None, run_after=None
[2023-03-29T01:37:22.512+0000] {logging_mixin.py:120} INFO - [2023-03-29T01:37:22.512+0000] {dag.py:3340} INFO - Setting next_dagrun for example_subdag_operator.section-2 to None, run_after=None
[2023-03-29T01:37:22.519+0000] {processor.py:176} INFO - Processing /home/airflow/.local/lib/python3.7/site-packages/airflow/example_dags/example_subdag_operator.py took 0.148 seconds
[2023-03-29T01:37:52.824+0000] {processor.py:154} INFO - Started process (PID=468) to work on /home/airflow/.local/lib/python3.7/site-packages/airflow/example_dags/example_subdag_operator.py
[2023-03-29T01:37:52.825+0000] {processor.py:756} INFO - Processing file /home/airflow/.local/lib/python3.7/site-packages/airflow/example_dags/example_subdag_operator.py for tasks to queue
[2023-03-29T01:37:52.826+0000] {logging_mixin.py:120} INFO - [2023-03-29T01:37:52.826+0000] {dagbag.py:537} INFO - Filling up the DagBag from /home/airflow/.local/lib/python3.7/site-packages/airflow/example_dags/example_subdag_operator.py
[2023-03-29T01:37:52.847+0000] {processor.py:766} INFO - DAG(s) dict_keys(['example_subdag_operator.section-1', 'example_subdag_operator.section-2', 'example_subdag_operator']) retrieved from /home/airflow/.local/lib/python3.7/site-packages/airflow/example_dags/example_subdag_operator.py
[2023-03-29T01:37:52.949+0000] {logging_mixin.py:120} INFO - [2023-03-29T01:37:52.948+0000] {dag.py:2585} INFO - Sync 3 DAGs
[2023-03-29T01:37:52.965+0000] {logging_mixin.py:120} INFO - [2023-03-29T01:37:52.965+0000] {dag.py:3340} INFO - Setting next_dagrun for example_subdag_operator to 2022-01-01T00:00:00+00:00, run_after=2022-01-01T00:00:00+00:00
[2023-03-29T01:37:52.969+0000] {logging_mixin.py:120} INFO - [2023-03-29T01:37:52.969+0000] {dag.py:3340} INFO - Setting next_dagrun for example_subdag_operator.section-1 to None, run_after=None
[2023-03-29T01:37:52.970+0000] {logging_mixin.py:120} INFO - [2023-03-29T01:37:52.970+0000] {dag.py:3340} INFO - Setting next_dagrun for example_subdag_operator.section-2 to None, run_after=None
[2023-03-29T01:37:52.975+0000] {logging_mixin.py:120} INFO - [2023-03-29T01:37:52.975+0000] {dag.py:2585} INFO - Sync 2 DAGs
[2023-03-29T01:37:52.979+0000] {logging_mixin.py:120} INFO - [2023-03-29T01:37:52.979+0000] {dag.py:3340} INFO - Setting next_dagrun for example_subdag_operator.section-1 to None, run_after=None
[2023-03-29T01:37:52.980+0000] {logging_mixin.py:120} INFO - [2023-03-29T01:37:52.980+0000] {dag.py:3340} INFO - Setting next_dagrun for example_subdag_operator.section-2 to None, run_after=None
[2023-03-29T01:37:52.988+0000] {processor.py:176} INFO - Processing /home/airflow/.local/lib/python3.7/site-packages/airflow/example_dags/example_subdag_operator.py took 0.166 seconds
[2023-03-29T01:38:23.021+0000] {processor.py:154} INFO - Started process (PID=531) to work on /home/airflow/.local/lib/python3.7/site-packages/airflow/example_dags/example_subdag_operator.py
[2023-03-29T01:38:23.023+0000] {processor.py:756} INFO - Processing file /home/airflow/.local/lib/python3.7/site-packages/airflow/example_dags/example_subdag_operator.py for tasks to queue
[2023-03-29T01:38:23.025+0000] {logging_mixin.py:120} INFO - [2023-03-29T01:38:23.025+0000] {dagbag.py:537} INFO - Filling up the DagBag from /home/airflow/.local/lib/python3.7/site-packages/airflow/example_dags/example_subdag_operator.py
[2023-03-29T01:38:23.049+0000] {processor.py:766} INFO - DAG(s) dict_keys(['example_subdag_operator.section-1', 'example_subdag_operator.section-2', 'example_subdag_operator']) retrieved from /home/airflow/.local/lib/python3.7/site-packages/airflow/example_dags/example_subdag_operator.py
[2023-03-29T01:38:23.152+0000] {logging_mixin.py:120} INFO - [2023-03-29T01:38:23.152+0000] {dag.py:2585} INFO - Sync 3 DAGs
[2023-03-29T01:38:23.166+0000] {logging_mixin.py:120} INFO - [2023-03-29T01:38:23.166+0000] {dag.py:3340} INFO - Setting next_dagrun for example_subdag_operator to 2022-01-01T00:00:00+00:00, run_after=2022-01-01T00:00:00+00:00
[2023-03-29T01:38:23.170+0000] {logging_mixin.py:120} INFO - [2023-03-29T01:38:23.170+0000] {dag.py:3340} INFO - Setting next_dagrun for example_subdag_operator.section-1 to None, run_after=None
[2023-03-29T01:38:23.172+0000] {logging_mixin.py:120} INFO - [2023-03-29T01:38:23.172+0000] {dag.py:3340} INFO - Setting next_dagrun for example_subdag_operator.section-2 to None, run_after=None
[2023-03-29T01:38:23.178+0000] {logging_mixin.py:120} INFO - [2023-03-29T01:38:23.178+0000] {dag.py:2585} INFO - Sync 2 DAGs
[2023-03-29T01:38:23.183+0000] {logging_mixin.py:120} INFO - [2023-03-29T01:38:23.183+0000] {dag.py:3340} INFO - Setting next_dagrun for example_subdag_operator.section-1 to None, run_after=None
[2023-03-29T01:38:23.184+0000] {logging_mixin.py:120} INFO - [2023-03-29T01:38:23.184+0000] {dag.py:3340} INFO - Setting next_dagrun for example_subdag_operator.section-2 to None, run_after=None
[2023-03-29T01:38:23.195+0000] {processor.py:176} INFO - Processing /home/airflow/.local/lib/python3.7/site-packages/airflow/example_dags/example_subdag_operator.py took 0.176 seconds
