[2023-03-29T01:34:21.252+0000] {processor.py:154} INFO - Started process (PID=52) to work on /home/airflow/.local/lib/python3.7/site-packages/airflow/example_dags/example_short_circuit_operator.py
[2023-03-29T01:34:21.254+0000] {processor.py:756} INFO - Processing file /home/airflow/.local/lib/python3.7/site-packages/airflow/example_dags/example_short_circuit_operator.py for tasks to queue
[2023-03-29T01:34:21.255+0000] {logging_mixin.py:120} INFO - [2023-03-29T01:34:21.255+0000] {dagbag.py:537} INFO - Filling up the DagBag from /home/airflow/.local/lib/python3.7/site-packages/airflow/example_dags/example_short_circuit_operator.py
[2023-03-29T01:34:21.269+0000] {processor.py:766} INFO - DAG(s) dict_keys(['example_short_circuit_operator']) retrieved from /home/airflow/.local/lib/python3.7/site-packages/airflow/example_dags/example_short_circuit_operator.py
[2023-03-29T01:34:21.290+0000] {logging_mixin.py:120} INFO - [2023-03-29T01:34:21.289+0000] {dag.py:2585} INFO - Sync 1 DAGs
[2023-03-29T01:34:21.309+0000] {logging_mixin.py:120} INFO - [2023-03-29T01:34:21.309+0000] {dag.py:3340} INFO - Setting next_dagrun for example_short_circuit_operator to 2023-03-28T01:34:21.309627+00:00, run_after=2023-03-29T01:34:21.309627+00:00
[2023-03-29T01:34:21.328+0000] {processor.py:176} INFO - Processing /home/airflow/.local/lib/python3.7/site-packages/airflow/example_dags/example_short_circuit_operator.py took 0.078 seconds
[2023-03-29T01:34:51.548+0000] {processor.py:154} INFO - Started process (PID=114) to work on /home/airflow/.local/lib/python3.7/site-packages/airflow/example_dags/example_short_circuit_operator.py
[2023-03-29T01:34:51.551+0000] {processor.py:756} INFO - Processing file /home/airflow/.local/lib/python3.7/site-packages/airflow/example_dags/example_short_circuit_operator.py for tasks to queue
[2023-03-29T01:34:51.552+0000] {logging_mixin.py:120} INFO - [2023-03-29T01:34:51.552+0000] {dagbag.py:537} INFO - Filling up the DagBag from /home/airflow/.local/lib/python3.7/site-packages/airflow/example_dags/example_short_circuit_operator.py
[2023-03-29T01:34:51.564+0000] {processor.py:766} INFO - DAG(s) dict_keys(['example_short_circuit_operator']) retrieved from /home/airflow/.local/lib/python3.7/site-packages/airflow/example_dags/example_short_circuit_operator.py
[2023-03-29T01:34:51.590+0000] {logging_mixin.py:120} INFO - [2023-03-29T01:34:51.590+0000] {dag.py:2585} INFO - Sync 1 DAGs
[2023-03-29T01:34:51.605+0000] {logging_mixin.py:120} INFO - [2023-03-29T01:34:51.605+0000] {dag.py:3340} INFO - Setting next_dagrun for example_short_circuit_operator to 2023-03-28T01:34:51.605219+00:00, run_after=2023-03-29T01:34:51.605219+00:00
[2023-03-29T01:34:51.620+0000] {processor.py:176} INFO - Processing /home/airflow/.local/lib/python3.7/site-packages/airflow/example_dags/example_short_circuit_operator.py took 0.074 seconds
[2023-03-29T01:35:21.812+0000] {processor.py:154} INFO - Started process (PID=177) to work on /home/airflow/.local/lib/python3.7/site-packages/airflow/example_dags/example_short_circuit_operator.py
[2023-03-29T01:35:21.814+0000] {processor.py:756} INFO - Processing file /home/airflow/.local/lib/python3.7/site-packages/airflow/example_dags/example_short_circuit_operator.py for tasks to queue
[2023-03-29T01:35:21.815+0000] {logging_mixin.py:120} INFO - [2023-03-29T01:35:21.815+0000] {dagbag.py:537} INFO - Filling up the DagBag from /home/airflow/.local/lib/python3.7/site-packages/airflow/example_dags/example_short_circuit_operator.py
[2023-03-29T01:35:21.828+0000] {processor.py:766} INFO - DAG(s) dict_keys(['example_short_circuit_operator']) retrieved from /home/airflow/.local/lib/python3.7/site-packages/airflow/example_dags/example_short_circuit_operator.py
[2023-03-29T01:35:21.864+0000] {logging_mixin.py:120} INFO - [2023-03-29T01:35:21.864+0000] {dag.py:2585} INFO - Sync 1 DAGs
[2023-03-29T01:35:21.891+0000] {logging_mixin.py:120} INFO - [2023-03-29T01:35:21.891+0000] {dag.py:3340} INFO - Setting next_dagrun for example_short_circuit_operator to 2023-03-28T01:35:21.891711+00:00, run_after=2023-03-29T01:35:21.891711+00:00
[2023-03-29T01:35:21.912+0000] {processor.py:176} INFO - Processing /home/airflow/.local/lib/python3.7/site-packages/airflow/example_dags/example_short_circuit_operator.py took 0.102 seconds
[2023-03-29T01:35:52.225+0000] {processor.py:154} INFO - Started process (PID=239) to work on /home/airflow/.local/lib/python3.7/site-packages/airflow/example_dags/example_short_circuit_operator.py
[2023-03-29T01:35:52.227+0000] {processor.py:756} INFO - Processing file /home/airflow/.local/lib/python3.7/site-packages/airflow/example_dags/example_short_circuit_operator.py for tasks to queue
[2023-03-29T01:35:52.230+0000] {logging_mixin.py:120} INFO - [2023-03-29T01:35:52.230+0000] {dagbag.py:537} INFO - Filling up the DagBag from /home/airflow/.local/lib/python3.7/site-packages/airflow/example_dags/example_short_circuit_operator.py
[2023-03-29T01:35:52.242+0000] {processor.py:766} INFO - DAG(s) dict_keys(['example_short_circuit_operator']) retrieved from /home/airflow/.local/lib/python3.7/site-packages/airflow/example_dags/example_short_circuit_operator.py
[2023-03-29T01:35:52.270+0000] {logging_mixin.py:120} INFO - [2023-03-29T01:35:52.270+0000] {dag.py:2585} INFO - Sync 1 DAGs
[2023-03-29T01:35:52.287+0000] {logging_mixin.py:120} INFO - [2023-03-29T01:35:52.286+0000] {dag.py:3340} INFO - Setting next_dagrun for example_short_circuit_operator to 2023-03-28T01:35:52.286824+00:00, run_after=2023-03-29T01:35:52.286824+00:00
[2023-03-29T01:35:52.300+0000] {processor.py:176} INFO - Processing /home/airflow/.local/lib/python3.7/site-packages/airflow/example_dags/example_short_circuit_operator.py took 0.078 seconds
[2023-03-29T01:36:22.541+0000] {processor.py:154} INFO - Started process (PID=299) to work on /home/airflow/.local/lib/python3.7/site-packages/airflow/example_dags/example_short_circuit_operator.py
[2023-03-29T01:36:22.544+0000] {processor.py:756} INFO - Processing file /home/airflow/.local/lib/python3.7/site-packages/airflow/example_dags/example_short_circuit_operator.py for tasks to queue
[2023-03-29T01:36:22.546+0000] {logging_mixin.py:120} INFO - [2023-03-29T01:36:22.546+0000] {dagbag.py:537} INFO - Filling up the DagBag from /home/airflow/.local/lib/python3.7/site-packages/airflow/example_dags/example_short_circuit_operator.py
[2023-03-29T01:36:22.558+0000] {processor.py:766} INFO - DAG(s) dict_keys(['example_short_circuit_operator']) retrieved from /home/airflow/.local/lib/python3.7/site-packages/airflow/example_dags/example_short_circuit_operator.py
[2023-03-29T01:36:22.590+0000] {logging_mixin.py:120} INFO - [2023-03-29T01:36:22.590+0000] {dag.py:2585} INFO - Sync 1 DAGs
[2023-03-29T01:36:22.608+0000] {logging_mixin.py:120} INFO - [2023-03-29T01:36:22.607+0000] {dag.py:3340} INFO - Setting next_dagrun for example_short_circuit_operator to 2023-03-28T01:36:22.607768+00:00, run_after=2023-03-29T01:36:22.607768+00:00
[2023-03-29T01:36:22.620+0000] {processor.py:176} INFO - Processing /home/airflow/.local/lib/python3.7/site-packages/airflow/example_dags/example_short_circuit_operator.py took 0.081 seconds
[2023-03-29T01:36:52.869+0000] {processor.py:154} INFO - Started process (PID=356) to work on /home/airflow/.local/lib/python3.7/site-packages/airflow/example_dags/example_short_circuit_operator.py
[2023-03-29T01:36:52.871+0000] {processor.py:756} INFO - Processing file /home/airflow/.local/lib/python3.7/site-packages/airflow/example_dags/example_short_circuit_operator.py for tasks to queue
[2023-03-29T01:36:52.872+0000] {logging_mixin.py:120} INFO - [2023-03-29T01:36:52.872+0000] {dagbag.py:537} INFO - Filling up the DagBag from /home/airflow/.local/lib/python3.7/site-packages/airflow/example_dags/example_short_circuit_operator.py
[2023-03-29T01:36:52.884+0000] {processor.py:766} INFO - DAG(s) dict_keys(['example_short_circuit_operator']) retrieved from /home/airflow/.local/lib/python3.7/site-packages/airflow/example_dags/example_short_circuit_operator.py
[2023-03-29T01:36:52.913+0000] {logging_mixin.py:120} INFO - [2023-03-29T01:36:52.913+0000] {dag.py:2585} INFO - Sync 1 DAGs
[2023-03-29T01:36:52.927+0000] {logging_mixin.py:120} INFO - [2023-03-29T01:36:52.927+0000] {dag.py:3340} INFO - Setting next_dagrun for example_short_circuit_operator to 2023-03-28T01:36:52.926865+00:00, run_after=2023-03-29T01:36:52.926865+00:00
[2023-03-29T01:36:52.941+0000] {processor.py:176} INFO - Processing /home/airflow/.local/lib/python3.7/site-packages/airflow/example_dags/example_short_circuit_operator.py took 0.074 seconds
[2023-03-29T01:37:23.320+0000] {processor.py:154} INFO - Started process (PID=419) to work on /home/airflow/.local/lib/python3.7/site-packages/airflow/example_dags/example_short_circuit_operator.py
[2023-03-29T01:37:23.323+0000] {processor.py:756} INFO - Processing file /home/airflow/.local/lib/python3.7/site-packages/airflow/example_dags/example_short_circuit_operator.py for tasks to queue
[2023-03-29T01:37:23.324+0000] {logging_mixin.py:120} INFO - [2023-03-29T01:37:23.324+0000] {dagbag.py:537} INFO - Filling up the DagBag from /home/airflow/.local/lib/python3.7/site-packages/airflow/example_dags/example_short_circuit_operator.py
[2023-03-29T01:37:23.333+0000] {processor.py:766} INFO - DAG(s) dict_keys(['example_short_circuit_operator']) retrieved from /home/airflow/.local/lib/python3.7/site-packages/airflow/example_dags/example_short_circuit_operator.py
[2023-03-29T01:37:23.359+0000] {logging_mixin.py:120} INFO - [2023-03-29T01:37:23.359+0000] {dag.py:2585} INFO - Sync 1 DAGs
[2023-03-29T01:37:23.374+0000] {logging_mixin.py:120} INFO - [2023-03-29T01:37:23.374+0000] {dag.py:3340} INFO - Setting next_dagrun for example_short_circuit_operator to 2023-03-28T01:37:23.373944+00:00, run_after=2023-03-29T01:37:23.373944+00:00
[2023-03-29T01:37:23.384+0000] {processor.py:176} INFO - Processing /home/airflow/.local/lib/python3.7/site-packages/airflow/example_dags/example_short_circuit_operator.py took 0.066 seconds
[2023-03-29T01:37:53.588+0000] {processor.py:154} INFO - Started process (PID=482) to work on /home/airflow/.local/lib/python3.7/site-packages/airflow/example_dags/example_short_circuit_operator.py
[2023-03-29T01:37:53.590+0000] {processor.py:756} INFO - Processing file /home/airflow/.local/lib/python3.7/site-packages/airflow/example_dags/example_short_circuit_operator.py for tasks to queue
[2023-03-29T01:37:53.591+0000] {logging_mixin.py:120} INFO - [2023-03-29T01:37:53.591+0000] {dagbag.py:537} INFO - Filling up the DagBag from /home/airflow/.local/lib/python3.7/site-packages/airflow/example_dags/example_short_circuit_operator.py
[2023-03-29T01:37:53.603+0000] {processor.py:766} INFO - DAG(s) dict_keys(['example_short_circuit_operator']) retrieved from /home/airflow/.local/lib/python3.7/site-packages/airflow/example_dags/example_short_circuit_operator.py
[2023-03-29T01:37:53.632+0000] {logging_mixin.py:120} INFO - [2023-03-29T01:37:53.632+0000] {dag.py:2585} INFO - Sync 1 DAGs
[2023-03-29T01:37:53.647+0000] {logging_mixin.py:120} INFO - [2023-03-29T01:37:53.646+0000] {dag.py:3340} INFO - Setting next_dagrun for example_short_circuit_operator to 2023-03-28T01:37:53.646768+00:00, run_after=2023-03-29T01:37:53.646768+00:00
[2023-03-29T01:37:53.660+0000] {processor.py:176} INFO - Processing /home/airflow/.local/lib/python3.7/site-packages/airflow/example_dags/example_short_circuit_operator.py took 0.074 seconds
[2023-03-29T01:38:24.038+0000] {processor.py:154} INFO - Started process (PID=545) to work on /home/airflow/.local/lib/python3.7/site-packages/airflow/example_dags/example_short_circuit_operator.py
[2023-03-29T01:38:24.040+0000] {processor.py:756} INFO - Processing file /home/airflow/.local/lib/python3.7/site-packages/airflow/example_dags/example_short_circuit_operator.py for tasks to queue
[2023-03-29T01:38:24.041+0000] {logging_mixin.py:120} INFO - [2023-03-29T01:38:24.041+0000] {dagbag.py:537} INFO - Filling up the DagBag from /home/airflow/.local/lib/python3.7/site-packages/airflow/example_dags/example_short_circuit_operator.py
[2023-03-29T01:38:24.055+0000] {processor.py:766} INFO - DAG(s) dict_keys(['example_short_circuit_operator']) retrieved from /home/airflow/.local/lib/python3.7/site-packages/airflow/example_dags/example_short_circuit_operator.py
[2023-03-29T01:38:24.085+0000] {logging_mixin.py:120} INFO - [2023-03-29T01:38:24.084+0000] {dag.py:2585} INFO - Sync 1 DAGs
[2023-03-29T01:38:24.101+0000] {logging_mixin.py:120} INFO - [2023-03-29T01:38:24.101+0000] {dag.py:3340} INFO - Setting next_dagrun for example_short_circuit_operator to 2023-03-28T01:38:24.101588+00:00, run_after=2023-03-29T01:38:24.101588+00:00
[2023-03-29T01:38:24.116+0000] {processor.py:176} INFO - Processing /home/airflow/.local/lib/python3.7/site-packages/airflow/example_dags/example_short_circuit_operator.py took 0.080 seconds
