[2023-03-29T01:34:20.645+0000] {processor.py:154} INFO - Started process (PID=41) to work on /home/airflow/.local/lib/python3.7/site-packages/airflow/example_dags/example_branch_operator.py
[2023-03-29T01:34:20.646+0000] {processor.py:756} INFO - Processing file /home/airflow/.local/lib/python3.7/site-packages/airflow/example_dags/example_branch_operator.py for tasks to queue
[2023-03-29T01:34:20.647+0000] {logging_mixin.py:120} INFO - [2023-03-29T01:34:20.647+0000] {dagbag.py:537} INFO - Filling up the DagBag from /home/airflow/.local/lib/python3.7/site-packages/airflow/example_dags/example_branch_operator.py
[2023-03-29T01:34:20.660+0000] {processor.py:766} INFO - DAG(s) dict_keys(['example_branch_operator']) retrieved from /home/airflow/.local/lib/python3.7/site-packages/airflow/example_dags/example_branch_operator.py
[2023-03-29T01:34:20.681+0000] {logging_mixin.py:120} INFO - [2023-03-29T01:34:20.681+0000] {dag.py:2585} INFO - Sync 1 DAGs
[2023-03-29T01:34:20.700+0000] {logging_mixin.py:120} INFO - [2023-03-29T01:34:20.699+0000] {dag.py:3340} INFO - Setting next_dagrun for example_branch_operator to 2023-03-28T00:00:00+00:00, run_after=2023-03-29T00:00:00+00:00
[2023-03-29T01:34:20.714+0000] {processor.py:176} INFO - Processing /home/airflow/.local/lib/python3.7/site-packages/airflow/example_dags/example_branch_operator.py took 0.072 seconds
[2023-03-29T01:34:50.996+0000] {processor.py:154} INFO - Started process (PID=103) to work on /home/airflow/.local/lib/python3.7/site-packages/airflow/example_dags/example_branch_operator.py
[2023-03-29T01:34:50.998+0000] {processor.py:756} INFO - Processing file /home/airflow/.local/lib/python3.7/site-packages/airflow/example_dags/example_branch_operator.py for tasks to queue
[2023-03-29T01:34:50.999+0000] {logging_mixin.py:120} INFO - [2023-03-29T01:34:50.999+0000] {dagbag.py:537} INFO - Filling up the DagBag from /home/airflow/.local/lib/python3.7/site-packages/airflow/example_dags/example_branch_operator.py
[2023-03-29T01:34:51.012+0000] {processor.py:766} INFO - DAG(s) dict_keys(['example_branch_operator']) retrieved from /home/airflow/.local/lib/python3.7/site-packages/airflow/example_dags/example_branch_operator.py
[2023-03-29T01:34:51.041+0000] {logging_mixin.py:120} INFO - [2023-03-29T01:34:51.041+0000] {dag.py:2585} INFO - Sync 1 DAGs
[2023-03-29T01:34:51.057+0000] {logging_mixin.py:120} INFO - [2023-03-29T01:34:51.057+0000] {dag.py:3340} INFO - Setting next_dagrun for example_branch_operator to 2023-03-28T00:00:00+00:00, run_after=2023-03-29T00:00:00+00:00
[2023-03-29T01:34:51.071+0000] {processor.py:176} INFO - Processing /home/airflow/.local/lib/python3.7/site-packages/airflow/example_dags/example_branch_operator.py took 0.077 seconds
[2023-03-29T01:35:21.218+0000] {processor.py:154} INFO - Started process (PID=166) to work on /home/airflow/.local/lib/python3.7/site-packages/airflow/example_dags/example_branch_operator.py
[2023-03-29T01:35:21.220+0000] {processor.py:756} INFO - Processing file /home/airflow/.local/lib/python3.7/site-packages/airflow/example_dags/example_branch_operator.py for tasks to queue
[2023-03-29T01:35:21.221+0000] {logging_mixin.py:120} INFO - [2023-03-29T01:35:21.221+0000] {dagbag.py:537} INFO - Filling up the DagBag from /home/airflow/.local/lib/python3.7/site-packages/airflow/example_dags/example_branch_operator.py
[2023-03-29T01:35:21.233+0000] {processor.py:766} INFO - DAG(s) dict_keys(['example_branch_operator']) retrieved from /home/airflow/.local/lib/python3.7/site-packages/airflow/example_dags/example_branch_operator.py
[2023-03-29T01:35:21.262+0000] {logging_mixin.py:120} INFO - [2023-03-29T01:35:21.262+0000] {dag.py:2585} INFO - Sync 1 DAGs
[2023-03-29T01:35:21.285+0000] {logging_mixin.py:120} INFO - [2023-03-29T01:35:21.284+0000] {dag.py:3340} INFO - Setting next_dagrun for example_branch_operator to 2023-03-28T00:00:00+00:00, run_after=2023-03-29T00:00:00+00:00
[2023-03-29T01:35:21.298+0000] {processor.py:176} INFO - Processing /home/airflow/.local/lib/python3.7/site-packages/airflow/example_dags/example_branch_operator.py took 0.082 seconds
[2023-03-29T01:35:51.513+0000] {processor.py:154} INFO - Started process (PID=228) to work on /home/airflow/.local/lib/python3.7/site-packages/airflow/example_dags/example_branch_operator.py
[2023-03-29T01:35:51.516+0000] {processor.py:756} INFO - Processing file /home/airflow/.local/lib/python3.7/site-packages/airflow/example_dags/example_branch_operator.py for tasks to queue
[2023-03-29T01:35:51.517+0000] {logging_mixin.py:120} INFO - [2023-03-29T01:35:51.517+0000] {dagbag.py:537} INFO - Filling up the DagBag from /home/airflow/.local/lib/python3.7/site-packages/airflow/example_dags/example_branch_operator.py
[2023-03-29T01:35:51.528+0000] {processor.py:766} INFO - DAG(s) dict_keys(['example_branch_operator']) retrieved from /home/airflow/.local/lib/python3.7/site-packages/airflow/example_dags/example_branch_operator.py
[2023-03-29T01:35:51.555+0000] {logging_mixin.py:120} INFO - [2023-03-29T01:35:51.554+0000] {dag.py:2585} INFO - Sync 1 DAGs
[2023-03-29T01:35:51.569+0000] {logging_mixin.py:120} INFO - [2023-03-29T01:35:51.569+0000] {dag.py:3340} INFO - Setting next_dagrun for example_branch_operator to 2023-03-28T00:00:00+00:00, run_after=2023-03-29T00:00:00+00:00
[2023-03-29T01:35:51.581+0000] {processor.py:176} INFO - Processing /home/airflow/.local/lib/python3.7/site-packages/airflow/example_dags/example_branch_operator.py took 0.070 seconds
[2023-03-29T01:36:21.967+0000] {processor.py:154} INFO - Started process (PID=282) to work on /home/airflow/.local/lib/python3.7/site-packages/airflow/example_dags/example_branch_operator.py
[2023-03-29T01:36:21.969+0000] {processor.py:756} INFO - Processing file /home/airflow/.local/lib/python3.7/site-packages/airflow/example_dags/example_branch_operator.py for tasks to queue
[2023-03-29T01:36:21.970+0000] {logging_mixin.py:120} INFO - [2023-03-29T01:36:21.970+0000] {dagbag.py:537} INFO - Filling up the DagBag from /home/airflow/.local/lib/python3.7/site-packages/airflow/example_dags/example_branch_operator.py
[2023-03-29T01:36:21.981+0000] {processor.py:766} INFO - DAG(s) dict_keys(['example_branch_operator']) retrieved from /home/airflow/.local/lib/python3.7/site-packages/airflow/example_dags/example_branch_operator.py
[2023-03-29T01:36:22.008+0000] {logging_mixin.py:120} INFO - [2023-03-29T01:36:22.008+0000] {dag.py:2585} INFO - Sync 1 DAGs
[2023-03-29T01:36:22.026+0000] {logging_mixin.py:120} INFO - [2023-03-29T01:36:22.026+0000] {dag.py:3340} INFO - Setting next_dagrun for example_branch_operator to 2023-03-28T00:00:00+00:00, run_after=2023-03-29T00:00:00+00:00
[2023-03-29T01:36:22.037+0000] {processor.py:176} INFO - Processing /home/airflow/.local/lib/python3.7/site-packages/airflow/example_dags/example_branch_operator.py took 0.072 seconds
[2023-03-29T01:36:52.284+0000] {processor.py:154} INFO - Started process (PID=345) to work on /home/airflow/.local/lib/python3.7/site-packages/airflow/example_dags/example_branch_operator.py
[2023-03-29T01:36:52.285+0000] {processor.py:756} INFO - Processing file /home/airflow/.local/lib/python3.7/site-packages/airflow/example_dags/example_branch_operator.py for tasks to queue
[2023-03-29T01:36:52.286+0000] {logging_mixin.py:120} INFO - [2023-03-29T01:36:52.286+0000] {dagbag.py:537} INFO - Filling up the DagBag from /home/airflow/.local/lib/python3.7/site-packages/airflow/example_dags/example_branch_operator.py
[2023-03-29T01:36:52.298+0000] {processor.py:766} INFO - DAG(s) dict_keys(['example_branch_operator']) retrieved from /home/airflow/.local/lib/python3.7/site-packages/airflow/example_dags/example_branch_operator.py
[2023-03-29T01:36:52.324+0000] {logging_mixin.py:120} INFO - [2023-03-29T01:36:52.324+0000] {dag.py:2585} INFO - Sync 1 DAGs
[2023-03-29T01:36:52.339+0000] {logging_mixin.py:120} INFO - [2023-03-29T01:36:52.339+0000] {dag.py:3340} INFO - Setting next_dagrun for example_branch_operator to 2023-03-28T00:00:00+00:00, run_after=2023-03-29T00:00:00+00:00
[2023-03-29T01:36:52.353+0000] {processor.py:176} INFO - Processing /home/airflow/.local/lib/python3.7/site-packages/airflow/example_dags/example_branch_operator.py took 0.072 seconds
[2023-03-29T01:37:22.549+0000] {processor.py:154} INFO - Started process (PID=408) to work on /home/airflow/.local/lib/python3.7/site-packages/airflow/example_dags/example_branch_operator.py
[2023-03-29T01:37:22.550+0000] {processor.py:756} INFO - Processing file /home/airflow/.local/lib/python3.7/site-packages/airflow/example_dags/example_branch_operator.py for tasks to queue
[2023-03-29T01:37:22.551+0000] {logging_mixin.py:120} INFO - [2023-03-29T01:37:22.551+0000] {dagbag.py:537} INFO - Filling up the DagBag from /home/airflow/.local/lib/python3.7/site-packages/airflow/example_dags/example_branch_operator.py
[2023-03-29T01:37:22.561+0000] {processor.py:766} INFO - DAG(s) dict_keys(['example_branch_operator']) retrieved from /home/airflow/.local/lib/python3.7/site-packages/airflow/example_dags/example_branch_operator.py
[2023-03-29T01:37:22.587+0000] {logging_mixin.py:120} INFO - [2023-03-29T01:37:22.587+0000] {dag.py:2585} INFO - Sync 1 DAGs
[2023-03-29T01:37:22.602+0000] {logging_mixin.py:120} INFO - [2023-03-29T01:37:22.602+0000] {dag.py:3340} INFO - Setting next_dagrun for example_branch_operator to 2023-03-28T00:00:00+00:00, run_after=2023-03-29T00:00:00+00:00
[2023-03-29T01:37:22.615+0000] {processor.py:176} INFO - Processing /home/airflow/.local/lib/python3.7/site-packages/airflow/example_dags/example_branch_operator.py took 0.069 seconds
[2023-03-29T01:37:53.012+0000] {processor.py:154} INFO - Started process (PID=471) to work on /home/airflow/.local/lib/python3.7/site-packages/airflow/example_dags/example_branch_operator.py
[2023-03-29T01:37:53.015+0000] {processor.py:756} INFO - Processing file /home/airflow/.local/lib/python3.7/site-packages/airflow/example_dags/example_branch_operator.py for tasks to queue
[2023-03-29T01:37:53.016+0000] {logging_mixin.py:120} INFO - [2023-03-29T01:37:53.016+0000] {dagbag.py:537} INFO - Filling up the DagBag from /home/airflow/.local/lib/python3.7/site-packages/airflow/example_dags/example_branch_operator.py
[2023-03-29T01:37:53.028+0000] {processor.py:766} INFO - DAG(s) dict_keys(['example_branch_operator']) retrieved from /home/airflow/.local/lib/python3.7/site-packages/airflow/example_dags/example_branch_operator.py
[2023-03-29T01:37:53.057+0000] {logging_mixin.py:120} INFO - [2023-03-29T01:37:53.057+0000] {dag.py:2585} INFO - Sync 1 DAGs
[2023-03-29T01:37:53.076+0000] {logging_mixin.py:120} INFO - [2023-03-29T01:37:53.076+0000] {dag.py:3340} INFO - Setting next_dagrun for example_branch_operator to 2023-03-28T00:00:00+00:00, run_after=2023-03-29T00:00:00+00:00
[2023-03-29T01:37:53.088+0000] {processor.py:176} INFO - Processing /home/airflow/.local/lib/python3.7/site-packages/airflow/example_dags/example_branch_operator.py took 0.078 seconds
[2023-03-29T01:38:23.221+0000] {processor.py:154} INFO - Started process (PID=534) to work on /home/airflow/.local/lib/python3.7/site-packages/airflow/example_dags/example_branch_operator.py
[2023-03-29T01:38:23.222+0000] {processor.py:756} INFO - Processing file /home/airflow/.local/lib/python3.7/site-packages/airflow/example_dags/example_branch_operator.py for tasks to queue
[2023-03-29T01:38:23.223+0000] {logging_mixin.py:120} INFO - [2023-03-29T01:38:23.223+0000] {dagbag.py:537} INFO - Filling up the DagBag from /home/airflow/.local/lib/python3.7/site-packages/airflow/example_dags/example_branch_operator.py
[2023-03-29T01:38:23.236+0000] {processor.py:766} INFO - DAG(s) dict_keys(['example_branch_operator']) retrieved from /home/airflow/.local/lib/python3.7/site-packages/airflow/example_dags/example_branch_operator.py
[2023-03-29T01:38:23.265+0000] {logging_mixin.py:120} INFO - [2023-03-29T01:38:23.265+0000] {dag.py:2585} INFO - Sync 1 DAGs
[2023-03-29T01:38:23.281+0000] {logging_mixin.py:120} INFO - [2023-03-29T01:38:23.281+0000] {dag.py:3340} INFO - Setting next_dagrun for example_branch_operator to 2023-03-28T00:00:00+00:00, run_after=2023-03-29T00:00:00+00:00
[2023-03-29T01:38:23.295+0000] {processor.py:176} INFO - Processing /home/airflow/.local/lib/python3.7/site-packages/airflow/example_dags/example_branch_operator.py took 0.077 seconds
