[2023-03-29T01:34:21.280+0000] {processor.py:154} INFO - Started process (PID=53) to work on /home/airflow/.local/lib/python3.7/site-packages/airflow/example_dags/example_xcomargs.py
[2023-03-29T01:34:21.281+0000] {processor.py:756} INFO - Processing file /home/airflow/.local/lib/python3.7/site-packages/airflow/example_dags/example_xcomargs.py for tasks to queue
[2023-03-29T01:34:21.283+0000] {logging_mixin.py:120} INFO - [2023-03-29T01:34:21.283+0000] {dagbag.py:537} INFO - Filling up the DagBag from /home/airflow/.local/lib/python3.7/site-packages/airflow/example_dags/example_xcomargs.py
[2023-03-29T01:34:21.300+0000] {processor.py:766} INFO - DAG(s) dict_keys(['example_xcom_args', 'example_xcom_args_with_operators']) retrieved from /home/airflow/.local/lib/python3.7/site-packages/airflow/example_dags/example_xcomargs.py
[2023-03-29T01:34:21.324+0000] {logging_mixin.py:120} INFO - [2023-03-29T01:34:21.324+0000] {dag.py:2585} INFO - Sync 2 DAGs
[2023-03-29T01:34:21.344+0000] {logging_mixin.py:120} INFO - [2023-03-29T01:34:21.344+0000] {dag.py:3340} INFO - Setting next_dagrun for example_xcom_args to None, run_after=None
[2023-03-29T01:34:21.352+0000] {logging_mixin.py:120} INFO - [2023-03-29T01:34:21.352+0000] {dag.py:3340} INFO - Setting next_dagrun for example_xcom_args_with_operators to None, run_after=None
[2023-03-29T01:34:21.379+0000] {processor.py:176} INFO - Processing /home/airflow/.local/lib/python3.7/site-packages/airflow/example_dags/example_xcomargs.py took 0.101 seconds
[2023-03-29T01:34:51.622+0000] {processor.py:154} INFO - Started process (PID=115) to work on /home/airflow/.local/lib/python3.7/site-packages/airflow/example_dags/example_xcomargs.py
[2023-03-29T01:34:51.624+0000] {processor.py:756} INFO - Processing file /home/airflow/.local/lib/python3.7/site-packages/airflow/example_dags/example_xcomargs.py for tasks to queue
[2023-03-29T01:34:51.625+0000] {logging_mixin.py:120} INFO - [2023-03-29T01:34:51.625+0000] {dagbag.py:537} INFO - Filling up the DagBag from /home/airflow/.local/lib/python3.7/site-packages/airflow/example_dags/example_xcomargs.py
[2023-03-29T01:34:51.642+0000] {processor.py:766} INFO - DAG(s) dict_keys(['example_xcom_args_with_operators', 'example_xcom_args']) retrieved from /home/airflow/.local/lib/python3.7/site-packages/airflow/example_dags/example_xcomargs.py
[2023-03-29T01:34:51.671+0000] {logging_mixin.py:120} INFO - [2023-03-29T01:34:51.671+0000] {dag.py:2585} INFO - Sync 2 DAGs
[2023-03-29T01:34:51.687+0000] {logging_mixin.py:120} INFO - [2023-03-29T01:34:51.686+0000] {dag.py:3340} INFO - Setting next_dagrun for example_xcom_args to None, run_after=None
[2023-03-29T01:34:51.690+0000] {logging_mixin.py:120} INFO - [2023-03-29T01:34:51.690+0000] {dag.py:3340} INFO - Setting next_dagrun for example_xcom_args_with_operators to None, run_after=None
[2023-03-29T01:34:51.705+0000] {processor.py:176} INFO - Processing /home/airflow/.local/lib/python3.7/site-packages/airflow/example_dags/example_xcomargs.py took 0.084 seconds
[2023-03-29T01:35:21.864+0000] {processor.py:154} INFO - Started process (PID=178) to work on /home/airflow/.local/lib/python3.7/site-packages/airflow/example_dags/example_xcomargs.py
[2023-03-29T01:35:21.866+0000] {processor.py:756} INFO - Processing file /home/airflow/.local/lib/python3.7/site-packages/airflow/example_dags/example_xcomargs.py for tasks to queue
[2023-03-29T01:35:21.867+0000] {logging_mixin.py:120} INFO - [2023-03-29T01:35:21.867+0000] {dagbag.py:537} INFO - Filling up the DagBag from /home/airflow/.local/lib/python3.7/site-packages/airflow/example_dags/example_xcomargs.py
[2023-03-29T01:35:21.892+0000] {processor.py:766} INFO - DAG(s) dict_keys(['example_xcom_args', 'example_xcom_args_with_operators']) retrieved from /home/airflow/.local/lib/python3.7/site-packages/airflow/example_dags/example_xcomargs.py
[2023-03-29T01:35:21.924+0000] {logging_mixin.py:120} INFO - [2023-03-29T01:35:21.924+0000] {dag.py:2585} INFO - Sync 2 DAGs
[2023-03-29T01:35:21.941+0000] {logging_mixin.py:120} INFO - [2023-03-29T01:35:21.941+0000] {dag.py:3340} INFO - Setting next_dagrun for example_xcom_args to None, run_after=None
[2023-03-29T01:35:21.945+0000] {logging_mixin.py:120} INFO - [2023-03-29T01:35:21.945+0000] {dag.py:3340} INFO - Setting next_dagrun for example_xcom_args_with_operators to None, run_after=None
[2023-03-29T01:35:21.958+0000] {processor.py:176} INFO - Processing /home/airflow/.local/lib/python3.7/site-packages/airflow/example_dags/example_xcomargs.py took 0.096 seconds
[2023-03-29T01:35:52.229+0000] {processor.py:154} INFO - Started process (PID=240) to work on /home/airflow/.local/lib/python3.7/site-packages/airflow/example_dags/example_xcomargs.py
[2023-03-29T01:35:52.231+0000] {processor.py:756} INFO - Processing file /home/airflow/.local/lib/python3.7/site-packages/airflow/example_dags/example_xcomargs.py for tasks to queue
[2023-03-29T01:35:52.232+0000] {logging_mixin.py:120} INFO - [2023-03-29T01:35:52.232+0000] {dagbag.py:537} INFO - Filling up the DagBag from /home/airflow/.local/lib/python3.7/site-packages/airflow/example_dags/example_xcomargs.py
[2023-03-29T01:35:52.247+0000] {processor.py:766} INFO - DAG(s) dict_keys(['example_xcom_args', 'example_xcom_args_with_operators']) retrieved from /home/airflow/.local/lib/python3.7/site-packages/airflow/example_dags/example_xcomargs.py
[2023-03-29T01:35:52.274+0000] {logging_mixin.py:120} INFO - [2023-03-29T01:35:52.273+0000] {dag.py:2585} INFO - Sync 2 DAGs
[2023-03-29T01:35:52.288+0000] {logging_mixin.py:120} INFO - [2023-03-29T01:35:52.288+0000] {dag.py:3340} INFO - Setting next_dagrun for example_xcom_args to None, run_after=None
[2023-03-29T01:35:52.291+0000] {logging_mixin.py:120} INFO - [2023-03-29T01:35:52.291+0000] {dag.py:3340} INFO - Setting next_dagrun for example_xcom_args_with_operators to None, run_after=None
[2023-03-29T01:35:52.303+0000] {processor.py:176} INFO - Processing /home/airflow/.local/lib/python3.7/site-packages/airflow/example_dags/example_xcomargs.py took 0.075 seconds
[2023-03-29T01:36:22.574+0000] {processor.py:154} INFO - Started process (PID=301) to work on /home/airflow/.local/lib/python3.7/site-packages/airflow/example_dags/example_xcomargs.py
[2023-03-29T01:36:22.576+0000] {processor.py:756} INFO - Processing file /home/airflow/.local/lib/python3.7/site-packages/airflow/example_dags/example_xcomargs.py for tasks to queue
[2023-03-29T01:36:22.577+0000] {logging_mixin.py:120} INFO - [2023-03-29T01:36:22.577+0000] {dagbag.py:537} INFO - Filling up the DagBag from /home/airflow/.local/lib/python3.7/site-packages/airflow/example_dags/example_xcomargs.py
[2023-03-29T01:36:22.594+0000] {processor.py:766} INFO - DAG(s) dict_keys(['example_xcom_args', 'example_xcom_args_with_operators']) retrieved from /home/airflow/.local/lib/python3.7/site-packages/airflow/example_dags/example_xcomargs.py
[2023-03-29T01:36:22.626+0000] {logging_mixin.py:120} INFO - [2023-03-29T01:36:22.626+0000] {dag.py:2585} INFO - Sync 2 DAGs
[2023-03-29T01:36:22.644+0000] {logging_mixin.py:120} INFO - [2023-03-29T01:36:22.644+0000] {dag.py:3340} INFO - Setting next_dagrun for example_xcom_args to None, run_after=None
[2023-03-29T01:36:22.647+0000] {logging_mixin.py:120} INFO - [2023-03-29T01:36:22.647+0000] {dag.py:3340} INFO - Setting next_dagrun for example_xcom_args_with_operators to None, run_after=None
[2023-03-29T01:36:22.660+0000] {processor.py:176} INFO - Processing /home/airflow/.local/lib/python3.7/site-packages/airflow/example_dags/example_xcomargs.py took 0.088 seconds
[2023-03-29T01:36:52.909+0000] {processor.py:154} INFO - Started process (PID=357) to work on /home/airflow/.local/lib/python3.7/site-packages/airflow/example_dags/example_xcomargs.py
[2023-03-29T01:36:52.911+0000] {processor.py:756} INFO - Processing file /home/airflow/.local/lib/python3.7/site-packages/airflow/example_dags/example_xcomargs.py for tasks to queue
[2023-03-29T01:36:52.912+0000] {logging_mixin.py:120} INFO - [2023-03-29T01:36:52.912+0000] {dagbag.py:537} INFO - Filling up the DagBag from /home/airflow/.local/lib/python3.7/site-packages/airflow/example_dags/example_xcomargs.py
[2023-03-29T01:36:52.926+0000] {processor.py:766} INFO - DAG(s) dict_keys(['example_xcom_args', 'example_xcom_args_with_operators']) retrieved from /home/airflow/.local/lib/python3.7/site-packages/airflow/example_dags/example_xcomargs.py
[2023-03-29T01:36:52.957+0000] {logging_mixin.py:120} INFO - [2023-03-29T01:36:52.957+0000] {dag.py:2585} INFO - Sync 2 DAGs
[2023-03-29T01:36:52.974+0000] {logging_mixin.py:120} INFO - [2023-03-29T01:36:52.974+0000] {dag.py:3340} INFO - Setting next_dagrun for example_xcom_args to None, run_after=None
[2023-03-29T01:36:52.976+0000] {logging_mixin.py:120} INFO - [2023-03-29T01:36:52.976+0000] {dag.py:3340} INFO - Setting next_dagrun for example_xcom_args_with_operators to None, run_after=None
[2023-03-29T01:36:52.990+0000] {processor.py:176} INFO - Processing /home/airflow/.local/lib/python3.7/site-packages/airflow/example_dags/example_xcomargs.py took 0.083 seconds
[2023-03-29T01:37:23.411+0000] {processor.py:154} INFO - Started process (PID=420) to work on /home/airflow/.local/lib/python3.7/site-packages/airflow/example_dags/example_xcomargs.py
[2023-03-29T01:37:23.413+0000] {processor.py:756} INFO - Processing file /home/airflow/.local/lib/python3.7/site-packages/airflow/example_dags/example_xcomargs.py for tasks to queue
[2023-03-29T01:37:23.416+0000] {logging_mixin.py:120} INFO - [2023-03-29T01:37:23.415+0000] {dagbag.py:537} INFO - Filling up the DagBag from /home/airflow/.local/lib/python3.7/site-packages/airflow/example_dags/example_xcomargs.py
[2023-03-29T01:37:23.432+0000] {processor.py:766} INFO - DAG(s) dict_keys(['example_xcom_args_with_operators', 'example_xcom_args']) retrieved from /home/airflow/.local/lib/python3.7/site-packages/airflow/example_dags/example_xcomargs.py
[2023-03-29T01:37:23.463+0000] {logging_mixin.py:120} INFO - [2023-03-29T01:37:23.463+0000] {dag.py:2585} INFO - Sync 2 DAGs
[2023-03-29T01:37:23.478+0000] {logging_mixin.py:120} INFO - [2023-03-29T01:37:23.478+0000] {dag.py:3340} INFO - Setting next_dagrun for example_xcom_args to None, run_after=None
[2023-03-29T01:37:23.481+0000] {logging_mixin.py:120} INFO - [2023-03-29T01:37:23.481+0000] {dag.py:3340} INFO - Setting next_dagrun for example_xcom_args_with_operators to None, run_after=None
[2023-03-29T01:37:23.492+0000] {processor.py:176} INFO - Processing /home/airflow/.local/lib/python3.7/site-packages/airflow/example_dags/example_xcomargs.py took 0.086 seconds
[2023-03-29T01:37:53.627+0000] {processor.py:154} INFO - Started process (PID=483) to work on /home/airflow/.local/lib/python3.7/site-packages/airflow/example_dags/example_xcomargs.py
[2023-03-29T01:37:53.629+0000] {processor.py:756} INFO - Processing file /home/airflow/.local/lib/python3.7/site-packages/airflow/example_dags/example_xcomargs.py for tasks to queue
[2023-03-29T01:37:53.630+0000] {logging_mixin.py:120} INFO - [2023-03-29T01:37:53.630+0000] {dagbag.py:537} INFO - Filling up the DagBag from /home/airflow/.local/lib/python3.7/site-packages/airflow/example_dags/example_xcomargs.py
[2023-03-29T01:37:53.644+0000] {processor.py:766} INFO - DAG(s) dict_keys(['example_xcom_args', 'example_xcom_args_with_operators']) retrieved from /home/airflow/.local/lib/python3.7/site-packages/airflow/example_dags/example_xcomargs.py
[2023-03-29T01:37:53.677+0000] {logging_mixin.py:120} INFO - [2023-03-29T01:37:53.677+0000] {dag.py:2585} INFO - Sync 2 DAGs
[2023-03-29T01:37:53.696+0000] {logging_mixin.py:120} INFO - [2023-03-29T01:37:53.696+0000] {dag.py:3340} INFO - Setting next_dagrun for example_xcom_args to None, run_after=None
[2023-03-29T01:37:53.699+0000] {logging_mixin.py:120} INFO - [2023-03-29T01:37:53.699+0000] {dag.py:3340} INFO - Setting next_dagrun for example_xcom_args_with_operators to None, run_after=None
[2023-03-29T01:37:53.712+0000] {processor.py:176} INFO - Processing /home/airflow/.local/lib/python3.7/site-packages/airflow/example_dags/example_xcomargs.py took 0.087 seconds
[2023-03-29T01:38:24.046+0000] {processor.py:154} INFO - Started process (PID=546) to work on /home/airflow/.local/lib/python3.7/site-packages/airflow/example_dags/example_xcomargs.py
[2023-03-29T01:38:24.048+0000] {processor.py:756} INFO - Processing file /home/airflow/.local/lib/python3.7/site-packages/airflow/example_dags/example_xcomargs.py for tasks to queue
[2023-03-29T01:38:24.049+0000] {logging_mixin.py:120} INFO - [2023-03-29T01:38:24.049+0000] {dagbag.py:537} INFO - Filling up the DagBag from /home/airflow/.local/lib/python3.7/site-packages/airflow/example_dags/example_xcomargs.py
[2023-03-29T01:38:24.064+0000] {processor.py:766} INFO - DAG(s) dict_keys(['example_xcom_args_with_operators', 'example_xcom_args']) retrieved from /home/airflow/.local/lib/python3.7/site-packages/airflow/example_dags/example_xcomargs.py
[2023-03-29T01:38:24.093+0000] {logging_mixin.py:120} INFO - [2023-03-29T01:38:24.093+0000] {dag.py:2585} INFO - Sync 2 DAGs
[2023-03-29T01:38:24.109+0000] {logging_mixin.py:120} INFO - [2023-03-29T01:38:24.109+0000] {dag.py:3340} INFO - Setting next_dagrun for example_xcom_args to None, run_after=None
[2023-03-29T01:38:24.112+0000] {logging_mixin.py:120} INFO - [2023-03-29T01:38:24.112+0000] {dag.py:3340} INFO - Setting next_dagrun for example_xcom_args_with_operators to None, run_after=None
[2023-03-29T01:38:24.123+0000] {processor.py:176} INFO - Processing /home/airflow/.local/lib/python3.7/site-packages/airflow/example_dags/example_xcomargs.py took 0.079 seconds
