[2023-03-29T01:34:22.094+0000] {processor.py:154} INFO - Started process (PID=66) to work on /home/airflow/.local/lib/python3.7/site-packages/airflow/example_dags/example_branch_datetime_operator.py
[2023-03-29T01:34:22.096+0000] {processor.py:756} INFO - Processing file /home/airflow/.local/lib/python3.7/site-packages/airflow/example_dags/example_branch_datetime_operator.py for tasks to queue
[2023-03-29T01:34:22.097+0000] {logging_mixin.py:120} INFO - [2023-03-29T01:34:22.097+0000] {dagbag.py:537} INFO - Filling up the DagBag from /home/airflow/.local/lib/python3.7/site-packages/airflow/example_dags/example_branch_datetime_operator.py
[2023-03-29T01:34:22.111+0000] {processor.py:766} INFO - DAG(s) dict_keys(['example_branch_datetime_operator_2', 'example_branch_datetime_operator', 'example_branch_datetime_operator_3']) retrieved from /home/airflow/.local/lib/python3.7/site-packages/airflow/example_dags/example_branch_datetime_operator.py
[2023-03-29T01:34:22.131+0000] {logging_mixin.py:120} INFO - [2023-03-29T01:34:22.131+0000] {dag.py:2585} INFO - Sync 3 DAGs
[2023-03-29T01:34:22.150+0000] {logging_mixin.py:120} INFO - [2023-03-29T01:34:22.150+0000] {dag.py:3340} INFO - Setting next_dagrun for example_branch_datetime_operator to 2023-03-28T00:00:00+00:00, run_after=2023-03-29T00:00:00+00:00
[2023-03-29T01:34:22.153+0000] {logging_mixin.py:120} INFO - [2023-03-29T01:34:22.153+0000] {dag.py:3340} INFO - Setting next_dagrun for example_branch_datetime_operator_2 to 2023-03-28T00:00:00+00:00, run_after=2023-03-29T00:00:00+00:00
[2023-03-29T01:34:22.157+0000] {logging_mixin.py:120} INFO - [2023-03-29T01:34:22.157+0000] {dag.py:3340} INFO - Setting next_dagrun for example_branch_datetime_operator_3 to 2023-03-28T00:00:00+00:00, run_after=2023-03-29T00:00:00+00:00
[2023-03-29T01:34:22.169+0000] {processor.py:176} INFO - Processing /home/airflow/.local/lib/python3.7/site-packages/airflow/example_dags/example_branch_datetime_operator.py took 0.079 seconds
[2023-03-29T01:34:52.298+0000] {processor.py:154} INFO - Started process (PID=128) to work on /home/airflow/.local/lib/python3.7/site-packages/airflow/example_dags/example_branch_datetime_operator.py
[2023-03-29T01:34:52.300+0000] {processor.py:756} INFO - Processing file /home/airflow/.local/lib/python3.7/site-packages/airflow/example_dags/example_branch_datetime_operator.py for tasks to queue
[2023-03-29T01:34:52.301+0000] {logging_mixin.py:120} INFO - [2023-03-29T01:34:52.301+0000] {dagbag.py:537} INFO - Filling up the DagBag from /home/airflow/.local/lib/python3.7/site-packages/airflow/example_dags/example_branch_datetime_operator.py
[2023-03-29T01:34:52.313+0000] {processor.py:766} INFO - DAG(s) dict_keys(['example_branch_datetime_operator_2', 'example_branch_datetime_operator_3', 'example_branch_datetime_operator']) retrieved from /home/airflow/.local/lib/python3.7/site-packages/airflow/example_dags/example_branch_datetime_operator.py
[2023-03-29T01:34:52.346+0000] {logging_mixin.py:120} INFO - [2023-03-29T01:34:52.346+0000] {dag.py:2585} INFO - Sync 3 DAGs
[2023-03-29T01:34:52.362+0000] {logging_mixin.py:120} INFO - [2023-03-29T01:34:52.362+0000] {dag.py:3340} INFO - Setting next_dagrun for example_branch_datetime_operator to 2023-03-28T00:00:00+00:00, run_after=2023-03-29T00:00:00+00:00
[2023-03-29T01:34:52.366+0000] {logging_mixin.py:120} INFO - [2023-03-29T01:34:52.366+0000] {dag.py:3340} INFO - Setting next_dagrun for example_branch_datetime_operator_2 to 2023-03-28T00:00:00+00:00, run_after=2023-03-29T00:00:00+00:00
[2023-03-29T01:34:52.368+0000] {logging_mixin.py:120} INFO - [2023-03-29T01:34:52.368+0000] {dag.py:3340} INFO - Setting next_dagrun for example_branch_datetime_operator_3 to 2023-03-28T00:00:00+00:00, run_after=2023-03-29T00:00:00+00:00
[2023-03-29T01:34:52.379+0000] {processor.py:176} INFO - Processing /home/airflow/.local/lib/python3.7/site-packages/airflow/example_dags/example_branch_datetime_operator.py took 0.083 seconds
[2023-03-29T01:35:22.571+0000] {processor.py:154} INFO - Started process (PID=191) to work on /home/airflow/.local/lib/python3.7/site-packages/airflow/example_dags/example_branch_datetime_operator.py
[2023-03-29T01:35:22.573+0000] {processor.py:756} INFO - Processing file /home/airflow/.local/lib/python3.7/site-packages/airflow/example_dags/example_branch_datetime_operator.py for tasks to queue
[2023-03-29T01:35:22.575+0000] {logging_mixin.py:120} INFO - [2023-03-29T01:35:22.575+0000] {dagbag.py:537} INFO - Filling up the DagBag from /home/airflow/.local/lib/python3.7/site-packages/airflow/example_dags/example_branch_datetime_operator.py
[2023-03-29T01:35:22.588+0000] {processor.py:766} INFO - DAG(s) dict_keys(['example_branch_datetime_operator_3', 'example_branch_datetime_operator_2', 'example_branch_datetime_operator']) retrieved from /home/airflow/.local/lib/python3.7/site-packages/airflow/example_dags/example_branch_datetime_operator.py
[2023-03-29T01:35:22.623+0000] {logging_mixin.py:120} INFO - [2023-03-29T01:35:22.623+0000] {dag.py:2585} INFO - Sync 3 DAGs
[2023-03-29T01:35:22.643+0000] {logging_mixin.py:120} INFO - [2023-03-29T01:35:22.643+0000] {dag.py:3340} INFO - Setting next_dagrun for example_branch_datetime_operator to 2023-03-28T00:00:00+00:00, run_after=2023-03-29T00:00:00+00:00
[2023-03-29T01:35:22.647+0000] {logging_mixin.py:120} INFO - [2023-03-29T01:35:22.647+0000] {dag.py:3340} INFO - Setting next_dagrun for example_branch_datetime_operator_2 to 2023-03-28T00:00:00+00:00, run_after=2023-03-29T00:00:00+00:00
[2023-03-29T01:35:22.650+0000] {logging_mixin.py:120} INFO - [2023-03-29T01:35:22.650+0000] {dag.py:3340} INFO - Setting next_dagrun for example_branch_datetime_operator_3 to 2023-03-28T00:00:00+00:00, run_after=2023-03-29T00:00:00+00:00
[2023-03-29T01:35:22.662+0000] {processor.py:176} INFO - Processing /home/airflow/.local/lib/python3.7/site-packages/airflow/example_dags/example_branch_datetime_operator.py took 0.093 seconds
[2023-03-29T01:35:53.035+0000] {processor.py:154} INFO - Started process (PID=253) to work on /home/airflow/.local/lib/python3.7/site-packages/airflow/example_dags/example_branch_datetime_operator.py
[2023-03-29T01:35:53.037+0000] {processor.py:756} INFO - Processing file /home/airflow/.local/lib/python3.7/site-packages/airflow/example_dags/example_branch_datetime_operator.py for tasks to queue
[2023-03-29T01:35:53.038+0000] {logging_mixin.py:120} INFO - [2023-03-29T01:35:53.038+0000] {dagbag.py:537} INFO - Filling up the DagBag from /home/airflow/.local/lib/python3.7/site-packages/airflow/example_dags/example_branch_datetime_operator.py
[2023-03-29T01:35:53.050+0000] {processor.py:766} INFO - DAG(s) dict_keys(['example_branch_datetime_operator_3', 'example_branch_datetime_operator', 'example_branch_datetime_operator_2']) retrieved from /home/airflow/.local/lib/python3.7/site-packages/airflow/example_dags/example_branch_datetime_operator.py
[2023-03-29T01:35:53.078+0000] {logging_mixin.py:120} INFO - [2023-03-29T01:35:53.078+0000] {dag.py:2585} INFO - Sync 3 DAGs
[2023-03-29T01:35:53.092+0000] {logging_mixin.py:120} INFO - [2023-03-29T01:35:53.092+0000] {dag.py:3340} INFO - Setting next_dagrun for example_branch_datetime_operator to 2023-03-28T00:00:00+00:00, run_after=2023-03-29T00:00:00+00:00
[2023-03-29T01:35:53.095+0000] {logging_mixin.py:120} INFO - [2023-03-29T01:35:53.095+0000] {dag.py:3340} INFO - Setting next_dagrun for example_branch_datetime_operator_2 to 2023-03-28T00:00:00+00:00, run_after=2023-03-29T00:00:00+00:00
[2023-03-29T01:35:53.097+0000] {logging_mixin.py:120} INFO - [2023-03-29T01:35:53.097+0000] {dag.py:3340} INFO - Setting next_dagrun for example_branch_datetime_operator_3 to 2023-03-28T00:00:00+00:00, run_after=2023-03-29T00:00:00+00:00
[2023-03-29T01:35:53.106+0000] {processor.py:176} INFO - Processing /home/airflow/.local/lib/python3.7/site-packages/airflow/example_dags/example_branch_datetime_operator.py took 0.073 seconds
[2023-03-29T01:36:23.344+0000] {processor.py:154} INFO - Started process (PID=316) to work on /home/airflow/.local/lib/python3.7/site-packages/airflow/example_dags/example_branch_datetime_operator.py
[2023-03-29T01:36:23.346+0000] {processor.py:756} INFO - Processing file /home/airflow/.local/lib/python3.7/site-packages/airflow/example_dags/example_branch_datetime_operator.py for tasks to queue
[2023-03-29T01:36:23.348+0000] {logging_mixin.py:120} INFO - [2023-03-29T01:36:23.348+0000] {dagbag.py:537} INFO - Filling up the DagBag from /home/airflow/.local/lib/python3.7/site-packages/airflow/example_dags/example_branch_datetime_operator.py
[2023-03-29T01:36:23.364+0000] {processor.py:766} INFO - DAG(s) dict_keys(['example_branch_datetime_operator_2', 'example_branch_datetime_operator_3', 'example_branch_datetime_operator']) retrieved from /home/airflow/.local/lib/python3.7/site-packages/airflow/example_dags/example_branch_datetime_operator.py
[2023-03-29T01:36:23.401+0000] {logging_mixin.py:120} INFO - [2023-03-29T01:36:23.401+0000] {dag.py:2585} INFO - Sync 3 DAGs
[2023-03-29T01:36:23.418+0000] {logging_mixin.py:120} INFO - [2023-03-29T01:36:23.418+0000] {dag.py:3340} INFO - Setting next_dagrun for example_branch_datetime_operator to 2023-03-28T00:00:00+00:00, run_after=2023-03-29T00:00:00+00:00
[2023-03-29T01:36:23.421+0000] {logging_mixin.py:120} INFO - [2023-03-29T01:36:23.421+0000] {dag.py:3340} INFO - Setting next_dagrun for example_branch_datetime_operator_2 to 2023-03-28T00:00:00+00:00, run_after=2023-03-29T00:00:00+00:00
[2023-03-29T01:36:23.424+0000] {logging_mixin.py:120} INFO - [2023-03-29T01:36:23.424+0000] {dag.py:3340} INFO - Setting next_dagrun for example_branch_datetime_operator_3 to 2023-03-28T00:00:00+00:00, run_after=2023-03-29T00:00:00+00:00
[2023-03-29T01:36:23.437+0000] {processor.py:176} INFO - Processing /home/airflow/.local/lib/python3.7/site-packages/airflow/example_dags/example_branch_datetime_operator.py took 0.095 seconds
[2023-03-29T01:36:53.578+0000] {processor.py:154} INFO - Started process (PID=370) to work on /home/airflow/.local/lib/python3.7/site-packages/airflow/example_dags/example_branch_datetime_operator.py
[2023-03-29T01:36:53.579+0000] {processor.py:756} INFO - Processing file /home/airflow/.local/lib/python3.7/site-packages/airflow/example_dags/example_branch_datetime_operator.py for tasks to queue
[2023-03-29T01:36:53.580+0000] {logging_mixin.py:120} INFO - [2023-03-29T01:36:53.580+0000] {dagbag.py:537} INFO - Filling up the DagBag from /home/airflow/.local/lib/python3.7/site-packages/airflow/example_dags/example_branch_datetime_operator.py
[2023-03-29T01:36:53.592+0000] {processor.py:766} INFO - DAG(s) dict_keys(['example_branch_datetime_operator_3', 'example_branch_datetime_operator_2', 'example_branch_datetime_operator']) retrieved from /home/airflow/.local/lib/python3.7/site-packages/airflow/example_dags/example_branch_datetime_operator.py
[2023-03-29T01:36:53.622+0000] {logging_mixin.py:120} INFO - [2023-03-29T01:36:53.622+0000] {dag.py:2585} INFO - Sync 3 DAGs
[2023-03-29T01:36:53.639+0000] {logging_mixin.py:120} INFO - [2023-03-29T01:36:53.639+0000] {dag.py:3340} INFO - Setting next_dagrun for example_branch_datetime_operator to 2023-03-28T00:00:00+00:00, run_after=2023-03-29T00:00:00+00:00
[2023-03-29T01:36:53.642+0000] {logging_mixin.py:120} INFO - [2023-03-29T01:36:53.642+0000] {dag.py:3340} INFO - Setting next_dagrun for example_branch_datetime_operator_2 to 2023-03-28T00:00:00+00:00, run_after=2023-03-29T00:00:00+00:00
[2023-03-29T01:36:53.645+0000] {logging_mixin.py:120} INFO - [2023-03-29T01:36:53.645+0000] {dag.py:3340} INFO - Setting next_dagrun for example_branch_datetime_operator_3 to 2023-03-28T00:00:00+00:00, run_after=2023-03-29T00:00:00+00:00
[2023-03-29T01:36:53.659+0000] {processor.py:176} INFO - Processing /home/airflow/.local/lib/python3.7/site-packages/airflow/example_dags/example_branch_datetime_operator.py took 0.084 seconds
[2023-03-29T01:37:24.167+0000] {processor.py:154} INFO - Started process (PID=433) to work on /home/airflow/.local/lib/python3.7/site-packages/airflow/example_dags/example_branch_datetime_operator.py
[2023-03-29T01:37:24.168+0000] {processor.py:756} INFO - Processing file /home/airflow/.local/lib/python3.7/site-packages/airflow/example_dags/example_branch_datetime_operator.py for tasks to queue
[2023-03-29T01:37:24.170+0000] {logging_mixin.py:120} INFO - [2023-03-29T01:37:24.170+0000] {dagbag.py:537} INFO - Filling up the DagBag from /home/airflow/.local/lib/python3.7/site-packages/airflow/example_dags/example_branch_datetime_operator.py
[2023-03-29T01:37:24.183+0000] {processor.py:766} INFO - DAG(s) dict_keys(['example_branch_datetime_operator', 'example_branch_datetime_operator_2', 'example_branch_datetime_operator_3']) retrieved from /home/airflow/.local/lib/python3.7/site-packages/airflow/example_dags/example_branch_datetime_operator.py
[2023-03-29T01:37:24.213+0000] {logging_mixin.py:120} INFO - [2023-03-29T01:37:24.213+0000] {dag.py:2585} INFO - Sync 3 DAGs
[2023-03-29T01:37:24.230+0000] {logging_mixin.py:120} INFO - [2023-03-29T01:37:24.230+0000] {dag.py:3340} INFO - Setting next_dagrun for example_branch_datetime_operator to 2023-03-28T00:00:00+00:00, run_after=2023-03-29T00:00:00+00:00
[2023-03-29T01:37:24.235+0000] {logging_mixin.py:120} INFO - [2023-03-29T01:37:24.235+0000] {dag.py:3340} INFO - Setting next_dagrun for example_branch_datetime_operator_2 to 2023-03-28T00:00:00+00:00, run_after=2023-03-29T00:00:00+00:00
[2023-03-29T01:37:24.237+0000] {logging_mixin.py:120} INFO - [2023-03-29T01:37:24.237+0000] {dag.py:3340} INFO - Setting next_dagrun for example_branch_datetime_operator_3 to 2023-03-28T00:00:00+00:00, run_after=2023-03-29T00:00:00+00:00
[2023-03-29T01:37:24.248+0000] {processor.py:176} INFO - Processing /home/airflow/.local/lib/python3.7/site-packages/airflow/example_dags/example_branch_datetime_operator.py took 0.084 seconds
[2023-03-29T01:37:54.326+0000] {processor.py:154} INFO - Started process (PID=496) to work on /home/airflow/.local/lib/python3.7/site-packages/airflow/example_dags/example_branch_datetime_operator.py
[2023-03-29T01:37:54.328+0000] {processor.py:756} INFO - Processing file /home/airflow/.local/lib/python3.7/site-packages/airflow/example_dags/example_branch_datetime_operator.py for tasks to queue
[2023-03-29T01:37:54.329+0000] {logging_mixin.py:120} INFO - [2023-03-29T01:37:54.329+0000] {dagbag.py:537} INFO - Filling up the DagBag from /home/airflow/.local/lib/python3.7/site-packages/airflow/example_dags/example_branch_datetime_operator.py
[2023-03-29T01:37:54.340+0000] {processor.py:766} INFO - DAG(s) dict_keys(['example_branch_datetime_operator_3', 'example_branch_datetime_operator_2', 'example_branch_datetime_operator']) retrieved from /home/airflow/.local/lib/python3.7/site-packages/airflow/example_dags/example_branch_datetime_operator.py
[2023-03-29T01:37:54.372+0000] {logging_mixin.py:120} INFO - [2023-03-29T01:37:54.372+0000] {dag.py:2585} INFO - Sync 3 DAGs
[2023-03-29T01:37:54.388+0000] {logging_mixin.py:120} INFO - [2023-03-29T01:37:54.388+0000] {dag.py:3340} INFO - Setting next_dagrun for example_branch_datetime_operator to 2023-03-28T00:00:00+00:00, run_after=2023-03-29T00:00:00+00:00
[2023-03-29T01:37:54.392+0000] {logging_mixin.py:120} INFO - [2023-03-29T01:37:54.392+0000] {dag.py:3340} INFO - Setting next_dagrun for example_branch_datetime_operator_2 to 2023-03-28T00:00:00+00:00, run_after=2023-03-29T00:00:00+00:00
[2023-03-29T01:37:54.395+0000] {logging_mixin.py:120} INFO - [2023-03-29T01:37:54.395+0000] {dag.py:3340} INFO - Setting next_dagrun for example_branch_datetime_operator_3 to 2023-03-28T00:00:00+00:00, run_after=2023-03-29T00:00:00+00:00
[2023-03-29T01:37:54.406+0000] {processor.py:176} INFO - Processing /home/airflow/.local/lib/python3.7/site-packages/airflow/example_dags/example_branch_datetime_operator.py took 0.082 seconds
[2023-03-29T01:38:24.814+0000] {processor.py:154} INFO - Started process (PID=559) to work on /home/airflow/.local/lib/python3.7/site-packages/airflow/example_dags/example_branch_datetime_operator.py
[2023-03-29T01:38:24.815+0000] {processor.py:756} INFO - Processing file /home/airflow/.local/lib/python3.7/site-packages/airflow/example_dags/example_branch_datetime_operator.py for tasks to queue
[2023-03-29T01:38:24.816+0000] {logging_mixin.py:120} INFO - [2023-03-29T01:38:24.816+0000] {dagbag.py:537} INFO - Filling up the DagBag from /home/airflow/.local/lib/python3.7/site-packages/airflow/example_dags/example_branch_datetime_operator.py
[2023-03-29T01:38:24.828+0000] {processor.py:766} INFO - DAG(s) dict_keys(['example_branch_datetime_operator_3', 'example_branch_datetime_operator_2', 'example_branch_datetime_operator']) retrieved from /home/airflow/.local/lib/python3.7/site-packages/airflow/example_dags/example_branch_datetime_operator.py
[2023-03-29T01:38:24.857+0000] {logging_mixin.py:120} INFO - [2023-03-29T01:38:24.857+0000] {dag.py:2585} INFO - Sync 3 DAGs
[2023-03-29T01:38:24.872+0000] {logging_mixin.py:120} INFO - [2023-03-29T01:38:24.872+0000] {dag.py:3340} INFO - Setting next_dagrun for example_branch_datetime_operator to 2023-03-28T00:00:00+00:00, run_after=2023-03-29T00:00:00+00:00
[2023-03-29T01:38:24.875+0000] {logging_mixin.py:120} INFO - [2023-03-29T01:38:24.875+0000] {dag.py:3340} INFO - Setting next_dagrun for example_branch_datetime_operator_2 to 2023-03-28T00:00:00+00:00, run_after=2023-03-29T00:00:00+00:00
[2023-03-29T01:38:24.878+0000] {logging_mixin.py:120} INFO - [2023-03-29T01:38:24.878+0000] {dag.py:3340} INFO - Setting next_dagrun for example_branch_datetime_operator_3 to 2023-03-28T00:00:00+00:00, run_after=2023-03-29T00:00:00+00:00
[2023-03-29T01:38:24.890+0000] {processor.py:176} INFO - Processing /home/airflow/.local/lib/python3.7/site-packages/airflow/example_dags/example_branch_datetime_operator.py took 0.078 seconds
