[2023-03-29T01:34:20.852+0000] {processor.py:154} INFO - Started process (PID=45) to work on /home/airflow/.local/lib/python3.7/site-packages/airflow/example_dags/example_sla_dag.py
[2023-03-29T01:34:20.853+0000] {processor.py:756} INFO - Processing file /home/airflow/.local/lib/python3.7/site-packages/airflow/example_dags/example_sla_dag.py for tasks to queue
[2023-03-29T01:34:20.854+0000] {logging_mixin.py:120} INFO - [2023-03-29T01:34:20.854+0000] {dagbag.py:537} INFO - Filling up the DagBag from /home/airflow/.local/lib/python3.7/site-packages/airflow/example_dags/example_sla_dag.py
[2023-03-29T01:34:20.871+0000] {processor.py:766} INFO - DAG(s) dict_keys(['example_sla_dag']) retrieved from /home/airflow/.local/lib/python3.7/site-packages/airflow/example_dags/example_sla_dag.py
[2023-03-29T01:34:20.890+0000] {logging_mixin.py:120} INFO - [2023-03-29T01:34:20.890+0000] {dag.py:2585} INFO - Sync 1 DAGs
[2023-03-29T01:34:20.909+0000] {logging_mixin.py:120} INFO - [2023-03-29T01:34:20.909+0000] {dag.py:3340} INFO - Setting next_dagrun for example_sla_dag to 2023-03-29T01:32:00+00:00, run_after=2023-03-29T01:34:00+00:00
[2023-03-29T01:34:20.941+0000] {processor.py:176} INFO - Processing /home/airflow/.local/lib/python3.7/site-packages/airflow/example_dags/example_sla_dag.py took 0.092 seconds
[2023-03-29T01:34:51.217+0000] {processor.py:154} INFO - Started process (PID=107) to work on /home/airflow/.local/lib/python3.7/site-packages/airflow/example_dags/example_sla_dag.py
[2023-03-29T01:34:51.218+0000] {processor.py:756} INFO - Processing file /home/airflow/.local/lib/python3.7/site-packages/airflow/example_dags/example_sla_dag.py for tasks to queue
[2023-03-29T01:34:51.220+0000] {logging_mixin.py:120} INFO - [2023-03-29T01:34:51.219+0000] {dagbag.py:537} INFO - Filling up the DagBag from /home/airflow/.local/lib/python3.7/site-packages/airflow/example_dags/example_sla_dag.py
[2023-03-29T01:34:51.238+0000] {processor.py:766} INFO - DAG(s) dict_keys(['example_sla_dag']) retrieved from /home/airflow/.local/lib/python3.7/site-packages/airflow/example_dags/example_sla_dag.py
[2023-03-29T01:34:51.275+0000] {logging_mixin.py:120} INFO - [2023-03-29T01:34:51.275+0000] {dag.py:2585} INFO - Sync 1 DAGs
[2023-03-29T01:34:51.292+0000] {logging_mixin.py:120} INFO - [2023-03-29T01:34:51.292+0000] {dag.py:3340} INFO - Setting next_dagrun for example_sla_dag to 2023-03-29T01:32:00+00:00, run_after=2023-03-29T01:34:00+00:00
[2023-03-29T01:34:51.303+0000] {processor.py:176} INFO - Processing /home/airflow/.local/lib/python3.7/site-packages/airflow/example_dags/example_sla_dag.py took 0.089 seconds
[2023-03-29T01:35:21.439+0000] {processor.py:154} INFO - Started process (PID=170) to work on /home/airflow/.local/lib/python3.7/site-packages/airflow/example_dags/example_sla_dag.py
[2023-03-29T01:35:21.441+0000] {processor.py:756} INFO - Processing file /home/airflow/.local/lib/python3.7/site-packages/airflow/example_dags/example_sla_dag.py for tasks to queue
[2023-03-29T01:35:21.442+0000] {logging_mixin.py:120} INFO - [2023-03-29T01:35:21.442+0000] {dagbag.py:537} INFO - Filling up the DagBag from /home/airflow/.local/lib/python3.7/site-packages/airflow/example_dags/example_sla_dag.py
[2023-03-29T01:35:21.456+0000] {processor.py:766} INFO - DAG(s) dict_keys(['example_sla_dag']) retrieved from /home/airflow/.local/lib/python3.7/site-packages/airflow/example_dags/example_sla_dag.py
[2023-03-29T01:35:21.484+0000] {logging_mixin.py:120} INFO - [2023-03-29T01:35:21.484+0000] {dag.py:2585} INFO - Sync 1 DAGs
[2023-03-29T01:35:21.503+0000] {logging_mixin.py:120} INFO - [2023-03-29T01:35:21.503+0000] {dag.py:3340} INFO - Setting next_dagrun for example_sla_dag to 2023-03-29T01:32:00+00:00, run_after=2023-03-29T01:34:00+00:00
[2023-03-29T01:35:21.515+0000] {processor.py:176} INFO - Processing /home/airflow/.local/lib/python3.7/site-packages/airflow/example_dags/example_sla_dag.py took 0.078 seconds
[2023-03-29T01:35:51.823+0000] {processor.py:154} INFO - Started process (PID=232) to work on /home/airflow/.local/lib/python3.7/site-packages/airflow/example_dags/example_sla_dag.py
[2023-03-29T01:35:51.825+0000] {processor.py:756} INFO - Processing file /home/airflow/.local/lib/python3.7/site-packages/airflow/example_dags/example_sla_dag.py for tasks to queue
[2023-03-29T01:35:51.826+0000] {logging_mixin.py:120} INFO - [2023-03-29T01:35:51.826+0000] {dagbag.py:537} INFO - Filling up the DagBag from /home/airflow/.local/lib/python3.7/site-packages/airflow/example_dags/example_sla_dag.py
[2023-03-29T01:35:51.841+0000] {processor.py:766} INFO - DAG(s) dict_keys(['example_sla_dag']) retrieved from /home/airflow/.local/lib/python3.7/site-packages/airflow/example_dags/example_sla_dag.py
[2023-03-29T01:35:51.869+0000] {logging_mixin.py:120} INFO - [2023-03-29T01:35:51.869+0000] {dag.py:2585} INFO - Sync 1 DAGs
[2023-03-29T01:35:51.888+0000] {logging_mixin.py:120} INFO - [2023-03-29T01:35:51.887+0000] {dag.py:3340} INFO - Setting next_dagrun for example_sla_dag to 2023-03-29T01:32:00+00:00, run_after=2023-03-29T01:34:00+00:00
[2023-03-29T01:35:51.901+0000] {processor.py:176} INFO - Processing /home/airflow/.local/lib/python3.7/site-packages/airflow/example_dags/example_sla_dag.py took 0.080 seconds
[2023-03-29T01:36:22.165+0000] {processor.py:154} INFO - Started process (PID=286) to work on /home/airflow/.local/lib/python3.7/site-packages/airflow/example_dags/example_sla_dag.py
[2023-03-29T01:36:22.167+0000] {processor.py:756} INFO - Processing file /home/airflow/.local/lib/python3.7/site-packages/airflow/example_dags/example_sla_dag.py for tasks to queue
[2023-03-29T01:36:22.168+0000] {logging_mixin.py:120} INFO - [2023-03-29T01:36:22.168+0000] {dagbag.py:537} INFO - Filling up the DagBag from /home/airflow/.local/lib/python3.7/site-packages/airflow/example_dags/example_sla_dag.py
[2023-03-29T01:36:22.181+0000] {processor.py:766} INFO - DAG(s) dict_keys(['example_sla_dag']) retrieved from /home/airflow/.local/lib/python3.7/site-packages/airflow/example_dags/example_sla_dag.py
[2023-03-29T01:36:22.208+0000] {logging_mixin.py:120} INFO - [2023-03-29T01:36:22.208+0000] {dag.py:2585} INFO - Sync 1 DAGs
[2023-03-29T01:36:22.226+0000] {logging_mixin.py:120} INFO - [2023-03-29T01:36:22.226+0000] {dag.py:3340} INFO - Setting next_dagrun for example_sla_dag to 2023-03-29T01:34:00+00:00, run_after=2023-03-29T01:36:00+00:00
[2023-03-29T01:36:22.240+0000] {processor.py:176} INFO - Processing /home/airflow/.local/lib/python3.7/site-packages/airflow/example_dags/example_sla_dag.py took 0.076 seconds
[2023-03-29T01:36:52.507+0000] {processor.py:154} INFO - Started process (PID=349) to work on /home/airflow/.local/lib/python3.7/site-packages/airflow/example_dags/example_sla_dag.py
[2023-03-29T01:36:52.508+0000] {processor.py:756} INFO - Processing file /home/airflow/.local/lib/python3.7/site-packages/airflow/example_dags/example_sla_dag.py for tasks to queue
[2023-03-29T01:36:52.509+0000] {logging_mixin.py:120} INFO - [2023-03-29T01:36:52.509+0000] {dagbag.py:537} INFO - Filling up the DagBag from /home/airflow/.local/lib/python3.7/site-packages/airflow/example_dags/example_sla_dag.py
[2023-03-29T01:36:52.524+0000] {processor.py:766} INFO - DAG(s) dict_keys(['example_sla_dag']) retrieved from /home/airflow/.local/lib/python3.7/site-packages/airflow/example_dags/example_sla_dag.py
[2023-03-29T01:36:52.551+0000] {logging_mixin.py:120} INFO - [2023-03-29T01:36:52.550+0000] {dag.py:2585} INFO - Sync 1 DAGs
[2023-03-29T01:36:52.569+0000] {logging_mixin.py:120} INFO - [2023-03-29T01:36:52.569+0000] {dag.py:3340} INFO - Setting next_dagrun for example_sla_dag to 2023-03-29T01:34:00+00:00, run_after=2023-03-29T01:36:00+00:00
[2023-03-29T01:36:52.583+0000] {processor.py:176} INFO - Processing /home/airflow/.local/lib/python3.7/site-packages/airflow/example_dags/example_sla_dag.py took 0.078 seconds
[2023-03-29T01:37:22.856+0000] {processor.py:154} INFO - Started process (PID=412) to work on /home/airflow/.local/lib/python3.7/site-packages/airflow/example_dags/example_sla_dag.py
[2023-03-29T01:37:22.857+0000] {processor.py:756} INFO - Processing file /home/airflow/.local/lib/python3.7/site-packages/airflow/example_dags/example_sla_dag.py for tasks to queue
[2023-03-29T01:37:22.859+0000] {logging_mixin.py:120} INFO - [2023-03-29T01:37:22.859+0000] {dagbag.py:537} INFO - Filling up the DagBag from /home/airflow/.local/lib/python3.7/site-packages/airflow/example_dags/example_sla_dag.py
[2023-03-29T01:37:22.873+0000] {processor.py:766} INFO - DAG(s) dict_keys(['example_sla_dag']) retrieved from /home/airflow/.local/lib/python3.7/site-packages/airflow/example_dags/example_sla_dag.py
[2023-03-29T01:37:22.899+0000] {logging_mixin.py:120} INFO - [2023-03-29T01:37:22.898+0000] {dag.py:2585} INFO - Sync 1 DAGs
[2023-03-29T01:37:22.915+0000] {logging_mixin.py:120} INFO - [2023-03-29T01:37:22.915+0000] {dag.py:3340} INFO - Setting next_dagrun for example_sla_dag to 2023-03-29T01:34:00+00:00, run_after=2023-03-29T01:36:00+00:00
[2023-03-29T01:37:22.926+0000] {processor.py:176} INFO - Processing /home/airflow/.local/lib/python3.7/site-packages/airflow/example_dags/example_sla_dag.py took 0.072 seconds
[2023-03-29T01:37:53.221+0000] {processor.py:154} INFO - Started process (PID=475) to work on /home/airflow/.local/lib/python3.7/site-packages/airflow/example_dags/example_sla_dag.py
[2023-03-29T01:37:53.223+0000] {processor.py:756} INFO - Processing file /home/airflow/.local/lib/python3.7/site-packages/airflow/example_dags/example_sla_dag.py for tasks to queue
[2023-03-29T01:37:53.225+0000] {logging_mixin.py:120} INFO - [2023-03-29T01:37:53.224+0000] {dagbag.py:537} INFO - Filling up the DagBag from /home/airflow/.local/lib/python3.7/site-packages/airflow/example_dags/example_sla_dag.py
[2023-03-29T01:37:53.239+0000] {processor.py:766} INFO - DAG(s) dict_keys(['example_sla_dag']) retrieved from /home/airflow/.local/lib/python3.7/site-packages/airflow/example_dags/example_sla_dag.py
[2023-03-29T01:37:53.266+0000] {logging_mixin.py:120} INFO - [2023-03-29T01:37:53.266+0000] {dag.py:2585} INFO - Sync 1 DAGs
[2023-03-29T01:37:53.288+0000] {logging_mixin.py:120} INFO - [2023-03-29T01:37:53.288+0000] {dag.py:3340} INFO - Setting next_dagrun for example_sla_dag to 2023-03-29T01:34:00+00:00, run_after=2023-03-29T01:36:00+00:00
[2023-03-29T01:37:53.299+0000] {processor.py:176} INFO - Processing /home/airflow/.local/lib/python3.7/site-packages/airflow/example_dags/example_sla_dag.py took 0.080 seconds
[2023-03-29T01:38:23.527+0000] {processor.py:154} INFO - Started process (PID=538) to work on /home/airflow/.local/lib/python3.7/site-packages/airflow/example_dags/example_sla_dag.py
[2023-03-29T01:38:23.529+0000] {processor.py:756} INFO - Processing file /home/airflow/.local/lib/python3.7/site-packages/airflow/example_dags/example_sla_dag.py for tasks to queue
[2023-03-29T01:38:23.530+0000] {logging_mixin.py:120} INFO - [2023-03-29T01:38:23.530+0000] {dagbag.py:537} INFO - Filling up the DagBag from /home/airflow/.local/lib/python3.7/site-packages/airflow/example_dags/example_sla_dag.py
[2023-03-29T01:38:23.547+0000] {processor.py:766} INFO - DAG(s) dict_keys(['example_sla_dag']) retrieved from /home/airflow/.local/lib/python3.7/site-packages/airflow/example_dags/example_sla_dag.py
[2023-03-29T01:38:23.598+0000] {logging_mixin.py:120} INFO - [2023-03-29T01:38:23.597+0000] {dag.py:2585} INFO - Sync 1 DAGs
[2023-03-29T01:38:23.618+0000] {logging_mixin.py:120} INFO - [2023-03-29T01:38:23.618+0000] {dag.py:3340} INFO - Setting next_dagrun for example_sla_dag to 2023-03-29T01:36:00+00:00, run_after=2023-03-29T01:38:00+00:00
[2023-03-29T01:38:23.633+0000] {processor.py:176} INFO - Processing /home/airflow/.local/lib/python3.7/site-packages/airflow/example_dags/example_sla_dag.py took 0.108 seconds
