[2023-03-29T01:34:20.295+0000] {processor.py:154} INFO - Started process (PID=34) to work on /home/airflow/.local/lib/python3.7/site-packages/airflow/example_dags/example_branch_labels.py
[2023-03-29T01:34:20.297+0000] {processor.py:756} INFO - Processing file /home/airflow/.local/lib/python3.7/site-packages/airflow/example_dags/example_branch_labels.py for tasks to queue
[2023-03-29T01:34:20.299+0000] {logging_mixin.py:120} INFO - [2023-03-29T01:34:20.299+0000] {dagbag.py:537} INFO - Filling up the DagBag from /home/airflow/.local/lib/python3.7/site-packages/airflow/example_dags/example_branch_labels.py
[2023-03-29T01:34:20.321+0000] {processor.py:766} INFO - DAG(s) dict_keys(['example_branch_labels']) retrieved from /home/airflow/.local/lib/python3.7/site-packages/airflow/example_dags/example_branch_labels.py
[2023-03-29T01:34:20.339+0000] {logging_mixin.py:120} INFO - [2023-03-29T01:34:20.339+0000] {dag.py:2585} INFO - Sync 1 DAGs
[2023-03-29T01:34:20.358+0000] {logging_mixin.py:120} INFO - [2023-03-29T01:34:20.358+0000] {dag.py:3340} INFO - Setting next_dagrun for example_branch_labels to 2023-03-28T00:00:00+00:00, run_after=2023-03-29T00:00:00+00:00
[2023-03-29T01:34:20.373+0000] {processor.py:176} INFO - Processing /home/airflow/.local/lib/python3.7/site-packages/airflow/example_dags/example_branch_labels.py took 0.082 seconds
[2023-03-29T01:34:50.547+0000] {processor.py:154} INFO - Started process (PID=96) to work on /home/airflow/.local/lib/python3.7/site-packages/airflow/example_dags/example_branch_labels.py
[2023-03-29T01:34:50.550+0000] {processor.py:756} INFO - Processing file /home/airflow/.local/lib/python3.7/site-packages/airflow/example_dags/example_branch_labels.py for tasks to queue
[2023-03-29T01:34:50.551+0000] {logging_mixin.py:120} INFO - [2023-03-29T01:34:50.551+0000] {dagbag.py:537} INFO - Filling up the DagBag from /home/airflow/.local/lib/python3.7/site-packages/airflow/example_dags/example_branch_labels.py
[2023-03-29T01:34:50.565+0000] {processor.py:766} INFO - DAG(s) dict_keys(['example_branch_labels']) retrieved from /home/airflow/.local/lib/python3.7/site-packages/airflow/example_dags/example_branch_labels.py
[2023-03-29T01:34:50.599+0000] {logging_mixin.py:120} INFO - [2023-03-29T01:34:50.599+0000] {dag.py:2585} INFO - Sync 1 DAGs
[2023-03-29T01:34:50.615+0000] {logging_mixin.py:120} INFO - [2023-03-29T01:34:50.615+0000] {dag.py:3340} INFO - Setting next_dagrun for example_branch_labels to 2023-03-28T00:00:00+00:00, run_after=2023-03-29T00:00:00+00:00
[2023-03-29T01:34:50.627+0000] {processor.py:176} INFO - Processing /home/airflow/.local/lib/python3.7/site-packages/airflow/example_dags/example_branch_labels.py took 0.083 seconds
[2023-03-29T01:35:20.774+0000] {processor.py:154} INFO - Started process (PID=159) to work on /home/airflow/.local/lib/python3.7/site-packages/airflow/example_dags/example_branch_labels.py
[2023-03-29T01:35:20.777+0000] {processor.py:756} INFO - Processing file /home/airflow/.local/lib/python3.7/site-packages/airflow/example_dags/example_branch_labels.py for tasks to queue
[2023-03-29T01:35:20.778+0000] {logging_mixin.py:120} INFO - [2023-03-29T01:35:20.778+0000] {dagbag.py:537} INFO - Filling up the DagBag from /home/airflow/.local/lib/python3.7/site-packages/airflow/example_dags/example_branch_labels.py
[2023-03-29T01:35:20.790+0000] {processor.py:766} INFO - DAG(s) dict_keys(['example_branch_labels']) retrieved from /home/airflow/.local/lib/python3.7/site-packages/airflow/example_dags/example_branch_labels.py
[2023-03-29T01:35:20.822+0000] {logging_mixin.py:120} INFO - [2023-03-29T01:35:20.822+0000] {dag.py:2585} INFO - Sync 1 DAGs
[2023-03-29T01:35:20.840+0000] {logging_mixin.py:120} INFO - [2023-03-29T01:35:20.840+0000] {dag.py:3340} INFO - Setting next_dagrun for example_branch_labels to 2023-03-28T00:00:00+00:00, run_after=2023-03-29T00:00:00+00:00
[2023-03-29T01:35:20.854+0000] {processor.py:176} INFO - Processing /home/airflow/.local/lib/python3.7/site-packages/airflow/example_dags/example_branch_labels.py took 0.082 seconds
[2023-03-29T01:35:51.046+0000] {processor.py:154} INFO - Started process (PID=221) to work on /home/airflow/.local/lib/python3.7/site-packages/airflow/example_dags/example_branch_labels.py
[2023-03-29T01:35:51.050+0000] {processor.py:756} INFO - Processing file /home/airflow/.local/lib/python3.7/site-packages/airflow/example_dags/example_branch_labels.py for tasks to queue
[2023-03-29T01:35:51.051+0000] {logging_mixin.py:120} INFO - [2023-03-29T01:35:51.051+0000] {dagbag.py:537} INFO - Filling up the DagBag from /home/airflow/.local/lib/python3.7/site-packages/airflow/example_dags/example_branch_labels.py
[2023-03-29T01:35:51.062+0000] {processor.py:766} INFO - DAG(s) dict_keys(['example_branch_labels']) retrieved from /home/airflow/.local/lib/python3.7/site-packages/airflow/example_dags/example_branch_labels.py
[2023-03-29T01:35:51.089+0000] {logging_mixin.py:120} INFO - [2023-03-29T01:35:51.089+0000] {dag.py:2585} INFO - Sync 1 DAGs
[2023-03-29T01:35:51.106+0000] {logging_mixin.py:120} INFO - [2023-03-29T01:35:51.106+0000] {dag.py:3340} INFO - Setting next_dagrun for example_branch_labels to 2023-03-28T00:00:00+00:00, run_after=2023-03-29T00:00:00+00:00
[2023-03-29T01:35:51.119+0000] {processor.py:176} INFO - Processing /home/airflow/.local/lib/python3.7/site-packages/airflow/example_dags/example_branch_labels.py took 0.076 seconds
[2023-03-29T01:36:21.545+0000] {processor.py:154} INFO - Started process (PID=275) to work on /home/airflow/.local/lib/python3.7/site-packages/airflow/example_dags/example_branch_labels.py
[2023-03-29T01:36:21.549+0000] {processor.py:756} INFO - Processing file /home/airflow/.local/lib/python3.7/site-packages/airflow/example_dags/example_branch_labels.py for tasks to queue
[2023-03-29T01:36:21.551+0000] {logging_mixin.py:120} INFO - [2023-03-29T01:36:21.551+0000] {dagbag.py:537} INFO - Filling up the DagBag from /home/airflow/.local/lib/python3.7/site-packages/airflow/example_dags/example_branch_labels.py
[2023-03-29T01:36:21.570+0000] {processor.py:766} INFO - DAG(s) dict_keys(['example_branch_labels']) retrieved from /home/airflow/.local/lib/python3.7/site-packages/airflow/example_dags/example_branch_labels.py
[2023-03-29T01:36:21.605+0000] {logging_mixin.py:120} INFO - [2023-03-29T01:36:21.605+0000] {dag.py:2585} INFO - Sync 1 DAGs
[2023-03-29T01:36:21.623+0000] {logging_mixin.py:120} INFO - [2023-03-29T01:36:21.623+0000] {dag.py:3340} INFO - Setting next_dagrun for example_branch_labels to 2023-03-28T00:00:00+00:00, run_after=2023-03-29T00:00:00+00:00
[2023-03-29T01:36:21.636+0000] {processor.py:176} INFO - Processing /home/airflow/.local/lib/python3.7/site-packages/airflow/example_dags/example_branch_labels.py took 0.098 seconds
[2023-03-29T01:36:51.805+0000] {processor.py:154} INFO - Started process (PID=338) to work on /home/airflow/.local/lib/python3.7/site-packages/airflow/example_dags/example_branch_labels.py
[2023-03-29T01:36:51.809+0000] {processor.py:756} INFO - Processing file /home/airflow/.local/lib/python3.7/site-packages/airflow/example_dags/example_branch_labels.py for tasks to queue
[2023-03-29T01:36:51.811+0000] {logging_mixin.py:120} INFO - [2023-03-29T01:36:51.811+0000] {dagbag.py:537} INFO - Filling up the DagBag from /home/airflow/.local/lib/python3.7/site-packages/airflow/example_dags/example_branch_labels.py
[2023-03-29T01:36:51.830+0000] {processor.py:766} INFO - DAG(s) dict_keys(['example_branch_labels']) retrieved from /home/airflow/.local/lib/python3.7/site-packages/airflow/example_dags/example_branch_labels.py
[2023-03-29T01:36:51.862+0000] {logging_mixin.py:120} INFO - [2023-03-29T01:36:51.861+0000] {dag.py:2585} INFO - Sync 1 DAGs
[2023-03-29T01:36:51.877+0000] {logging_mixin.py:120} INFO - [2023-03-29T01:36:51.877+0000] {dag.py:3340} INFO - Setting next_dagrun for example_branch_labels to 2023-03-28T00:00:00+00:00, run_after=2023-03-29T00:00:00+00:00
[2023-03-29T01:36:51.889+0000] {processor.py:176} INFO - Processing /home/airflow/.local/lib/python3.7/site-packages/airflow/example_dags/example_branch_labels.py took 0.089 seconds
[2023-03-29T01:37:22.079+0000] {processor.py:154} INFO - Started process (PID=401) to work on /home/airflow/.local/lib/python3.7/site-packages/airflow/example_dags/example_branch_labels.py
[2023-03-29T01:37:22.083+0000] {processor.py:756} INFO - Processing file /home/airflow/.local/lib/python3.7/site-packages/airflow/example_dags/example_branch_labels.py for tasks to queue
[2023-03-29T01:37:22.085+0000] {logging_mixin.py:120} INFO - [2023-03-29T01:37:22.085+0000] {dagbag.py:537} INFO - Filling up the DagBag from /home/airflow/.local/lib/python3.7/site-packages/airflow/example_dags/example_branch_labels.py
[2023-03-29T01:37:22.099+0000] {processor.py:766} INFO - DAG(s) dict_keys(['example_branch_labels']) retrieved from /home/airflow/.local/lib/python3.7/site-packages/airflow/example_dags/example_branch_labels.py
[2023-03-29T01:37:22.129+0000] {logging_mixin.py:120} INFO - [2023-03-29T01:37:22.129+0000] {dag.py:2585} INFO - Sync 1 DAGs
[2023-03-29T01:37:22.145+0000] {logging_mixin.py:120} INFO - [2023-03-29T01:37:22.145+0000] {dag.py:3340} INFO - Setting next_dagrun for example_branch_labels to 2023-03-28T00:00:00+00:00, run_after=2023-03-29T00:00:00+00:00
[2023-03-29T01:37:22.157+0000] {processor.py:176} INFO - Processing /home/airflow/.local/lib/python3.7/site-packages/airflow/example_dags/example_branch_labels.py took 0.082 seconds
[2023-03-29T01:37:52.598+0000] {processor.py:154} INFO - Started process (PID=464) to work on /home/airflow/.local/lib/python3.7/site-packages/airflow/example_dags/example_branch_labels.py
[2023-03-29T01:37:52.601+0000] {processor.py:756} INFO - Processing file /home/airflow/.local/lib/python3.7/site-packages/airflow/example_dags/example_branch_labels.py for tasks to queue
[2023-03-29T01:37:52.603+0000] {logging_mixin.py:120} INFO - [2023-03-29T01:37:52.603+0000] {dagbag.py:537} INFO - Filling up the DagBag from /home/airflow/.local/lib/python3.7/site-packages/airflow/example_dags/example_branch_labels.py
[2023-03-29T01:37:52.617+0000] {processor.py:766} INFO - DAG(s) dict_keys(['example_branch_labels']) retrieved from /home/airflow/.local/lib/python3.7/site-packages/airflow/example_dags/example_branch_labels.py
[2023-03-29T01:37:52.648+0000] {logging_mixin.py:120} INFO - [2023-03-29T01:37:52.648+0000] {dag.py:2585} INFO - Sync 1 DAGs
[2023-03-29T01:37:52.665+0000] {logging_mixin.py:120} INFO - [2023-03-29T01:37:52.665+0000] {dag.py:3340} INFO - Setting next_dagrun for example_branch_labels to 2023-03-28T00:00:00+00:00, run_after=2023-03-29T00:00:00+00:00
[2023-03-29T01:37:52.677+0000] {processor.py:176} INFO - Processing /home/airflow/.local/lib/python3.7/site-packages/airflow/example_dags/example_branch_labels.py took 0.083 seconds
[2023-03-29T01:38:22.707+0000] {processor.py:154} INFO - Started process (PID=527) to work on /home/airflow/.local/lib/python3.7/site-packages/airflow/example_dags/example_branch_labels.py
[2023-03-29T01:38:22.708+0000] {processor.py:756} INFO - Processing file /home/airflow/.local/lib/python3.7/site-packages/airflow/example_dags/example_branch_labels.py for tasks to queue
[2023-03-29T01:38:22.710+0000] {logging_mixin.py:120} INFO - [2023-03-29T01:38:22.710+0000] {dagbag.py:537} INFO - Filling up the DagBag from /home/airflow/.local/lib/python3.7/site-packages/airflow/example_dags/example_branch_labels.py
[2023-03-29T01:38:22.719+0000] {processor.py:766} INFO - DAG(s) dict_keys(['example_branch_labels']) retrieved from /home/airflow/.local/lib/python3.7/site-packages/airflow/example_dags/example_branch_labels.py
[2023-03-29T01:38:22.746+0000] {logging_mixin.py:120} INFO - [2023-03-29T01:38:22.746+0000] {dag.py:2585} INFO - Sync 1 DAGs
[2023-03-29T01:38:22.762+0000] {logging_mixin.py:120} INFO - [2023-03-29T01:38:22.762+0000] {dag.py:3340} INFO - Setting next_dagrun for example_branch_labels to 2023-03-28T00:00:00+00:00, run_after=2023-03-29T00:00:00+00:00
[2023-03-29T01:38:22.775+0000] {processor.py:176} INFO - Processing /home/airflow/.local/lib/python3.7/site-packages/airflow/example_dags/example_branch_labels.py took 0.070 seconds
