[2023-03-29T01:34:20.298+0000] {processor.py:154} INFO - Started process (PID=35) to work on /home/airflow/.local/lib/python3.7/site-packages/airflow/example_dags/example_datasets.py
[2023-03-29T01:34:20.300+0000] {processor.py:756} INFO - Processing file /home/airflow/.local/lib/python3.7/site-packages/airflow/example_dags/example_datasets.py for tasks to queue
[2023-03-29T01:34:20.301+0000] {logging_mixin.py:120} INFO - [2023-03-29T01:34:20.301+0000] {dagbag.py:537} INFO - Filling up the DagBag from /home/airflow/.local/lib/python3.7/site-packages/airflow/example_dags/example_datasets.py
[2023-03-29T01:34:20.322+0000] {processor.py:766} INFO - DAG(s) dict_keys(['dataset_consumes_unknown_never_scheduled', 'dataset_produces_2', 'dataset_consumes_1_never_scheduled', 'dataset_produces_1', 'dataset_consumes_1', 'dataset_consumes_1_and_2']) retrieved from /home/airflow/.local/lib/python3.7/site-packages/airflow/example_dags/example_datasets.py
[2023-03-29T01:34:20.343+0000] {logging_mixin.py:120} INFO - [2023-03-29T01:34:20.343+0000] {dag.py:2585} INFO - Sync 6 DAGs
[2023-03-29T01:34:20.361+0000] {logging_mixin.py:120} INFO - [2023-03-29T01:34:20.361+0000] {dag.py:3340} INFO - Setting next_dagrun for dataset_consumes_1 to None, run_after=None
[2023-03-29T01:34:20.365+0000] {logging_mixin.py:120} INFO - [2023-03-29T01:34:20.364+0000] {dag.py:3340} INFO - Setting next_dagrun for dataset_consumes_1_and_2 to None, run_after=None
[2023-03-29T01:34:20.366+0000] {logging_mixin.py:120} INFO - [2023-03-29T01:34:20.366+0000] {dag.py:3340} INFO - Setting next_dagrun for dataset_consumes_1_never_scheduled to None, run_after=None
[2023-03-29T01:34:20.368+0000] {logging_mixin.py:120} INFO - [2023-03-29T01:34:20.368+0000] {dag.py:3340} INFO - Setting next_dagrun for dataset_consumes_unknown_never_scheduled to None, run_after=None
[2023-03-29T01:34:20.370+0000] {logging_mixin.py:120} INFO - [2023-03-29T01:34:20.370+0000] {dag.py:3340} INFO - Setting next_dagrun for dataset_produces_1 to 2023-03-28T00:00:00+00:00, run_after=2023-03-29T00:00:00+00:00
[2023-03-29T01:34:20.372+0000] {logging_mixin.py:120} INFO - [2023-03-29T01:34:20.371+0000] {dag.py:3340} INFO - Setting next_dagrun for dataset_produces_2 to None, run_after=None
[2023-03-29T01:34:20.395+0000] {processor.py:176} INFO - Processing /home/airflow/.local/lib/python3.7/site-packages/airflow/example_dags/example_datasets.py took 0.100 seconds
[2023-03-29T01:34:50.553+0000] {processor.py:154} INFO - Started process (PID=97) to work on /home/airflow/.local/lib/python3.7/site-packages/airflow/example_dags/example_datasets.py
[2023-03-29T01:34:50.554+0000] {processor.py:756} INFO - Processing file /home/airflow/.local/lib/python3.7/site-packages/airflow/example_dags/example_datasets.py for tasks to queue
[2023-03-29T01:34:50.556+0000] {logging_mixin.py:120} INFO - [2023-03-29T01:34:50.556+0000] {dagbag.py:537} INFO - Filling up the DagBag from /home/airflow/.local/lib/python3.7/site-packages/airflow/example_dags/example_datasets.py
[2023-03-29T01:34:50.568+0000] {processor.py:766} INFO - DAG(s) dict_keys(['dataset_consumes_1_never_scheduled', 'dataset_consumes_1_and_2', 'dataset_consumes_unknown_never_scheduled', 'dataset_consumes_1', 'dataset_produces_1', 'dataset_produces_2']) retrieved from /home/airflow/.local/lib/python3.7/site-packages/airflow/example_dags/example_datasets.py
[2023-03-29T01:34:50.641+0000] {logging_mixin.py:120} INFO - [2023-03-29T01:34:50.641+0000] {dag.py:2585} INFO - Sync 6 DAGs
[2023-03-29T01:34:50.661+0000] {logging_mixin.py:120} INFO - [2023-03-29T01:34:50.661+0000] {dag.py:3340} INFO - Setting next_dagrun for dataset_consumes_1 to None, run_after=None
[2023-03-29T01:34:50.663+0000] {logging_mixin.py:120} INFO - [2023-03-29T01:34:50.663+0000] {dag.py:3340} INFO - Setting next_dagrun for dataset_consumes_1_and_2 to None, run_after=None
[2023-03-29T01:34:50.665+0000] {logging_mixin.py:120} INFO - [2023-03-29T01:34:50.665+0000] {dag.py:3340} INFO - Setting next_dagrun for dataset_consumes_1_never_scheduled to None, run_after=None
[2023-03-29T01:34:50.667+0000] {logging_mixin.py:120} INFO - [2023-03-29T01:34:50.667+0000] {dag.py:3340} INFO - Setting next_dagrun for dataset_consumes_unknown_never_scheduled to None, run_after=None
[2023-03-29T01:34:50.670+0000] {logging_mixin.py:120} INFO - [2023-03-29T01:34:50.669+0000] {dag.py:3340} INFO - Setting next_dagrun for dataset_produces_1 to 2023-03-28T00:00:00+00:00, run_after=2023-03-29T00:00:00+00:00
[2023-03-29T01:34:50.671+0000] {logging_mixin.py:120} INFO - [2023-03-29T01:34:50.671+0000] {dag.py:3340} INFO - Setting next_dagrun for dataset_produces_2 to None, run_after=None
[2023-03-29T01:34:50.689+0000] {processor.py:176} INFO - Processing /home/airflow/.local/lib/python3.7/site-packages/airflow/example_dags/example_datasets.py took 0.139 seconds
