[2023-03-29T01:34:22.094+0000] {processor.py:154} INFO - Started process (PID=65) to work on /home/airflow/.local/lib/python3.7/site-packages/airflow/example_dags/example_latest_only_with_trigger.py
[2023-03-29T01:34:22.096+0000] {processor.py:756} INFO - Processing file /home/airflow/.local/lib/python3.7/site-packages/airflow/example_dags/example_latest_only_with_trigger.py for tasks to queue
[2023-03-29T01:34:22.097+0000] {logging_mixin.py:120} INFO - [2023-03-29T01:34:22.097+0000] {dagbag.py:537} INFO - Filling up the DagBag from /home/airflow/.local/lib/python3.7/site-packages/airflow/example_dags/example_latest_only_with_trigger.py
[2023-03-29T01:34:22.109+0000] {processor.py:766} INFO - DAG(s) dict_keys(['latest_only_with_trigger']) retrieved from /home/airflow/.local/lib/python3.7/site-packages/airflow/example_dags/example_latest_only_with_trigger.py
[2023-03-29T01:34:22.129+0000] {logging_mixin.py:120} INFO - [2023-03-29T01:34:22.129+0000] {dag.py:2585} INFO - Sync 1 DAGs
[2023-03-29T01:34:22.147+0000] {logging_mixin.py:120} INFO - [2023-03-29T01:34:22.147+0000] {dag.py:3340} INFO - Setting next_dagrun for latest_only_with_trigger to 2023-03-28T21:34:22.147652+00:00, run_after=2023-03-29T01:34:22.147652+00:00
[2023-03-29T01:34:22.163+0000] {processor.py:176} INFO - Processing /home/airflow/.local/lib/python3.7/site-packages/airflow/example_dags/example_latest_only_with_trigger.py took 0.072 seconds
[2023-03-29T01:34:52.257+0000] {processor.py:154} INFO - Started process (PID=127) to work on /home/airflow/.local/lib/python3.7/site-packages/airflow/example_dags/example_latest_only_with_trigger.py
[2023-03-29T01:34:52.259+0000] {processor.py:756} INFO - Processing file /home/airflow/.local/lib/python3.7/site-packages/airflow/example_dags/example_latest_only_with_trigger.py for tasks to queue
[2023-03-29T01:34:52.260+0000] {logging_mixin.py:120} INFO - [2023-03-29T01:34:52.260+0000] {dagbag.py:537} INFO - Filling up the DagBag from /home/airflow/.local/lib/python3.7/site-packages/airflow/example_dags/example_latest_only_with_trigger.py
[2023-03-29T01:34:52.271+0000] {processor.py:766} INFO - DAG(s) dict_keys(['latest_only_with_trigger']) retrieved from /home/airflow/.local/lib/python3.7/site-packages/airflow/example_dags/example_latest_only_with_trigger.py
[2023-03-29T01:34:52.302+0000] {logging_mixin.py:120} INFO - [2023-03-29T01:34:52.302+0000] {dag.py:2585} INFO - Sync 1 DAGs
[2023-03-29T01:34:52.317+0000] {logging_mixin.py:120} INFO - [2023-03-29T01:34:52.317+0000] {dag.py:3340} INFO - Setting next_dagrun for latest_only_with_trigger to 2023-03-28T21:34:52.317249+00:00, run_after=2023-03-29T01:34:52.317249+00:00
[2023-03-29T01:34:52.330+0000] {processor.py:176} INFO - Processing /home/airflow/.local/lib/python3.7/site-packages/airflow/example_dags/example_latest_only_with_trigger.py took 0.075 seconds
[2023-03-29T01:35:22.535+0000] {processor.py:154} INFO - Started process (PID=190) to work on /home/airflow/.local/lib/python3.7/site-packages/airflow/example_dags/example_latest_only_with_trigger.py
[2023-03-29T01:35:22.537+0000] {processor.py:756} INFO - Processing file /home/airflow/.local/lib/python3.7/site-packages/airflow/example_dags/example_latest_only_with_trigger.py for tasks to queue
[2023-03-29T01:35:22.538+0000] {logging_mixin.py:120} INFO - [2023-03-29T01:35:22.538+0000] {dagbag.py:537} INFO - Filling up the DagBag from /home/airflow/.local/lib/python3.7/site-packages/airflow/example_dags/example_latest_only_with_trigger.py
[2023-03-29T01:35:22.549+0000] {processor.py:766} INFO - DAG(s) dict_keys(['latest_only_with_trigger']) retrieved from /home/airflow/.local/lib/python3.7/site-packages/airflow/example_dags/example_latest_only_with_trigger.py
[2023-03-29T01:35:22.580+0000] {logging_mixin.py:120} INFO - [2023-03-29T01:35:22.579+0000] {dag.py:2585} INFO - Sync 1 DAGs
[2023-03-29T01:35:22.597+0000] {logging_mixin.py:120} INFO - [2023-03-29T01:35:22.597+0000] {dag.py:3340} INFO - Setting next_dagrun for latest_only_with_trigger to 2023-03-28T21:35:22.597350+00:00, run_after=2023-03-29T01:35:22.597350+00:00
[2023-03-29T01:35:22.614+0000] {processor.py:176} INFO - Processing /home/airflow/.local/lib/python3.7/site-packages/airflow/example_dags/example_latest_only_with_trigger.py took 0.082 seconds
[2023-03-29T01:35:52.949+0000] {processor.py:154} INFO - Started process (PID=252) to work on /home/airflow/.local/lib/python3.7/site-packages/airflow/example_dags/example_latest_only_with_trigger.py
[2023-03-29T01:35:52.951+0000] {processor.py:756} INFO - Processing file /home/airflow/.local/lib/python3.7/site-packages/airflow/example_dags/example_latest_only_with_trigger.py for tasks to queue
[2023-03-29T01:35:52.953+0000] {logging_mixin.py:120} INFO - [2023-03-29T01:35:52.952+0000] {dagbag.py:537} INFO - Filling up the DagBag from /home/airflow/.local/lib/python3.7/site-packages/airflow/example_dags/example_latest_only_with_trigger.py
[2023-03-29T01:35:52.962+0000] {processor.py:766} INFO - DAG(s) dict_keys(['latest_only_with_trigger']) retrieved from /home/airflow/.local/lib/python3.7/site-packages/airflow/example_dags/example_latest_only_with_trigger.py
[2023-03-29T01:35:52.989+0000] {logging_mixin.py:120} INFO - [2023-03-29T01:35:52.989+0000] {dag.py:2585} INFO - Sync 1 DAGs
[2023-03-29T01:35:53.003+0000] {logging_mixin.py:120} INFO - [2023-03-29T01:35:53.003+0000] {dag.py:3340} INFO - Setting next_dagrun for latest_only_with_trigger to 2023-03-28T21:35:53.003730+00:00, run_after=2023-03-29T01:35:53.003730+00:00
[2023-03-29T01:35:53.015+0000] {processor.py:176} INFO - Processing /home/airflow/.local/lib/python3.7/site-packages/airflow/example_dags/example_latest_only_with_trigger.py took 0.068 seconds
[2023-03-29T01:36:23.283+0000] {processor.py:154} INFO - Started process (PID=315) to work on /home/airflow/.local/lib/python3.7/site-packages/airflow/example_dags/example_latest_only_with_trigger.py
[2023-03-29T01:36:23.285+0000] {processor.py:756} INFO - Processing file /home/airflow/.local/lib/python3.7/site-packages/airflow/example_dags/example_latest_only_with_trigger.py for tasks to queue
[2023-03-29T01:36:23.287+0000] {logging_mixin.py:120} INFO - [2023-03-29T01:36:23.287+0000] {dagbag.py:537} INFO - Filling up the DagBag from /home/airflow/.local/lib/python3.7/site-packages/airflow/example_dags/example_latest_only_with_trigger.py
[2023-03-29T01:36:23.303+0000] {processor.py:766} INFO - DAG(s) dict_keys(['latest_only_with_trigger']) retrieved from /home/airflow/.local/lib/python3.7/site-packages/airflow/example_dags/example_latest_only_with_trigger.py
[2023-03-29T01:36:23.340+0000] {logging_mixin.py:120} INFO - [2023-03-29T01:36:23.340+0000] {dag.py:2585} INFO - Sync 1 DAGs
[2023-03-29T01:36:23.362+0000] {logging_mixin.py:120} INFO - [2023-03-29T01:36:23.362+0000] {dag.py:3340} INFO - Setting next_dagrun for latest_only_with_trigger to 2023-03-28T21:36:23.362652+00:00, run_after=2023-03-29T01:36:23.362652+00:00
[2023-03-29T01:36:23.380+0000] {processor.py:176} INFO - Processing /home/airflow/.local/lib/python3.7/site-packages/airflow/example_dags/example_latest_only_with_trigger.py took 0.100 seconds
[2023-03-29T01:36:53.564+0000] {processor.py:154} INFO - Started process (PID=369) to work on /home/airflow/.local/lib/python3.7/site-packages/airflow/example_dags/example_latest_only_with_trigger.py
[2023-03-29T01:36:53.566+0000] {processor.py:756} INFO - Processing file /home/airflow/.local/lib/python3.7/site-packages/airflow/example_dags/example_latest_only_with_trigger.py for tasks to queue
[2023-03-29T01:36:53.567+0000] {logging_mixin.py:120} INFO - [2023-03-29T01:36:53.567+0000] {dagbag.py:537} INFO - Filling up the DagBag from /home/airflow/.local/lib/python3.7/site-packages/airflow/example_dags/example_latest_only_with_trigger.py
[2023-03-29T01:36:53.577+0000] {processor.py:766} INFO - DAG(s) dict_keys(['latest_only_with_trigger']) retrieved from /home/airflow/.local/lib/python3.7/site-packages/airflow/example_dags/example_latest_only_with_trigger.py
[2023-03-29T01:36:53.605+0000] {logging_mixin.py:120} INFO - [2023-03-29T01:36:53.605+0000] {dag.py:2585} INFO - Sync 1 DAGs
[2023-03-29T01:36:53.620+0000] {logging_mixin.py:120} INFO - [2023-03-29T01:36:53.620+0000] {dag.py:3340} INFO - Setting next_dagrun for latest_only_with_trigger to 2023-03-28T21:36:53.620523+00:00, run_after=2023-03-29T01:36:53.620523+00:00
[2023-03-29T01:36:53.635+0000] {processor.py:176} INFO - Processing /home/airflow/.local/lib/python3.7/site-packages/airflow/example_dags/example_latest_only_with_trigger.py took 0.074 seconds
[2023-03-29T01:37:24.088+0000] {processor.py:154} INFO - Started process (PID=432) to work on /home/airflow/.local/lib/python3.7/site-packages/airflow/example_dags/example_latest_only_with_trigger.py
[2023-03-29T01:37:24.089+0000] {processor.py:756} INFO - Processing file /home/airflow/.local/lib/python3.7/site-packages/airflow/example_dags/example_latest_only_with_trigger.py for tasks to queue
[2023-03-29T01:37:24.091+0000] {logging_mixin.py:120} INFO - [2023-03-29T01:37:24.091+0000] {dagbag.py:537} INFO - Filling up the DagBag from /home/airflow/.local/lib/python3.7/site-packages/airflow/example_dags/example_latest_only_with_trigger.py
[2023-03-29T01:37:24.100+0000] {processor.py:766} INFO - DAG(s) dict_keys(['latest_only_with_trigger']) retrieved from /home/airflow/.local/lib/python3.7/site-packages/airflow/example_dags/example_latest_only_with_trigger.py
[2023-03-29T01:37:24.128+0000] {logging_mixin.py:120} INFO - [2023-03-29T01:37:24.128+0000] {dag.py:2585} INFO - Sync 1 DAGs
[2023-03-29T01:37:24.143+0000] {logging_mixin.py:120} INFO - [2023-03-29T01:37:24.143+0000] {dag.py:3340} INFO - Setting next_dagrun for latest_only_with_trigger to 2023-03-28T21:37:24.143634+00:00, run_after=2023-03-29T01:37:24.143634+00:00
[2023-03-29T01:37:24.157+0000] {processor.py:176} INFO - Processing /home/airflow/.local/lib/python3.7/site-packages/airflow/example_dags/example_latest_only_with_trigger.py took 0.072 seconds
[2023-03-29T01:37:54.269+0000] {processor.py:154} INFO - Started process (PID=495) to work on /home/airflow/.local/lib/python3.7/site-packages/airflow/example_dags/example_latest_only_with_trigger.py
[2023-03-29T01:37:54.270+0000] {processor.py:756} INFO - Processing file /home/airflow/.local/lib/python3.7/site-packages/airflow/example_dags/example_latest_only_with_trigger.py for tasks to queue
[2023-03-29T01:37:54.272+0000] {logging_mixin.py:120} INFO - [2023-03-29T01:37:54.272+0000] {dagbag.py:537} INFO - Filling up the DagBag from /home/airflow/.local/lib/python3.7/site-packages/airflow/example_dags/example_latest_only_with_trigger.py
[2023-03-29T01:37:54.281+0000] {processor.py:766} INFO - DAG(s) dict_keys(['latest_only_with_trigger']) retrieved from /home/airflow/.local/lib/python3.7/site-packages/airflow/example_dags/example_latest_only_with_trigger.py
[2023-03-29T01:37:54.309+0000] {logging_mixin.py:120} INFO - [2023-03-29T01:37:54.309+0000] {dag.py:2585} INFO - Sync 1 DAGs
[2023-03-29T01:37:54.327+0000] {logging_mixin.py:120} INFO - [2023-03-29T01:37:54.326+0000] {dag.py:3340} INFO - Setting next_dagrun for latest_only_with_trigger to 2023-03-28T21:37:54.326835+00:00, run_after=2023-03-29T01:37:54.326835+00:00
[2023-03-29T01:37:54.338+0000] {processor.py:176} INFO - Processing /home/airflow/.local/lib/python3.7/site-packages/airflow/example_dags/example_latest_only_with_trigger.py took 0.072 seconds
[2023-03-29T01:38:24.808+0000] {processor.py:154} INFO - Started process (PID=558) to work on /home/airflow/.local/lib/python3.7/site-packages/airflow/example_dags/example_latest_only_with_trigger.py
[2023-03-29T01:38:24.809+0000] {processor.py:756} INFO - Processing file /home/airflow/.local/lib/python3.7/site-packages/airflow/example_dags/example_latest_only_with_trigger.py for tasks to queue
[2023-03-29T01:38:24.811+0000] {logging_mixin.py:120} INFO - [2023-03-29T01:38:24.810+0000] {dagbag.py:537} INFO - Filling up the DagBag from /home/airflow/.local/lib/python3.7/site-packages/airflow/example_dags/example_latest_only_with_trigger.py
[2023-03-29T01:38:24.823+0000] {processor.py:766} INFO - DAG(s) dict_keys(['latest_only_with_trigger']) retrieved from /home/airflow/.local/lib/python3.7/site-packages/airflow/example_dags/example_latest_only_with_trigger.py
[2023-03-29T01:38:24.850+0000] {logging_mixin.py:120} INFO - [2023-03-29T01:38:24.850+0000] {dag.py:2585} INFO - Sync 1 DAGs
[2023-03-29T01:38:24.865+0000] {logging_mixin.py:120} INFO - [2023-03-29T01:38:24.865+0000] {dag.py:3340} INFO - Setting next_dagrun for latest_only_with_trigger to 2023-03-28T21:38:24.865671+00:00, run_after=2023-03-29T01:38:24.865671+00:00
[2023-03-29T01:38:24.878+0000] {processor.py:176} INFO - Processing /home/airflow/.local/lib/python3.7/site-packages/airflow/example_dags/example_latest_only_with_trigger.py took 0.073 seconds
