[2023-03-29T01:34:21.529+0000] {processor.py:154} INFO - Started process (PID=57) to work on /home/airflow/.local/lib/python3.7/site-packages/airflow/example_dags/example_skip_dag.py
[2023-03-29T01:34:21.531+0000] {processor.py:756} INFO - Processing file /home/airflow/.local/lib/python3.7/site-packages/airflow/example_dags/example_skip_dag.py for tasks to queue
[2023-03-29T01:34:21.532+0000] {logging_mixin.py:120} INFO - [2023-03-29T01:34:21.532+0000] {dagbag.py:537} INFO - Filling up the DagBag from /home/airflow/.local/lib/python3.7/site-packages/airflow/example_dags/example_skip_dag.py
[2023-03-29T01:34:21.543+0000] {processor.py:766} INFO - DAG(s) dict_keys(['example_skip_dag']) retrieved from /home/airflow/.local/lib/python3.7/site-packages/airflow/example_dags/example_skip_dag.py
[2023-03-29T01:34:21.580+0000] {logging_mixin.py:120} INFO - [2023-03-29T01:34:21.580+0000] {dag.py:2585} INFO - Sync 1 DAGs
[2023-03-29T01:34:21.606+0000] {logging_mixin.py:120} INFO - [2023-03-29T01:34:21.606+0000] {dag.py:3340} INFO - Setting next_dagrun for example_skip_dag to 2023-03-28T01:34:21.605908+00:00, run_after=2023-03-29T01:34:21.605908+00:00
[2023-03-29T01:34:21.630+0000] {processor.py:176} INFO - Processing /home/airflow/.local/lib/python3.7/site-packages/airflow/example_dags/example_skip_dag.py took 0.104 seconds
[2023-03-29T01:34:51.823+0000] {processor.py:154} INFO - Started process (PID=119) to work on /home/airflow/.local/lib/python3.7/site-packages/airflow/example_dags/example_skip_dag.py
[2023-03-29T01:34:51.825+0000] {processor.py:756} INFO - Processing file /home/airflow/.local/lib/python3.7/site-packages/airflow/example_dags/example_skip_dag.py for tasks to queue
[2023-03-29T01:34:51.827+0000] {logging_mixin.py:120} INFO - [2023-03-29T01:34:51.827+0000] {dagbag.py:537} INFO - Filling up the DagBag from /home/airflow/.local/lib/python3.7/site-packages/airflow/example_dags/example_skip_dag.py
[2023-03-29T01:34:51.837+0000] {processor.py:766} INFO - DAG(s) dict_keys(['example_skip_dag']) retrieved from /home/airflow/.local/lib/python3.7/site-packages/airflow/example_dags/example_skip_dag.py
[2023-03-29T01:34:51.867+0000] {logging_mixin.py:120} INFO - [2023-03-29T01:34:51.867+0000] {dag.py:2585} INFO - Sync 1 DAGs
[2023-03-29T01:34:51.882+0000] {logging_mixin.py:120} INFO - [2023-03-29T01:34:51.882+0000] {dag.py:3340} INFO - Setting next_dagrun for example_skip_dag to 2023-03-28T01:34:51.882099+00:00, run_after=2023-03-29T01:34:51.882099+00:00
[2023-03-29T01:34:51.895+0000] {processor.py:176} INFO - Processing /home/airflow/.local/lib/python3.7/site-packages/airflow/example_dags/example_skip_dag.py took 0.074 seconds
[2023-03-29T01:35:22.078+0000] {processor.py:154} INFO - Started process (PID=182) to work on /home/airflow/.local/lib/python3.7/site-packages/airflow/example_dags/example_skip_dag.py
[2023-03-29T01:35:22.080+0000] {processor.py:756} INFO - Processing file /home/airflow/.local/lib/python3.7/site-packages/airflow/example_dags/example_skip_dag.py for tasks to queue
[2023-03-29T01:35:22.081+0000] {logging_mixin.py:120} INFO - [2023-03-29T01:35:22.081+0000] {dagbag.py:537} INFO - Filling up the DagBag from /home/airflow/.local/lib/python3.7/site-packages/airflow/example_dags/example_skip_dag.py
[2023-03-29T01:35:22.091+0000] {processor.py:766} INFO - DAG(s) dict_keys(['example_skip_dag']) retrieved from /home/airflow/.local/lib/python3.7/site-packages/airflow/example_dags/example_skip_dag.py
[2023-03-29T01:35:22.119+0000] {logging_mixin.py:120} INFO - [2023-03-29T01:35:22.119+0000] {dag.py:2585} INFO - Sync 1 DAGs
[2023-03-29T01:35:22.135+0000] {logging_mixin.py:120} INFO - [2023-03-29T01:35:22.135+0000] {dag.py:3340} INFO - Setting next_dagrun for example_skip_dag to 2023-03-28T01:35:22.135399+00:00, run_after=2023-03-29T01:35:22.135399+00:00
[2023-03-29T01:35:22.149+0000] {processor.py:176} INFO - Processing /home/airflow/.local/lib/python3.7/site-packages/airflow/example_dags/example_skip_dag.py took 0.073 seconds
[2023-03-29T01:35:52.531+0000] {processor.py:154} INFO - Started process (PID=244) to work on /home/airflow/.local/lib/python3.7/site-packages/airflow/example_dags/example_skip_dag.py
[2023-03-29T01:35:52.534+0000] {processor.py:756} INFO - Processing file /home/airflow/.local/lib/python3.7/site-packages/airflow/example_dags/example_skip_dag.py for tasks to queue
[2023-03-29T01:35:52.535+0000] {logging_mixin.py:120} INFO - [2023-03-29T01:35:52.535+0000] {dagbag.py:537} INFO - Filling up the DagBag from /home/airflow/.local/lib/python3.7/site-packages/airflow/example_dags/example_skip_dag.py
[2023-03-29T01:35:52.553+0000] {processor.py:766} INFO - DAG(s) dict_keys(['example_skip_dag']) retrieved from /home/airflow/.local/lib/python3.7/site-packages/airflow/example_dags/example_skip_dag.py
[2023-03-29T01:35:52.584+0000] {logging_mixin.py:120} INFO - [2023-03-29T01:35:52.584+0000] {dag.py:2585} INFO - Sync 1 DAGs
[2023-03-29T01:35:52.602+0000] {logging_mixin.py:120} INFO - [2023-03-29T01:35:52.602+0000] {dag.py:3340} INFO - Setting next_dagrun for example_skip_dag to 2023-03-28T01:35:52.602491+00:00, run_after=2023-03-29T01:35:52.602491+00:00
[2023-03-29T01:35:52.617+0000] {processor.py:176} INFO - Processing /home/airflow/.local/lib/python3.7/site-packages/airflow/example_dags/example_skip_dag.py took 0.088 seconds
[2023-03-29T01:36:22.792+0000] {processor.py:154} INFO - Started process (PID=307) to work on /home/airflow/.local/lib/python3.7/site-packages/airflow/example_dags/example_skip_dag.py
[2023-03-29T01:36:22.794+0000] {processor.py:756} INFO - Processing file /home/airflow/.local/lib/python3.7/site-packages/airflow/example_dags/example_skip_dag.py for tasks to queue
[2023-03-29T01:36:22.795+0000] {logging_mixin.py:120} INFO - [2023-03-29T01:36:22.795+0000] {dagbag.py:537} INFO - Filling up the DagBag from /home/airflow/.local/lib/python3.7/site-packages/airflow/example_dags/example_skip_dag.py
[2023-03-29T01:36:22.805+0000] {processor.py:766} INFO - DAG(s) dict_keys(['example_skip_dag']) retrieved from /home/airflow/.local/lib/python3.7/site-packages/airflow/example_dags/example_skip_dag.py
[2023-03-29T01:36:22.834+0000] {logging_mixin.py:120} INFO - [2023-03-29T01:36:22.833+0000] {dag.py:2585} INFO - Sync 1 DAGs
[2023-03-29T01:36:22.853+0000] {logging_mixin.py:120} INFO - [2023-03-29T01:36:22.853+0000] {dag.py:3340} INFO - Setting next_dagrun for example_skip_dag to 2023-03-28T01:36:22.853286+00:00, run_after=2023-03-29T01:36:22.853286+00:00
[2023-03-29T01:36:22.869+0000] {processor.py:176} INFO - Processing /home/airflow/.local/lib/python3.7/site-packages/airflow/example_dags/example_skip_dag.py took 0.079 seconds
[2023-03-29T01:36:53.107+0000] {processor.py:154} INFO - Started process (PID=361) to work on /home/airflow/.local/lib/python3.7/site-packages/airflow/example_dags/example_skip_dag.py
[2023-03-29T01:36:53.109+0000] {processor.py:756} INFO - Processing file /home/airflow/.local/lib/python3.7/site-packages/airflow/example_dags/example_skip_dag.py for tasks to queue
[2023-03-29T01:36:53.110+0000] {logging_mixin.py:120} INFO - [2023-03-29T01:36:53.109+0000] {dagbag.py:537} INFO - Filling up the DagBag from /home/airflow/.local/lib/python3.7/site-packages/airflow/example_dags/example_skip_dag.py
[2023-03-29T01:36:53.119+0000] {processor.py:766} INFO - DAG(s) dict_keys(['example_skip_dag']) retrieved from /home/airflow/.local/lib/python3.7/site-packages/airflow/example_dags/example_skip_dag.py
[2023-03-29T01:36:53.145+0000] {logging_mixin.py:120} INFO - [2023-03-29T01:36:53.145+0000] {dag.py:2585} INFO - Sync 1 DAGs
[2023-03-29T01:36:53.162+0000] {logging_mixin.py:120} INFO - [2023-03-29T01:36:53.162+0000] {dag.py:3340} INFO - Setting next_dagrun for example_skip_dag to 2023-03-28T01:36:53.162199+00:00, run_after=2023-03-29T01:36:53.162199+00:00
[2023-03-29T01:36:53.177+0000] {processor.py:176} INFO - Processing /home/airflow/.local/lib/python3.7/site-packages/airflow/example_dags/example_skip_dag.py took 0.072 seconds
[2023-03-29T01:37:23.606+0000] {processor.py:154} INFO - Started process (PID=424) to work on /home/airflow/.local/lib/python3.7/site-packages/airflow/example_dags/example_skip_dag.py
[2023-03-29T01:37:23.608+0000] {processor.py:756} INFO - Processing file /home/airflow/.local/lib/python3.7/site-packages/airflow/example_dags/example_skip_dag.py for tasks to queue
[2023-03-29T01:37:23.609+0000] {logging_mixin.py:120} INFO - [2023-03-29T01:37:23.609+0000] {dagbag.py:537} INFO - Filling up the DagBag from /home/airflow/.local/lib/python3.7/site-packages/airflow/example_dags/example_skip_dag.py
[2023-03-29T01:37:23.618+0000] {processor.py:766} INFO - DAG(s) dict_keys(['example_skip_dag']) retrieved from /home/airflow/.local/lib/python3.7/site-packages/airflow/example_dags/example_skip_dag.py
[2023-03-29T01:37:23.647+0000] {logging_mixin.py:120} INFO - [2023-03-29T01:37:23.647+0000] {dag.py:2585} INFO - Sync 1 DAGs
[2023-03-29T01:37:23.663+0000] {logging_mixin.py:120} INFO - [2023-03-29T01:37:23.663+0000] {dag.py:3340} INFO - Setting next_dagrun for example_skip_dag to 2023-03-28T01:37:23.663249+00:00, run_after=2023-03-29T01:37:23.663249+00:00
[2023-03-29T01:37:23.674+0000] {processor.py:176} INFO - Processing /home/airflow/.local/lib/python3.7/site-packages/airflow/example_dags/example_skip_dag.py took 0.070 seconds
[2023-03-29T01:37:53.829+0000] {processor.py:154} INFO - Started process (PID=487) to work on /home/airflow/.local/lib/python3.7/site-packages/airflow/example_dags/example_skip_dag.py
[2023-03-29T01:37:53.831+0000] {processor.py:756} INFO - Processing file /home/airflow/.local/lib/python3.7/site-packages/airflow/example_dags/example_skip_dag.py for tasks to queue
[2023-03-29T01:37:53.832+0000] {logging_mixin.py:120} INFO - [2023-03-29T01:37:53.832+0000] {dagbag.py:537} INFO - Filling up the DagBag from /home/airflow/.local/lib/python3.7/site-packages/airflow/example_dags/example_skip_dag.py
[2023-03-29T01:37:53.841+0000] {processor.py:766} INFO - DAG(s) dict_keys(['example_skip_dag']) retrieved from /home/airflow/.local/lib/python3.7/site-packages/airflow/example_dags/example_skip_dag.py
[2023-03-29T01:37:53.868+0000] {logging_mixin.py:120} INFO - [2023-03-29T01:37:53.867+0000] {dag.py:2585} INFO - Sync 1 DAGs
[2023-03-29T01:37:53.884+0000] {logging_mixin.py:120} INFO - [2023-03-29T01:37:53.884+0000] {dag.py:3340} INFO - Setting next_dagrun for example_skip_dag to 2023-03-28T01:37:53.884727+00:00, run_after=2023-03-29T01:37:53.884727+00:00
[2023-03-29T01:37:53.900+0000] {processor.py:176} INFO - Processing /home/airflow/.local/lib/python3.7/site-packages/airflow/example_dags/example_skip_dag.py took 0.073 seconds
[2023-03-29T01:38:24.336+0000] {processor.py:154} INFO - Started process (PID=550) to work on /home/airflow/.local/lib/python3.7/site-packages/airflow/example_dags/example_skip_dag.py
[2023-03-29T01:38:24.338+0000] {processor.py:756} INFO - Processing file /home/airflow/.local/lib/python3.7/site-packages/airflow/example_dags/example_skip_dag.py for tasks to queue
[2023-03-29T01:38:24.340+0000] {logging_mixin.py:120} INFO - [2023-03-29T01:38:24.340+0000] {dagbag.py:537} INFO - Filling up the DagBag from /home/airflow/.local/lib/python3.7/site-packages/airflow/example_dags/example_skip_dag.py
[2023-03-29T01:38:24.350+0000] {processor.py:766} INFO - DAG(s) dict_keys(['example_skip_dag']) retrieved from /home/airflow/.local/lib/python3.7/site-packages/airflow/example_dags/example_skip_dag.py
[2023-03-29T01:38:24.377+0000] {logging_mixin.py:120} INFO - [2023-03-29T01:38:24.377+0000] {dag.py:2585} INFO - Sync 1 DAGs
[2023-03-29T01:38:24.392+0000] {logging_mixin.py:120} INFO - [2023-03-29T01:38:24.392+0000] {dag.py:3340} INFO - Setting next_dagrun for example_skip_dag to 2023-03-28T01:38:24.392023+00:00, run_after=2023-03-29T01:38:24.392023+00:00
[2023-03-29T01:38:24.404+0000] {processor.py:176} INFO - Processing /home/airflow/.local/lib/python3.7/site-packages/airflow/example_dags/example_skip_dag.py took 0.070 seconds
