[2023-03-29T01:34:20.936+0000] {processor.py:154} INFO - Started process (PID=46) to work on /home/airflow/.local/lib/python3.7/site-packages/airflow/example_dags/example_branch_python_dop_operator_3.py
[2023-03-29T01:34:20.938+0000] {processor.py:756} INFO - Processing file /home/airflow/.local/lib/python3.7/site-packages/airflow/example_dags/example_branch_python_dop_operator_3.py for tasks to queue
[2023-03-29T01:34:20.940+0000] {logging_mixin.py:120} INFO - [2023-03-29T01:34:20.939+0000] {dagbag.py:537} INFO - Filling up the DagBag from /home/airflow/.local/lib/python3.7/site-packages/airflow/example_dags/example_branch_python_dop_operator_3.py
[2023-03-29T01:34:20.960+0000] {processor.py:766} INFO - DAG(s) dict_keys(['example_branch_dop_operator_v3']) retrieved from /home/airflow/.local/lib/python3.7/site-packages/airflow/example_dags/example_branch_python_dop_operator_3.py
[2023-03-29T01:34:20.981+0000] {logging_mixin.py:120} INFO - [2023-03-29T01:34:20.981+0000] {dag.py:2585} INFO - Sync 1 DAGs
[2023-03-29T01:34:21.004+0000] {logging_mixin.py:120} INFO - [2023-03-29T01:34:21.004+0000] {dag.py:3340} INFO - Setting next_dagrun for example_branch_dop_operator_v3 to 2023-03-29T01:33:00+00:00, run_after=2023-03-29T01:34:00+00:00
[2023-03-29T01:34:21.032+0000] {processor.py:176} INFO - Processing /home/airflow/.local/lib/python3.7/site-packages/airflow/example_dags/example_branch_python_dop_operator_3.py took 0.100 seconds
[2023-03-29T01:34:51.252+0000] {processor.py:154} INFO - Started process (PID=108) to work on /home/airflow/.local/lib/python3.7/site-packages/airflow/example_dags/example_branch_python_dop_operator_3.py
[2023-03-29T01:34:51.253+0000] {processor.py:756} INFO - Processing file /home/airflow/.local/lib/python3.7/site-packages/airflow/example_dags/example_branch_python_dop_operator_3.py for tasks to queue
[2023-03-29T01:34:51.254+0000] {logging_mixin.py:120} INFO - [2023-03-29T01:34:51.254+0000] {dagbag.py:537} INFO - Filling up the DagBag from /home/airflow/.local/lib/python3.7/site-packages/airflow/example_dags/example_branch_python_dop_operator_3.py
[2023-03-29T01:34:51.270+0000] {processor.py:766} INFO - DAG(s) dict_keys(['example_branch_dop_operator_v3']) retrieved from /home/airflow/.local/lib/python3.7/site-packages/airflow/example_dags/example_branch_python_dop_operator_3.py
[2023-03-29T01:34:51.296+0000] {logging_mixin.py:120} INFO - [2023-03-29T01:34:51.296+0000] {dag.py:2585} INFO - Sync 1 DAGs
[2023-03-29T01:34:51.314+0000] {logging_mixin.py:120} INFO - [2023-03-29T01:34:51.314+0000] {dag.py:3340} INFO - Setting next_dagrun for example_branch_dop_operator_v3 to 2023-03-29T01:33:00+00:00, run_after=2023-03-29T01:34:00+00:00
[2023-03-29T01:34:51.331+0000] {processor.py:176} INFO - Processing /home/airflow/.local/lib/python3.7/site-packages/airflow/example_dags/example_branch_python_dop_operator_3.py took 0.082 seconds
[2023-03-29T01:35:21.503+0000] {processor.py:154} INFO - Started process (PID=171) to work on /home/airflow/.local/lib/python3.7/site-packages/airflow/example_dags/example_branch_python_dop_operator_3.py
[2023-03-29T01:35:21.505+0000] {processor.py:756} INFO - Processing file /home/airflow/.local/lib/python3.7/site-packages/airflow/example_dags/example_branch_python_dop_operator_3.py for tasks to queue
[2023-03-29T01:35:21.506+0000] {logging_mixin.py:120} INFO - [2023-03-29T01:35:21.506+0000] {dagbag.py:537} INFO - Filling up the DagBag from /home/airflow/.local/lib/python3.7/site-packages/airflow/example_dags/example_branch_python_dop_operator_3.py
[2023-03-29T01:35:21.522+0000] {processor.py:766} INFO - DAG(s) dict_keys(['example_branch_dop_operator_v3']) retrieved from /home/airflow/.local/lib/python3.7/site-packages/airflow/example_dags/example_branch_python_dop_operator_3.py
[2023-03-29T01:35:21.549+0000] {logging_mixin.py:120} INFO - [2023-03-29T01:35:21.549+0000] {dag.py:2585} INFO - Sync 1 DAGs
[2023-03-29T01:35:21.568+0000] {logging_mixin.py:120} INFO - [2023-03-29T01:35:21.567+0000] {dag.py:3340} INFO - Setting next_dagrun for example_branch_dop_operator_v3 to 2023-03-29T01:34:00+00:00, run_after=2023-03-29T01:35:00+00:00
[2023-03-29T01:35:21.582+0000] {processor.py:176} INFO - Processing /home/airflow/.local/lib/python3.7/site-packages/airflow/example_dags/example_branch_python_dop_operator_3.py took 0.082 seconds
[2023-03-29T01:35:51.832+0000] {processor.py:154} INFO - Started process (PID=233) to work on /home/airflow/.local/lib/python3.7/site-packages/airflow/example_dags/example_branch_python_dop_operator_3.py
[2023-03-29T01:35:51.834+0000] {processor.py:756} INFO - Processing file /home/airflow/.local/lib/python3.7/site-packages/airflow/example_dags/example_branch_python_dop_operator_3.py for tasks to queue
[2023-03-29T01:35:51.835+0000] {logging_mixin.py:120} INFO - [2023-03-29T01:35:51.835+0000] {dagbag.py:537} INFO - Filling up the DagBag from /home/airflow/.local/lib/python3.7/site-packages/airflow/example_dags/example_branch_python_dop_operator_3.py
[2023-03-29T01:35:51.849+0000] {processor.py:766} INFO - DAG(s) dict_keys(['example_branch_dop_operator_v3']) retrieved from /home/airflow/.local/lib/python3.7/site-packages/airflow/example_dags/example_branch_python_dop_operator_3.py
[2023-03-29T01:35:51.876+0000] {logging_mixin.py:120} INFO - [2023-03-29T01:35:51.876+0000] {dag.py:2585} INFO - Sync 1 DAGs
[2023-03-29T01:35:51.895+0000] {logging_mixin.py:120} INFO - [2023-03-29T01:35:51.895+0000] {dag.py:3340} INFO - Setting next_dagrun for example_branch_dop_operator_v3 to 2023-03-29T01:34:00+00:00, run_after=2023-03-29T01:35:00+00:00
[2023-03-29T01:35:51.910+0000] {processor.py:176} INFO - Processing /home/airflow/.local/lib/python3.7/site-packages/airflow/example_dags/example_branch_python_dop_operator_3.py took 0.081 seconds
[2023-03-29T01:36:22.244+0000] {processor.py:154} INFO - Started process (PID=287) to work on /home/airflow/.local/lib/python3.7/site-packages/airflow/example_dags/example_branch_python_dop_operator_3.py
[2023-03-29T01:36:22.246+0000] {processor.py:756} INFO - Processing file /home/airflow/.local/lib/python3.7/site-packages/airflow/example_dags/example_branch_python_dop_operator_3.py for tasks to queue
[2023-03-29T01:36:22.247+0000] {logging_mixin.py:120} INFO - [2023-03-29T01:36:22.247+0000] {dagbag.py:537} INFO - Filling up the DagBag from /home/airflow/.local/lib/python3.7/site-packages/airflow/example_dags/example_branch_python_dop_operator_3.py
[2023-03-29T01:36:22.263+0000] {processor.py:766} INFO - DAG(s) dict_keys(['example_branch_dop_operator_v3']) retrieved from /home/airflow/.local/lib/python3.7/site-packages/airflow/example_dags/example_branch_python_dop_operator_3.py
[2023-03-29T01:36:22.290+0000] {logging_mixin.py:120} INFO - [2023-03-29T01:36:22.290+0000] {dag.py:2585} INFO - Sync 1 DAGs
[2023-03-29T01:36:22.307+0000] {logging_mixin.py:120} INFO - [2023-03-29T01:36:22.307+0000] {dag.py:3340} INFO - Setting next_dagrun for example_branch_dop_operator_v3 to 2023-03-29T01:35:00+00:00, run_after=2023-03-29T01:36:00+00:00
[2023-03-29T01:36:22.320+0000] {processor.py:176} INFO - Processing /home/airflow/.local/lib/python3.7/site-packages/airflow/example_dags/example_branch_python_dop_operator_3.py took 0.078 seconds
[2023-03-29T01:36:52.577+0000] {processor.py:154} INFO - Started process (PID=350) to work on /home/airflow/.local/lib/python3.7/site-packages/airflow/example_dags/example_branch_python_dop_operator_3.py
[2023-03-29T01:36:52.578+0000] {processor.py:756} INFO - Processing file /home/airflow/.local/lib/python3.7/site-packages/airflow/example_dags/example_branch_python_dop_operator_3.py for tasks to queue
[2023-03-29T01:36:52.580+0000] {logging_mixin.py:120} INFO - [2023-03-29T01:36:52.579+0000] {dagbag.py:537} INFO - Filling up the DagBag from /home/airflow/.local/lib/python3.7/site-packages/airflow/example_dags/example_branch_python_dop_operator_3.py
[2023-03-29T01:36:52.595+0000] {processor.py:766} INFO - DAG(s) dict_keys(['example_branch_dop_operator_v3']) retrieved from /home/airflow/.local/lib/python3.7/site-packages/airflow/example_dags/example_branch_python_dop_operator_3.py
[2023-03-29T01:36:52.624+0000] {logging_mixin.py:120} INFO - [2023-03-29T01:36:52.624+0000] {dag.py:2585} INFO - Sync 1 DAGs
[2023-03-29T01:36:52.645+0000] {logging_mixin.py:120} INFO - [2023-03-29T01:36:52.645+0000] {dag.py:3340} INFO - Setting next_dagrun for example_branch_dop_operator_v3 to 2023-03-29T01:35:00+00:00, run_after=2023-03-29T01:36:00+00:00
[2023-03-29T01:36:52.658+0000] {processor.py:176} INFO - Processing /home/airflow/.local/lib/python3.7/site-packages/airflow/example_dags/example_branch_python_dop_operator_3.py took 0.083 seconds
[2023-03-29T01:37:22.946+0000] {processor.py:154} INFO - Started process (PID=413) to work on /home/airflow/.local/lib/python3.7/site-packages/airflow/example_dags/example_branch_python_dop_operator_3.py
[2023-03-29T01:37:22.947+0000] {processor.py:756} INFO - Processing file /home/airflow/.local/lib/python3.7/site-packages/airflow/example_dags/example_branch_python_dop_operator_3.py for tasks to queue
[2023-03-29T01:37:22.948+0000] {logging_mixin.py:120} INFO - [2023-03-29T01:37:22.948+0000] {dagbag.py:537} INFO - Filling up the DagBag from /home/airflow/.local/lib/python3.7/site-packages/airflow/example_dags/example_branch_python_dop_operator_3.py
[2023-03-29T01:37:22.963+0000] {processor.py:766} INFO - DAG(s) dict_keys(['example_branch_dop_operator_v3']) retrieved from /home/airflow/.local/lib/python3.7/site-packages/airflow/example_dags/example_branch_python_dop_operator_3.py
[2023-03-29T01:37:22.986+0000] {logging_mixin.py:120} INFO - [2023-03-29T01:37:22.986+0000] {dag.py:2585} INFO - Sync 1 DAGs
[2023-03-29T01:37:23.002+0000] {logging_mixin.py:120} INFO - [2023-03-29T01:37:23.002+0000] {dag.py:3340} INFO - Setting next_dagrun for example_branch_dop_operator_v3 to 2023-03-29T01:36:00+00:00, run_after=2023-03-29T01:37:00+00:00
[2023-03-29T01:37:23.013+0000] {processor.py:176} INFO - Processing /home/airflow/.local/lib/python3.7/site-packages/airflow/example_dags/example_branch_python_dop_operator_3.py took 0.069 seconds
[2023-03-29T01:37:53.288+0000] {processor.py:154} INFO - Started process (PID=476) to work on /home/airflow/.local/lib/python3.7/site-packages/airflow/example_dags/example_branch_python_dop_operator_3.py
[2023-03-29T01:37:53.290+0000] {processor.py:756} INFO - Processing file /home/airflow/.local/lib/python3.7/site-packages/airflow/example_dags/example_branch_python_dop_operator_3.py for tasks to queue
[2023-03-29T01:37:53.291+0000] {logging_mixin.py:120} INFO - [2023-03-29T01:37:53.290+0000] {dagbag.py:537} INFO - Filling up the DagBag from /home/airflow/.local/lib/python3.7/site-packages/airflow/example_dags/example_branch_python_dop_operator_3.py
[2023-03-29T01:37:53.305+0000] {processor.py:766} INFO - DAG(s) dict_keys(['example_branch_dop_operator_v3']) retrieved from /home/airflow/.local/lib/python3.7/site-packages/airflow/example_dags/example_branch_python_dop_operator_3.py
[2023-03-29T01:37:53.336+0000] {logging_mixin.py:120} INFO - [2023-03-29T01:37:53.336+0000] {dag.py:2585} INFO - Sync 1 DAGs
[2023-03-29T01:37:53.355+0000] {logging_mixin.py:120} INFO - [2023-03-29T01:37:53.355+0000] {dag.py:3340} INFO - Setting next_dagrun for example_branch_dop_operator_v3 to 2023-03-29T01:36:00+00:00, run_after=2023-03-29T01:37:00+00:00
[2023-03-29T01:37:53.369+0000] {processor.py:176} INFO - Processing /home/airflow/.local/lib/python3.7/site-packages/airflow/example_dags/example_branch_python_dop_operator_3.py took 0.083 seconds
[2023-03-29T01:38:23.660+0000] {processor.py:154} INFO - Started process (PID=539) to work on /home/airflow/.local/lib/python3.7/site-packages/airflow/example_dags/example_branch_python_dop_operator_3.py
[2023-03-29T01:38:23.662+0000] {processor.py:756} INFO - Processing file /home/airflow/.local/lib/python3.7/site-packages/airflow/example_dags/example_branch_python_dop_operator_3.py for tasks to queue
[2023-03-29T01:38:23.663+0000] {logging_mixin.py:120} INFO - [2023-03-29T01:38:23.663+0000] {dagbag.py:537} INFO - Filling up the DagBag from /home/airflow/.local/lib/python3.7/site-packages/airflow/example_dags/example_branch_python_dop_operator_3.py
[2023-03-29T01:38:23.677+0000] {processor.py:766} INFO - DAG(s) dict_keys(['example_branch_dop_operator_v3']) retrieved from /home/airflow/.local/lib/python3.7/site-packages/airflow/example_dags/example_branch_python_dop_operator_3.py
[2023-03-29T01:38:23.706+0000] {logging_mixin.py:120} INFO - [2023-03-29T01:38:23.706+0000] {dag.py:2585} INFO - Sync 1 DAGs
[2023-03-29T01:38:23.724+0000] {logging_mixin.py:120} INFO - [2023-03-29T01:38:23.724+0000] {dag.py:3340} INFO - Setting next_dagrun for example_branch_dop_operator_v3 to 2023-03-29T01:37:00+00:00, run_after=2023-03-29T01:38:00+00:00
[2023-03-29T01:38:23.735+0000] {processor.py:176} INFO - Processing /home/airflow/.local/lib/python3.7/site-packages/airflow/example_dags/example_branch_python_dop_operator_3.py took 0.078 seconds
