[2023-03-29T18:51:52.684+0000] {taskinstance.py:1165} INFO - Dependencies all met for <TaskInstance: user_processing.extract_user __airflow_temporary_run_2023-03-29T18:51:48.922573+00:00__ [queued]>
[2023-03-29T18:51:52.692+0000] {taskinstance.py:1165} INFO - Dependencies all met for <TaskInstance: user_processing.extract_user __airflow_temporary_run_2023-03-29T18:51:48.922573+00:00__ [queued]>
[2023-03-29T18:51:52.693+0000] {taskinstance.py:1362} INFO - 
--------------------------------------------------------------------------------
[2023-03-29T18:51:52.694+0000] {taskinstance.py:1363} INFO - Starting attempt 1 of 1
[2023-03-29T18:51:52.695+0000] {taskinstance.py:1364} INFO - 
--------------------------------------------------------------------------------
[2023-03-29T18:51:52.702+0000] {taskinstance.py:1383} INFO - Executing <Task(SimpleHttpOperator): extract_user> on 2022-01-01 00:00:00+00:00
[2023-03-29T18:51:52.707+0000] {standard_task_runner.py:55} INFO - Started process 17681 to run task
[2023-03-29T18:51:52.710+0000] {standard_task_runner.py:82} INFO - Running: ['***', 'tasks', 'run', 'user_processing', 'extract_user', '__***_temporary_run_2023-03-29T18:51:48.922573+00:00__', '--job-id', '19', '--raw', '--subdir', 'DAGS_FOLDER/user_processing.py', '--cfg-path', '/tmp/tmpcz_dusu2']
[2023-03-29T18:51:52.713+0000] {standard_task_runner.py:83} INFO - Job 19: Subtask extract_user
[2023-03-29T18:51:52.760+0000] {task_command.py:376} INFO - Running <TaskInstance: user_processing.extract_user __airflow_temporary_run_2023-03-29T18:51:48.922573+00:00__ [running]> on host 9dcb783b1f3a
[2023-03-29T18:51:52.801+0000] {taskinstance.py:1592} INFO - Exporting the following env vars:
AIRFLOW_CTX_DAG_OWNER=***
AIRFLOW_CTX_DAG_ID=user_processing
AIRFLOW_CTX_TASK_ID=extract_user
AIRFLOW_CTX_EXECUTION_DATE=2022-01-01T00:00:00+00:00
AIRFLOW_CTX_TRY_NUMBER=1
AIRFLOW_CTX_DAG_RUN_ID=__***_temporary_run_2023-03-29T18:51:48.922573+00:00__
[2023-03-29T18:51:52.803+0000] {http.py:121} INFO - Calling HTTP method
[2023-03-29T18:51:52.810+0000] {base.py:71} INFO - Using connection ID 'user_api' for task execution.
[2023-03-29T18:51:52.812+0000] {http.py:148} INFO - Sending 'GET' to url: https://randomuser.me/api/
[2023-03-29T18:51:53.017+0000] {http.py:125} INFO - {"results":[{"gender":"male","name":{"title":"Mr","first":"Mikkel","last":"Poulsen"},"location":{"street":{"number":5802,"name":"Fasanvænget"},"city":"Hornbæk","state":"Midtjylland","country":"Denmark","postcode":22315,"coordinates":{"latitude":"-42.8896","longitude":"-95.6664"},"timezone":{"offset":"-8:00","description":"Pacific Time (US & Canada)"}},"email":"mikkel.poulsen@example.com","login":{"uuid":"ad292462-4788-4526-886e-34fb14e9db9b","username":"greentiger290","password":"luv2epus","salt":"qBHIxiyX","md5":"21af61f7e4547a7b5097c38087f597d7","sha1":"4c2177b1c955d317044ebf92878d35583b3938aa","sha256":"39b175dbe88e3b0fdb03431e8e3ab24ed5e86536a20cc948fafede03c713272c"},"dob":{"date":"1960-10-25T08:28:18.405Z","age":62},"registered":{"date":"2022-02-13T06:06:42.612Z","age":1},"phone":"02968757","cell":"29162458","id":{"name":"CPR","value":"251060-4241"},"picture":{"large":"https://randomuser.me/api/portraits/men/74.jpg","medium":"https://randomuser.me/api/portraits/med/men/74.jpg","thumbnail":"https://randomuser.me/api/portraits/thumb/men/74.jpg"},"nat":"DK"}],"info":{"seed":"46335440a0596ae4","results":1,"page":1,"version":"1.4"}}
[2023-03-29T18:51:53.035+0000] {taskinstance.py:1406} INFO - Marking task as SUCCESS. dag_id=user_processing, task_id=extract_user, execution_date=20220101T000000, start_date=20230329T185152, end_date=20230329T185153
[2023-03-29T18:51:53.056+0000] {local_task_job.py:164} INFO - Task exited with return code 0
[2023-03-29T18:51:53.075+0000] {local_task_job.py:273} INFO - 1 downstream tasks scheduled from follow-on schedule check
