[2023-03-30T02:31:30.834+0000] {taskinstance.py:1165} INFO - Dependencies all met for <TaskInstance: producer.update_dataset scheduled__2023-03-29T00:00:00+00:00 [queued]>
[2023-03-30T02:31:30.843+0000] {taskinstance.py:1165} INFO - Dependencies all met for <TaskInstance: producer.update_dataset scheduled__2023-03-29T00:00:00+00:00 [queued]>
[2023-03-30T02:31:30.844+0000] {taskinstance.py:1362} INFO - 
--------------------------------------------------------------------------------
[2023-03-30T02:31:30.845+0000] {taskinstance.py:1363} INFO - Starting attempt 1 of 1
[2023-03-30T02:31:30.847+0000] {taskinstance.py:1364} INFO - 
--------------------------------------------------------------------------------
[2023-03-30T02:31:30.856+0000] {taskinstance.py:1383} INFO - Executing <Task(_PythonDecoratedOperator): update_dataset> on 2023-03-29 00:00:00+00:00
[2023-03-30T02:31:30.862+0000] {standard_task_runner.py:55} INFO - Started process 35898 to run task
[2023-03-30T02:31:30.866+0000] {standard_task_runner.py:82} INFO - Running: ['***', 'tasks', 'run', 'producer', 'update_dataset', 'scheduled__2023-03-29T00:00:00+00:00', '--job-id', '26', '--raw', '--subdir', 'DAGS_FOLDER/producer.py', '--cfg-path', '/tmp/tmp48i7nyub']
[2023-03-30T02:31:30.868+0000] {standard_task_runner.py:83} INFO - Job 26: Subtask update_dataset
[2023-03-30T02:31:30.916+0000] {task_command.py:376} INFO - Running <TaskInstance: producer.update_dataset scheduled__2023-03-29T00:00:00+00:00 [running]> on host 9dcb783b1f3a
[2023-03-30T02:31:30.964+0000] {taskinstance.py:1592} INFO - Exporting the following env vars:
AIRFLOW_CTX_DAG_OWNER=***
AIRFLOW_CTX_DAG_ID=producer
AIRFLOW_CTX_TASK_ID=update_dataset
AIRFLOW_CTX_EXECUTION_DATE=2023-03-29T00:00:00+00:00
AIRFLOW_CTX_TRY_NUMBER=1
AIRFLOW_CTX_DAG_RUN_ID=scheduled__2023-03-29T00:00:00+00:00
[2023-03-30T02:31:30.966+0000] {python.py:177} INFO - Done. Returned value was: None
[2023-03-30T02:31:30.988+0000] {warnings.py:110} WARNING - /home/***/.local/lib/python3.7/site-packages/***/models/baseoperator.py:1390: RemovedInAirflow3Warning: Passing 'execution_date' to 'TaskInstance.xcom_push()' is deprecated.
  context['ti'].xcom_push(key=key, value=value, execution_date=execution_date)

[2023-03-30T02:31:31.017+0000] {taskinstance.py:1406} INFO - Marking task as SUCCESS. dag_id=producer, task_id=update_dataset, execution_date=20230329T000000, start_date=20230330T023130, end_date=20230330T023131
[2023-03-30T02:31:31.083+0000] {local_task_job.py:164} INFO - Task exited with return code 0
[2023-03-30T02:31:31.098+0000] {local_task_job.py:273} INFO - 0 downstream tasks scheduled from follow-on schedule check
