[2023-03-30T02:26:14.047+0000] {processor.py:154} INFO - Started process (PID=87764) to work on /opt/airflow/dags/consumer.py
[2023-03-30T02:26:14.048+0000] {processor.py:756} INFO - Processing file /opt/airflow/dags/consumer.py for tasks to queue
[2023-03-30T02:26:14.050+0000] {logging_mixin.py:120} INFO - [2023-03-30T02:26:14.050+0000] {dagbag.py:537} INFO - Filling up the DagBag from /opt/airflow/dags/consumer.py
[2023-03-30T02:26:14.076+0000] {processor.py:766} INFO - DAG(s) dict_keys(['consumer']) retrieved from /opt/airflow/dags/consumer.py
[2023-03-30T02:26:14.157+0000] {logging_mixin.py:120} INFO - [2023-03-30T02:26:14.157+0000] {manager.py:507} INFO - Created Permission View: can read on DAG:consumer
[2023-03-30T02:26:14.165+0000] {logging_mixin.py:120} INFO - [2023-03-30T02:26:14.164+0000] {manager.py:507} INFO - Created Permission View: can delete on DAG:consumer
[2023-03-30T02:26:14.169+0000] {logging_mixin.py:120} INFO - [2023-03-30T02:26:14.169+0000] {manager.py:507} INFO - Created Permission View: can edit on DAG:consumer
[2023-03-30T02:26:14.170+0000] {logging_mixin.py:120} INFO - [2023-03-30T02:26:14.170+0000] {dag.py:2585} INFO - Sync 1 DAGs
[2023-03-30T02:26:14.177+0000] {logging_mixin.py:120} INFO - [2023-03-30T02:26:14.177+0000] {dag.py:2606} INFO - Creating ORM DAG for consumer
[2023-03-30T02:26:14.185+0000] {logging_mixin.py:120} INFO - [2023-03-30T02:26:14.185+0000] {dag.py:3340} INFO - Setting next_dagrun for consumer to None, run_after=None
[2023-03-30T02:26:14.305+0000] {processor.py:176} INFO - Processing /opt/airflow/dags/consumer.py took 0.260 seconds
[2023-03-30T02:26:16.086+0000] {processor.py:154} INFO - Started process (PID=87772) to work on /opt/airflow/dags/consumer.py
[2023-03-30T02:26:16.088+0000] {processor.py:756} INFO - Processing file /opt/airflow/dags/consumer.py for tasks to queue
[2023-03-30T02:26:16.090+0000] {logging_mixin.py:120} INFO - [2023-03-30T02:26:16.090+0000] {dagbag.py:537} INFO - Filling up the DagBag from /opt/airflow/dags/consumer.py
[2023-03-30T02:26:16.118+0000] {processor.py:766} INFO - DAG(s) dict_keys(['consumer']) retrieved from /opt/airflow/dags/consumer.py
[2023-03-30T02:26:16.139+0000] {logging_mixin.py:120} INFO - [2023-03-30T02:26:16.139+0000] {dag.py:2585} INFO - Sync 1 DAGs
[2023-03-30T02:26:16.156+0000] {logging_mixin.py:120} INFO - [2023-03-30T02:26:16.156+0000] {dag.py:3340} INFO - Setting next_dagrun for consumer to None, run_after=None
[2023-03-30T02:26:16.173+0000] {processor.py:176} INFO - Processing /opt/airflow/dags/consumer.py took 0.089 seconds
[2023-03-30T02:26:17.103+0000] {processor.py:154} INFO - Started process (PID=87775) to work on /opt/airflow/dags/consumer.py
[2023-03-30T02:26:17.105+0000] {processor.py:756} INFO - Processing file /opt/airflow/dags/consumer.py for tasks to queue
[2023-03-30T02:26:17.106+0000] {logging_mixin.py:120} INFO - [2023-03-30T02:26:17.106+0000] {dagbag.py:537} INFO - Filling up the DagBag from /opt/airflow/dags/consumer.py
[2023-03-30T02:26:17.139+0000] {processor.py:766} INFO - DAG(s) dict_keys(['consumer']) retrieved from /opt/airflow/dags/consumer.py
[2023-03-30T02:26:17.159+0000] {logging_mixin.py:120} INFO - [2023-03-30T02:26:17.158+0000] {dag.py:2585} INFO - Sync 1 DAGs
[2023-03-30T02:26:17.177+0000] {logging_mixin.py:120} INFO - [2023-03-30T02:26:17.177+0000] {dag.py:3340} INFO - Setting next_dagrun for consumer to None, run_after=None
[2023-03-30T02:26:17.197+0000] {processor.py:176} INFO - Processing /opt/airflow/dags/consumer.py took 0.097 seconds
[2023-03-30T02:26:47.407+0000] {processor.py:154} INFO - Started process (PID=87832) to work on /opt/airflow/dags/consumer.py
[2023-03-30T02:26:47.410+0000] {processor.py:756} INFO - Processing file /opt/airflow/dags/consumer.py for tasks to queue
[2023-03-30T02:26:47.412+0000] {logging_mixin.py:120} INFO - [2023-03-30T02:26:47.412+0000] {dagbag.py:537} INFO - Filling up the DagBag from /opt/airflow/dags/consumer.py
[2023-03-30T02:26:47.439+0000] {processor.py:766} INFO - DAG(s) dict_keys(['consumer']) retrieved from /opt/airflow/dags/consumer.py
[2023-03-30T02:26:47.473+0000] {logging_mixin.py:120} INFO - [2023-03-30T02:26:47.472+0000] {dag.py:2585} INFO - Sync 1 DAGs
[2023-03-30T02:26:47.492+0000] {logging_mixin.py:120} INFO - [2023-03-30T02:26:47.492+0000] {dag.py:3340} INFO - Setting next_dagrun for consumer to None, run_after=None
[2023-03-30T02:26:47.512+0000] {processor.py:176} INFO - Processing /opt/airflow/dags/consumer.py took 0.107 seconds
[2023-03-30T02:27:18.111+0000] {processor.py:154} INFO - Started process (PID=87899) to work on /opt/airflow/dags/consumer.py
[2023-03-30T02:27:18.114+0000] {processor.py:756} INFO - Processing file /opt/airflow/dags/consumer.py for tasks to queue
[2023-03-30T02:27:18.115+0000] {logging_mixin.py:120} INFO - [2023-03-30T02:27:18.115+0000] {dagbag.py:537} INFO - Filling up the DagBag from /opt/airflow/dags/consumer.py
[2023-03-30T02:27:18.129+0000] {processor.py:766} INFO - DAG(s) dict_keys(['consumer']) retrieved from /opt/airflow/dags/consumer.py
[2023-03-30T02:27:18.158+0000] {logging_mixin.py:120} INFO - [2023-03-30T02:27:18.157+0000] {dag.py:2585} INFO - Sync 1 DAGs
[2023-03-30T02:27:18.176+0000] {logging_mixin.py:120} INFO - [2023-03-30T02:27:18.176+0000] {dag.py:3340} INFO - Setting next_dagrun for consumer to None, run_after=None
[2023-03-30T02:27:18.190+0000] {processor.py:176} INFO - Processing /opt/airflow/dags/consumer.py took 0.081 seconds
[2023-03-30T02:27:48.722+0000] {processor.py:154} INFO - Started process (PID=87967) to work on /opt/airflow/dags/consumer.py
[2023-03-30T02:27:48.724+0000] {processor.py:756} INFO - Processing file /opt/airflow/dags/consumer.py for tasks to queue
[2023-03-30T02:27:48.727+0000] {logging_mixin.py:120} INFO - [2023-03-30T02:27:48.727+0000] {dagbag.py:537} INFO - Filling up the DagBag from /opt/airflow/dags/consumer.py
[2023-03-30T02:27:48.749+0000] {processor.py:766} INFO - DAG(s) dict_keys(['consumer']) retrieved from /opt/airflow/dags/consumer.py
[2023-03-30T02:27:48.777+0000] {logging_mixin.py:120} INFO - [2023-03-30T02:27:48.776+0000] {dag.py:2585} INFO - Sync 1 DAGs
[2023-03-30T02:27:48.790+0000] {logging_mixin.py:120} INFO - [2023-03-30T02:27:48.790+0000] {dag.py:3340} INFO - Setting next_dagrun for consumer to None, run_after=None
[2023-03-30T02:27:48.802+0000] {processor.py:176} INFO - Processing /opt/airflow/dags/consumer.py took 0.083 seconds
[2023-03-30T02:28:19.439+0000] {processor.py:154} INFO - Started process (PID=88034) to work on /opt/airflow/dags/consumer.py
[2023-03-30T02:28:19.443+0000] {processor.py:756} INFO - Processing file /opt/airflow/dags/consumer.py for tasks to queue
[2023-03-30T02:28:19.445+0000] {logging_mixin.py:120} INFO - [2023-03-30T02:28:19.445+0000] {dagbag.py:537} INFO - Filling up the DagBag from /opt/airflow/dags/consumer.py
[2023-03-30T02:28:19.473+0000] {processor.py:766} INFO - DAG(s) dict_keys(['consumer']) retrieved from /opt/airflow/dags/consumer.py
[2023-03-30T02:28:19.506+0000] {logging_mixin.py:120} INFO - [2023-03-30T02:28:19.506+0000] {dag.py:2585} INFO - Sync 1 DAGs
[2023-03-30T02:28:19.520+0000] {logging_mixin.py:120} INFO - [2023-03-30T02:28:19.520+0000] {dag.py:3340} INFO - Setting next_dagrun for consumer to None, run_after=None
[2023-03-30T02:28:19.532+0000] {processor.py:176} INFO - Processing /opt/airflow/dags/consumer.py took 0.096 seconds
[2023-03-30T02:28:50.093+0000] {processor.py:154} INFO - Started process (PID=88101) to work on /opt/airflow/dags/consumer.py
[2023-03-30T02:28:50.095+0000] {processor.py:756} INFO - Processing file /opt/airflow/dags/consumer.py for tasks to queue
[2023-03-30T02:28:50.097+0000] {logging_mixin.py:120} INFO - [2023-03-30T02:28:50.097+0000] {dagbag.py:537} INFO - Filling up the DagBag from /opt/airflow/dags/consumer.py
[2023-03-30T02:28:50.120+0000] {processor.py:766} INFO - DAG(s) dict_keys(['consumer']) retrieved from /opt/airflow/dags/consumer.py
[2023-03-30T02:28:50.149+0000] {logging_mixin.py:120} INFO - [2023-03-30T02:28:50.148+0000] {dag.py:2585} INFO - Sync 1 DAGs
[2023-03-30T02:28:50.162+0000] {logging_mixin.py:120} INFO - [2023-03-30T02:28:50.162+0000] {dag.py:3340} INFO - Setting next_dagrun for consumer to None, run_after=None
[2023-03-30T02:28:50.176+0000] {processor.py:176} INFO - Processing /opt/airflow/dags/consumer.py took 0.086 seconds
[2023-03-30T02:29:20.795+0000] {processor.py:154} INFO - Started process (PID=88168) to work on /opt/airflow/dags/consumer.py
[2023-03-30T02:29:20.798+0000] {processor.py:756} INFO - Processing file /opt/airflow/dags/consumer.py for tasks to queue
[2023-03-30T02:29:20.799+0000] {logging_mixin.py:120} INFO - [2023-03-30T02:29:20.799+0000] {dagbag.py:537} INFO - Filling up the DagBag from /opt/airflow/dags/consumer.py
[2023-03-30T02:29:20.823+0000] {processor.py:766} INFO - DAG(s) dict_keys(['consumer']) retrieved from /opt/airflow/dags/consumer.py
[2023-03-30T02:29:20.851+0000] {logging_mixin.py:120} INFO - [2023-03-30T02:29:20.851+0000] {dag.py:2585} INFO - Sync 1 DAGs
[2023-03-30T02:29:20.867+0000] {logging_mixin.py:120} INFO - [2023-03-30T02:29:20.867+0000] {dag.py:3340} INFO - Setting next_dagrun for consumer to None, run_after=None
[2023-03-30T02:29:20.879+0000] {processor.py:176} INFO - Processing /opt/airflow/dags/consumer.py took 0.088 seconds
[2023-03-30T02:29:51.481+0000] {processor.py:154} INFO - Started process (PID=88225) to work on /opt/airflow/dags/consumer.py
[2023-03-30T02:29:51.485+0000] {processor.py:756} INFO - Processing file /opt/airflow/dags/consumer.py for tasks to queue
[2023-03-30T02:29:51.488+0000] {logging_mixin.py:120} INFO - [2023-03-30T02:29:51.488+0000] {dagbag.py:537} INFO - Filling up the DagBag from /opt/airflow/dags/consumer.py
[2023-03-30T02:29:51.516+0000] {processor.py:766} INFO - DAG(s) dict_keys(['consumer']) retrieved from /opt/airflow/dags/consumer.py
[2023-03-30T02:29:51.560+0000] {logging_mixin.py:120} INFO - [2023-03-30T02:29:51.560+0000] {dag.py:2585} INFO - Sync 1 DAGs
[2023-03-30T02:29:51.578+0000] {logging_mixin.py:120} INFO - [2023-03-30T02:29:51.578+0000] {dag.py:3340} INFO - Setting next_dagrun for consumer to None, run_after=None
[2023-03-30T02:29:51.595+0000] {processor.py:176} INFO - Processing /opt/airflow/dags/consumer.py took 0.119 seconds
[2023-03-30T02:30:22.288+0000] {processor.py:154} INFO - Started process (PID=88292) to work on /opt/airflow/dags/consumer.py
[2023-03-30T02:30:22.290+0000] {processor.py:756} INFO - Processing file /opt/airflow/dags/consumer.py for tasks to queue
[2023-03-30T02:30:22.292+0000] {logging_mixin.py:120} INFO - [2023-03-30T02:30:22.292+0000] {dagbag.py:537} INFO - Filling up the DagBag from /opt/airflow/dags/consumer.py
[2023-03-30T02:30:22.316+0000] {processor.py:766} INFO - DAG(s) dict_keys(['consumer']) retrieved from /opt/airflow/dags/consumer.py
[2023-03-30T02:30:22.350+0000] {logging_mixin.py:120} INFO - [2023-03-30T02:30:22.350+0000] {dag.py:2585} INFO - Sync 1 DAGs
[2023-03-30T02:30:22.370+0000] {logging_mixin.py:120} INFO - [2023-03-30T02:30:22.369+0000] {dag.py:3340} INFO - Setting next_dagrun for consumer to None, run_after=None
[2023-03-30T02:30:22.387+0000] {processor.py:176} INFO - Processing /opt/airflow/dags/consumer.py took 0.103 seconds
[2023-03-30T02:30:53.046+0000] {processor.py:154} INFO - Started process (PID=88360) to work on /opt/airflow/dags/consumer.py
[2023-03-30T02:30:53.050+0000] {processor.py:756} INFO - Processing file /opt/airflow/dags/consumer.py for tasks to queue
[2023-03-30T02:30:53.053+0000] {logging_mixin.py:120} INFO - [2023-03-30T02:30:53.053+0000] {dagbag.py:537} INFO - Filling up the DagBag from /opt/airflow/dags/consumer.py
[2023-03-30T02:30:53.085+0000] {processor.py:766} INFO - DAG(s) dict_keys(['consumer']) retrieved from /opt/airflow/dags/consumer.py
[2023-03-30T02:30:53.122+0000] {logging_mixin.py:120} INFO - [2023-03-30T02:30:53.122+0000] {dag.py:2585} INFO - Sync 1 DAGs
[2023-03-30T02:30:53.138+0000] {logging_mixin.py:120} INFO - [2023-03-30T02:30:53.138+0000] {dag.py:3340} INFO - Setting next_dagrun for consumer to None, run_after=None
[2023-03-30T02:30:53.152+0000] {processor.py:176} INFO - Processing /opt/airflow/dags/consumer.py took 0.110 seconds
[2023-03-30T02:31:23.882+0000] {processor.py:154} INFO - Started process (PID=88426) to work on /opt/airflow/dags/consumer.py
[2023-03-30T02:31:23.886+0000] {processor.py:756} INFO - Processing file /opt/airflow/dags/consumer.py for tasks to queue
[2023-03-30T02:31:23.888+0000] {logging_mixin.py:120} INFO - [2023-03-30T02:31:23.888+0000] {dagbag.py:537} INFO - Filling up the DagBag from /opt/airflow/dags/consumer.py
[2023-03-30T02:31:23.911+0000] {processor.py:766} INFO - DAG(s) dict_keys(['consumer']) retrieved from /opt/airflow/dags/consumer.py
[2023-03-30T02:31:23.940+0000] {logging_mixin.py:120} INFO - [2023-03-30T02:31:23.940+0000] {dag.py:2585} INFO - Sync 1 DAGs
[2023-03-30T02:31:23.955+0000] {logging_mixin.py:120} INFO - [2023-03-30T02:31:23.955+0000] {dag.py:3340} INFO - Setting next_dagrun for consumer to None, run_after=None
[2023-03-30T02:31:23.968+0000] {processor.py:176} INFO - Processing /opt/airflow/dags/consumer.py took 0.090 seconds
[2023-03-30T02:31:54.747+0000] {processor.py:154} INFO - Started process (PID=88494) to work on /opt/airflow/dags/consumer.py
[2023-03-30T02:31:54.750+0000] {processor.py:756} INFO - Processing file /opt/airflow/dags/consumer.py for tasks to queue
[2023-03-30T02:31:54.752+0000] {logging_mixin.py:120} INFO - [2023-03-30T02:31:54.752+0000] {dagbag.py:537} INFO - Filling up the DagBag from /opt/airflow/dags/consumer.py
[2023-03-30T02:31:54.777+0000] {processor.py:766} INFO - DAG(s) dict_keys(['consumer']) retrieved from /opt/airflow/dags/consumer.py
[2023-03-30T02:31:54.805+0000] {logging_mixin.py:120} INFO - [2023-03-30T02:31:54.805+0000] {dag.py:2585} INFO - Sync 1 DAGs
[2023-03-30T02:31:54.820+0000] {logging_mixin.py:120} INFO - [2023-03-30T02:31:54.819+0000] {dag.py:3340} INFO - Setting next_dagrun for consumer to None, run_after=None
[2023-03-30T02:31:54.833+0000] {processor.py:176} INFO - Processing /opt/airflow/dags/consumer.py took 0.090 seconds
[2023-03-30T02:32:25.644+0000] {processor.py:154} INFO - Started process (PID=88561) to work on /opt/airflow/dags/consumer.py
[2023-03-30T02:32:25.647+0000] {processor.py:756} INFO - Processing file /opt/airflow/dags/consumer.py for tasks to queue
[2023-03-30T02:32:25.649+0000] {logging_mixin.py:120} INFO - [2023-03-30T02:32:25.649+0000] {dagbag.py:537} INFO - Filling up the DagBag from /opt/airflow/dags/consumer.py
[2023-03-30T02:32:25.674+0000] {processor.py:766} INFO - DAG(s) dict_keys(['consumer']) retrieved from /opt/airflow/dags/consumer.py
[2023-03-30T02:32:25.704+0000] {logging_mixin.py:120} INFO - [2023-03-30T02:32:25.704+0000] {dag.py:2585} INFO - Sync 1 DAGs
[2023-03-30T02:32:25.719+0000] {logging_mixin.py:120} INFO - [2023-03-30T02:32:25.719+0000] {dag.py:3340} INFO - Setting next_dagrun for consumer to None, run_after=None
[2023-03-30T02:32:25.732+0000] {processor.py:176} INFO - Processing /opt/airflow/dags/consumer.py took 0.092 seconds
[2023-03-30T02:32:56.413+0000] {processor.py:154} INFO - Started process (PID=88630) to work on /opt/airflow/dags/consumer.py
[2023-03-30T02:32:56.416+0000] {processor.py:756} INFO - Processing file /opt/airflow/dags/consumer.py for tasks to queue
[2023-03-30T02:32:56.419+0000] {logging_mixin.py:120} INFO - [2023-03-30T02:32:56.418+0000] {dagbag.py:537} INFO - Filling up the DagBag from /opt/airflow/dags/consumer.py
[2023-03-30T02:32:56.443+0000] {processor.py:766} INFO - DAG(s) dict_keys(['consumer']) retrieved from /opt/airflow/dags/consumer.py
[2023-03-30T02:32:56.472+0000] {logging_mixin.py:120} INFO - [2023-03-30T02:32:56.472+0000] {dag.py:2585} INFO - Sync 1 DAGs
[2023-03-30T02:32:56.486+0000] {logging_mixin.py:120} INFO - [2023-03-30T02:32:56.486+0000] {dag.py:3340} INFO - Setting next_dagrun for consumer to None, run_after=None
[2023-03-30T02:32:56.498+0000] {processor.py:176} INFO - Processing /opt/airflow/dags/consumer.py took 0.089 seconds
[2023-03-30T02:33:27.348+0000] {processor.py:154} INFO - Started process (PID=88687) to work on /opt/airflow/dags/consumer.py
[2023-03-30T02:33:27.352+0000] {processor.py:756} INFO - Processing file /opt/airflow/dags/consumer.py for tasks to queue
[2023-03-30T02:33:27.354+0000] {logging_mixin.py:120} INFO - [2023-03-30T02:33:27.354+0000] {dagbag.py:537} INFO - Filling up the DagBag from /opt/airflow/dags/consumer.py
[2023-03-30T02:33:27.382+0000] {processor.py:766} INFO - DAG(s) dict_keys(['consumer']) retrieved from /opt/airflow/dags/consumer.py
[2023-03-30T02:33:27.411+0000] {logging_mixin.py:120} INFO - [2023-03-30T02:33:27.411+0000] {dag.py:2585} INFO - Sync 1 DAGs
[2023-03-30T02:33:27.426+0000] {logging_mixin.py:120} INFO - [2023-03-30T02:33:27.425+0000] {dag.py:3340} INFO - Setting next_dagrun for consumer to None, run_after=None
[2023-03-30T02:33:27.438+0000] {processor.py:176} INFO - Processing /opt/airflow/dags/consumer.py took 0.093 seconds
[2023-03-30T02:33:58.158+0000] {processor.py:154} INFO - Started process (PID=88754) to work on /opt/airflow/dags/consumer.py
[2023-03-30T02:33:58.161+0000] {processor.py:756} INFO - Processing file /opt/airflow/dags/consumer.py for tasks to queue
[2023-03-30T02:33:58.163+0000] {logging_mixin.py:120} INFO - [2023-03-30T02:33:58.163+0000] {dagbag.py:537} INFO - Filling up the DagBag from /opt/airflow/dags/consumer.py
[2023-03-30T02:33:58.186+0000] {processor.py:766} INFO - DAG(s) dict_keys(['consumer']) retrieved from /opt/airflow/dags/consumer.py
[2023-03-30T02:33:58.214+0000] {logging_mixin.py:120} INFO - [2023-03-30T02:33:58.214+0000] {dag.py:2585} INFO - Sync 1 DAGs
[2023-03-30T02:33:58.229+0000] {logging_mixin.py:120} INFO - [2023-03-30T02:33:58.229+0000] {dag.py:3340} INFO - Setting next_dagrun for consumer to None, run_after=None
[2023-03-30T02:33:58.243+0000] {processor.py:176} INFO - Processing /opt/airflow/dags/consumer.py took 0.089 seconds
[2023-03-30T02:34:28.847+0000] {processor.py:154} INFO - Started process (PID=88821) to work on /opt/airflow/dags/consumer.py
[2023-03-30T02:34:28.850+0000] {processor.py:756} INFO - Processing file /opt/airflow/dags/consumer.py for tasks to queue
[2023-03-30T02:34:28.852+0000] {logging_mixin.py:120} INFO - [2023-03-30T02:34:28.852+0000] {dagbag.py:537} INFO - Filling up the DagBag from /opt/airflow/dags/consumer.py
[2023-03-30T02:34:28.875+0000] {processor.py:766} INFO - DAG(s) dict_keys(['consumer']) retrieved from /opt/airflow/dags/consumer.py
[2023-03-30T02:34:28.907+0000] {logging_mixin.py:120} INFO - [2023-03-30T02:34:28.906+0000] {dag.py:2585} INFO - Sync 1 DAGs
[2023-03-30T02:34:28.926+0000] {logging_mixin.py:120} INFO - [2023-03-30T02:34:28.926+0000] {dag.py:3340} INFO - Setting next_dagrun for consumer to None, run_after=None
[2023-03-30T02:34:28.939+0000] {processor.py:176} INFO - Processing /opt/airflow/dags/consumer.py took 0.095 seconds
[2023-03-30T02:34:59.656+0000] {processor.py:154} INFO - Started process (PID=88888) to work on /opt/airflow/dags/consumer.py
[2023-03-30T02:34:59.659+0000] {processor.py:756} INFO - Processing file /opt/airflow/dags/consumer.py for tasks to queue
[2023-03-30T02:34:59.663+0000] {logging_mixin.py:120} INFO - [2023-03-30T02:34:59.662+0000] {dagbag.py:537} INFO - Filling up the DagBag from /opt/airflow/dags/consumer.py
[2023-03-30T02:34:59.690+0000] {processor.py:766} INFO - DAG(s) dict_keys(['consumer']) retrieved from /opt/airflow/dags/consumer.py
[2023-03-30T02:34:59.720+0000] {logging_mixin.py:120} INFO - [2023-03-30T02:34:59.720+0000] {dag.py:2585} INFO - Sync 1 DAGs
[2023-03-30T02:34:59.734+0000] {logging_mixin.py:120} INFO - [2023-03-30T02:34:59.734+0000] {dag.py:3340} INFO - Setting next_dagrun for consumer to None, run_after=None
[2023-03-30T02:34:59.747+0000] {processor.py:176} INFO - Processing /opt/airflow/dags/consumer.py took 0.094 seconds
[2023-03-30T02:35:30.370+0000] {processor.py:154} INFO - Started process (PID=88955) to work on /opt/airflow/dags/consumer.py
[2023-03-30T02:35:30.373+0000] {processor.py:756} INFO - Processing file /opt/airflow/dags/consumer.py for tasks to queue
[2023-03-30T02:35:30.374+0000] {logging_mixin.py:120} INFO - [2023-03-30T02:35:30.374+0000] {dagbag.py:537} INFO - Filling up the DagBag from /opt/airflow/dags/consumer.py
[2023-03-30T02:35:30.390+0000] {processor.py:766} INFO - DAG(s) dict_keys(['consumer']) retrieved from /opt/airflow/dags/consumer.py
[2023-03-30T02:35:30.420+0000] {logging_mixin.py:120} INFO - [2023-03-30T02:35:30.420+0000] {dag.py:2585} INFO - Sync 1 DAGs
[2023-03-30T02:35:30.435+0000] {logging_mixin.py:120} INFO - [2023-03-30T02:35:30.435+0000] {dag.py:3340} INFO - Setting next_dagrun for consumer to None, run_after=None
[2023-03-30T02:35:30.451+0000] {processor.py:176} INFO - Processing /opt/airflow/dags/consumer.py took 0.082 seconds
[2023-03-30T02:36:01.479+0000] {processor.py:154} INFO - Started process (PID=89021) to work on /opt/airflow/dags/consumer.py
[2023-03-30T02:36:01.482+0000] {processor.py:756} INFO - Processing file /opt/airflow/dags/consumer.py for tasks to queue
[2023-03-30T02:36:01.483+0000] {logging_mixin.py:120} INFO - [2023-03-30T02:36:01.483+0000] {dagbag.py:537} INFO - Filling up the DagBag from /opt/airflow/dags/consumer.py
[2023-03-30T02:36:01.508+0000] {processor.py:766} INFO - DAG(s) dict_keys(['consumer']) retrieved from /opt/airflow/dags/consumer.py
[2023-03-30T02:36:01.535+0000] {logging_mixin.py:120} INFO - [2023-03-30T02:36:01.535+0000] {dag.py:2585} INFO - Sync 1 DAGs
[2023-03-30T02:36:01.551+0000] {logging_mixin.py:120} INFO - [2023-03-30T02:36:01.550+0000] {dag.py:3340} INFO - Setting next_dagrun for consumer to None, run_after=None
[2023-03-30T02:36:01.562+0000] {processor.py:176} INFO - Processing /opt/airflow/dags/consumer.py took 0.088 seconds
[2023-03-30T02:36:32.283+0000] {processor.py:154} INFO - Started process (PID=89090) to work on /opt/airflow/dags/consumer.py
[2023-03-30T02:36:32.286+0000] {processor.py:756} INFO - Processing file /opt/airflow/dags/consumer.py for tasks to queue
[2023-03-30T02:36:32.288+0000] {logging_mixin.py:120} INFO - [2023-03-30T02:36:32.287+0000] {dagbag.py:537} INFO - Filling up the DagBag from /opt/airflow/dags/consumer.py
[2023-03-30T02:36:32.307+0000] {processor.py:766} INFO - DAG(s) dict_keys(['consumer']) retrieved from /opt/airflow/dags/consumer.py
[2023-03-30T02:36:32.333+0000] {logging_mixin.py:120} INFO - [2023-03-30T02:36:32.333+0000] {dag.py:2585} INFO - Sync 1 DAGs
[2023-03-30T02:36:32.347+0000] {logging_mixin.py:120} INFO - [2023-03-30T02:36:32.347+0000] {dag.py:3340} INFO - Setting next_dagrun for consumer to None, run_after=None
[2023-03-30T02:36:32.360+0000] {processor.py:176} INFO - Processing /opt/airflow/dags/consumer.py took 0.079 seconds
[2023-03-30T02:37:03.151+0000] {processor.py:154} INFO - Started process (PID=89148) to work on /opt/airflow/dags/consumer.py
[2023-03-30T02:37:03.154+0000] {processor.py:756} INFO - Processing file /opt/airflow/dags/consumer.py for tasks to queue
[2023-03-30T02:37:03.156+0000] {logging_mixin.py:120} INFO - [2023-03-30T02:37:03.156+0000] {dagbag.py:537} INFO - Filling up the DagBag from /opt/airflow/dags/consumer.py
[2023-03-30T02:37:03.183+0000] {processor.py:766} INFO - DAG(s) dict_keys(['consumer']) retrieved from /opt/airflow/dags/consumer.py
[2023-03-30T02:37:03.213+0000] {logging_mixin.py:120} INFO - [2023-03-30T02:37:03.213+0000] {dag.py:2585} INFO - Sync 1 DAGs
[2023-03-30T02:37:03.227+0000] {logging_mixin.py:120} INFO - [2023-03-30T02:37:03.227+0000] {dag.py:3340} INFO - Setting next_dagrun for consumer to None, run_after=None
[2023-03-30T02:37:03.239+0000] {processor.py:176} INFO - Processing /opt/airflow/dags/consumer.py took 0.092 seconds
[2023-03-30T02:37:33.890+0000] {processor.py:154} INFO - Started process (PID=89215) to work on /opt/airflow/dags/consumer.py
[2023-03-30T02:37:33.893+0000] {processor.py:756} INFO - Processing file /opt/airflow/dags/consumer.py for tasks to queue
[2023-03-30T02:37:33.894+0000] {logging_mixin.py:120} INFO - [2023-03-30T02:37:33.894+0000] {dagbag.py:537} INFO - Filling up the DagBag from /opt/airflow/dags/consumer.py
[2023-03-30T02:37:33.921+0000] {processor.py:766} INFO - DAG(s) dict_keys(['consumer']) retrieved from /opt/airflow/dags/consumer.py
[2023-03-30T02:37:33.957+0000] {logging_mixin.py:120} INFO - [2023-03-30T02:37:33.957+0000] {dag.py:2585} INFO - Sync 1 DAGs
[2023-03-30T02:37:33.975+0000] {logging_mixin.py:120} INFO - [2023-03-30T02:37:33.975+0000] {dag.py:3340} INFO - Setting next_dagrun for consumer to None, run_after=None
[2023-03-30T02:37:33.993+0000] {processor.py:176} INFO - Processing /opt/airflow/dags/consumer.py took 0.106 seconds
[2023-03-30T02:38:04.719+0000] {processor.py:154} INFO - Started process (PID=89282) to work on /opt/airflow/dags/consumer.py
[2023-03-30T02:38:04.723+0000] {processor.py:756} INFO - Processing file /opt/airflow/dags/consumer.py for tasks to queue
[2023-03-30T02:38:04.725+0000] {logging_mixin.py:120} INFO - [2023-03-30T02:38:04.725+0000] {dagbag.py:537} INFO - Filling up the DagBag from /opt/airflow/dags/consumer.py
[2023-03-30T02:38:04.748+0000] {processor.py:766} INFO - DAG(s) dict_keys(['consumer']) retrieved from /opt/airflow/dags/consumer.py
[2023-03-30T02:38:04.775+0000] {logging_mixin.py:120} INFO - [2023-03-30T02:38:04.775+0000] {dag.py:2585} INFO - Sync 1 DAGs
[2023-03-30T02:38:04.790+0000] {logging_mixin.py:120} INFO - [2023-03-30T02:38:04.790+0000] {dag.py:3340} INFO - Setting next_dagrun for consumer to None, run_after=None
[2023-03-30T02:38:04.803+0000] {processor.py:176} INFO - Processing /opt/airflow/dags/consumer.py took 0.089 seconds
[2023-03-30T02:38:35.394+0000] {processor.py:154} INFO - Started process (PID=89349) to work on /opt/airflow/dags/consumer.py
[2023-03-30T02:38:35.396+0000] {processor.py:756} INFO - Processing file /opt/airflow/dags/consumer.py for tasks to queue
[2023-03-30T02:38:35.398+0000] {logging_mixin.py:120} INFO - [2023-03-30T02:38:35.398+0000] {dagbag.py:537} INFO - Filling up the DagBag from /opt/airflow/dags/consumer.py
[2023-03-30T02:38:35.418+0000] {processor.py:766} INFO - DAG(s) dict_keys(['consumer']) retrieved from /opt/airflow/dags/consumer.py
[2023-03-30T02:38:35.450+0000] {logging_mixin.py:120} INFO - [2023-03-30T02:38:35.450+0000] {dag.py:2585} INFO - Sync 1 DAGs
[2023-03-30T02:38:35.463+0000] {logging_mixin.py:120} INFO - [2023-03-30T02:38:35.463+0000] {dag.py:3340} INFO - Setting next_dagrun for consumer to None, run_after=None
[2023-03-30T02:38:35.476+0000] {processor.py:176} INFO - Processing /opt/airflow/dags/consumer.py took 0.084 seconds
[2023-03-30T02:39:06.125+0000] {processor.py:154} INFO - Started process (PID=89417) to work on /opt/airflow/dags/consumer.py
[2023-03-30T02:39:06.127+0000] {processor.py:756} INFO - Processing file /opt/airflow/dags/consumer.py for tasks to queue
[2023-03-30T02:39:06.128+0000] {logging_mixin.py:120} INFO - [2023-03-30T02:39:06.128+0000] {dagbag.py:537} INFO - Filling up the DagBag from /opt/airflow/dags/consumer.py
[2023-03-30T02:39:06.143+0000] {processor.py:766} INFO - DAG(s) dict_keys(['consumer']) retrieved from /opt/airflow/dags/consumer.py
[2023-03-30T02:39:06.170+0000] {logging_mixin.py:120} INFO - [2023-03-30T02:39:06.170+0000] {dag.py:2585} INFO - Sync 1 DAGs
[2023-03-30T02:39:06.184+0000] {logging_mixin.py:120} INFO - [2023-03-30T02:39:06.184+0000] {dag.py:3340} INFO - Setting next_dagrun for consumer to None, run_after=None
[2023-03-30T02:39:06.196+0000] {processor.py:176} INFO - Processing /opt/airflow/dags/consumer.py took 0.072 seconds
[2023-03-30T02:39:36.882+0000] {processor.py:154} INFO - Started process (PID=89484) to work on /opt/airflow/dags/consumer.py
[2023-03-30T02:39:36.885+0000] {processor.py:756} INFO - Processing file /opt/airflow/dags/consumer.py for tasks to queue
[2023-03-30T02:39:36.887+0000] {logging_mixin.py:120} INFO - [2023-03-30T02:39:36.887+0000] {dagbag.py:537} INFO - Filling up the DagBag from /opt/airflow/dags/consumer.py
[2023-03-30T02:39:36.912+0000] {processor.py:766} INFO - DAG(s) dict_keys(['consumer']) retrieved from /opt/airflow/dags/consumer.py
[2023-03-30T02:39:36.939+0000] {logging_mixin.py:120} INFO - [2023-03-30T02:39:36.939+0000] {dag.py:2585} INFO - Sync 1 DAGs
[2023-03-30T02:39:36.953+0000] {logging_mixin.py:120} INFO - [2023-03-30T02:39:36.953+0000] {dag.py:3340} INFO - Setting next_dagrun for consumer to None, run_after=None
[2023-03-30T02:39:36.967+0000] {processor.py:176} INFO - Processing /opt/airflow/dags/consumer.py took 0.088 seconds
[2023-03-30T02:40:07.584+0000] {processor.py:154} INFO - Started process (PID=89551) to work on /opt/airflow/dags/consumer.py
[2023-03-30T02:40:07.589+0000] {processor.py:756} INFO - Processing file /opt/airflow/dags/consumer.py for tasks to queue
[2023-03-30T02:40:07.590+0000] {logging_mixin.py:120} INFO - [2023-03-30T02:40:07.590+0000] {dagbag.py:537} INFO - Filling up the DagBag from /opt/airflow/dags/consumer.py
[2023-03-30T02:40:07.612+0000] {processor.py:766} INFO - DAG(s) dict_keys(['consumer']) retrieved from /opt/airflow/dags/consumer.py
[2023-03-30T02:40:07.647+0000] {logging_mixin.py:120} INFO - [2023-03-30T02:40:07.646+0000] {dag.py:2585} INFO - Sync 1 DAGs
[2023-03-30T02:40:07.667+0000] {logging_mixin.py:120} INFO - [2023-03-30T02:40:07.667+0000] {dag.py:3340} INFO - Setting next_dagrun for consumer to None, run_after=None
[2023-03-30T02:40:07.682+0000] {processor.py:176} INFO - Processing /opt/airflow/dags/consumer.py took 0.102 seconds
[2023-03-30T02:40:38.408+0000] {processor.py:154} INFO - Started process (PID=89609) to work on /opt/airflow/dags/consumer.py
[2023-03-30T02:40:38.412+0000] {processor.py:756} INFO - Processing file /opt/airflow/dags/consumer.py for tasks to queue
[2023-03-30T02:40:38.415+0000] {logging_mixin.py:120} INFO - [2023-03-30T02:40:38.415+0000] {dagbag.py:537} INFO - Filling up the DagBag from /opt/airflow/dags/consumer.py
[2023-03-30T02:40:38.441+0000] {processor.py:766} INFO - DAG(s) dict_keys(['consumer']) retrieved from /opt/airflow/dags/consumer.py
[2023-03-30T02:40:38.473+0000] {logging_mixin.py:120} INFO - [2023-03-30T02:40:38.473+0000] {dag.py:2585} INFO - Sync 1 DAGs
[2023-03-30T02:40:38.488+0000] {logging_mixin.py:120} INFO - [2023-03-30T02:40:38.488+0000] {dag.py:3340} INFO - Setting next_dagrun for consumer to None, run_after=None
[2023-03-30T02:40:38.500+0000] {processor.py:176} INFO - Processing /opt/airflow/dags/consumer.py took 0.098 seconds
[2023-03-30T02:41:09.113+0000] {processor.py:154} INFO - Started process (PID=89675) to work on /opt/airflow/dags/consumer.py
[2023-03-30T02:41:09.116+0000] {processor.py:756} INFO - Processing file /opt/airflow/dags/consumer.py for tasks to queue
[2023-03-30T02:41:09.118+0000] {logging_mixin.py:120} INFO - [2023-03-30T02:41:09.118+0000] {dagbag.py:537} INFO - Filling up the DagBag from /opt/airflow/dags/consumer.py
[2023-03-30T02:41:09.138+0000] {processor.py:766} INFO - DAG(s) dict_keys(['consumer']) retrieved from /opt/airflow/dags/consumer.py
[2023-03-30T02:41:09.168+0000] {logging_mixin.py:120} INFO - [2023-03-30T02:41:09.168+0000] {dag.py:2585} INFO - Sync 1 DAGs
[2023-03-30T02:41:09.184+0000] {logging_mixin.py:120} INFO - [2023-03-30T02:41:09.184+0000] {dag.py:3340} INFO - Setting next_dagrun for consumer to None, run_after=None
[2023-03-30T02:41:09.197+0000] {processor.py:176} INFO - Processing /opt/airflow/dags/consumer.py took 0.089 seconds
[2023-03-30T02:41:39.769+0000] {processor.py:154} INFO - Started process (PID=89741) to work on /opt/airflow/dags/consumer.py
[2023-03-30T02:41:39.772+0000] {processor.py:756} INFO - Processing file /opt/airflow/dags/consumer.py for tasks to queue
[2023-03-30T02:41:39.774+0000] {logging_mixin.py:120} INFO - [2023-03-30T02:41:39.774+0000] {dagbag.py:537} INFO - Filling up the DagBag from /opt/airflow/dags/consumer.py
[2023-03-30T02:41:39.797+0000] {processor.py:766} INFO - DAG(s) dict_keys(['consumer']) retrieved from /opt/airflow/dags/consumer.py
[2023-03-30T02:41:39.824+0000] {logging_mixin.py:120} INFO - [2023-03-30T02:41:39.823+0000] {dag.py:2585} INFO - Sync 1 DAGs
[2023-03-30T02:41:39.838+0000] {logging_mixin.py:120} INFO - [2023-03-30T02:41:39.838+0000] {dag.py:3340} INFO - Setting next_dagrun for consumer to None, run_after=None
[2023-03-30T02:41:39.851+0000] {processor.py:176} INFO - Processing /opt/airflow/dags/consumer.py took 0.087 seconds
[2023-03-30T02:42:10.528+0000] {processor.py:154} INFO - Started process (PID=89809) to work on /opt/airflow/dags/consumer.py
[2023-03-30T02:42:10.532+0000] {processor.py:756} INFO - Processing file /opt/airflow/dags/consumer.py for tasks to queue
[2023-03-30T02:42:10.535+0000] {logging_mixin.py:120} INFO - [2023-03-30T02:42:10.535+0000] {dagbag.py:537} INFO - Filling up the DagBag from /opt/airflow/dags/consumer.py
[2023-03-30T02:42:10.565+0000] {processor.py:766} INFO - DAG(s) dict_keys(['consumer']) retrieved from /opt/airflow/dags/consumer.py
[2023-03-30T02:42:10.595+0000] {logging_mixin.py:120} INFO - [2023-03-30T02:42:10.595+0000] {dag.py:2585} INFO - Sync 1 DAGs
[2023-03-30T02:42:10.609+0000] {logging_mixin.py:120} INFO - [2023-03-30T02:42:10.609+0000] {dag.py:3340} INFO - Setting next_dagrun for consumer to None, run_after=None
[2023-03-30T02:42:10.621+0000] {processor.py:176} INFO - Processing /opt/airflow/dags/consumer.py took 0.097 seconds
[2023-03-30T02:42:41.116+0000] {processor.py:154} INFO - Started process (PID=89875) to work on /opt/airflow/dags/consumer.py
[2023-03-30T02:42:41.117+0000] {processor.py:756} INFO - Processing file /opt/airflow/dags/consumer.py for tasks to queue
[2023-03-30T02:42:41.118+0000] {logging_mixin.py:120} INFO - [2023-03-30T02:42:41.118+0000] {dagbag.py:537} INFO - Filling up the DagBag from /opt/airflow/dags/consumer.py
[2023-03-30T02:42:41.132+0000] {processor.py:766} INFO - DAG(s) dict_keys(['consumer']) retrieved from /opt/airflow/dags/consumer.py
[2023-03-30T02:42:41.157+0000] {logging_mixin.py:120} INFO - [2023-03-30T02:42:41.157+0000] {dag.py:2585} INFO - Sync 1 DAGs
[2023-03-30T02:42:41.172+0000] {logging_mixin.py:120} INFO - [2023-03-30T02:42:41.172+0000] {dag.py:3340} INFO - Setting next_dagrun for consumer to None, run_after=None
[2023-03-30T02:42:41.184+0000] {processor.py:176} INFO - Processing /opt/airflow/dags/consumer.py took 0.070 seconds
[2023-03-30T02:43:11.798+0000] {processor.py:154} INFO - Started process (PID=89942) to work on /opt/airflow/dags/consumer.py
[2023-03-30T02:43:11.800+0000] {processor.py:756} INFO - Processing file /opt/airflow/dags/consumer.py for tasks to queue
[2023-03-30T02:43:11.801+0000] {logging_mixin.py:120} INFO - [2023-03-30T02:43:11.801+0000] {dagbag.py:537} INFO - Filling up the DagBag from /opt/airflow/dags/consumer.py
[2023-03-30T02:43:11.818+0000] {processor.py:766} INFO - DAG(s) dict_keys(['consumer']) retrieved from /opt/airflow/dags/consumer.py
[2023-03-30T02:43:11.843+0000] {logging_mixin.py:120} INFO - [2023-03-30T02:43:11.843+0000] {dag.py:2585} INFO - Sync 1 DAGs
[2023-03-30T02:43:11.856+0000] {logging_mixin.py:120} INFO - [2023-03-30T02:43:11.856+0000] {dag.py:3340} INFO - Setting next_dagrun for consumer to None, run_after=None
[2023-03-30T02:43:11.868+0000] {processor.py:176} INFO - Processing /opt/airflow/dags/consumer.py took 0.072 seconds
[2023-03-30T02:43:42.547+0000] {processor.py:154} INFO - Started process (PID=90000) to work on /opt/airflow/dags/consumer.py
[2023-03-30T02:43:42.550+0000] {processor.py:756} INFO - Processing file /opt/airflow/dags/consumer.py for tasks to queue
[2023-03-30T02:43:42.552+0000] {logging_mixin.py:120} INFO - [2023-03-30T02:43:42.552+0000] {dagbag.py:537} INFO - Filling up the DagBag from /opt/airflow/dags/consumer.py
[2023-03-30T02:43:42.577+0000] {processor.py:766} INFO - DAG(s) dict_keys(['consumer']) retrieved from /opt/airflow/dags/consumer.py
[2023-03-30T02:43:42.604+0000] {logging_mixin.py:120} INFO - [2023-03-30T02:43:42.604+0000] {dag.py:2585} INFO - Sync 1 DAGs
[2023-03-30T02:43:42.618+0000] {logging_mixin.py:120} INFO - [2023-03-30T02:43:42.618+0000] {dag.py:3340} INFO - Setting next_dagrun for consumer to None, run_after=None
[2023-03-30T02:43:42.630+0000] {processor.py:176} INFO - Processing /opt/airflow/dags/consumer.py took 0.087 seconds
[2023-03-30T02:44:13.308+0000] {processor.py:154} INFO - Started process (PID=90068) to work on /opt/airflow/dags/consumer.py
[2023-03-30T02:44:13.310+0000] {processor.py:756} INFO - Processing file /opt/airflow/dags/consumer.py for tasks to queue
[2023-03-30T02:44:13.312+0000] {logging_mixin.py:120} INFO - [2023-03-30T02:44:13.311+0000] {dagbag.py:537} INFO - Filling up the DagBag from /opt/airflow/dags/consumer.py
[2023-03-30T02:44:13.335+0000] {processor.py:766} INFO - DAG(s) dict_keys(['consumer']) retrieved from /opt/airflow/dags/consumer.py
[2023-03-30T02:44:13.364+0000] {logging_mixin.py:120} INFO - [2023-03-30T02:44:13.364+0000] {dag.py:2585} INFO - Sync 1 DAGs
[2023-03-30T02:44:13.377+0000] {logging_mixin.py:120} INFO - [2023-03-30T02:44:13.377+0000] {dag.py:3340} INFO - Setting next_dagrun for consumer to None, run_after=None
[2023-03-30T02:44:13.389+0000] {processor.py:176} INFO - Processing /opt/airflow/dags/consumer.py took 0.085 seconds
[2023-03-30T02:44:44.184+0000] {processor.py:154} INFO - Started process (PID=90135) to work on /opt/airflow/dags/consumer.py
[2023-03-30T02:44:44.188+0000] {processor.py:756} INFO - Processing file /opt/airflow/dags/consumer.py for tasks to queue
[2023-03-30T02:44:44.190+0000] {logging_mixin.py:120} INFO - [2023-03-30T02:44:44.190+0000] {dagbag.py:537} INFO - Filling up the DagBag from /opt/airflow/dags/consumer.py
[2023-03-30T02:44:44.214+0000] {processor.py:766} INFO - DAG(s) dict_keys(['consumer']) retrieved from /opt/airflow/dags/consumer.py
[2023-03-30T02:44:44.241+0000] {logging_mixin.py:120} INFO - [2023-03-30T02:44:44.241+0000] {dag.py:2585} INFO - Sync 1 DAGs
[2023-03-30T02:44:44.254+0000] {logging_mixin.py:120} INFO - [2023-03-30T02:44:44.254+0000] {dag.py:3340} INFO - Setting next_dagrun for consumer to None, run_after=None
[2023-03-30T02:44:44.266+0000] {processor.py:176} INFO - Processing /opt/airflow/dags/consumer.py took 0.087 seconds
[2023-03-30T02:45:14.931+0000] {processor.py:154} INFO - Started process (PID=90203) to work on /opt/airflow/dags/consumer.py
[2023-03-30T02:45:14.932+0000] {processor.py:756} INFO - Processing file /opt/airflow/dags/consumer.py for tasks to queue
[2023-03-30T02:45:14.934+0000] {logging_mixin.py:120} INFO - [2023-03-30T02:45:14.934+0000] {dagbag.py:537} INFO - Filling up the DagBag from /opt/airflow/dags/consumer.py
[2023-03-30T02:45:14.951+0000] {processor.py:766} INFO - DAG(s) dict_keys(['consumer']) retrieved from /opt/airflow/dags/consumer.py
[2023-03-30T02:45:14.978+0000] {logging_mixin.py:120} INFO - [2023-03-30T02:45:14.978+0000] {dag.py:2585} INFO - Sync 1 DAGs
[2023-03-30T02:45:14.992+0000] {logging_mixin.py:120} INFO - [2023-03-30T02:45:14.992+0000] {dag.py:3340} INFO - Setting next_dagrun for consumer to None, run_after=None
[2023-03-30T02:45:15.006+0000] {processor.py:176} INFO - Processing /opt/airflow/dags/consumer.py took 0.078 seconds
[2023-03-30T02:45:45.581+0000] {processor.py:154} INFO - Started process (PID=90269) to work on /opt/airflow/dags/consumer.py
[2023-03-30T02:45:45.584+0000] {processor.py:756} INFO - Processing file /opt/airflow/dags/consumer.py for tasks to queue
[2023-03-30T02:45:45.586+0000] {logging_mixin.py:120} INFO - [2023-03-30T02:45:45.586+0000] {dagbag.py:537} INFO - Filling up the DagBag from /opt/airflow/dags/consumer.py
[2023-03-30T02:45:45.610+0000] {processor.py:766} INFO - DAG(s) dict_keys(['consumer']) retrieved from /opt/airflow/dags/consumer.py
[2023-03-30T02:45:45.637+0000] {logging_mixin.py:120} INFO - [2023-03-30T02:45:45.637+0000] {dag.py:2585} INFO - Sync 1 DAGs
[2023-03-30T02:45:45.652+0000] {logging_mixin.py:120} INFO - [2023-03-30T02:45:45.652+0000] {dag.py:3340} INFO - Setting next_dagrun for consumer to None, run_after=None
[2023-03-30T02:45:45.663+0000] {processor.py:176} INFO - Processing /opt/airflow/dags/consumer.py took 0.086 seconds
[2023-03-30T02:46:16.095+0000] {processor.py:154} INFO - Started process (PID=90337) to work on /opt/airflow/dags/consumer.py
[2023-03-30T02:46:16.097+0000] {processor.py:756} INFO - Processing file /opt/airflow/dags/consumer.py for tasks to queue
[2023-03-30T02:46:16.098+0000] {logging_mixin.py:120} INFO - [2023-03-30T02:46:16.098+0000] {dagbag.py:537} INFO - Filling up the DagBag from /opt/airflow/dags/consumer.py
[2023-03-30T02:46:16.118+0000] {processor.py:766} INFO - DAG(s) dict_keys(['consumer']) retrieved from /opt/airflow/dags/consumer.py
[2023-03-30T02:46:16.148+0000] {logging_mixin.py:120} INFO - [2023-03-30T02:46:16.147+0000] {dag.py:2585} INFO - Sync 1 DAGs
[2023-03-30T02:46:16.163+0000] {logging_mixin.py:120} INFO - [2023-03-30T02:46:16.163+0000] {dag.py:3340} INFO - Setting next_dagrun for consumer to None, run_after=None
[2023-03-30T02:46:16.178+0000] {processor.py:176} INFO - Processing /opt/airflow/dags/consumer.py took 0.085 seconds
[2023-03-30T02:46:46.923+0000] {processor.py:154} INFO - Started process (PID=90405) to work on /opt/airflow/dags/consumer.py
[2023-03-30T02:46:46.925+0000] {processor.py:756} INFO - Processing file /opt/airflow/dags/consumer.py for tasks to queue
[2023-03-30T02:46:46.926+0000] {logging_mixin.py:120} INFO - [2023-03-30T02:46:46.926+0000] {dagbag.py:537} INFO - Filling up the DagBag from /opt/airflow/dags/consumer.py
[2023-03-30T02:46:46.945+0000] {processor.py:766} INFO - DAG(s) dict_keys(['consumer']) retrieved from /opt/airflow/dags/consumer.py
[2023-03-30T02:46:46.981+0000] {logging_mixin.py:120} INFO - [2023-03-30T02:46:46.981+0000] {dag.py:2585} INFO - Sync 1 DAGs
[2023-03-30T02:46:46.999+0000] {logging_mixin.py:120} INFO - [2023-03-30T02:46:46.999+0000] {dag.py:3340} INFO - Setting next_dagrun for consumer to None, run_after=None
[2023-03-30T02:46:47.020+0000] {processor.py:176} INFO - Processing /opt/airflow/dags/consumer.py took 0.099 seconds
[2023-03-30T02:47:17.642+0000] {processor.py:154} INFO - Started process (PID=90462) to work on /opt/airflow/dags/consumer.py
[2023-03-30T02:47:17.645+0000] {processor.py:756} INFO - Processing file /opt/airflow/dags/consumer.py for tasks to queue
[2023-03-30T02:47:17.647+0000] {logging_mixin.py:120} INFO - [2023-03-30T02:47:17.647+0000] {dagbag.py:537} INFO - Filling up the DagBag from /opt/airflow/dags/consumer.py
[2023-03-30T02:47:17.675+0000] {processor.py:766} INFO - DAG(s) dict_keys(['consumer']) retrieved from /opt/airflow/dags/consumer.py
[2023-03-30T02:47:17.708+0000] {logging_mixin.py:120} INFO - [2023-03-30T02:47:17.708+0000] {dag.py:2585} INFO - Sync 1 DAGs
[2023-03-30T02:47:17.722+0000] {logging_mixin.py:120} INFO - [2023-03-30T02:47:17.722+0000] {dag.py:3340} INFO - Setting next_dagrun for consumer to None, run_after=None
[2023-03-30T02:47:17.734+0000] {processor.py:176} INFO - Processing /opt/airflow/dags/consumer.py took 0.096 seconds
