[2023-03-30T02:21:13.337+0000] {processor.py:154} INFO - Started process (PID=87126) to work on /opt/airflow/dags/producer.py
[2023-03-30T02:21:13.338+0000] {processor.py:756} INFO - Processing file /opt/airflow/dags/producer.py for tasks to queue
[2023-03-30T02:21:13.340+0000] {logging_mixin.py:120} INFO - [2023-03-30T02:21:13.339+0000] {dagbag.py:537} INFO - Filling up the DagBag from /opt/airflow/dags/producer.py
[2023-03-30T02:21:13.346+0000] {logging_mixin.py:120} INFO - [2023-03-30T02:21:13.346+0000] {dagbag.py:342} ERROR - Failed to import: /opt/airflow/dags/producer.py
Traceback (most recent call last):
  File "/home/airflow/.local/lib/python3.7/site-packages/airflow/models/dagbag.py", line 338, in parse
    loader.exec_module(new_module)
  File "<frozen importlib._bootstrap_external>", line 724, in exec_module
  File "<frozen importlib._bootstrap_external>", line 860, in get_code
  File "<frozen importlib._bootstrap_external>", line 791, in source_to_code
  File "<frozen importlib._bootstrap>", line 219, in _call_with_frames_removed
  File "/opt/airflow/dags/producer.py", line 13
    )
    ^
SyntaxError: invalid syntax
[2023-03-30T02:21:13.347+0000] {processor.py:768} WARNING - No viable dags retrieved from /opt/airflow/dags/producer.py
[2023-03-30T02:21:13.363+0000] {processor.py:176} INFO - Processing /opt/airflow/dags/producer.py took 0.028 seconds
[2023-03-30T02:21:43.952+0000] {processor.py:154} INFO - Started process (PID=87184) to work on /opt/airflow/dags/producer.py
[2023-03-30T02:21:43.954+0000] {processor.py:756} INFO - Processing file /opt/airflow/dags/producer.py for tasks to queue
[2023-03-30T02:21:43.955+0000] {logging_mixin.py:120} INFO - [2023-03-30T02:21:43.955+0000] {dagbag.py:537} INFO - Filling up the DagBag from /opt/airflow/dags/producer.py
[2023-03-30T02:21:43.965+0000] {logging_mixin.py:120} INFO - [2023-03-30T02:21:43.964+0000] {dagbag.py:342} ERROR - Failed to import: /opt/airflow/dags/producer.py
Traceback (most recent call last):
  File "/home/airflow/.local/lib/python3.7/site-packages/airflow/models/dagbag.py", line 338, in parse
    loader.exec_module(new_module)
  File "<frozen importlib._bootstrap_external>", line 724, in exec_module
  File "<frozen importlib._bootstrap_external>", line 860, in get_code
  File "<frozen importlib._bootstrap_external>", line 791, in source_to_code
  File "<frozen importlib._bootstrap>", line 219, in _call_with_frames_removed
  File "/opt/airflow/dags/producer.py", line 13
    )
    ^
SyntaxError: invalid syntax
[2023-03-30T02:21:43.967+0000] {processor.py:768} WARNING - No viable dags retrieved from /opt/airflow/dags/producer.py
[2023-03-30T02:21:43.985+0000] {processor.py:176} INFO - Processing /opt/airflow/dags/producer.py took 0.036 seconds
[2023-03-30T02:21:52.049+0000] {processor.py:154} INFO - Started process (PID=87194) to work on /opt/airflow/dags/producer.py
[2023-03-30T02:21:52.051+0000] {processor.py:756} INFO - Processing file /opt/airflow/dags/producer.py for tasks to queue
[2023-03-30T02:21:52.053+0000] {logging_mixin.py:120} INFO - [2023-03-30T02:21:52.053+0000] {dagbag.py:537} INFO - Filling up the DagBag from /opt/airflow/dags/producer.py
[2023-03-30T02:21:52.085+0000] {processor.py:766} INFO - DAG(s) dict_keys(['producer']) retrieved from /opt/airflow/dags/producer.py
[2023-03-30T02:21:52.155+0000] {logging_mixin.py:120} INFO - [2023-03-30T02:21:52.155+0000] {manager.py:507} INFO - Created Permission View: can read on DAG:producer
[2023-03-30T02:21:52.164+0000] {logging_mixin.py:120} INFO - [2023-03-30T02:21:52.164+0000] {manager.py:507} INFO - Created Permission View: can delete on DAG:producer
[2023-03-30T02:21:52.168+0000] {logging_mixin.py:120} INFO - [2023-03-30T02:21:52.168+0000] {manager.py:507} INFO - Created Permission View: can edit on DAG:producer
[2023-03-30T02:21:52.169+0000] {logging_mixin.py:120} INFO - [2023-03-30T02:21:52.169+0000] {dag.py:2585} INFO - Sync 1 DAGs
[2023-03-30T02:21:52.176+0000] {logging_mixin.py:120} INFO - [2023-03-30T02:21:52.176+0000] {dag.py:2606} INFO - Creating ORM DAG for producer
[2023-03-30T02:21:52.183+0000] {logging_mixin.py:120} INFO - [2023-03-30T02:21:52.183+0000] {dag.py:3340} INFO - Setting next_dagrun for producer to 2023-03-29T00:00:00+00:00, run_after=2023-03-30T00:00:00+00:00
[2023-03-30T02:21:52.198+0000] {processor.py:176} INFO - Processing /opt/airflow/dags/producer.py took 0.153 seconds
[2023-03-30T02:22:22.868+0000] {processor.py:154} INFO - Started process (PID=87260) to work on /opt/airflow/dags/producer.py
[2023-03-30T02:22:22.871+0000] {processor.py:756} INFO - Processing file /opt/airflow/dags/producer.py for tasks to queue
[2023-03-30T02:22:22.873+0000] {logging_mixin.py:120} INFO - [2023-03-30T02:22:22.873+0000] {dagbag.py:537} INFO - Filling up the DagBag from /opt/airflow/dags/producer.py
[2023-03-30T02:22:22.902+0000] {processor.py:766} INFO - DAG(s) dict_keys(['producer']) retrieved from /opt/airflow/dags/producer.py
[2023-03-30T02:22:22.930+0000] {logging_mixin.py:120} INFO - [2023-03-30T02:22:22.930+0000] {dag.py:2585} INFO - Sync 1 DAGs
[2023-03-30T02:22:22.945+0000] {logging_mixin.py:120} INFO - [2023-03-30T02:22:22.945+0000] {dag.py:3340} INFO - Setting next_dagrun for producer to 2023-03-29T00:00:00+00:00, run_after=2023-03-30T00:00:00+00:00
[2023-03-30T02:22:22.958+0000] {processor.py:176} INFO - Processing /opt/airflow/dags/producer.py took 0.093 seconds
[2023-03-30T02:22:53.785+0000] {processor.py:154} INFO - Started process (PID=87327) to work on /opt/airflow/dags/producer.py
[2023-03-30T02:22:53.788+0000] {processor.py:756} INFO - Processing file /opt/airflow/dags/producer.py for tasks to queue
[2023-03-30T02:22:53.789+0000] {logging_mixin.py:120} INFO - [2023-03-30T02:22:53.789+0000] {dagbag.py:537} INFO - Filling up the DagBag from /opt/airflow/dags/producer.py
[2023-03-30T02:22:53.823+0000] {processor.py:766} INFO - DAG(s) dict_keys(['producer']) retrieved from /opt/airflow/dags/producer.py
[2023-03-30T02:22:53.857+0000] {logging_mixin.py:120} INFO - [2023-03-30T02:22:53.857+0000] {dag.py:2585} INFO - Sync 1 DAGs
[2023-03-30T02:22:53.873+0000] {logging_mixin.py:120} INFO - [2023-03-30T02:22:53.873+0000] {dag.py:3340} INFO - Setting next_dagrun for producer to 2023-03-29T00:00:00+00:00, run_after=2023-03-30T00:00:00+00:00
[2023-03-30T02:22:53.887+0000] {processor.py:176} INFO - Processing /opt/airflow/dags/producer.py took 0.105 seconds
[2023-03-30T02:23:24.542+0000] {processor.py:154} INFO - Started process (PID=87393) to work on /opt/airflow/dags/producer.py
[2023-03-30T02:23:24.544+0000] {processor.py:756} INFO - Processing file /opt/airflow/dags/producer.py for tasks to queue
[2023-03-30T02:23:24.545+0000] {logging_mixin.py:120} INFO - [2023-03-30T02:23:24.545+0000] {dagbag.py:537} INFO - Filling up the DagBag from /opt/airflow/dags/producer.py
[2023-03-30T02:23:24.564+0000] {processor.py:766} INFO - DAG(s) dict_keys(['producer']) retrieved from /opt/airflow/dags/producer.py
[2023-03-30T02:23:24.591+0000] {logging_mixin.py:120} INFO - [2023-03-30T02:23:24.591+0000] {dag.py:2585} INFO - Sync 1 DAGs
[2023-03-30T02:23:24.607+0000] {logging_mixin.py:120} INFO - [2023-03-30T02:23:24.606+0000] {dag.py:3340} INFO - Setting next_dagrun for producer to 2023-03-29T00:00:00+00:00, run_after=2023-03-30T00:00:00+00:00
[2023-03-30T02:23:24.621+0000] {processor.py:176} INFO - Processing /opt/airflow/dags/producer.py took 0.081 seconds
[2023-03-30T02:23:55.183+0000] {processor.py:154} INFO - Started process (PID=87450) to work on /opt/airflow/dags/producer.py
[2023-03-30T02:23:55.186+0000] {processor.py:756} INFO - Processing file /opt/airflow/dags/producer.py for tasks to queue
[2023-03-30T02:23:55.188+0000] {logging_mixin.py:120} INFO - [2023-03-30T02:23:55.188+0000] {dagbag.py:537} INFO - Filling up the DagBag from /opt/airflow/dags/producer.py
[2023-03-30T02:23:55.219+0000] {processor.py:766} INFO - DAG(s) dict_keys(['producer']) retrieved from /opt/airflow/dags/producer.py
[2023-03-30T02:23:55.248+0000] {logging_mixin.py:120} INFO - [2023-03-30T02:23:55.247+0000] {dag.py:2585} INFO - Sync 1 DAGs
[2023-03-30T02:23:55.263+0000] {logging_mixin.py:120} INFO - [2023-03-30T02:23:55.262+0000] {dag.py:3340} INFO - Setting next_dagrun for producer to 2023-03-29T00:00:00+00:00, run_after=2023-03-30T00:00:00+00:00
[2023-03-30T02:23:55.277+0000] {processor.py:176} INFO - Processing /opt/airflow/dags/producer.py took 0.098 seconds
[2023-03-30T02:24:25.754+0000] {processor.py:154} INFO - Started process (PID=87517) to work on /opt/airflow/dags/producer.py
[2023-03-30T02:24:25.756+0000] {processor.py:756} INFO - Processing file /opt/airflow/dags/producer.py for tasks to queue
[2023-03-30T02:24:25.757+0000] {logging_mixin.py:120} INFO - [2023-03-30T02:24:25.757+0000] {dagbag.py:537} INFO - Filling up the DagBag from /opt/airflow/dags/producer.py
[2023-03-30T02:24:25.774+0000] {processor.py:766} INFO - DAG(s) dict_keys(['producer']) retrieved from /opt/airflow/dags/producer.py
[2023-03-30T02:24:25.800+0000] {logging_mixin.py:120} INFO - [2023-03-30T02:24:25.800+0000] {dag.py:2585} INFO - Sync 1 DAGs
[2023-03-30T02:24:25.816+0000] {logging_mixin.py:120} INFO - [2023-03-30T02:24:25.816+0000] {dag.py:3340} INFO - Setting next_dagrun for producer to 2023-03-29T00:00:00+00:00, run_after=2023-03-30T00:00:00+00:00
[2023-03-30T02:24:25.829+0000] {processor.py:176} INFO - Processing /opt/airflow/dags/producer.py took 0.078 seconds
[2023-03-30T02:24:56.410+0000] {processor.py:154} INFO - Started process (PID=87583) to work on /opt/airflow/dags/producer.py
[2023-03-30T02:24:56.412+0000] {processor.py:756} INFO - Processing file /opt/airflow/dags/producer.py for tasks to queue
[2023-03-30T02:24:56.413+0000] {logging_mixin.py:120} INFO - [2023-03-30T02:24:56.413+0000] {dagbag.py:537} INFO - Filling up the DagBag from /opt/airflow/dags/producer.py
[2023-03-30T02:24:56.435+0000] {processor.py:766} INFO - DAG(s) dict_keys(['producer']) retrieved from /opt/airflow/dags/producer.py
[2023-03-30T02:24:56.462+0000] {logging_mixin.py:120} INFO - [2023-03-30T02:24:56.461+0000] {dag.py:2585} INFO - Sync 1 DAGs
[2023-03-30T02:24:56.477+0000] {logging_mixin.py:120} INFO - [2023-03-30T02:24:56.477+0000] {dag.py:3340} INFO - Setting next_dagrun for producer to 2023-03-29T00:00:00+00:00, run_after=2023-03-30T00:00:00+00:00
[2023-03-30T02:24:56.489+0000] {processor.py:176} INFO - Processing /opt/airflow/dags/producer.py took 0.082 seconds
[2023-03-30T02:25:27.069+0000] {processor.py:154} INFO - Started process (PID=87650) to work on /opt/airflow/dags/producer.py
[2023-03-30T02:25:27.072+0000] {processor.py:756} INFO - Processing file /opt/airflow/dags/producer.py for tasks to queue
[2023-03-30T02:25:27.074+0000] {logging_mixin.py:120} INFO - [2023-03-30T02:25:27.074+0000] {dagbag.py:537} INFO - Filling up the DagBag from /opt/airflow/dags/producer.py
[2023-03-30T02:25:27.106+0000] {processor.py:766} INFO - DAG(s) dict_keys(['producer']) retrieved from /opt/airflow/dags/producer.py
[2023-03-30T02:25:27.139+0000] {logging_mixin.py:120} INFO - [2023-03-30T02:25:27.139+0000] {dag.py:2585} INFO - Sync 1 DAGs
[2023-03-30T02:25:27.157+0000] {logging_mixin.py:120} INFO - [2023-03-30T02:25:27.156+0000] {dag.py:3340} INFO - Setting next_dagrun for producer to 2023-03-29T00:00:00+00:00, run_after=2023-03-30T00:00:00+00:00
[2023-03-30T02:25:27.171+0000] {processor.py:176} INFO - Processing /opt/airflow/dags/producer.py took 0.107 seconds
[2023-03-30T02:25:58.154+0000] {processor.py:154} INFO - Started process (PID=87716) to work on /opt/airflow/dags/producer.py
[2023-03-30T02:25:58.158+0000] {processor.py:756} INFO - Processing file /opt/airflow/dags/producer.py for tasks to queue
[2023-03-30T02:25:58.160+0000] {logging_mixin.py:120} INFO - [2023-03-30T02:25:58.160+0000] {dagbag.py:537} INFO - Filling up the DagBag from /opt/airflow/dags/producer.py
[2023-03-30T02:25:58.189+0000] {processor.py:766} INFO - DAG(s) dict_keys(['producer']) retrieved from /opt/airflow/dags/producer.py
[2023-03-30T02:25:58.216+0000] {logging_mixin.py:120} INFO - [2023-03-30T02:25:58.216+0000] {dag.py:2585} INFO - Sync 1 DAGs
[2023-03-30T02:25:58.231+0000] {logging_mixin.py:120} INFO - [2023-03-30T02:25:58.231+0000] {dag.py:3340} INFO - Setting next_dagrun for producer to 2023-03-29T00:00:00+00:00, run_after=2023-03-30T00:00:00+00:00
[2023-03-30T02:25:58.245+0000] {processor.py:176} INFO - Processing /opt/airflow/dags/producer.py took 0.095 seconds
[2023-03-30T02:26:28.355+0000] {processor.py:154} INFO - Started process (PID=87785) to work on /opt/airflow/dags/producer.py
[2023-03-30T02:26:28.357+0000] {processor.py:756} INFO - Processing file /opt/airflow/dags/producer.py for tasks to queue
[2023-03-30T02:26:28.359+0000] {logging_mixin.py:120} INFO - [2023-03-30T02:26:28.359+0000] {dagbag.py:537} INFO - Filling up the DagBag from /opt/airflow/dags/producer.py
[2023-03-30T02:26:28.385+0000] {processor.py:766} INFO - DAG(s) dict_keys(['producer']) retrieved from /opt/airflow/dags/producer.py
[2023-03-30T02:26:28.411+0000] {logging_mixin.py:120} INFO - [2023-03-30T02:26:28.411+0000] {dag.py:2585} INFO - Sync 1 DAGs
[2023-03-30T02:26:28.427+0000] {logging_mixin.py:120} INFO - [2023-03-30T02:26:28.427+0000] {dag.py:3340} INFO - Setting next_dagrun for producer to 2023-03-29T00:00:00+00:00, run_after=2023-03-30T00:00:00+00:00
[2023-03-30T02:26:28.441+0000] {processor.py:176} INFO - Processing /opt/airflow/dags/producer.py took 0.090 seconds
[2023-03-30T02:26:58.543+0000] {processor.py:154} INFO - Started process (PID=87842) to work on /opt/airflow/dags/producer.py
[2023-03-30T02:26:58.547+0000] {processor.py:756} INFO - Processing file /opt/airflow/dags/producer.py for tasks to queue
[2023-03-30T02:26:58.549+0000] {logging_mixin.py:120} INFO - [2023-03-30T02:26:58.549+0000] {dagbag.py:537} INFO - Filling up the DagBag from /opt/airflow/dags/producer.py
[2023-03-30T02:26:58.574+0000] {processor.py:766} INFO - DAG(s) dict_keys(['producer']) retrieved from /opt/airflow/dags/producer.py
[2023-03-30T02:26:58.602+0000] {logging_mixin.py:120} INFO - [2023-03-30T02:26:58.602+0000] {dag.py:2585} INFO - Sync 1 DAGs
[2023-03-30T02:26:58.616+0000] {logging_mixin.py:120} INFO - [2023-03-30T02:26:58.616+0000] {dag.py:3340} INFO - Setting next_dagrun for producer to 2023-03-29T00:00:00+00:00, run_after=2023-03-30T00:00:00+00:00
[2023-03-30T02:26:58.628+0000] {processor.py:176} INFO - Processing /opt/airflow/dags/producer.py took 0.088 seconds
[2023-03-30T02:27:29.272+0000] {processor.py:154} INFO - Started process (PID=87909) to work on /opt/airflow/dags/producer.py
[2023-03-30T02:27:29.275+0000] {processor.py:756} INFO - Processing file /opt/airflow/dags/producer.py for tasks to queue
[2023-03-30T02:27:29.277+0000] {logging_mixin.py:120} INFO - [2023-03-30T02:27:29.277+0000] {dagbag.py:537} INFO - Filling up the DagBag from /opt/airflow/dags/producer.py
[2023-03-30T02:27:29.302+0000] {processor.py:766} INFO - DAG(s) dict_keys(['producer']) retrieved from /opt/airflow/dags/producer.py
[2023-03-30T02:27:29.328+0000] {logging_mixin.py:120} INFO - [2023-03-30T02:27:29.328+0000] {dag.py:2585} INFO - Sync 1 DAGs
[2023-03-30T02:27:29.342+0000] {logging_mixin.py:120} INFO - [2023-03-30T02:27:29.342+0000] {dag.py:3340} INFO - Setting next_dagrun for producer to 2023-03-29T00:00:00+00:00, run_after=2023-03-30T00:00:00+00:00
[2023-03-30T02:27:29.355+0000] {processor.py:176} INFO - Processing /opt/airflow/dags/producer.py took 0.087 seconds
[2023-03-30T02:27:59.880+0000] {processor.py:154} INFO - Started process (PID=87977) to work on /opt/airflow/dags/producer.py
[2023-03-30T02:27:59.883+0000] {processor.py:756} INFO - Processing file /opt/airflow/dags/producer.py for tasks to queue
[2023-03-30T02:27:59.886+0000] {logging_mixin.py:120} INFO - [2023-03-30T02:27:59.886+0000] {dagbag.py:537} INFO - Filling up the DagBag from /opt/airflow/dags/producer.py
[2023-03-30T02:27:59.913+0000] {processor.py:766} INFO - DAG(s) dict_keys(['producer']) retrieved from /opt/airflow/dags/producer.py
[2023-03-30T02:27:59.940+0000] {logging_mixin.py:120} INFO - [2023-03-30T02:27:59.940+0000] {dag.py:2585} INFO - Sync 1 DAGs
[2023-03-30T02:27:59.954+0000] {logging_mixin.py:120} INFO - [2023-03-30T02:27:59.954+0000] {dag.py:3340} INFO - Setting next_dagrun for producer to 2023-03-29T00:00:00+00:00, run_after=2023-03-30T00:00:00+00:00
[2023-03-30T02:27:59.966+0000] {processor.py:176} INFO - Processing /opt/airflow/dags/producer.py took 0.091 seconds
[2023-03-30T02:28:30.594+0000] {processor.py:154} INFO - Started process (PID=88044) to work on /opt/airflow/dags/producer.py
[2023-03-30T02:28:30.597+0000] {processor.py:756} INFO - Processing file /opt/airflow/dags/producer.py for tasks to queue
[2023-03-30T02:28:30.599+0000] {logging_mixin.py:120} INFO - [2023-03-30T02:28:30.599+0000] {dagbag.py:537} INFO - Filling up the DagBag from /opt/airflow/dags/producer.py
[2023-03-30T02:28:30.626+0000] {processor.py:766} INFO - DAG(s) dict_keys(['producer']) retrieved from /opt/airflow/dags/producer.py
[2023-03-30T02:28:30.652+0000] {logging_mixin.py:120} INFO - [2023-03-30T02:28:30.652+0000] {dag.py:2585} INFO - Sync 1 DAGs
[2023-03-30T02:28:30.667+0000] {logging_mixin.py:120} INFO - [2023-03-30T02:28:30.667+0000] {dag.py:3340} INFO - Setting next_dagrun for producer to 2023-03-29T00:00:00+00:00, run_after=2023-03-30T00:00:00+00:00
[2023-03-30T02:28:30.678+0000] {processor.py:176} INFO - Processing /opt/airflow/dags/producer.py took 0.089 seconds
[2023-03-30T02:29:01.240+0000] {processor.py:154} INFO - Started process (PID=88111) to work on /opt/airflow/dags/producer.py
[2023-03-30T02:29:01.243+0000] {processor.py:756} INFO - Processing file /opt/airflow/dags/producer.py for tasks to queue
[2023-03-30T02:29:01.245+0000] {logging_mixin.py:120} INFO - [2023-03-30T02:29:01.244+0000] {dagbag.py:537} INFO - Filling up the DagBag from /opt/airflow/dags/producer.py
[2023-03-30T02:29:01.271+0000] {processor.py:766} INFO - DAG(s) dict_keys(['producer']) retrieved from /opt/airflow/dags/producer.py
[2023-03-30T02:29:01.299+0000] {logging_mixin.py:120} INFO - [2023-03-30T02:29:01.299+0000] {dag.py:2585} INFO - Sync 1 DAGs
[2023-03-30T02:29:01.314+0000] {logging_mixin.py:120} INFO - [2023-03-30T02:29:01.314+0000] {dag.py:3340} INFO - Setting next_dagrun for producer to 2023-03-29T00:00:00+00:00, run_after=2023-03-30T00:00:00+00:00
[2023-03-30T02:29:01.326+0000] {processor.py:176} INFO - Processing /opt/airflow/dags/producer.py took 0.091 seconds
[2023-03-30T02:29:31.896+0000] {processor.py:154} INFO - Started process (PID=88177) to work on /opt/airflow/dags/producer.py
[2023-03-30T02:29:31.898+0000] {processor.py:756} INFO - Processing file /opt/airflow/dags/producer.py for tasks to queue
[2023-03-30T02:29:31.899+0000] {logging_mixin.py:120} INFO - [2023-03-30T02:29:31.899+0000] {dagbag.py:537} INFO - Filling up the DagBag from /opt/airflow/dags/producer.py
[2023-03-30T02:29:31.917+0000] {processor.py:766} INFO - DAG(s) dict_keys(['producer']) retrieved from /opt/airflow/dags/producer.py
[2023-03-30T02:29:31.943+0000] {logging_mixin.py:120} INFO - [2023-03-30T02:29:31.943+0000] {dag.py:2585} INFO - Sync 1 DAGs
[2023-03-30T02:29:31.956+0000] {logging_mixin.py:120} INFO - [2023-03-30T02:29:31.956+0000] {dag.py:3340} INFO - Setting next_dagrun for producer to 2023-03-29T00:00:00+00:00, run_after=2023-03-30T00:00:00+00:00
[2023-03-30T02:29:31.968+0000] {processor.py:176} INFO - Processing /opt/airflow/dags/producer.py took 0.074 seconds
[2023-03-30T02:30:02.597+0000] {processor.py:154} INFO - Started process (PID=88244) to work on /opt/airflow/dags/producer.py
[2023-03-30T02:30:02.600+0000] {processor.py:756} INFO - Processing file /opt/airflow/dags/producer.py for tasks to queue
[2023-03-30T02:30:02.601+0000] {logging_mixin.py:120} INFO - [2023-03-30T02:30:02.601+0000] {dagbag.py:537} INFO - Filling up the DagBag from /opt/airflow/dags/producer.py
[2023-03-30T02:30:02.620+0000] {processor.py:766} INFO - DAG(s) dict_keys(['producer']) retrieved from /opt/airflow/dags/producer.py
[2023-03-30T02:30:02.648+0000] {logging_mixin.py:120} INFO - [2023-03-30T02:30:02.648+0000] {dag.py:2585} INFO - Sync 1 DAGs
[2023-03-30T02:30:02.665+0000] {logging_mixin.py:120} INFO - [2023-03-30T02:30:02.665+0000] {dag.py:3340} INFO - Setting next_dagrun for producer to 2023-03-29T00:00:00+00:00, run_after=2023-03-30T00:00:00+00:00
[2023-03-30T02:30:02.682+0000] {processor.py:176} INFO - Processing /opt/airflow/dags/producer.py took 0.089 seconds
[2023-03-30T02:30:33.398+0000] {processor.py:154} INFO - Started process (PID=88302) to work on /opt/airflow/dags/producer.py
[2023-03-30T02:30:33.402+0000] {processor.py:756} INFO - Processing file /opt/airflow/dags/producer.py for tasks to queue
[2023-03-30T02:30:33.405+0000] {logging_mixin.py:120} INFO - [2023-03-30T02:30:33.405+0000] {dagbag.py:537} INFO - Filling up the DagBag from /opt/airflow/dags/producer.py
[2023-03-30T02:30:33.432+0000] {processor.py:766} INFO - DAG(s) dict_keys(['producer']) retrieved from /opt/airflow/dags/producer.py
[2023-03-30T02:30:33.461+0000] {logging_mixin.py:120} INFO - [2023-03-30T02:30:33.461+0000] {dag.py:2585} INFO - Sync 1 DAGs
[2023-03-30T02:30:33.477+0000] {logging_mixin.py:120} INFO - [2023-03-30T02:30:33.477+0000] {dag.py:3340} INFO - Setting next_dagrun for producer to 2023-03-29T00:00:00+00:00, run_after=2023-03-30T00:00:00+00:00
[2023-03-30T02:30:33.492+0000] {processor.py:176} INFO - Processing /opt/airflow/dags/producer.py took 0.099 seconds
[2023-03-30T02:31:04.152+0000] {processor.py:154} INFO - Started process (PID=88370) to work on /opt/airflow/dags/producer.py
[2023-03-30T02:31:04.155+0000] {processor.py:756} INFO - Processing file /opt/airflow/dags/producer.py for tasks to queue
[2023-03-30T02:31:04.157+0000] {logging_mixin.py:120} INFO - [2023-03-30T02:31:04.156+0000] {dagbag.py:537} INFO - Filling up the DagBag from /opt/airflow/dags/producer.py
[2023-03-30T02:31:04.185+0000] {processor.py:766} INFO - DAG(s) dict_keys(['producer']) retrieved from /opt/airflow/dags/producer.py
[2023-03-30T02:31:04.215+0000] {logging_mixin.py:120} INFO - [2023-03-30T02:31:04.215+0000] {dag.py:2585} INFO - Sync 1 DAGs
[2023-03-30T02:31:04.231+0000] {logging_mixin.py:120} INFO - [2023-03-30T02:31:04.231+0000] {dag.py:3340} INFO - Setting next_dagrun for producer to 2023-03-29T00:00:00+00:00, run_after=2023-03-30T00:00:00+00:00
[2023-03-30T02:31:04.245+0000] {processor.py:176} INFO - Processing /opt/airflow/dags/producer.py took 0.097 seconds
[2023-03-30T02:31:35.006+0000] {processor.py:154} INFO - Started process (PID=88436) to work on /opt/airflow/dags/producer.py
[2023-03-30T02:31:35.010+0000] {processor.py:756} INFO - Processing file /opt/airflow/dags/producer.py for tasks to queue
[2023-03-30T02:31:35.011+0000] {logging_mixin.py:120} INFO - [2023-03-30T02:31:35.011+0000] {dagbag.py:537} INFO - Filling up the DagBag from /opt/airflow/dags/producer.py
[2023-03-30T02:31:35.039+0000] {processor.py:766} INFO - DAG(s) dict_keys(['producer']) retrieved from /opt/airflow/dags/producer.py
[2023-03-30T02:31:35.068+0000] {logging_mixin.py:120} INFO - [2023-03-30T02:31:35.068+0000] {dag.py:2585} INFO - Sync 1 DAGs
[2023-03-30T02:31:35.086+0000] {logging_mixin.py:120} INFO - [2023-03-30T02:31:35.086+0000] {dag.py:3340} INFO - Setting next_dagrun for producer to 2023-03-30T00:00:00+00:00, run_after=2023-03-31T00:00:00+00:00
[2023-03-30T02:31:35.098+0000] {processor.py:176} INFO - Processing /opt/airflow/dags/producer.py took 0.097 seconds
[2023-03-30T02:32:05.912+0000] {processor.py:154} INFO - Started process (PID=88504) to work on /opt/airflow/dags/producer.py
[2023-03-30T02:32:05.916+0000] {processor.py:756} INFO - Processing file /opt/airflow/dags/producer.py for tasks to queue
[2023-03-30T02:32:05.919+0000] {logging_mixin.py:120} INFO - [2023-03-30T02:32:05.918+0000] {dagbag.py:537} INFO - Filling up the DagBag from /opt/airflow/dags/producer.py
[2023-03-30T02:32:05.951+0000] {processor.py:766} INFO - DAG(s) dict_keys(['producer']) retrieved from /opt/airflow/dags/producer.py
[2023-03-30T02:32:05.981+0000] {logging_mixin.py:120} INFO - [2023-03-30T02:32:05.981+0000] {dag.py:2585} INFO - Sync 1 DAGs
[2023-03-30T02:32:05.999+0000] {logging_mixin.py:120} INFO - [2023-03-30T02:32:05.998+0000] {dag.py:3340} INFO - Setting next_dagrun for producer to 2023-03-30T00:00:00+00:00, run_after=2023-03-31T00:00:00+00:00
[2023-03-30T02:32:06.012+0000] {processor.py:176} INFO - Processing /opt/airflow/dags/producer.py took 0.106 seconds
[2023-03-30T02:32:36.774+0000] {processor.py:154} INFO - Started process (PID=88572) to work on /opt/airflow/dags/producer.py
[2023-03-30T02:32:36.780+0000] {processor.py:756} INFO - Processing file /opt/airflow/dags/producer.py for tasks to queue
[2023-03-30T02:32:36.783+0000] {logging_mixin.py:120} INFO - [2023-03-30T02:32:36.783+0000] {dagbag.py:537} INFO - Filling up the DagBag from /opt/airflow/dags/producer.py
[2023-03-30T02:32:36.812+0000] {processor.py:766} INFO - DAG(s) dict_keys(['producer']) retrieved from /opt/airflow/dags/producer.py
[2023-03-30T02:32:36.843+0000] {logging_mixin.py:120} INFO - [2023-03-30T02:32:36.843+0000] {dag.py:2585} INFO - Sync 1 DAGs
[2023-03-30T02:32:36.862+0000] {logging_mixin.py:120} INFO - [2023-03-30T02:32:36.862+0000] {dag.py:3340} INFO - Setting next_dagrun for producer to 2023-03-30T00:00:00+00:00, run_after=2023-03-31T00:00:00+00:00
[2023-03-30T02:32:36.876+0000] {processor.py:176} INFO - Processing /opt/airflow/dags/producer.py took 0.108 seconds
[2023-03-30T02:33:07.518+0000] {processor.py:154} INFO - Started process (PID=88640) to work on /opt/airflow/dags/producer.py
[2023-03-30T02:33:07.521+0000] {processor.py:756} INFO - Processing file /opt/airflow/dags/producer.py for tasks to queue
[2023-03-30T02:33:07.522+0000] {logging_mixin.py:120} INFO - [2023-03-30T02:33:07.522+0000] {dagbag.py:537} INFO - Filling up the DagBag from /opt/airflow/dags/producer.py
[2023-03-30T02:33:07.545+0000] {processor.py:766} INFO - DAG(s) dict_keys(['producer']) retrieved from /opt/airflow/dags/producer.py
[2023-03-30T02:33:07.575+0000] {logging_mixin.py:120} INFO - [2023-03-30T02:33:07.574+0000] {dag.py:2585} INFO - Sync 1 DAGs
[2023-03-30T02:33:07.592+0000] {logging_mixin.py:120} INFO - [2023-03-30T02:33:07.592+0000] {dag.py:3340} INFO - Setting next_dagrun for producer to 2023-03-30T00:00:00+00:00, run_after=2023-03-31T00:00:00+00:00
[2023-03-30T02:33:07.606+0000] {processor.py:176} INFO - Processing /opt/airflow/dags/producer.py took 0.090 seconds
[2023-03-30T02:33:38.465+0000] {processor.py:154} INFO - Started process (PID=88704) to work on /opt/airflow/dags/producer.py
[2023-03-30T02:33:38.467+0000] {processor.py:756} INFO - Processing file /opt/airflow/dags/producer.py for tasks to queue
[2023-03-30T02:33:38.469+0000] {logging_mixin.py:120} INFO - [2023-03-30T02:33:38.469+0000] {dagbag.py:537} INFO - Filling up the DagBag from /opt/airflow/dags/producer.py
[2023-03-30T02:33:38.488+0000] {processor.py:766} INFO - DAG(s) dict_keys(['producer']) retrieved from /opt/airflow/dags/producer.py
[2023-03-30T02:33:38.518+0000] {logging_mixin.py:120} INFO - [2023-03-30T02:33:38.517+0000] {dag.py:2585} INFO - Sync 1 DAGs
[2023-03-30T02:33:38.536+0000] {logging_mixin.py:120} INFO - [2023-03-30T02:33:38.536+0000] {dag.py:3340} INFO - Setting next_dagrun for producer to 2023-03-30T00:00:00+00:00, run_after=2023-03-31T00:00:00+00:00
[2023-03-30T02:33:38.552+0000] {processor.py:176} INFO - Processing /opt/airflow/dags/producer.py took 0.090 seconds
[2023-03-30T02:34:09.281+0000] {processor.py:154} INFO - Started process (PID=88764) to work on /opt/airflow/dags/producer.py
[2023-03-30T02:34:09.282+0000] {processor.py:756} INFO - Processing file /opt/airflow/dags/producer.py for tasks to queue
[2023-03-30T02:34:09.284+0000] {logging_mixin.py:120} INFO - [2023-03-30T02:34:09.284+0000] {dagbag.py:537} INFO - Filling up the DagBag from /opt/airflow/dags/producer.py
[2023-03-30T02:34:09.307+0000] {processor.py:766} INFO - DAG(s) dict_keys(['producer']) retrieved from /opt/airflow/dags/producer.py
[2023-03-30T02:34:09.332+0000] {logging_mixin.py:120} INFO - [2023-03-30T02:34:09.332+0000] {dag.py:2585} INFO - Sync 1 DAGs
[2023-03-30T02:34:09.347+0000] {logging_mixin.py:120} INFO - [2023-03-30T02:34:09.347+0000] {dag.py:3340} INFO - Setting next_dagrun for producer to 2023-03-30T00:00:00+00:00, run_after=2023-03-31T00:00:00+00:00
[2023-03-30T02:34:09.359+0000] {processor.py:176} INFO - Processing /opt/airflow/dags/producer.py took 0.082 seconds
[2023-03-30T02:34:39.993+0000] {processor.py:154} INFO - Started process (PID=88831) to work on /opt/airflow/dags/producer.py
[2023-03-30T02:34:40.000+0000] {processor.py:756} INFO - Processing file /opt/airflow/dags/producer.py for tasks to queue
[2023-03-30T02:34:40.002+0000] {logging_mixin.py:120} INFO - [2023-03-30T02:34:40.002+0000] {dagbag.py:537} INFO - Filling up the DagBag from /opt/airflow/dags/producer.py
[2023-03-30T02:34:40.026+0000] {processor.py:766} INFO - DAG(s) dict_keys(['producer']) retrieved from /opt/airflow/dags/producer.py
[2023-03-30T02:34:40.054+0000] {logging_mixin.py:120} INFO - [2023-03-30T02:34:40.054+0000] {dag.py:2585} INFO - Sync 1 DAGs
[2023-03-30T02:34:40.070+0000] {logging_mixin.py:120} INFO - [2023-03-30T02:34:40.070+0000] {dag.py:3340} INFO - Setting next_dagrun for producer to 2023-03-30T00:00:00+00:00, run_after=2023-03-31T00:00:00+00:00
[2023-03-30T02:34:40.085+0000] {processor.py:176} INFO - Processing /opt/airflow/dags/producer.py took 0.097 seconds
[2023-03-30T02:35:10.776+0000] {processor.py:154} INFO - Started process (PID=88898) to work on /opt/airflow/dags/producer.py
[2023-03-30T02:35:10.780+0000] {processor.py:756} INFO - Processing file /opt/airflow/dags/producer.py for tasks to queue
[2023-03-30T02:35:10.783+0000] {logging_mixin.py:120} INFO - [2023-03-30T02:35:10.783+0000] {dagbag.py:537} INFO - Filling up the DagBag from /opt/airflow/dags/producer.py
[2023-03-30T02:35:10.812+0000] {processor.py:766} INFO - DAG(s) dict_keys(['producer']) retrieved from /opt/airflow/dags/producer.py
[2023-03-30T02:35:10.838+0000] {logging_mixin.py:120} INFO - [2023-03-30T02:35:10.838+0000] {dag.py:2585} INFO - Sync 1 DAGs
[2023-03-30T02:35:10.853+0000] {logging_mixin.py:120} INFO - [2023-03-30T02:35:10.853+0000] {dag.py:3340} INFO - Setting next_dagrun for producer to 2023-03-30T00:00:00+00:00, run_after=2023-03-31T00:00:00+00:00
[2023-03-30T02:35:10.866+0000] {processor.py:176} INFO - Processing /opt/airflow/dags/producer.py took 0.095 seconds
[2023-03-30T02:35:41.497+0000] {processor.py:154} INFO - Started process (PID=88964) to work on /opt/airflow/dags/producer.py
[2023-03-30T02:35:41.500+0000] {processor.py:756} INFO - Processing file /opt/airflow/dags/producer.py for tasks to queue
[2023-03-30T02:35:41.501+0000] {logging_mixin.py:120} INFO - [2023-03-30T02:35:41.501+0000] {dagbag.py:537} INFO - Filling up the DagBag from /opt/airflow/dags/producer.py
[2023-03-30T02:35:41.519+0000] {processor.py:766} INFO - DAG(s) dict_keys(['producer']) retrieved from /opt/airflow/dags/producer.py
[2023-03-30T02:35:41.548+0000] {logging_mixin.py:120} INFO - [2023-03-30T02:35:41.548+0000] {dag.py:2585} INFO - Sync 1 DAGs
[2023-03-30T02:35:41.564+0000] {logging_mixin.py:120} INFO - [2023-03-30T02:35:41.564+0000] {dag.py:3340} INFO - Setting next_dagrun for producer to 2023-03-30T00:00:00+00:00, run_after=2023-03-31T00:00:00+00:00
[2023-03-30T02:35:41.579+0000] {processor.py:176} INFO - Processing /opt/airflow/dags/producer.py took 0.085 seconds
[2023-03-30T02:36:11.623+0000] {processor.py:154} INFO - Started process (PID=89032) to work on /opt/airflow/dags/producer.py
[2023-03-30T02:36:11.627+0000] {processor.py:756} INFO - Processing file /opt/airflow/dags/producer.py for tasks to queue
[2023-03-30T02:36:11.629+0000] {logging_mixin.py:120} INFO - [2023-03-30T02:36:11.628+0000] {dagbag.py:537} INFO - Filling up the DagBag from /opt/airflow/dags/producer.py
[2023-03-30T02:36:11.655+0000] {processor.py:766} INFO - DAG(s) dict_keys(['producer']) retrieved from /opt/airflow/dags/producer.py
[2023-03-30T02:36:11.682+0000] {logging_mixin.py:120} INFO - [2023-03-30T02:36:11.681+0000] {dag.py:2585} INFO - Sync 1 DAGs
[2023-03-30T02:36:11.697+0000] {logging_mixin.py:120} INFO - [2023-03-30T02:36:11.697+0000] {dag.py:3340} INFO - Setting next_dagrun for producer to 2023-03-30T00:00:00+00:00, run_after=2023-03-31T00:00:00+00:00
[2023-03-30T02:36:11.709+0000] {processor.py:176} INFO - Processing /opt/airflow/dags/producer.py took 0.089 seconds
[2023-03-30T02:36:42.394+0000] {processor.py:154} INFO - Started process (PID=89100) to work on /opt/airflow/dags/producer.py
[2023-03-30T02:36:42.397+0000] {processor.py:756} INFO - Processing file /opt/airflow/dags/producer.py for tasks to queue
[2023-03-30T02:36:42.399+0000] {logging_mixin.py:120} INFO - [2023-03-30T02:36:42.399+0000] {dagbag.py:537} INFO - Filling up the DagBag from /opt/airflow/dags/producer.py
[2023-03-30T02:36:42.418+0000] {processor.py:766} INFO - DAG(s) dict_keys(['producer']) retrieved from /opt/airflow/dags/producer.py
[2023-03-30T02:36:42.447+0000] {logging_mixin.py:120} INFO - [2023-03-30T02:36:42.447+0000] {dag.py:2585} INFO - Sync 1 DAGs
[2023-03-30T02:36:42.464+0000] {logging_mixin.py:120} INFO - [2023-03-30T02:36:42.464+0000] {dag.py:3340} INFO - Setting next_dagrun for producer to 2023-03-30T00:00:00+00:00, run_after=2023-03-31T00:00:00+00:00
[2023-03-30T02:36:42.480+0000] {processor.py:176} INFO - Processing /opt/airflow/dags/producer.py took 0.089 seconds
[2023-03-30T02:37:13.276+0000] {processor.py:154} INFO - Started process (PID=89158) to work on /opt/airflow/dags/producer.py
[2023-03-30T02:37:13.279+0000] {processor.py:756} INFO - Processing file /opt/airflow/dags/producer.py for tasks to queue
[2023-03-30T02:37:13.281+0000] {logging_mixin.py:120} INFO - [2023-03-30T02:37:13.281+0000] {dagbag.py:537} INFO - Filling up the DagBag from /opt/airflow/dags/producer.py
[2023-03-30T02:37:13.306+0000] {processor.py:766} INFO - DAG(s) dict_keys(['producer']) retrieved from /opt/airflow/dags/producer.py
[2023-03-30T02:37:13.336+0000] {logging_mixin.py:120} INFO - [2023-03-30T02:37:13.336+0000] {dag.py:2585} INFO - Sync 1 DAGs
[2023-03-30T02:37:13.352+0000] {logging_mixin.py:120} INFO - [2023-03-30T02:37:13.352+0000] {dag.py:3340} INFO - Setting next_dagrun for producer to 2023-03-30T00:00:00+00:00, run_after=2023-03-31T00:00:00+00:00
[2023-03-30T02:37:13.365+0000] {processor.py:176} INFO - Processing /opt/airflow/dags/producer.py took 0.092 seconds
[2023-03-30T02:37:44.022+0000] {processor.py:154} INFO - Started process (PID=89225) to work on /opt/airflow/dags/producer.py
[2023-03-30T02:37:44.026+0000] {processor.py:756} INFO - Processing file /opt/airflow/dags/producer.py for tasks to queue
[2023-03-30T02:37:44.028+0000] {logging_mixin.py:120} INFO - [2023-03-30T02:37:44.028+0000] {dagbag.py:537} INFO - Filling up the DagBag from /opt/airflow/dags/producer.py
[2023-03-30T02:37:44.058+0000] {processor.py:766} INFO - DAG(s) dict_keys(['producer']) retrieved from /opt/airflow/dags/producer.py
[2023-03-30T02:37:44.087+0000] {logging_mixin.py:120} INFO - [2023-03-30T02:37:44.087+0000] {dag.py:2585} INFO - Sync 1 DAGs
[2023-03-30T02:37:44.105+0000] {logging_mixin.py:120} INFO - [2023-03-30T02:37:44.105+0000] {dag.py:3340} INFO - Setting next_dagrun for producer to 2023-03-30T00:00:00+00:00, run_after=2023-03-31T00:00:00+00:00
[2023-03-30T02:37:44.120+0000] {processor.py:176} INFO - Processing /opt/airflow/dags/producer.py took 0.104 seconds
[2023-03-30T02:38:14.785+0000] {processor.py:154} INFO - Started process (PID=89292) to work on /opt/airflow/dags/producer.py
[2023-03-30T02:38:14.787+0000] {processor.py:756} INFO - Processing file /opt/airflow/dags/producer.py for tasks to queue
[2023-03-30T02:38:14.788+0000] {logging_mixin.py:120} INFO - [2023-03-30T02:38:14.788+0000] {dagbag.py:537} INFO - Filling up the DagBag from /opt/airflow/dags/producer.py
[2023-03-30T02:38:14.806+0000] {processor.py:766} INFO - DAG(s) dict_keys(['producer']) retrieved from /opt/airflow/dags/producer.py
[2023-03-30T02:38:14.830+0000] {logging_mixin.py:120} INFO - [2023-03-30T02:38:14.830+0000] {dag.py:2585} INFO - Sync 1 DAGs
[2023-03-30T02:38:14.845+0000] {logging_mixin.py:120} INFO - [2023-03-30T02:38:14.845+0000] {dag.py:3340} INFO - Setting next_dagrun for producer to 2023-03-30T00:00:00+00:00, run_after=2023-03-31T00:00:00+00:00
[2023-03-30T02:38:14.858+0000] {processor.py:176} INFO - Processing /opt/airflow/dags/producer.py took 0.075 seconds
[2023-03-30T02:38:45.526+0000] {processor.py:154} INFO - Started process (PID=89360) to work on /opt/airflow/dags/producer.py
[2023-03-30T02:38:45.528+0000] {processor.py:756} INFO - Processing file /opt/airflow/dags/producer.py for tasks to queue
[2023-03-30T02:38:45.531+0000] {logging_mixin.py:120} INFO - [2023-03-30T02:38:45.531+0000] {dagbag.py:537} INFO - Filling up the DagBag from /opt/airflow/dags/producer.py
[2023-03-30T02:38:45.551+0000] {processor.py:766} INFO - DAG(s) dict_keys(['producer']) retrieved from /opt/airflow/dags/producer.py
[2023-03-30T02:38:45.581+0000] {logging_mixin.py:120} INFO - [2023-03-30T02:38:45.581+0000] {dag.py:2585} INFO - Sync 1 DAGs
[2023-03-30T02:38:45.598+0000] {logging_mixin.py:120} INFO - [2023-03-30T02:38:45.598+0000] {dag.py:3340} INFO - Setting next_dagrun for producer to 2023-03-30T00:00:00+00:00, run_after=2023-03-31T00:00:00+00:00
[2023-03-30T02:38:45.613+0000] {processor.py:176} INFO - Processing /opt/airflow/dags/producer.py took 0.089 seconds
[2023-03-30T02:39:16.261+0000] {processor.py:154} INFO - Started process (PID=89427) to work on /opt/airflow/dags/producer.py
[2023-03-30T02:39:16.264+0000] {processor.py:756} INFO - Processing file /opt/airflow/dags/producer.py for tasks to queue
[2023-03-30T02:39:16.265+0000] {logging_mixin.py:120} INFO - [2023-03-30T02:39:16.265+0000] {dagbag.py:537} INFO - Filling up the DagBag from /opt/airflow/dags/producer.py
[2023-03-30T02:39:16.282+0000] {processor.py:766} INFO - DAG(s) dict_keys(['producer']) retrieved from /opt/airflow/dags/producer.py
[2023-03-30T02:39:16.310+0000] {logging_mixin.py:120} INFO - [2023-03-30T02:39:16.310+0000] {dag.py:2585} INFO - Sync 1 DAGs
[2023-03-30T02:39:16.324+0000] {logging_mixin.py:120} INFO - [2023-03-30T02:39:16.324+0000] {dag.py:3340} INFO - Setting next_dagrun for producer to 2023-03-30T00:00:00+00:00, run_after=2023-03-31T00:00:00+00:00
[2023-03-30T02:39:16.339+0000] {processor.py:176} INFO - Processing /opt/airflow/dags/producer.py took 0.081 seconds
[2023-03-30T02:39:46.995+0000] {processor.py:154} INFO - Started process (PID=89494) to work on /opt/airflow/dags/producer.py
[2023-03-30T02:39:46.998+0000] {processor.py:756} INFO - Processing file /opt/airflow/dags/producer.py for tasks to queue
[2023-03-30T02:39:47.000+0000] {logging_mixin.py:120} INFO - [2023-03-30T02:39:47.000+0000] {dagbag.py:537} INFO - Filling up the DagBag from /opt/airflow/dags/producer.py
[2023-03-30T02:39:47.026+0000] {processor.py:766} INFO - DAG(s) dict_keys(['producer']) retrieved from /opt/airflow/dags/producer.py
[2023-03-30T02:39:47.053+0000] {logging_mixin.py:120} INFO - [2023-03-30T02:39:47.053+0000] {dag.py:2585} INFO - Sync 1 DAGs
[2023-03-30T02:39:47.067+0000] {logging_mixin.py:120} INFO - [2023-03-30T02:39:47.067+0000] {dag.py:3340} INFO - Setting next_dagrun for producer to 2023-03-30T00:00:00+00:00, run_after=2023-03-31T00:00:00+00:00
[2023-03-30T02:39:47.079+0000] {processor.py:176} INFO - Processing /opt/airflow/dags/producer.py took 0.088 seconds
[2023-03-30T02:40:17.707+0000] {processor.py:154} INFO - Started process (PID=89552) to work on /opt/airflow/dags/producer.py
[2023-03-30T02:40:17.712+0000] {processor.py:756} INFO - Processing file /opt/airflow/dags/producer.py for tasks to queue
[2023-03-30T02:40:17.714+0000] {logging_mixin.py:120} INFO - [2023-03-30T02:40:17.714+0000] {dagbag.py:537} INFO - Filling up the DagBag from /opt/airflow/dags/producer.py
[2023-03-30T02:40:17.744+0000] {processor.py:766} INFO - DAG(s) dict_keys(['producer']) retrieved from /opt/airflow/dags/producer.py
[2023-03-30T02:40:17.774+0000] {logging_mixin.py:120} INFO - [2023-03-30T02:40:17.773+0000] {dag.py:2585} INFO - Sync 1 DAGs
[2023-03-30T02:40:17.789+0000] {logging_mixin.py:120} INFO - [2023-03-30T02:40:17.789+0000] {dag.py:3340} INFO - Setting next_dagrun for producer to 2023-03-30T00:00:00+00:00, run_after=2023-03-31T00:00:00+00:00
[2023-03-30T02:40:17.802+0000] {processor.py:176} INFO - Processing /opt/airflow/dags/producer.py took 0.100 seconds
[2023-03-30T02:40:48.539+0000] {processor.py:154} INFO - Started process (PID=89619) to work on /opt/airflow/dags/producer.py
[2023-03-30T02:40:48.545+0000] {processor.py:756} INFO - Processing file /opt/airflow/dags/producer.py for tasks to queue
[2023-03-30T02:40:48.549+0000] {logging_mixin.py:120} INFO - [2023-03-30T02:40:48.549+0000] {dagbag.py:537} INFO - Filling up the DagBag from /opt/airflow/dags/producer.py
[2023-03-30T02:40:48.578+0000] {processor.py:766} INFO - DAG(s) dict_keys(['producer']) retrieved from /opt/airflow/dags/producer.py
[2023-03-30T02:40:48.608+0000] {logging_mixin.py:120} INFO - [2023-03-30T02:40:48.608+0000] {dag.py:2585} INFO - Sync 1 DAGs
[2023-03-30T02:40:48.622+0000] {logging_mixin.py:120} INFO - [2023-03-30T02:40:48.622+0000] {dag.py:3340} INFO - Setting next_dagrun for producer to 2023-03-30T00:00:00+00:00, run_after=2023-03-31T00:00:00+00:00
[2023-03-30T02:40:48.634+0000] {processor.py:176} INFO - Processing /opt/airflow/dags/producer.py took 0.101 seconds
[2023-03-30T02:41:19.260+0000] {processor.py:154} INFO - Started process (PID=89685) to work on /opt/airflow/dags/producer.py
[2023-03-30T02:41:19.262+0000] {processor.py:756} INFO - Processing file /opt/airflow/dags/producer.py for tasks to queue
[2023-03-30T02:41:19.264+0000] {logging_mixin.py:120} INFO - [2023-03-30T02:41:19.264+0000] {dagbag.py:537} INFO - Filling up the DagBag from /opt/airflow/dags/producer.py
[2023-03-30T02:41:19.285+0000] {processor.py:766} INFO - DAG(s) dict_keys(['producer']) retrieved from /opt/airflow/dags/producer.py
[2023-03-30T02:41:19.309+0000] {logging_mixin.py:120} INFO - [2023-03-30T02:41:19.309+0000] {dag.py:2585} INFO - Sync 1 DAGs
[2023-03-30T02:41:19.324+0000] {logging_mixin.py:120} INFO - [2023-03-30T02:41:19.324+0000] {dag.py:3340} INFO - Setting next_dagrun for producer to 2023-03-30T00:00:00+00:00, run_after=2023-03-31T00:00:00+00:00
[2023-03-30T02:41:19.336+0000] {processor.py:176} INFO - Processing /opt/airflow/dags/producer.py took 0.080 seconds
[2023-03-30T02:41:49.872+0000] {processor.py:154} INFO - Started process (PID=89752) to work on /opt/airflow/dags/producer.py
[2023-03-30T02:41:49.875+0000] {processor.py:756} INFO - Processing file /opt/airflow/dags/producer.py for tasks to queue
[2023-03-30T02:41:49.877+0000] {logging_mixin.py:120} INFO - [2023-03-30T02:41:49.877+0000] {dagbag.py:537} INFO - Filling up the DagBag from /opt/airflow/dags/producer.py
[2023-03-30T02:41:49.899+0000] {processor.py:766} INFO - DAG(s) dict_keys(['producer']) retrieved from /opt/airflow/dags/producer.py
[2023-03-30T02:41:49.931+0000] {logging_mixin.py:120} INFO - [2023-03-30T02:41:49.931+0000] {dag.py:2585} INFO - Sync 1 DAGs
[2023-03-30T02:41:49.950+0000] {logging_mixin.py:120} INFO - [2023-03-30T02:41:49.950+0000] {dag.py:3340} INFO - Setting next_dagrun for producer to 2023-03-30T00:00:00+00:00, run_after=2023-03-31T00:00:00+00:00
[2023-03-30T02:41:49.965+0000] {processor.py:176} INFO - Processing /opt/airflow/dags/producer.py took 0.095 seconds
[2023-03-30T02:42:20.676+0000] {processor.py:154} INFO - Started process (PID=89818) to work on /opt/airflow/dags/producer.py
[2023-03-30T02:42:20.680+0000] {processor.py:756} INFO - Processing file /opt/airflow/dags/producer.py for tasks to queue
[2023-03-30T02:42:20.683+0000] {logging_mixin.py:120} INFO - [2023-03-30T02:42:20.683+0000] {dagbag.py:537} INFO - Filling up the DagBag from /opt/airflow/dags/producer.py
[2023-03-30T02:42:20.712+0000] {processor.py:766} INFO - DAG(s) dict_keys(['producer']) retrieved from /opt/airflow/dags/producer.py
[2023-03-30T02:42:20.744+0000] {logging_mixin.py:120} INFO - [2023-03-30T02:42:20.744+0000] {dag.py:2585} INFO - Sync 1 DAGs
[2023-03-30T02:42:20.761+0000] {logging_mixin.py:120} INFO - [2023-03-30T02:42:20.761+0000] {dag.py:3340} INFO - Setting next_dagrun for producer to 2023-03-30T00:00:00+00:00, run_after=2023-03-31T00:00:00+00:00
[2023-03-30T02:42:20.776+0000] {processor.py:176} INFO - Processing /opt/airflow/dags/producer.py took 0.105 seconds
[2023-03-30T02:42:51.215+0000] {processor.py:154} INFO - Started process (PID=89885) to work on /opt/airflow/dags/producer.py
[2023-03-30T02:42:51.217+0000] {processor.py:756} INFO - Processing file /opt/airflow/dags/producer.py for tasks to queue
[2023-03-30T02:42:51.220+0000] {logging_mixin.py:120} INFO - [2023-03-30T02:42:51.219+0000] {dagbag.py:537} INFO - Filling up the DagBag from /opt/airflow/dags/producer.py
[2023-03-30T02:42:51.244+0000] {processor.py:766} INFO - DAG(s) dict_keys(['producer']) retrieved from /opt/airflow/dags/producer.py
[2023-03-30T02:42:51.273+0000] {logging_mixin.py:120} INFO - [2023-03-30T02:42:51.273+0000] {dag.py:2585} INFO - Sync 1 DAGs
[2023-03-30T02:42:51.288+0000] {logging_mixin.py:120} INFO - [2023-03-30T02:42:51.288+0000] {dag.py:3340} INFO - Setting next_dagrun for producer to 2023-03-30T00:00:00+00:00, run_after=2023-03-31T00:00:00+00:00
[2023-03-30T02:42:51.299+0000] {processor.py:176} INFO - Processing /opt/airflow/dags/producer.py took 0.089 seconds
[2023-03-30T02:43:21.911+0000] {processor.py:154} INFO - Started process (PID=89952) to work on /opt/airflow/dags/producer.py
[2023-03-30T02:43:21.914+0000] {processor.py:756} INFO - Processing file /opt/airflow/dags/producer.py for tasks to queue
[2023-03-30T02:43:21.915+0000] {logging_mixin.py:120} INFO - [2023-03-30T02:43:21.915+0000] {dagbag.py:537} INFO - Filling up the DagBag from /opt/airflow/dags/producer.py
[2023-03-30T02:43:21.934+0000] {processor.py:766} INFO - DAG(s) dict_keys(['producer']) retrieved from /opt/airflow/dags/producer.py
[2023-03-30T02:43:21.959+0000] {logging_mixin.py:120} INFO - [2023-03-30T02:43:21.959+0000] {dag.py:2585} INFO - Sync 1 DAGs
[2023-03-30T02:43:21.973+0000] {logging_mixin.py:120} INFO - [2023-03-30T02:43:21.973+0000] {dag.py:3340} INFO - Setting next_dagrun for producer to 2023-03-30T00:00:00+00:00, run_after=2023-03-31T00:00:00+00:00
[2023-03-30T02:43:21.987+0000] {processor.py:176} INFO - Processing /opt/airflow/dags/producer.py took 0.079 seconds
[2023-03-30T02:43:52.672+0000] {processor.py:154} INFO - Started process (PID=90010) to work on /opt/airflow/dags/producer.py
[2023-03-30T02:43:52.674+0000] {processor.py:756} INFO - Processing file /opt/airflow/dags/producer.py for tasks to queue
[2023-03-30T02:43:52.675+0000] {logging_mixin.py:120} INFO - [2023-03-30T02:43:52.675+0000] {dagbag.py:537} INFO - Filling up the DagBag from /opt/airflow/dags/producer.py
[2023-03-30T02:43:52.700+0000] {processor.py:766} INFO - DAG(s) dict_keys(['producer']) retrieved from /opt/airflow/dags/producer.py
[2023-03-30T02:43:52.726+0000] {logging_mixin.py:120} INFO - [2023-03-30T02:43:52.726+0000] {dag.py:2585} INFO - Sync 1 DAGs
[2023-03-30T02:43:52.741+0000] {logging_mixin.py:120} INFO - [2023-03-30T02:43:52.741+0000] {dag.py:3340} INFO - Setting next_dagrun for producer to 2023-03-30T00:00:00+00:00, run_after=2023-03-31T00:00:00+00:00
[2023-03-30T02:43:52.753+0000] {processor.py:176} INFO - Processing /opt/airflow/dags/producer.py took 0.084 seconds
[2023-03-30T02:44:23.454+0000] {processor.py:154} INFO - Started process (PID=90078) to work on /opt/airflow/dags/producer.py
[2023-03-30T02:44:23.457+0000] {processor.py:756} INFO - Processing file /opt/airflow/dags/producer.py for tasks to queue
[2023-03-30T02:44:23.459+0000] {logging_mixin.py:120} INFO - [2023-03-30T02:44:23.459+0000] {dagbag.py:537} INFO - Filling up the DagBag from /opt/airflow/dags/producer.py
[2023-03-30T02:44:23.495+0000] {processor.py:766} INFO - DAG(s) dict_keys(['producer']) retrieved from /opt/airflow/dags/producer.py
[2023-03-30T02:44:23.535+0000] {logging_mixin.py:120} INFO - [2023-03-30T02:44:23.535+0000] {dag.py:2585} INFO - Sync 1 DAGs
[2023-03-30T02:44:23.582+0000] {logging_mixin.py:120} INFO - [2023-03-30T02:44:23.581+0000] {dag.py:3340} INFO - Setting next_dagrun for producer to 2023-03-30T00:00:00+00:00, run_after=2023-03-31T00:00:00+00:00
[2023-03-30T02:44:23.604+0000] {processor.py:176} INFO - Processing /opt/airflow/dags/producer.py took 0.154 seconds
[2023-03-30T02:44:54.328+0000] {processor.py:154} INFO - Started process (PID=90145) to work on /opt/airflow/dags/producer.py
[2023-03-30T02:44:54.331+0000] {processor.py:756} INFO - Processing file /opt/airflow/dags/producer.py for tasks to queue
[2023-03-30T02:44:54.334+0000] {logging_mixin.py:120} INFO - [2023-03-30T02:44:54.333+0000] {dagbag.py:537} INFO - Filling up the DagBag from /opt/airflow/dags/producer.py
[2023-03-30T02:44:54.361+0000] {processor.py:766} INFO - DAG(s) dict_keys(['producer']) retrieved from /opt/airflow/dags/producer.py
[2023-03-30T02:44:54.387+0000] {logging_mixin.py:120} INFO - [2023-03-30T02:44:54.387+0000] {dag.py:2585} INFO - Sync 1 DAGs
[2023-03-30T02:44:54.402+0000] {logging_mixin.py:120} INFO - [2023-03-30T02:44:54.402+0000] {dag.py:3340} INFO - Setting next_dagrun for producer to 2023-03-30T00:00:00+00:00, run_after=2023-03-31T00:00:00+00:00
[2023-03-30T02:44:54.414+0000] {processor.py:176} INFO - Processing /opt/airflow/dags/producer.py took 0.091 seconds
[2023-03-30T02:45:25.071+0000] {processor.py:154} INFO - Started process (PID=90213) to work on /opt/airflow/dags/producer.py
[2023-03-30T02:45:25.074+0000] {processor.py:756} INFO - Processing file /opt/airflow/dags/producer.py for tasks to queue
[2023-03-30T02:45:25.076+0000] {logging_mixin.py:120} INFO - [2023-03-30T02:45:25.076+0000] {dagbag.py:537} INFO - Filling up the DagBag from /opt/airflow/dags/producer.py
[2023-03-30T02:45:25.106+0000] {processor.py:766} INFO - DAG(s) dict_keys(['producer']) retrieved from /opt/airflow/dags/producer.py
[2023-03-30T02:45:25.141+0000] {logging_mixin.py:120} INFO - [2023-03-30T02:45:25.141+0000] {dag.py:2585} INFO - Sync 1 DAGs
[2023-03-30T02:45:25.157+0000] {logging_mixin.py:120} INFO - [2023-03-30T02:45:25.157+0000] {dag.py:3340} INFO - Setting next_dagrun for producer to 2023-03-30T00:00:00+00:00, run_after=2023-03-31T00:00:00+00:00
[2023-03-30T02:45:25.170+0000] {processor.py:176} INFO - Processing /opt/airflow/dags/producer.py took 0.103 seconds
[2023-03-30T02:45:55.683+0000] {processor.py:154} INFO - Started process (PID=90279) to work on /opt/airflow/dags/producer.py
[2023-03-30T02:45:55.685+0000] {processor.py:756} INFO - Processing file /opt/airflow/dags/producer.py for tasks to queue
[2023-03-30T02:45:55.687+0000] {logging_mixin.py:120} INFO - [2023-03-30T02:45:55.687+0000] {dagbag.py:537} INFO - Filling up the DagBag from /opt/airflow/dags/producer.py
[2023-03-30T02:45:55.707+0000] {processor.py:766} INFO - DAG(s) dict_keys(['producer']) retrieved from /opt/airflow/dags/producer.py
[2023-03-30T02:45:55.732+0000] {logging_mixin.py:120} INFO - [2023-03-30T02:45:55.732+0000] {dag.py:2585} INFO - Sync 1 DAGs
[2023-03-30T02:45:55.747+0000] {logging_mixin.py:120} INFO - [2023-03-30T02:45:55.747+0000] {dag.py:3340} INFO - Setting next_dagrun for producer to 2023-03-30T00:00:00+00:00, run_after=2023-03-31T00:00:00+00:00
[2023-03-30T02:45:55.760+0000] {processor.py:176} INFO - Processing /opt/airflow/dags/producer.py took 0.080 seconds
[2023-03-30T02:46:26.192+0000] {processor.py:154} INFO - Started process (PID=90348) to work on /opt/airflow/dags/producer.py
[2023-03-30T02:46:26.195+0000] {processor.py:756} INFO - Processing file /opt/airflow/dags/producer.py for tasks to queue
[2023-03-30T02:46:26.196+0000] {logging_mixin.py:120} INFO - [2023-03-30T02:46:26.196+0000] {dagbag.py:537} INFO - Filling up the DagBag from /opt/airflow/dags/producer.py
[2023-03-30T02:46:26.219+0000] {processor.py:766} INFO - DAG(s) dict_keys(['producer']) retrieved from /opt/airflow/dags/producer.py
[2023-03-30T02:46:26.248+0000] {logging_mixin.py:120} INFO - [2023-03-30T02:46:26.248+0000] {dag.py:2585} INFO - Sync 1 DAGs
[2023-03-30T02:46:26.264+0000] {logging_mixin.py:120} INFO - [2023-03-30T02:46:26.264+0000] {dag.py:3340} INFO - Setting next_dagrun for producer to 2023-03-30T00:00:00+00:00, run_after=2023-03-31T00:00:00+00:00
[2023-03-30T02:46:26.278+0000] {processor.py:176} INFO - Processing /opt/airflow/dags/producer.py took 0.090 seconds
[2023-03-30T02:46:57.050+0000] {processor.py:154} INFO - Started process (PID=90406) to work on /opt/airflow/dags/producer.py
[2023-03-30T02:46:57.052+0000] {processor.py:756} INFO - Processing file /opt/airflow/dags/producer.py for tasks to queue
[2023-03-30T02:46:57.054+0000] {logging_mixin.py:120} INFO - [2023-03-30T02:46:57.054+0000] {dagbag.py:537} INFO - Filling up the DagBag from /opt/airflow/dags/producer.py
[2023-03-30T02:46:57.078+0000] {processor.py:766} INFO - DAG(s) dict_keys(['producer']) retrieved from /opt/airflow/dags/producer.py
[2023-03-30T02:46:57.111+0000] {logging_mixin.py:120} INFO - [2023-03-30T02:46:57.110+0000] {dag.py:2585} INFO - Sync 1 DAGs
[2023-03-30T02:46:57.131+0000] {logging_mixin.py:120} INFO - [2023-03-30T02:46:57.131+0000] {dag.py:3340} INFO - Setting next_dagrun for producer to 2023-03-30T00:00:00+00:00, run_after=2023-03-31T00:00:00+00:00
[2023-03-30T02:46:57.148+0000] {processor.py:176} INFO - Processing /opt/airflow/dags/producer.py took 0.102 seconds
[2023-03-30T02:47:27.785+0000] {processor.py:154} INFO - Started process (PID=90472) to work on /opt/airflow/dags/producer.py
[2023-03-30T02:47:27.788+0000] {processor.py:756} INFO - Processing file /opt/airflow/dags/producer.py for tasks to queue
[2023-03-30T02:47:27.790+0000] {logging_mixin.py:120} INFO - [2023-03-30T02:47:27.790+0000] {dagbag.py:537} INFO - Filling up the DagBag from /opt/airflow/dags/producer.py
[2023-03-30T02:47:27.817+0000] {processor.py:766} INFO - DAG(s) dict_keys(['producer']) retrieved from /opt/airflow/dags/producer.py
[2023-03-30T02:47:27.844+0000] {logging_mixin.py:120} INFO - [2023-03-30T02:47:27.843+0000] {dag.py:2585} INFO - Sync 1 DAGs
[2023-03-30T02:47:27.861+0000] {logging_mixin.py:120} INFO - [2023-03-30T02:47:27.861+0000] {dag.py:3340} INFO - Setting next_dagrun for producer to 2023-03-30T00:00:00+00:00, run_after=2023-03-31T00:00:00+00:00
[2023-03-30T02:47:27.874+0000] {processor.py:176} INFO - Processing /opt/airflow/dags/producer.py took 0.093 seconds
[2023-03-30T02:47:58.520+0000] {processor.py:154} INFO - Started process (PID=90538) to work on /opt/airflow/dags/producer.py
[2023-03-30T02:47:58.522+0000] {processor.py:756} INFO - Processing file /opt/airflow/dags/producer.py for tasks to queue
[2023-03-30T02:47:58.524+0000] {logging_mixin.py:120} INFO - [2023-03-30T02:47:58.523+0000] {dagbag.py:537} INFO - Filling up the DagBag from /opt/airflow/dags/producer.py
[2023-03-30T02:47:58.545+0000] {processor.py:766} INFO - DAG(s) dict_keys(['producer']) retrieved from /opt/airflow/dags/producer.py
[2023-03-30T02:47:58.573+0000] {logging_mixin.py:120} INFO - [2023-03-30T02:47:58.573+0000] {dag.py:2585} INFO - Sync 1 DAGs
[2023-03-30T02:47:58.589+0000] {logging_mixin.py:120} INFO - [2023-03-30T02:47:58.588+0000] {dag.py:3340} INFO - Setting next_dagrun for producer to 2023-03-30T00:00:00+00:00, run_after=2023-03-31T00:00:00+00:00
[2023-03-30T02:47:58.603+0000] {processor.py:176} INFO - Processing /opt/airflow/dags/producer.py took 0.085 seconds
[2023-03-30T02:48:29.419+0000] {processor.py:154} INFO - Started process (PID=90604) to work on /opt/airflow/dags/producer.py
[2023-03-30T02:48:29.423+0000] {processor.py:756} INFO - Processing file /opt/airflow/dags/producer.py for tasks to queue
[2023-03-30T02:48:29.426+0000] {logging_mixin.py:120} INFO - [2023-03-30T02:48:29.425+0000] {dagbag.py:537} INFO - Filling up the DagBag from /opt/airflow/dags/producer.py
[2023-03-30T02:48:29.454+0000] {processor.py:766} INFO - DAG(s) dict_keys(['producer']) retrieved from /opt/airflow/dags/producer.py
[2023-03-30T02:48:29.481+0000] {logging_mixin.py:120} INFO - [2023-03-30T02:48:29.481+0000] {dag.py:2585} INFO - Sync 1 DAGs
[2023-03-30T02:48:29.495+0000] {logging_mixin.py:120} INFO - [2023-03-30T02:48:29.495+0000] {dag.py:3340} INFO - Setting next_dagrun for producer to 2023-03-30T00:00:00+00:00, run_after=2023-03-31T00:00:00+00:00
[2023-03-30T02:48:29.508+0000] {processor.py:176} INFO - Processing /opt/airflow/dags/producer.py took 0.093 seconds
[2023-03-30T02:49:00.110+0000] {processor.py:154} INFO - Started process (PID=90671) to work on /opt/airflow/dags/producer.py
[2023-03-30T02:49:00.113+0000] {processor.py:756} INFO - Processing file /opt/airflow/dags/producer.py for tasks to queue
[2023-03-30T02:49:00.116+0000] {logging_mixin.py:120} INFO - [2023-03-30T02:49:00.115+0000] {dagbag.py:537} INFO - Filling up the DagBag from /opt/airflow/dags/producer.py
[2023-03-30T02:49:00.141+0000] {processor.py:766} INFO - DAG(s) dict_keys(['producer']) retrieved from /opt/airflow/dags/producer.py
[2023-03-30T02:49:00.168+0000] {logging_mixin.py:120} INFO - [2023-03-30T02:49:00.168+0000] {dag.py:2585} INFO - Sync 1 DAGs
[2023-03-30T02:49:00.184+0000] {logging_mixin.py:120} INFO - [2023-03-30T02:49:00.184+0000] {dag.py:3340} INFO - Setting next_dagrun for producer to 2023-03-30T00:00:00+00:00, run_after=2023-03-31T00:00:00+00:00
[2023-03-30T02:49:00.200+0000] {processor.py:176} INFO - Processing /opt/airflow/dags/producer.py took 0.094 seconds
